2024-05-03T18:49:58.965Z [INFO]  Terraform version: 1.5.7
2024-05-03T18:49:58.966Z [INFO]  Go runtime version: go1.20.7
2024-05-03T18:49:58.966Z [INFO]  CLI args: []string{"terraform", "init", "-upgrade", "-backend-config=bucket=gcp-yyz-prd-inf-cloudautomation-sbuc-01", "-backend-config=prefix=fortigate/state-file"}
2024-05-03T18:49:58.967Z [INFO]  CLI command args: []string{"init", "-upgrade", "-backend-config=bucket=gcp-yyz-prd-inf-cloudautomation-sbuc-01", "-backend-config=prefix=fortigate/state-file"}
2024-05-03T18:50:07.979Z [INFO]  Terraform version: 1.5.7
2024-05-03T18:50:07.979Z [INFO]  Go runtime version: go1.20.7
2024-05-03T18:50:07.979Z [INFO]  CLI args: []string{"terraform", "apply", "-refresh-only", "-var=access_token=ya29.c.c0AY_VpZg7iTRZCOxy0SnsMAzRkk6qG1GtY_hkdzFkzIMxf1eoNGQChClji2Pr0gEdvEzdP9HfCH31-meQ5V0dRTw1vOxT7c_8j2pGnfXg5PNSvGxn3Jk3FVf5MXpwNNUvyeU-awtUjbcG1_PRJnfizeO7dSEtcp3KBm6kBHMVx-FCmTcAOGdd9ds2wGtKJ_bsEmRwoK3H7B6StGjFAWv9DD36UzN6weIi-cDH_yZIjt38Y6-jigmPGQ-sRGe2njhzCVhF8G4zxZVSmQLN_CwPJvPWB86P9SuCou5_Z8lsYXyUgVBQTYVfRztNh7J52YfPxrf_Jnvgw0yZ8agaItnJx_KTs7lDZ0pp15XBnlcejpzKJXEKEfLlsn5Gukka3qaymcok_hvCjNL8P-c_Lh8HwF54Qrx9FuORgqkL5qX-g6uFFBTlQfINWddlYl2zKx8sEsjhpP3ML-_EO0aMKvfn2k62uA41ZpiMUo3SFS-w-M8vp9rfU3gsAzcew-fIOaIZHO2xccGd9BAefT43m_qtznqN75e2X_Sm7FnDtyW_T75tmVjBgLQjmwCXFLXysKU5JsopzOyY6M3rjJySzO-45bGj2bcxx4XbOHKVKVCQZu4NTqQRxECKq_43dqK5a9LkDykRyrUDM6SirnilbFwseS0Z5E3JNlxuqRZsR_hrT689KYee3zZwm6wZ5J3BBmVzS8ovyZt6s3IY1wR7SmzYt4dp-FQIMR09an7FRnsl7w53dIMwhX6Mz_5ug6vFMWaweqvXaogzJ0nuJohh1lv2Ms9fxVVvMwj3_Wl7ulzI6r_VWeFbYOaod-wXqZx9oatnnsZRZi58U-kbbsmq1wwkVlguSrpbjl5ndcFlwxa_qo_9J3173QVzquQ80UXqz9bSqadrsrIuaVkF2yseo1VYzIyfVWcwgccay_3stIqRXuomiU6hRwQfF7_vlXs2itQtz_47R_mXBw_g8kdymWy167jvs7qB8b4kaIyIgwbdlBRc04Vpyea106g", "-var=project_id=gcp-prj-inf-automation-prd-01", "-var-file=../input-file/disk.tfvars", "-var-file=../input-file/vm.tfvars", "-var-file=../input-file/umig.tfvars", "-var-file=../input-file/health_check.tfvars", "-var-file=../input-file/nlb.tfvars", "-var-file=../input-file/router.tfvars", "-var-file=../input-file/nat.tfvars", "-var-file=../input-file/address.tfvars", "-var-file=../input-file/data.tfvars", "-var-file=../input-file/secret.tfvars"}
2024-05-03T18:50:07.980Z [INFO]  CLI command args: []string{"apply", "-refresh-only", "-var=access_token=ya29.c.c0AY_VpZg7iTRZCOxy0SnsMAzRkk6qG1GtY_hkdzFkzIMxf1eoNGQChClji2Pr0gEdvEzdP9HfCH31-meQ5V0dRTw1vOxT7c_8j2pGnfXg5PNSvGxn3Jk3FVf5MXpwNNUvyeU-awtUjbcG1_PRJnfizeO7dSEtcp3KBm6kBHMVx-FCmTcAOGdd9ds2wGtKJ_bsEmRwoK3H7B6StGjFAWv9DD36UzN6weIi-cDH_yZIjt38Y6-jigmPGQ-sRGe2njhzCVhF8G4zxZVSmQLN_CwPJvPWB86P9SuCou5_Z8lsYXyUgVBQTYVfRztNh7J52YfPxrf_Jnvgw0yZ8agaItnJx_KTs7lDZ0pp15XBnlcejpzKJXEKEfLlsn5Gukka3qaymcok_hvCjNL8P-c_Lh8HwF54Qrx9FuORgqkL5qX-g6uFFBTlQfINWddlYl2zKx8sEsjhpP3ML-_EO0aMKvfn2k62uA41ZpiMUo3SFS-w-M8vp9rfU3gsAzcew-fIOaIZHO2xccGd9BAefT43m_qtznqN75e2X_Sm7FnDtyW_T75tmVjBgLQjmwCXFLXysKU5JsopzOyY6M3rjJySzO-45bGj2bcxx4XbOHKVKVCQZu4NTqQRxECKq_43dqK5a9LkDykRyrUDM6SirnilbFwseS0Z5E3JNlxuqRZsR_hrT689KYee3zZwm6wZ5J3BBmVzS8ovyZt6s3IY1wR7SmzYt4dp-FQIMR09an7FRnsl7w53dIMwhX6Mz_5ug6vFMWaweqvXaogzJ0nuJohh1lv2Ms9fxVVvMwj3_Wl7ulzI6r_VWeFbYOaod-wXqZx9oatnnsZRZi58U-kbbsmq1wwkVlguSrpbjl5ndcFlwxa_qo_9J3173QVzquQ80UXqz9bSqadrsrIuaVkF2yseo1VYzIyfVWcwgccay_3stIqRXuomiU6hRwQfF7_vlXs2itQtz_47R_mXBw_g8kdymWy167jvs7qB8b4kaIyIgwbdlBRc04Vpyea106g", "-var=project_id=gcp-prj-inf-automation-prd-01", "-var-file=../input-file/disk.tfvars", "-var-file=../input-file/vm.tfvars", "-var-file=../input-file/umig.tfvars", "-var-file=../input-file/health_check.tfvars", "-var-file=../input-file/nlb.tfvars", "-var-file=../input-file/router.tfvars", "-var-file=../input-file/nat.tfvars", "-var-file=../input-file/address.tfvars", "-var-file=../input-file/data.tfvars", "-var-file=../input-file/secret.tfvars"}
2024-05-03T18:50:08.858Z [INFO]  backend/local: starting Apply operation
2024-05-03T18:50:10.207Z [INFO]  provider: configuring client automatic mTLS
2024-05-03T18:50:10.304Z [INFO]  provider.terraform-provider-google_v5.27.0_x5: configuring server automatic mTLS: timestamp=2024-05-03T18:50:10.304Z
2024-05-03T18:50:10.651Z [INFO]  provider: configuring client automatic mTLS
2024-05-03T18:50:10.741Z [INFO]  provider.terraform-provider-google-beta_v5.27.0_x5: configuring server automatic mTLS: timestamp=2024-05-03T18:50:10.741Z
2024-05-03T18:50:11.144Z [INFO]  provider: configuring client automatic mTLS
2024-05-03T18:50:11.165Z [INFO]  provider.terraform-provider-random_v3.6.1_x5: configuring server automatic mTLS: timestamp=2024-05-03T18:50:11.165Z
2024-05-03T18:50:11.219Z [INFO]  ReferenceTransformer: reference not found: "each.value"
2024-05-03T18:50:11.219Z [INFO]  ReferenceTransformer: reference not found: "each.value"
2024-05-03T18:50:11.219Z [INFO]  ReferenceTransformer: reference not found: "each.value"
2024-05-03T18:50:11.219Z [INFO]  ReferenceTransformer: reference not found: "each.value"
2024-05-03T18:50:11.219Z [INFO]  ReferenceTransformer: reference not found: "count.index"
2024-05-03T18:50:11.219Z [INFO]  ReferenceTransformer: reference not found: "each.value"
2024-05-03T18:50:11.220Z [INFO]  ReferenceTransformer: reference not found: "each.value"
2024-05-03T18:50:11.220Z [INFO]  ReferenceTransformer: reference not found: "each.value"
2024-05-03T18:50:11.220Z [INFO]  ReferenceTransformer: reference not found: "each.value"
2024-05-03T18:50:11.220Z [INFO]  ReferenceTransformer: reference not found: "each.key"
2024-05-03T18:50:11.220Z [INFO]  ReferenceTransformer: reference not found: "each.value"
2024-05-03T18:50:11.220Z [INFO]  ReferenceTransformer: reference not found: "each.value"
2024-05-03T18:50:11.220Z [INFO]  ReferenceTransformer: reference not found: "each.value"
2024-05-03T18:50:11.220Z [INFO]  ReferenceTransformer: reference not found: "each.value"
2024-05-03T18:50:11.220Z [INFO]  ReferenceTransformer: reference not found: "count.index"
2024-05-03T18:50:11.220Z [INFO]  ReferenceTransformer: reference not found: "each.value"
2024-05-03T18:50:11.220Z [INFO]  ReferenceTransformer: reference not found: "each.value"
2024-05-03T18:50:11.220Z [INFO]  ReferenceTransformer: reference not found: "each.value"
2024-05-03T18:50:11.220Z [INFO]  ReferenceTransformer: reference not found: "each.key"
2024-05-03T18:50:11.220Z [INFO]  ReferenceTransformer: reference not found: "each.value"
2024-05-03T18:50:11.220Z [INFO]  ReferenceTransformer: reference not found: "each.value"
2024-05-03T18:50:11.220Z [INFO]  ReferenceTransformer: reference not found: "each.value"
2024-05-03T18:50:11.220Z [INFO]  ReferenceTransformer: reference not found: "each.value"
2024-05-03T18:50:11.220Z [INFO]  ReferenceTransformer: reference not found: "each.value"
2024-05-03T18:50:11.221Z [INFO]  ReferenceTransformer: reference not found: "each.value"
2024-05-03T18:50:11.221Z [INFO]  ReferenceTransformer: reference not found: "each.value"
2024-05-03T18:50:11.222Z [INFO]  ReferenceTransformer: reference not found: "each.value"
2024-05-03T18:50:11.222Z [INFO]  ReferenceTransformer: reference not found: "each.value"
2024-05-03T18:50:11.222Z [INFO]  ReferenceTransformer: reference not found: "each.value"
2024-05-03T18:50:11.222Z [INFO]  ReferenceTransformer: reference not found: "each.key"
2024-05-03T18:50:11.222Z [INFO]  ReferenceTransformer: reference not found: "each.value"
2024-05-03T18:50:11.222Z [INFO]  ReferenceTransformer: reference not found: "each.value"
2024-05-03T18:50:11.222Z [INFO]  ReferenceTransformer: reference not found: "each.key"
2024-05-03T18:50:11.222Z [INFO]  ReferenceTransformer: reference not found: "each.value"
2024-05-03T18:50:11.223Z [INFO]  ReferenceTransformer: reference not found: "each.value"
2024-05-03T18:50:11.223Z [INFO]  ReferenceTransformer: reference not found: "each.value"
2024-05-03T18:50:11.223Z [INFO]  ReferenceTransformer: reference not found: "each.value"
2024-05-03T18:50:11.223Z [INFO]  ReferenceTransformer: reference not found: "count.index"
2024-05-03T18:50:11.223Z [INFO]  ReferenceTransformer: reference not found: "each.value"
2024-05-03T18:50:11.223Z [INFO]  ReferenceTransformer: reference not found: "each.key"
2024-05-03T18:50:11.223Z [INFO]  ReferenceTransformer: reference not found: "each.value"
2024-05-03T18:50:11.223Z [INFO]  ReferenceTransformer: reference not found: "each.value"
2024-05-03T18:50:11.223Z [INFO]  ReferenceTransformer: reference not found: "each.value"
2024-05-03T18:50:11.223Z [INFO]  ReferenceTransformer: reference not found: "each.key"
2024-05-03T18:50:11.223Z [INFO]  ReferenceTransformer: reference not found: "each.value"
2024-05-03T18:50:11.223Z [INFO]  ReferenceTransformer: reference not found: "each.value"
2024-05-03T18:50:11.223Z [INFO]  ReferenceTransformer: reference not found: "each.value"
2024-05-03T18:50:11.223Z [INFO]  ReferenceTransformer: reference not found: "each.key"
2024-05-03T18:50:11.223Z [INFO]  ReferenceTransformer: reference not found: "each.value"
2024-05-03T18:50:11.223Z [INFO]  ReferenceTransformer: reference not found: "each.value"
2024-05-03T18:50:11.223Z [INFO]  ReferenceTransformer: reference not found: "each.key"
2024-05-03T18:50:11.223Z [INFO]  ReferenceTransformer: reference not found: "each.value"
2024-05-03T18:50:11.223Z [INFO]  ReferenceTransformer: reference not found: "each.value"
2024-05-03T18:50:11.223Z [INFO]  ReferenceTransformer: reference not found: "each.value"
2024-05-03T18:50:11.223Z [INFO]  ReferenceTransformer: reference not found: "each.value"
2024-05-03T18:50:11.224Z [INFO]  ReferenceTransformer: reference not found: "each.value"
2024-05-03T18:50:11.224Z [INFO]  ReferenceTransformer: reference not found: "path.module"
2024-05-03T18:50:11.224Z [INFO]  ReferenceTransformer: reference not found: "each.value"
2024-05-03T18:50:11.224Z [INFO]  ReferenceTransformer: reference not found: "each.value"
2024-05-03T18:50:11.224Z [INFO]  ReferenceTransformer: reference not found: "each.value"
2024-05-03T18:50:11.224Z [INFO]  ReferenceTransformer: reference not found: "each.key"
2024-05-03T18:50:11.224Z [INFO]  ReferenceTransformer: reference not found: "each.value"
2024-05-03T18:50:11.224Z [INFO]  ReferenceTransformer: reference not found: "each.value"
2024-05-03T18:50:11.224Z [INFO]  ReferenceTransformer: reference not found: "each.value"
2024-05-03T18:50:11.224Z [INFO]  ReferenceTransformer: reference not found: "each.value"
2024-05-03T18:50:11.224Z [INFO]  ReferenceTransformer: reference not found: "each.value"
2024-05-03T18:50:11.224Z [INFO]  ReferenceTransformer: reference not found: "each.value"
2024-05-03T18:50:11.224Z [INFO]  ReferenceTransformer: reference not found: "each.value"
2024-05-03T18:50:11.224Z [INFO]  ReferenceTransformer: reference not found: "each.value"
2024-05-03T18:50:11.224Z [INFO]  ReferenceTransformer: reference not found: "each.value"
2024-05-03T18:50:11.225Z [INFO]  ReferenceTransformer: reference not found: "each.value"
2024-05-03T18:50:11.225Z [INFO]  ReferenceTransformer: reference not found: "each.value"
2024-05-03T18:50:11.225Z [INFO]  ReferenceTransformer: reference not found: "each.value"
2024-05-03T18:50:11.225Z [INFO]  ReferenceTransformer: reference not found: "each.value"
2024-05-03T18:50:11.225Z [INFO]  ReferenceTransformer: reference not found: "each.value"
2024-05-03T18:50:11.225Z [INFO]  ReferenceTransformer: reference not found: "each.value"
2024-05-03T18:50:11.225Z [INFO]  ReferenceTransformer: reference not found: "each.value"
2024-05-03T18:50:11.225Z [INFO]  ReferenceTransformer: reference not found: "each.value"
2024-05-03T18:50:11.225Z [INFO]  ReferenceTransformer: reference not found: "each.value"
2024-05-03T18:50:11.225Z [INFO]  ReferenceTransformer: reference not found: "each.value"
2024-05-03T18:50:11.225Z [INFO]  ReferenceTransformer: reference not found: "each.value"
2024-05-03T18:50:11.225Z [INFO]  ReferenceTransformer: reference not found: "each.value"
2024-05-03T18:50:11.225Z [INFO]  ReferenceTransformer: reference not found: "count.index"
2024-05-03T18:50:11.225Z [INFO]  ReferenceTransformer: reference not found: "each.value"
2024-05-03T18:50:11.225Z [INFO]  ReferenceTransformer: reference not found: "each.value"
2024-05-03T18:50:11.225Z [INFO]  ReferenceTransformer: reference not found: "each.value"
2024-05-03T18:50:11.225Z [INFO]  ReferenceTransformer: reference not found: "each.value"
2024-05-03T18:50:11.225Z [INFO]  ReferenceTransformer: reference not found: "each.value"
2024-05-03T18:50:11.225Z [INFO]  ReferenceTransformer: reference not found: "each.value"
2024-05-03T18:50:11.225Z [INFO]  ReferenceTransformer: reference not found: "each.value"
2024-05-03T18:50:11.225Z [INFO]  ReferenceTransformer: reference not found: "each.value"
2024-05-03T18:50:11.225Z [INFO]  ReferenceTransformer: reference not found: "each.value"
2024-05-03T18:50:11.225Z [INFO]  ReferenceTransformer: reference not found: "each.value"
2024-05-03T18:50:11.226Z [INFO]  ReferenceTransformer: reference not found: "each.value"
2024-05-03T18:50:11.226Z [INFO]  ReferenceTransformer: reference not found: "each.value"
2024-05-03T18:50:11.226Z [INFO]  ReferenceTransformer: reference not found: "each.key"
2024-05-03T18:50:11.226Z [INFO]  ReferenceTransformer: reference not found: "each.value"
2024-05-03T18:50:11.226Z [INFO]  ReferenceTransformer: reference not found: "each.value"
2024-05-03T18:50:11.226Z [INFO]  ReferenceTransformer: reference not found: "each.value"
2024-05-03T18:50:11.226Z [INFO]  ReferenceTransformer: reference not found: "each.value"
2024-05-03T18:50:11.226Z [INFO]  ReferenceTransformer: reference not found: "each.value"
2024-05-03T18:50:11.226Z [INFO]  ReferenceTransformer: reference not found: "each.value"
2024-05-03T18:50:11.226Z [INFO]  ReferenceTransformer: reference not found: "each.value"
2024-05-03T18:50:11.226Z [INFO]  ReferenceTransformer: reference not found: "count.index"
2024-05-03T18:50:11.226Z [INFO]  ReferenceTransformer: reference not found: "each.value"
2024-05-03T18:50:11.227Z [INFO]  ReferenceTransformer: reference not found: "each.value"
2024-05-03T18:50:11.227Z [INFO]  ReferenceTransformer: reference not found: "path.module"
2024-05-03T18:50:11.227Z [INFO]  ReferenceTransformer: reference not found: "each.value"
2024-05-03T18:50:11.227Z [INFO]  ReferenceTransformer: reference not found: "each.value"
2024-05-03T18:50:11.227Z [INFO]  ReferenceTransformer: reference not found: "each.value"
2024-05-03T18:50:11.288Z [INFO]  provider: configuring client automatic mTLS
2024-05-03T18:50:11.309Z [INFO]  provider.terraform-provider-random_v3.6.1_x5: configuring server automatic mTLS: timestamp=2024-05-03T18:50:11.308Z
2024-05-03T18:50:11.343Z [INFO]  provider: configuring client automatic mTLS
2024-05-03T18:50:11.419Z [INFO]  provider.terraform-provider-google-beta_v5.27.0_x5: configuring server automatic mTLS: timestamp=2024-05-03T18:50:11.419Z
2024-05-03T18:50:11.455Z [INFO]  provider: configuring client automatic mTLS
2024-05-03T18:50:11.532Z [INFO]  provider.terraform-provider-google_v5.27.0_x5: configuring server automatic mTLS: timestamp=2024-05-03T18:50:11.532Z
2024-05-03T18:50:12.459Z [INFO]  backend/local: apply calling Plan
2024-05-03T18:50:12.472Z [INFO]  ReferenceTransformer: reference not found: "each.value"
2024-05-03T18:50:12.472Z [INFO]  ReferenceTransformer: reference not found: "each.value"
2024-05-03T18:50:12.473Z [INFO]  ReferenceTransformer: reference not found: "each.key"
2024-05-03T18:50:12.473Z [INFO]  ReferenceTransformer: reference not found: "each.value"
2024-05-03T18:50:12.473Z [INFO]  ReferenceTransformer: reference not found: "each.value"
2024-05-03T18:50:12.473Z [INFO]  ReferenceTransformer: reference not found: "count.index"
2024-05-03T18:50:12.474Z [INFO]  ReferenceTransformer: reference not found: "each.value"
2024-05-03T18:50:12.474Z [INFO]  ReferenceTransformer: reference not found: "each.value"
2024-05-03T18:50:12.474Z [INFO]  ReferenceTransformer: reference not found: "each.key"
2024-05-03T18:50:12.474Z [INFO]  ReferenceTransformer: reference not found: "each.value"
2024-05-03T18:50:12.474Z [INFO]  ReferenceTransformer: reference not found: "each.value"
2024-05-03T18:50:12.474Z [INFO]  ReferenceTransformer: reference not found: "each.value"
2024-05-03T18:50:12.474Z [INFO]  ReferenceTransformer: reference not found: "each.value"
2024-05-03T18:50:12.474Z [INFO]  ReferenceTransformer: reference not found: "count.index"
2024-05-03T18:50:12.474Z [INFO]  ReferenceTransformer: reference not found: "each.value"
2024-05-03T18:50:12.474Z [INFO]  ReferenceTransformer: reference not found: "count.index"
2024-05-03T18:50:12.474Z [INFO]  ReferenceTransformer: reference not found: "each.value"
2024-05-03T18:50:12.475Z [INFO]  ReferenceTransformer: reference not found: "each.value"
2024-05-03T18:50:12.475Z [INFO]  ReferenceTransformer: reference not found: "each.value"
2024-05-03T18:50:12.475Z [INFO]  ReferenceTransformer: reference not found: "each.value"
2024-05-03T18:50:12.475Z [INFO]  ReferenceTransformer: reference not found: "each.value"
2024-05-03T18:50:12.475Z [INFO]  ReferenceTransformer: reference not found: "each.value"
2024-05-03T18:50:12.475Z [INFO]  ReferenceTransformer: reference not found: "each.value"
2024-05-03T18:50:12.475Z [INFO]  ReferenceTransformer: reference not found: "each.value"
2024-05-03T18:50:12.475Z [INFO]  ReferenceTransformer: reference not found: "each.value"
2024-05-03T18:50:12.475Z [INFO]  ReferenceTransformer: reference not found: "each.value"
2024-05-03T18:50:12.475Z [INFO]  ReferenceTransformer: reference not found: "each.value"
2024-05-03T18:50:12.475Z [INFO]  ReferenceTransformer: reference not found: "each.value"
2024-05-03T18:50:12.475Z [INFO]  ReferenceTransformer: reference not found: "each.value"
2024-05-03T18:50:12.475Z [INFO]  ReferenceTransformer: reference not found: "each.value"
2024-05-03T18:50:12.475Z [INFO]  ReferenceTransformer: reference not found: "count.index"
2024-05-03T18:50:12.475Z [INFO]  ReferenceTransformer: reference not found: "each.key"
2024-05-03T18:50:12.475Z [INFO]  ReferenceTransformer: reference not found: "each.value"
2024-05-03T18:50:12.475Z [INFO]  ReferenceTransformer: reference not found: "each.value"
2024-05-03T18:50:12.475Z [INFO]  ReferenceTransformer: reference not found: "each.value"
2024-05-03T18:50:12.475Z [INFO]  ReferenceTransformer: reference not found: "each.value"
2024-05-03T18:50:12.475Z [INFO]  ReferenceTransformer: reference not found: "each.value"
2024-05-03T18:50:12.475Z [INFO]  ReferenceTransformer: reference not found: "each.value"
2024-05-03T18:50:12.475Z [INFO]  ReferenceTransformer: reference not found: "each.value"
2024-05-03T18:50:12.475Z [INFO]  ReferenceTransformer: reference not found: "each.value"
2024-05-03T18:50:12.476Z [INFO]  ReferenceTransformer: reference not found: "each.value"
2024-05-03T18:50:12.476Z [INFO]  ReferenceTransformer: reference not found: "each.value"
2024-05-03T18:50:12.476Z [INFO]  ReferenceTransformer: reference not found: "path.module"
2024-05-03T18:50:12.476Z [INFO]  ReferenceTransformer: reference not found: "each.key"
2024-05-03T18:50:12.476Z [INFO]  ReferenceTransformer: reference not found: "path.module"
2024-05-03T18:50:12.476Z [INFO]  ReferenceTransformer: reference not found: "each.value"
2024-05-03T18:50:12.476Z [INFO]  ReferenceTransformer: reference not found: "each.value"
2024-05-03T18:50:12.476Z [INFO]  ReferenceTransformer: reference not found: "each.value"
2024-05-03T18:50:12.476Z [INFO]  ReferenceTransformer: reference not found: "each.value"
2024-05-03T18:50:12.476Z [INFO]  ReferenceTransformer: reference not found: "each.value"
2024-05-03T18:50:12.476Z [INFO]  ReferenceTransformer: reference not found: "each.value"
2024-05-03T18:50:12.476Z [INFO]  ReferenceTransformer: reference not found: "each.value"
2024-05-03T18:50:12.477Z [INFO]  ReferenceTransformer: reference not found: "each.value"
2024-05-03T18:50:12.477Z [INFO]  ReferenceTransformer: reference not found: "each.value"
2024-05-03T18:50:12.477Z [INFO]  ReferenceTransformer: reference not found: "each.value"
2024-05-03T18:50:12.477Z [INFO]  ReferenceTransformer: reference not found: "each.value"
2024-05-03T18:50:12.477Z [INFO]  ReferenceTransformer: reference not found: "each.value"
2024-05-03T18:50:12.477Z [INFO]  ReferenceTransformer: reference not found: "each.value"
2024-05-03T18:50:12.477Z [INFO]  ReferenceTransformer: reference not found: "each.value"
2024-05-03T18:50:12.477Z [INFO]  ReferenceTransformer: reference not found: "each.key"
2024-05-03T18:50:12.477Z [INFO]  ReferenceTransformer: reference not found: "each.key"
2024-05-03T18:50:12.477Z [INFO]  ReferenceTransformer: reference not found: "each.key"
2024-05-03T18:50:12.477Z [INFO]  ReferenceTransformer: reference not found: "each.value"
2024-05-03T18:50:12.477Z [INFO]  ReferenceTransformer: reference not found: "count.index"
2024-05-03T18:50:12.477Z [INFO]  ReferenceTransformer: reference not found: "each.value"
2024-05-03T18:50:12.477Z [INFO]  ReferenceTransformer: reference not found: "each.value"
2024-05-03T18:50:12.477Z [INFO]  ReferenceTransformer: reference not found: "each.value"
2024-05-03T18:50:12.477Z [INFO]  ReferenceTransformer: reference not found: "each.value"
2024-05-03T18:50:12.477Z [INFO]  ReferenceTransformer: reference not found: "each.value"
2024-05-03T18:50:12.477Z [INFO]  ReferenceTransformer: reference not found: "each.value"
2024-05-03T18:50:12.477Z [INFO]  ReferenceTransformer: reference not found: "each.key"
2024-05-03T18:50:12.477Z [INFO]  ReferenceTransformer: reference not found: "each.value"
2024-05-03T18:50:12.477Z [INFO]  ReferenceTransformer: reference not found: "each.value"
2024-05-03T18:50:12.478Z [INFO]  ReferenceTransformer: reference not found: "each.value"
2024-05-03T18:50:12.478Z [INFO]  ReferenceTransformer: reference not found: "each.value"
2024-05-03T18:50:12.478Z [INFO]  ReferenceTransformer: reference not found: "each.value"
2024-05-03T18:50:12.478Z [INFO]  ReferenceTransformer: reference not found: "each.value"
2024-05-03T18:50:12.478Z [INFO]  ReferenceTransformer: reference not found: "each.value"
2024-05-03T18:50:12.478Z [INFO]  ReferenceTransformer: reference not found: "each.value"
2024-05-03T18:50:12.478Z [INFO]  ReferenceTransformer: reference not found: "each.value"
2024-05-03T18:50:12.478Z [INFO]  ReferenceTransformer: reference not found: "each.value"
2024-05-03T18:50:12.478Z [INFO]  ReferenceTransformer: reference not found: "each.value"
2024-05-03T18:50:12.478Z [INFO]  ReferenceTransformer: reference not found: "each.value"
2024-05-03T18:50:12.478Z [INFO]  ReferenceTransformer: reference not found: "each.value"
2024-05-03T18:50:12.478Z [INFO]  ReferenceTransformer: reference not found: "each.value"
2024-05-03T18:50:12.479Z [INFO]  ReferenceTransformer: reference not found: "each.value"
2024-05-03T18:50:12.479Z [INFO]  ReferenceTransformer: reference not found: "each.value"
2024-05-03T18:50:12.479Z [INFO]  ReferenceTransformer: reference not found: "each.value"
2024-05-03T18:50:12.479Z [INFO]  ReferenceTransformer: reference not found: "each.value"
2024-05-03T18:50:12.479Z [INFO]  ReferenceTransformer: reference not found: "each.key"
2024-05-03T18:50:12.479Z [INFO]  ReferenceTransformer: reference not found: "each.value"
2024-05-03T18:50:12.479Z [INFO]  ReferenceTransformer: reference not found: "each.value"
2024-05-03T18:50:12.479Z [INFO]  ReferenceTransformer: reference not found: "each.value"
2024-05-03T18:50:12.479Z [INFO]  ReferenceTransformer: reference not found: "each.key"
2024-05-03T18:50:12.479Z [INFO]  ReferenceTransformer: reference not found: "each.value"
2024-05-03T18:50:12.479Z [INFO]  ReferenceTransformer: reference not found: "each.value"
2024-05-03T18:50:12.479Z [INFO]  ReferenceTransformer: reference not found: "each.value"
2024-05-03T18:50:12.479Z [INFO]  ReferenceTransformer: reference not found: "each.value"
2024-05-03T18:50:12.479Z [INFO]  ReferenceTransformer: reference not found: "each.value"
2024-05-03T18:50:12.479Z [INFO]  ReferenceTransformer: reference not found: "each.value"
2024-05-03T18:50:12.479Z [INFO]  ReferenceTransformer: reference not found: "each.value"
2024-05-03T18:50:12.479Z [INFO]  ReferenceTransformer: reference not found: "each.value"
2024-05-03T18:50:12.479Z [INFO]  ReferenceTransformer: reference not found: "each.value"
2024-05-03T18:50:12.479Z [INFO]  ReferenceTransformer: reference not found: "each.value"
2024-05-03T18:50:12.479Z [INFO]  ReferenceTransformer: reference not found: "each.value"
2024-05-03T18:50:12.479Z [INFO]  ReferenceTransformer: reference not found: "each.value"
2024-05-03T18:50:12.479Z [INFO]  ReferenceTransformer: reference not found: "each.value"
2024-05-03T18:50:12.479Z [INFO]  ReferenceTransformer: reference not found: "each.value"
2024-05-03T18:50:12.479Z [INFO]  ReferenceTransformer: reference not found: "each.value"
2024-05-03T18:50:12.479Z [INFO]  ReferenceTransformer: reference not found: "each.value"
2024-05-03T18:50:12.539Z [INFO]  provider: configuring client automatic mTLS
2024-05-03T18:50:12.580Z [INFO]  provider.terraform-provider-random_v3.6.1_x5: configuring server automatic mTLS: timestamp=2024-05-03T18:50:12.579Z
2024-05-03T18:50:12.616Z [INFO]  provider: configuring client automatic mTLS
2024-05-03T18:50:12.698Z [INFO]  provider.terraform-provider-google-beta_v5.27.0_x5: configuring server automatic mTLS: timestamp=2024-05-03T18:50:12.698Z
2024-05-03T18:50:12.733Z [INFO]  provider: configuring client automatic mTLS
2024-05-03T18:50:12.938Z [INFO]  provider.terraform-provider-google_v5.27.0_x5: configuring server automatic mTLS: timestamp=2024-05-03T18:50:12.938Z
2024-05-03T18:50:13.554Z [INFO]  provider.terraform-provider-google-beta_v5.27.0_x5: Authenticating using configured Google JSON 'access_token'...: @caller=github.com/hashicorp/terraform-provider-google-beta/google-beta/fwtransport/framework_config.go:1880 @module=google_beta tf_provider_addr=registry.terraform.io/hashicorp/google-beta tf_mux_provider=*proto5server.Server tf_req_id=80ddb1f3-0c85-2267-f61f-13e8af2e4f09 tf_rpc=ConfigureProvider timestamp=2024-05-03T18:50:13.552Z
2024-05-03T18:50:13.556Z [INFO]  provider.terraform-provider-google-beta_v5.27.0_x5:   -- Scopes: [https://www.googleapis.com/auth/cloud-platform https://www.googleapis.com/auth/userinfo.email]: tf_mux_provider=*proto5server.Server tf_provider_addr=registry.terraform.io/hashicorp/google-beta @caller=github.com/hashicorp/terraform-provider-google-beta/google-beta/fwtransport/framework_config.go:1881 @module=google_beta tf_req_id=80ddb1f3-0c85-2267-f61f-13e8af2e4f09 tf_rpc=ConfigureProvider timestamp=2024-05-03T18:50:13.552Z
2024-05-03T18:50:13.557Z [INFO]  provider.terraform-provider-google-beta_v5.27.0_x5: Authenticating using configured Google JSON 'access_token'...: @module=google_beta tf_mux_provider=*proto5server.Server @caller=github.com/hashicorp/terraform-provider-google-beta/google-beta/fwtransport/framework_config.go:1880 tf_provider_addr=registry.terraform.io/hashicorp/google-beta tf_req_id=80ddb1f3-0c85-2267-f61f-13e8af2e4f09 tf_rpc=ConfigureProvider timestamp=2024-05-03T18:50:13.553Z
2024-05-03T18:50:13.557Z [INFO]  provider.terraform-provider-google-beta_v5.27.0_x5:   -- Scopes: [https://www.googleapis.com/auth/cloud-platform https://www.googleapis.com/auth/userinfo.email]: tf_req_id=80ddb1f3-0c85-2267-f61f-13e8af2e4f09 tf_rpc=ConfigureProvider @caller=github.com/hashicorp/terraform-provider-google-beta/google-beta/fwtransport/framework_config.go:1881 tf_provider_addr=registry.terraform.io/hashicorp/google-beta @module=google_beta tf_mux_provider=*proto5server.Server timestamp=2024-05-03T18:50:13.553Z
2024-05-03T18:50:13.640Z [INFO]  provider.terraform-provider-google-beta_v5.27.0_x5: Terraform is using this identity: svc-cloudautomation@gcp-prj-inf-automation-prd-01.iam.gserviceaccount.com: @caller=github.com/hashicorp/terraform-provider-google-beta/google-beta/fwtransport/framework_config.go:1800 tf_mux_provider=*proto5server.Server tf_provider_addr=registry.terraform.io/hashicorp/google-beta tf_req_id=80ddb1f3-0c85-2267-f61f-13e8af2e4f09 tf_rpc=ConfigureProvider @module=google_beta timestamp=2024-05-03T18:50:13.640Z
2024-05-03T18:50:13.701Z [INFO]  provider.terraform-provider-google_v5.27.0_x5: Authenticating using configured Google JSON 'access_token'...: @caller=github.com/hashicorp/terraform-provider-google/google/fwtransport/framework_config.go:1731 @module=google tf_mux_provider=*proto5server.Server tf_provider_addr=registry.terraform.io/hashicorp/google tf_req_id=9e6f0e16-800a-fc5f-8638-d3bb95bdebf0 tf_rpc=ConfigureProvider timestamp=2024-05-03T18:50:13.700Z
2024-05-03T18:50:13.701Z [INFO]  provider.terraform-provider-google_v5.27.0_x5:   -- Scopes: [https://www.googleapis.com/auth/cloud-platform https://www.googleapis.com/auth/userinfo.email]: tf_mux_provider=*proto5server.Server tf_rpc=ConfigureProvider @caller=github.com/hashicorp/terraform-provider-google/google/fwtransport/framework_config.go:1732 tf_req_id=9e6f0e16-800a-fc5f-8638-d3bb95bdebf0 @module=google tf_provider_addr=registry.terraform.io/hashicorp/google timestamp=2024-05-03T18:50:13.700Z
2024-05-03T18:50:13.701Z [INFO]  provider.terraform-provider-google_v5.27.0_x5: Authenticating using configured Google JSON 'access_token'...: tf_rpc=ConfigureProvider @caller=github.com/hashicorp/terraform-provider-google/google/fwtransport/framework_config.go:1731 @module=google tf_provider_addr=registry.terraform.io/hashicorp/google tf_req_id=9e6f0e16-800a-fc5f-8638-d3bb95bdebf0 tf_mux_provider=*proto5server.Server timestamp=2024-05-03T18:50:13.700Z
2024-05-03T18:50:13.701Z [INFO]  provider.terraform-provider-google_v5.27.0_x5:   -- Scopes: [https://www.googleapis.com/auth/cloud-platform https://www.googleapis.com/auth/userinfo.email]: tf_provider_addr=registry.terraform.io/hashicorp/google tf_req_id=9e6f0e16-800a-fc5f-8638-d3bb95bdebf0 @module=google tf_mux_provider=*proto5server.Server tf_rpc=ConfigureProvider @caller=github.com/hashicorp/terraform-provider-google/google/fwtransport/framework_config.go:1732 timestamp=2024-05-03T18:50:13.701Z
2024-05-03T18:50:13.759Z [INFO]  provider.terraform-provider-google_v5.27.0_x5: Terraform is using this identity: svc-cloudautomation@gcp-prj-inf-automation-prd-01.iam.gserviceaccount.com: tf_mux_provider=*proto5server.Server tf_rpc=ConfigureProvider @caller=github.com/hashicorp/terraform-provider-google/google/fwtransport/framework_config.go:1651 @module=google tf_provider_addr=registry.terraform.io/hashicorp/google tf_req_id=9e6f0e16-800a-fc5f-8638-d3bb95bdebf0 timestamp=2024-05-03T18:50:13.759Z
2024-05-03T18:50:13.784Z [INFO]  ReferenceTransformer: reference not found: "local.project"
2024-05-03T18:50:13.784Z [INFO]  ReferenceTransformer: reference not found: "local.region"
2024-05-03T18:50:13.784Z [INFO]  ReferenceTransformer: reference not found: "local.address_type"
2024-05-03T18:50:13.784Z [INFO]  ReferenceTransformer: reference not found: "local.purpose"
2024-05-03T18:50:13.784Z [INFO]  ReferenceTransformer: reference not found: "var.address_subnetwork"
2024-05-03T18:50:13.784Z [INFO]  ReferenceTransformer: reference not found: "local.address_type"
2024-05-03T18:50:13.784Z [INFO]  ReferenceTransformer: reference not found: "var.address_ip"
2024-05-03T18:50:13.784Z [INFO]  ReferenceTransformer: reference not found: "local.purpose"
2024-05-03T18:50:13.784Z [INFO]  ReferenceTransformer: reference not found: "local.address_type"
2024-05-03T18:50:13.784Z [INFO]  ReferenceTransformer: reference not found: "local.purpose"
2024-05-03T18:50:13.784Z [INFO]  ReferenceTransformer: reference not found: "local.purpose"
2024-05-03T18:50:13.784Z [INFO]  ReferenceTransformer: reference not found: "var.address_network"
2024-05-03T18:50:13.784Z [INFO]  ReferenceTransformer: reference not found: "var.address_name"
2024-05-03T18:50:13.784Z [INFO]  ReferenceTransformer: reference not found: "local.address_type"
2024-05-03T18:50:13.784Z [INFO]  ReferenceTransformer: reference not found: "local.address_type"
2024-05-03T18:50:13.784Z [INFO]  ReferenceTransformer: reference not found: "var.network_tier"
2024-05-03T18:50:13.784Z [INFO]  ReferenceTransformer: reference not found: "var.address_prefix_length"
2024-05-03T18:50:13.784Z [INFO]  ReferenceTransformer: reference not found: "var.labels"
2024-05-03T18:50:13.784Z [INFO]  ReferenceTransformer: reference not found: "var.address_description"
2024-05-03T18:50:13.784Z [INFO]  ReferenceTransformer: reference not found: "local.project"
2024-05-03T18:50:13.784Z [INFO]  ReferenceTransformer: reference not found: "var.address_name"
2024-05-03T18:50:13.784Z [INFO]  ReferenceTransformer: reference not found: "local.address_type"
2024-05-03T18:50:13.784Z [INFO]  ReferenceTransformer: reference not found: "local.region"
2024-05-03T18:50:13.784Z [INFO]  ReferenceTransformer: reference not found: "local.address_type"
2024-05-03T18:50:13.784Z [INFO]  ReferenceTransformer: reference not found: "local.purpose"
2024-05-03T18:50:13.784Z [INFO]  ReferenceTransformer: reference not found: "local.purpose"
2024-05-03T18:50:13.784Z [INFO]  ReferenceTransformer: reference not found: "var.address_network"
2024-05-03T18:50:13.784Z [INFO]  ReferenceTransformer: reference not found: "local.address_type"
2024-05-03T18:50:13.784Z [INFO]  ReferenceTransformer: reference not found: "var.address_ip"
2024-05-03T18:50:13.784Z [INFO]  ReferenceTransformer: reference not found: "local.purpose"
2024-05-03T18:50:13.784Z [INFO]  ReferenceTransformer: reference not found: "var.address_prefix_length"
2024-05-03T18:50:13.784Z [INFO]  ReferenceTransformer: reference not found: "var.labels"
2024-05-03T18:50:13.784Z [INFO]  ReferenceTransformer: reference not found: "local.address_type"
2024-05-03T18:50:13.784Z [INFO]  ReferenceTransformer: reference not found: "var.network_tier"
2024-05-03T18:50:13.784Z [INFO]  ReferenceTransformer: reference not found: "var.address_description"
2024-05-03T18:50:13.784Z [INFO]  ReferenceTransformer: reference not found: "local.address_type"
2024-05-03T18:50:13.784Z [INFO]  ReferenceTransformer: reference not found: "local.purpose"
2024-05-03T18:50:13.784Z [INFO]  ReferenceTransformer: reference not found: "var.address_subnetwork"
2024-05-03T18:50:13.785Z [INFO]  ReferenceTransformer: reference not found: "local.address_type"
2024-05-03T18:50:13.785Z [INFO]  ReferenceTransformer: reference not found: "local.purpose"
2024-05-03T18:50:13.785Z [INFO]  ReferenceTransformer: reference not found: "var.address_subnetwork"
2024-05-03T18:50:13.785Z [INFO]  ReferenceTransformer: reference not found: "local.address_type"
2024-05-03T18:50:13.785Z [INFO]  ReferenceTransformer: reference not found: "local.purpose"
2024-05-03T18:50:13.785Z [INFO]  ReferenceTransformer: reference not found: "local.purpose"
2024-05-03T18:50:13.785Z [INFO]  ReferenceTransformer: reference not found: "var.address_network"
2024-05-03T18:50:13.785Z [INFO]  ReferenceTransformer: reference not found: "local.project"
2024-05-03T18:50:13.785Z [INFO]  ReferenceTransformer: reference not found: "var.labels"
2024-05-03T18:50:13.785Z [INFO]  ReferenceTransformer: reference not found: "local.address_type"
2024-05-03T18:50:13.785Z [INFO]  ReferenceTransformer: reference not found: "local.region"
2024-05-03T18:50:13.785Z [INFO]  ReferenceTransformer: reference not found: "var.address_description"
2024-05-03T18:50:13.785Z [INFO]  ReferenceTransformer: reference not found: "local.purpose"
2024-05-03T18:50:13.785Z [INFO]  ReferenceTransformer: reference not found: "var.address_prefix_length"
2024-05-03T18:50:13.785Z [INFO]  ReferenceTransformer: reference not found: "local.address_type"
2024-05-03T18:50:13.785Z [INFO]  ReferenceTransformer: reference not found: "var.network_tier"
2024-05-03T18:50:13.785Z [INFO]  ReferenceTransformer: reference not found: "var.address_name"
2024-05-03T18:50:13.785Z [INFO]  ReferenceTransformer: reference not found: "local.address_type"
2024-05-03T18:50:13.785Z [INFO]  ReferenceTransformer: reference not found: "var.address_ip"
2024-05-03T18:50:13.785Z [INFO]  ReferenceTransformer: reference not found: "var.labels"
2024-05-03T18:50:13.785Z [INFO]  ReferenceTransformer: reference not found: "local.address_type"
2024-05-03T18:50:13.785Z [INFO]  ReferenceTransformer: reference not found: "local.region"
2024-05-03T18:50:13.785Z [INFO]  ReferenceTransformer: reference not found: "local.address_type"
2024-05-03T18:50:13.785Z [INFO]  ReferenceTransformer: reference not found: "local.purpose"
2024-05-03T18:50:13.785Z [INFO]  ReferenceTransformer: reference not found: "var.address_subnetwork"
2024-05-03T18:50:13.785Z [INFO]  ReferenceTransformer: reference not found: "local.address_type"
2024-05-03T18:50:13.785Z [INFO]  ReferenceTransformer: reference not found: "var.address_ip"
2024-05-03T18:50:13.785Z [INFO]  ReferenceTransformer: reference not found: "local.address_type"
2024-05-03T18:50:13.785Z [INFO]  ReferenceTransformer: reference not found: "local.purpose"
2024-05-03T18:50:13.785Z [INFO]  ReferenceTransformer: reference not found: "local.purpose"
2024-05-03T18:50:13.785Z [INFO]  ReferenceTransformer: reference not found: "var.address_network"
2024-05-03T18:50:13.785Z [INFO]  ReferenceTransformer: reference not found: "local.address_type"
2024-05-03T18:50:13.785Z [INFO]  ReferenceTransformer: reference not found: "var.network_tier"
2024-05-03T18:50:13.785Z [INFO]  ReferenceTransformer: reference not found: "var.address_description"
2024-05-03T18:50:13.785Z [INFO]  ReferenceTransformer: reference not found: "var.address_name"
2024-05-03T18:50:13.785Z [INFO]  ReferenceTransformer: reference not found: "local.project"
2024-05-03T18:50:13.785Z [INFO]  ReferenceTransformer: reference not found: "local.purpose"
2024-05-03T18:50:13.785Z [INFO]  ReferenceTransformer: reference not found: "var.address_prefix_length"
2024-05-03T18:50:13.786Z [INFO]  ReferenceTransformer: reference not found: "local.address_type"
2024-05-03T18:50:13.786Z [INFO]  ReferenceTransformer: reference not found: "local.purpose"
2024-05-03T18:50:13.786Z [INFO]  ReferenceTransformer: reference not found: "var.address_subnetwork"
2024-05-03T18:50:13.786Z [INFO]  ReferenceTransformer: reference not found: "local.address_type"
2024-05-03T18:50:13.786Z [INFO]  ReferenceTransformer: reference not found: "var.address_ip"
2024-05-03T18:50:13.786Z [INFO]  ReferenceTransformer: reference not found: "local.address_type"
2024-05-03T18:50:13.786Z [INFO]  ReferenceTransformer: reference not found: "local.purpose"
2024-05-03T18:50:13.786Z [INFO]  ReferenceTransformer: reference not found: "local.purpose"
2024-05-03T18:50:13.786Z [INFO]  ReferenceTransformer: reference not found: "var.address_network"
2024-05-03T18:50:13.786Z [INFO]  ReferenceTransformer: reference not found: "local.project"
2024-05-03T18:50:13.786Z [INFO]  ReferenceTransformer: reference not found: "local.purpose"
2024-05-03T18:50:13.786Z [INFO]  ReferenceTransformer: reference not found: "var.address_prefix_length"
2024-05-03T18:50:13.786Z [INFO]  ReferenceTransformer: reference not found: "local.region"
2024-05-03T18:50:13.786Z [INFO]  ReferenceTransformer: reference not found: "local.address_type"
2024-05-03T18:50:13.786Z [INFO]  ReferenceTransformer: reference not found: "var.address_description"
2024-05-03T18:50:13.786Z [INFO]  ReferenceTransformer: reference not found: "var.address_name"
2024-05-03T18:50:13.786Z [INFO]  ReferenceTransformer: reference not found: "var.labels"
2024-05-03T18:50:13.786Z [INFO]  ReferenceTransformer: reference not found: "local.address_type"
2024-05-03T18:50:13.786Z [INFO]  ReferenceTransformer: reference not found: "var.network_tier"
2024-05-03T18:50:13.786Z [INFO]  ReferenceTransformer: reference not found: "local.address_type"
2024-05-03T18:50:13.786Z [INFO]  ReferenceTransformer: reference not found: "var.network_tier"
2024-05-03T18:50:13.786Z [INFO]  ReferenceTransformer: reference not found: "local.address_type"
2024-05-03T18:50:13.786Z [INFO]  ReferenceTransformer: reference not found: "var.address_ip"
2024-05-03T18:50:13.786Z [INFO]  ReferenceTransformer: reference not found: "local.project"
2024-05-03T18:50:13.786Z [INFO]  ReferenceTransformer: reference not found: "local.address_type"
2024-05-03T18:50:13.786Z [INFO]  ReferenceTransformer: reference not found: "local.purpose"
2024-05-03T18:50:13.786Z [INFO]  ReferenceTransformer: reference not found: "local.purpose"
2024-05-03T18:50:13.786Z [INFO]  ReferenceTransformer: reference not found: "var.address_network"
2024-05-03T18:50:13.786Z [INFO]  ReferenceTransformer: reference not found: "local.region"
2024-05-03T18:50:13.786Z [INFO]  ReferenceTransformer: reference not found: "var.address_description"
2024-05-03T18:50:13.786Z [INFO]  ReferenceTransformer: reference not found: "var.address_name"
2024-05-03T18:50:13.786Z [INFO]  ReferenceTransformer: reference not found: "local.address_type"
2024-05-03T18:50:13.786Z [INFO]  ReferenceTransformer: reference not found: "local.purpose"
2024-05-03T18:50:13.786Z [INFO]  ReferenceTransformer: reference not found: "var.address_prefix_length"
2024-05-03T18:50:13.786Z [INFO]  ReferenceTransformer: reference not found: "var.labels"
2024-05-03T18:50:13.786Z [INFO]  ReferenceTransformer: reference not found: "local.address_type"
2024-05-03T18:50:13.786Z [INFO]  ReferenceTransformer: reference not found: "local.purpose"
2024-05-03T18:50:13.786Z [INFO]  ReferenceTransformer: reference not found: "var.address_subnetwork"
2024-05-03T18:50:13.786Z [INFO]  ReferenceTransformer: reference not found: "var.address_name"
2024-05-03T18:50:13.786Z [INFO]  ReferenceTransformer: reference not found: "local.address_type"
2024-05-03T18:50:13.786Z [INFO]  ReferenceTransformer: reference not found: "var.network_tier"
2024-05-03T18:50:13.786Z [INFO]  ReferenceTransformer: reference not found: "local.region"
2024-05-03T18:50:13.786Z [INFO]  ReferenceTransformer: reference not found: "var.address_description"
2024-05-03T18:50:13.786Z [INFO]  ReferenceTransformer: reference not found: "local.address_type"
2024-05-03T18:50:13.786Z [INFO]  ReferenceTransformer: reference not found: "local.purpose"
2024-05-03T18:50:13.786Z [INFO]  ReferenceTransformer: reference not found: "var.address_subnetwork"
2024-05-03T18:50:13.786Z [INFO]  ReferenceTransformer: reference not found: "local.address_type"
2024-05-03T18:50:13.787Z [INFO]  ReferenceTransformer: reference not found: "var.address_ip"
2024-05-03T18:50:13.787Z [INFO]  ReferenceTransformer: reference not found: "local.project"
2024-05-03T18:50:13.787Z [INFO]  ReferenceTransformer: reference not found: "var.labels"
2024-05-03T18:50:13.787Z [INFO]  ReferenceTransformer: reference not found: "var.address_prefix_length"
2024-05-03T18:50:13.787Z [INFO]  ReferenceTransformer: reference not found: "local.address_type"
2024-05-03T18:50:13.787Z [INFO]  ReferenceTransformer: reference not found: "local.address_type"
2024-05-03T18:50:13.787Z [INFO]  ReferenceTransformer: reference not found: "local.purpose"
2024-05-03T18:50:13.787Z [INFO]  ReferenceTransformer: reference not found: "local.purpose"
2024-05-03T18:50:13.787Z [INFO]  ReferenceTransformer: reference not found: "var.address_network"
2024-05-03T18:50:13.787Z [INFO]  ReferenceTransformer: reference not found: "local.purpose"
2024-05-03T18:50:13.787Z [INFO]  ReferenceTransformer: reference not found: "local.address_type"
2024-05-03T18:50:13.787Z [INFO]  ReferenceTransformer: reference not found: "local.region"
2024-05-03T18:50:13.787Z [INFO]  ReferenceTransformer: reference not found: "local.address_type"
2024-05-03T18:50:13.787Z [INFO]  ReferenceTransformer: reference not found: "var.address_ip"
2024-05-03T18:50:13.787Z [INFO]  ReferenceTransformer: reference not found: "local.address_type"
2024-05-03T18:50:13.787Z [INFO]  ReferenceTransformer: reference not found: "local.purpose"
2024-05-03T18:50:13.787Z [INFO]  ReferenceTransformer: reference not found: "local.purpose"
2024-05-03T18:50:13.787Z [INFO]  ReferenceTransformer: reference not found: "var.address_network"
2024-05-03T18:50:13.787Z [INFO]  ReferenceTransformer: reference not found: "local.purpose"
2024-05-03T18:50:13.787Z [INFO]  ReferenceTransformer: reference not found: "var.address_prefix_length"
2024-05-03T18:50:13.787Z [INFO]  ReferenceTransformer: reference not found: "local.address_type"
2024-05-03T18:50:13.787Z [INFO]  ReferenceTransformer: reference not found: "var.network_tier"
2024-05-03T18:50:13.787Z [INFO]  ReferenceTransformer: reference not found: "var.address_description"
2024-05-03T18:50:13.787Z [INFO]  ReferenceTransformer: reference not found: "var.address_name"
2024-05-03T18:50:13.787Z [INFO]  ReferenceTransformer: reference not found: "local.address_type"
2024-05-03T18:50:13.787Z [INFO]  ReferenceTransformer: reference not found: "local.purpose"
2024-05-03T18:50:13.787Z [INFO]  ReferenceTransformer: reference not found: "var.address_subnetwork"
2024-05-03T18:50:13.787Z [INFO]  ReferenceTransformer: reference not found: "local.project"
2024-05-03T18:50:13.787Z [INFO]  ReferenceTransformer: reference not found: "var.labels"
2024-05-03T18:50:13.787Z [INFO]  ReferenceTransformer: reference not found: "local.address_type"
2024-05-03T18:50:13.787Z [INFO]  ReferenceTransformer: reference not found: "var.address_ip"
2024-05-03T18:50:13.787Z [INFO]  ReferenceTransformer: reference not found: "local.project"
2024-05-03T18:50:13.787Z [INFO]  ReferenceTransformer: reference not found: "local.purpose"
2024-05-03T18:50:13.787Z [INFO]  ReferenceTransformer: reference not found: "local.region"
2024-05-03T18:50:13.787Z [INFO]  ReferenceTransformer: reference not found: "local.address_type"
2024-05-03T18:50:13.787Z [INFO]  ReferenceTransformer: reference not found: "var.address_name"
2024-05-03T18:50:13.787Z [INFO]  ReferenceTransformer: reference not found: "local.address_type"
2024-05-03T18:50:13.787Z [INFO]  ReferenceTransformer: reference not found: "var.network_tier"
2024-05-03T18:50:13.787Z [INFO]  ReferenceTransformer: reference not found: "local.address_type"
2024-05-03T18:50:13.787Z [INFO]  ReferenceTransformer: reference not found: "local.purpose"
2024-05-03T18:50:13.787Z [INFO]  ReferenceTransformer: reference not found: "var.address_subnetwork"
2024-05-03T18:50:13.787Z [INFO]  ReferenceTransformer: reference not found: "var.address_prefix_length"
2024-05-03T18:50:13.787Z [INFO]  ReferenceTransformer: reference not found: "local.address_type"
2024-05-03T18:50:13.787Z [INFO]  ReferenceTransformer: reference not found: "local.purpose"
2024-05-03T18:50:13.787Z [INFO]  ReferenceTransformer: reference not found: "local.purpose"
2024-05-03T18:50:13.787Z [INFO]  ReferenceTransformer: reference not found: "var.address_network"
2024-05-03T18:50:13.787Z [INFO]  ReferenceTransformer: reference not found: "var.labels"
2024-05-03T18:50:13.787Z [INFO]  ReferenceTransformer: reference not found: "var.address_description"
2024-05-03T18:50:13.788Z [INFO]  ReferenceTransformer: reference not found: "local.address_type"
2024-05-03T18:50:13.788Z [INFO]  ReferenceTransformer: reference not found: "local.address_type"
2024-05-03T18:50:13.788Z [INFO]  ReferenceTransformer: reference not found: "local.purpose"
2024-05-03T18:50:13.788Z [INFO]  ReferenceTransformer: reference not found: "var.address_subnetwork"
2024-05-03T18:50:13.788Z [INFO]  ReferenceTransformer: reference not found: "local.address_type"
2024-05-03T18:50:13.788Z [INFO]  ReferenceTransformer: reference not found: "var.address_ip"
2024-05-03T18:50:13.788Z [INFO]  ReferenceTransformer: reference not found: "local.address_type"
2024-05-03T18:50:13.788Z [INFO]  ReferenceTransformer: reference not found: "local.purpose"
2024-05-03T18:50:13.788Z [INFO]  ReferenceTransformer: reference not found: "local.purpose"
2024-05-03T18:50:13.788Z [INFO]  ReferenceTransformer: reference not found: "var.address_network"
2024-05-03T18:50:13.788Z [INFO]  ReferenceTransformer: reference not found: "var.address_description"
2024-05-03T18:50:13.788Z [INFO]  ReferenceTransformer: reference not found: "local.region"
2024-05-03T18:50:13.788Z [INFO]  ReferenceTransformer: reference not found: "var.address_name"
2024-05-03T18:50:13.788Z [INFO]  ReferenceTransformer: reference not found: "local.address_type"
2024-05-03T18:50:13.788Z [INFO]  ReferenceTransformer: reference not found: "var.network_tier"
2024-05-03T18:50:13.788Z [INFO]  ReferenceTransformer: reference not found: "local.project"
2024-05-03T18:50:13.788Z [INFO]  ReferenceTransformer: reference not found: "local.purpose"
2024-05-03T18:50:13.788Z [INFO]  ReferenceTransformer: reference not found: "var.address_prefix_length"
2024-05-03T18:50:13.788Z [INFO]  ReferenceTransformer: reference not found: "var.labels"
2024-05-03T18:50:14.503Z [INFO]  ReferenceTransformer: reference not found: "module.regional_address"
2024-05-03T18:50:14.503Z [INFO]  ReferenceTransformer: reference not found: "var.priv_ips"
2024-05-03T18:50:14.503Z [INFO]  ReferenceTransformer: reference not found: "var.fgt_project_id"
2024-05-03T18:50:14.503Z [INFO]  ReferenceTransformer: reference not found: "var.region"
2024-05-03T18:50:14.503Z [INFO]  ReferenceTransformer: reference not found: "var.priv_ips"
2024-05-03T18:50:14.504Z [INFO]  ReferenceTransformer: reference not found: "count.index"
2024-05-03T18:50:14.504Z [INFO]  ReferenceTransformer: reference not found: "module.regional_address"
2024-05-03T18:50:14.504Z [INFO]  ReferenceTransformer: reference not found: "var.priv_ips"
2024-05-03T18:50:14.504Z [INFO]  ReferenceTransformer: reference not found: "var.region"
2024-05-03T18:50:14.504Z [INFO]  ReferenceTransformer: reference not found: "var.priv_ips"
2024-05-03T18:50:14.504Z [INFO]  ReferenceTransformer: reference not found: "count.index"
2024-05-03T18:50:14.504Z [INFO]  ReferenceTransformer: reference not found: "var.fgt_project_id"
2024-05-03T18:50:14.504Z [INFO]  ReferenceTransformer: reference not found: "module.regional_address"
2024-05-03T18:50:14.504Z [INFO]  ReferenceTransformer: reference not found: "var.region"
2024-05-03T18:50:14.504Z [INFO]  ReferenceTransformer: reference not found: "var.ilb_ip"
2024-05-03T18:50:14.504Z [INFO]  ReferenceTransformer: reference not found: "var.fgt_project_id"
2024-05-03T18:50:14.504Z [INFO]  ReferenceTransformer: reference not found: "module.regional_address"
2024-05-03T18:50:14.504Z [INFO]  ReferenceTransformer: reference not found: "var.hasync_ips"
2024-05-03T18:50:14.504Z [INFO]  ReferenceTransformer: reference not found: "var.fgt_project_id"
2024-05-03T18:50:14.504Z [INFO]  ReferenceTransformer: reference not found: "var.region"
2024-05-03T18:50:14.504Z [INFO]  ReferenceTransformer: reference not found: "var.hasync_ips"
2024-05-03T18:50:14.504Z [INFO]  ReferenceTransformer: reference not found: "count.index"
2024-05-03T18:50:14.504Z [INFO]  ReferenceTransformer: reference not found: "module.regional_address"
2024-05-03T18:50:14.504Z [INFO]  ReferenceTransformer: reference not found: "var.hasync_ips"
2024-05-03T18:50:14.505Z [INFO]  ReferenceTransformer: reference not found: "var.hasync_ips"
2024-05-03T18:50:14.505Z [INFO]  ReferenceTransformer: reference not found: "count.index"
2024-05-03T18:50:14.505Z [INFO]  ReferenceTransformer: reference not found: "var.fgt_project_id"
2024-05-03T18:50:14.505Z [INFO]  ReferenceTransformer: reference not found: "var.region"
2024-05-03T18:50:14.507Z [INFO]  ReferenceTransformer: reference not found: "module.regional_address"
2024-05-03T18:50:14.507Z [INFO]  ReferenceTransformer: reference not found: "var.pub_ips"
2024-05-03T18:50:14.507Z [INFO]  ReferenceTransformer: reference not found: "var.fgt_project_id"
2024-05-03T18:50:14.507Z [INFO]  ReferenceTransformer: reference not found: "var.region"
2024-05-03T18:50:14.507Z [INFO]  ReferenceTransformer: reference not found: "var.pub_ips"
2024-05-03T18:50:14.507Z [INFO]  ReferenceTransformer: reference not found: "count.index"
2024-05-03T18:50:14.507Z [INFO]  ReferenceTransformer: reference not found: "module.regional_address"
2024-05-03T18:50:14.507Z [INFO]  ReferenceTransformer: reference not found: "var.pub_ips"
2024-05-03T18:50:14.507Z [INFO]  ReferenceTransformer: reference not found: "var.pub_ips"
2024-05-03T18:50:14.507Z [INFO]  ReferenceTransformer: reference not found: "count.index"
2024-05-03T18:50:14.507Z [INFO]  ReferenceTransformer: reference not found: "var.fgt_project_id"
2024-05-03T18:50:14.507Z [INFO]  ReferenceTransformer: reference not found: "var.region"
2024-05-03T18:50:14.508Z [INFO]  ReferenceTransformer: reference not found: "module.regional_address"
2024-05-03T18:50:14.508Z [INFO]  ReferenceTransformer: reference not found: "var.image_name"
2024-05-03T18:50:14.508Z [INFO]  ReferenceTransformer: reference not found: "var.image_project"
2024-05-03T18:50:14.511Z [INFO]  ReferenceTransformer: reference not found: "module.regional_address"
2024-05-03T18:50:14.511Z [INFO]  ReferenceTransformer: reference not found: "var.mgmt_ips"
2024-05-03T18:50:14.511Z [INFO]  ReferenceTransformer: reference not found: "var.region"
2024-05-03T18:50:14.511Z [INFO]  ReferenceTransformer: reference not found: "var.mgmt_ips"
2024-05-03T18:50:14.511Z [INFO]  ReferenceTransformer: reference not found: "count.index"
2024-05-03T18:50:14.511Z [INFO]  ReferenceTransformer: reference not found: "var.fgt_project_id"
2024-05-03T18:50:14.511Z [INFO]  ReferenceTransformer: reference not found: "module.regional_address"
2024-05-03T18:50:14.511Z [INFO]  ReferenceTransformer: reference not found: "var.mgmt_ips"
2024-05-03T18:50:14.511Z [INFO]  ReferenceTransformer: reference not found: "var.mgmt_ips"
2024-05-03T18:50:14.511Z [INFO]  ReferenceTransformer: reference not found: "count.index"
2024-05-03T18:50:14.511Z [INFO]  ReferenceTransformer: reference not found: "var.fgt_project_id"
2024-05-03T18:50:14.511Z [INFO]  ReferenceTransformer: reference not found: "var.region"
2024-05-03T18:50:14.511Z [INFO]  ReferenceTransformer: reference not found: "var.region"
2024-05-03T18:50:14.511Z [INFO]  ReferenceTransformer: reference not found: "var.router_name"
2024-05-03T18:50:14.511Z [INFO]  ReferenceTransformer: reference not found: "var.network"
2024-05-03T18:50:14.511Z [INFO]  ReferenceTransformer: reference not found: "var.project_id"
2024-05-03T18:50:14.511Z [INFO]  ReferenceTransformer: reference not found: "var.router_asn"
2024-05-03T18:50:14.511Z [INFO]  ReferenceTransformer: reference not found: "var.router_keepalive_interval"
2024-05-03T18:50:14.767Z [INFO]  ReferenceTransformer: reference not found: "data.google_compute_image.fgt_image"
2024-05-03T18:50:14.767Z [INFO]  ReferenceTransformer: reference not found: "var.subnets"
2024-05-03T18:50:14.768Z [INFO]  ReferenceTransformer: reference not found: "var.region"
2024-05-03T18:50:14.768Z [INFO]  ReferenceTransformer: reference not found: "var.fgt_project_id"
2024-05-03T18:50:14.768Z [INFO]  ReferenceTransformer: reference not found: "var.subnets"
2024-05-03T18:50:14.768Z [INFO]  ReferenceTransformer: reference not found: "count.index"
2024-05-03T18:50:14.768Z [INFO]  ReferenceTransformer: reference not found: "data.google_compute_image.fgt_image"
2024-05-03T18:50:14.768Z [INFO]  ReferenceTransformer: reference not found: "var.subnets"
2024-05-03T18:50:14.768Z [INFO]  ReferenceTransformer: reference not found: "var.region"
2024-05-03T18:50:14.768Z [INFO]  ReferenceTransformer: reference not found: "var.subnets"
2024-05-03T18:50:14.768Z [INFO]  ReferenceTransformer: reference not found: "count.index"
2024-05-03T18:50:14.768Z [INFO]  ReferenceTransformer: reference not found: "var.fgt_project_id"
2024-05-03T18:50:14.768Z [INFO]  ReferenceTransformer: reference not found: "data.google_compute_image.fgt_image"
2024-05-03T18:50:14.768Z [INFO]  ReferenceTransformer: reference not found: "var.subnets"
2024-05-03T18:50:14.768Z [INFO]  ReferenceTransformer: reference not found: "var.fgt_project_id"
2024-05-03T18:50:14.768Z [INFO]  ReferenceTransformer: reference not found: "var.region"
2024-05-03T18:50:14.768Z [INFO]  ReferenceTransformer: reference not found: "var.subnets"
2024-05-03T18:50:14.768Z [INFO]  ReferenceTransformer: reference not found: "count.index"
2024-05-03T18:50:14.768Z [INFO]  ReferenceTransformer: reference not found: "data.google_compute_image.fgt_image"
2024-05-03T18:50:14.768Z [INFO]  ReferenceTransformer: reference not found: "var.subnets"
2024-05-03T18:50:14.768Z [INFO]  ReferenceTransformer: reference not found: "var.fgt_project_id"
2024-05-03T18:50:14.768Z [INFO]  ReferenceTransformer: reference not found: "var.region"
2024-05-03T18:50:14.768Z [INFO]  ReferenceTransformer: reference not found: "var.subnets"
2024-05-03T18:50:14.768Z [INFO]  ReferenceTransformer: reference not found: "count.index"
2024-05-03T18:50:15.331Z [INFO]  ReferenceTransformer: reference not found: "var.min_ports_per_vm"
2024-05-03T18:50:15.331Z [INFO]  ReferenceTransformer: reference not found: "var.tcp_transitory_idle_timeout_sec"
2024-05-03T18:50:15.331Z [INFO]  ReferenceTransformer: reference not found: "var.nat_name"
2024-05-03T18:50:15.331Z [INFO]  ReferenceTransformer: reference not found: "var.nat_ip_allocate_option"
2024-05-03T18:50:15.331Z [INFO]  ReferenceTransformer: reference not found: "var.tcp_established_idle_timeout_sec"
2024-05-03T18:50:15.331Z [INFO]  ReferenceTransformer: reference not found: "var.router_name"
2024-05-03T18:50:15.331Z [INFO]  ReferenceTransformer: reference not found: "var.enable_endpoint_independent_mapping"
2024-05-03T18:50:15.331Z [INFO]  ReferenceTransformer: reference not found: "var.project_id"
2024-05-03T18:50:15.331Z [INFO]  ReferenceTransformer: reference not found: "var.nat_ip_allocate_option"
2024-05-03T18:50:15.331Z [INFO]  ReferenceTransformer: reference not found: "var.nat_ips"
2024-05-03T18:50:15.331Z [INFO]  ReferenceTransformer: reference not found: "var.source_subnetwork_ip_ranges_to_nat"
2024-05-03T18:50:15.331Z [INFO]  ReferenceTransformer: reference not found: "var.icmp_idle_timeout_sec"
2024-05-03T18:50:15.331Z [INFO]  ReferenceTransformer: reference not found: "var.region"
2024-05-03T18:50:15.331Z [INFO]  ReferenceTransformer: reference not found: "var.udp_idle_timeout_sec"
2024-05-03T18:50:15.331Z [INFO]  ReferenceTransformer: reference not found: "var.subnetworks"
2024-05-03T18:50:15.331Z [INFO]  ReferenceTransformer: reference not found: "var.log_config_enable"
2024-05-03T18:50:15.331Z [INFO]  ReferenceTransformer: reference not found: "var.log_config_enable"
2024-05-03T18:50:15.331Z [INFO]  ReferenceTransformer: reference not found: "var.log_config_filter"
2024-05-03T18:50:15.960Z [WARN]  Provider "registry.terraform.io/hashicorp/google" produced an unexpected new value for module.nat["gcp-yyz-prd-inf-cnat-01"].google_compute_router_nat.nat during refresh.
      - .source_subnetwork_ip_ranges_to_nat: was cty.StringVal("ALL_SUBNETWORKS_ALL_PRIMARY_IP_RANGES"), but now cty.StringVal("LIST_OF_SUBNETWORKS")
      - .subnetwork: actual set element cty.ObjectVal(map[string]cty.Value{"name":cty.StringVal("https://www.googleapis.com/compute/v1/projects/gcp-prj-inf-networkhub-prd-1/regions/northamerica-northeast2/subnetworks/gcp-vpc-prd-out-fw-1-yyz-inf-pub-tier-01"), "secondary_ip_range_names":cty.SetValEmpty(cty.String), "source_ip_ranges_to_nat":cty.SetVal([]cty.Value{cty.StringVal("ALL_IP_RANGES")})}) does not correlate with any element in plan
      - .subnetwork: block set length changed from 0 to 1
2024-05-03T18:50:15.966Z [INFO]  ReferenceTransformer: reference not found: "var.physical_block_size_bytes"
2024-05-03T18:50:15.966Z [INFO]  ReferenceTransformer: reference not found: "var.type"
2024-05-03T18:50:15.966Z [INFO]  ReferenceTransformer: reference not found: "var.project_id"
2024-05-03T18:50:15.966Z [INFO]  ReferenceTransformer: reference not found: "var.zone"
2024-05-03T18:50:15.966Z [INFO]  ReferenceTransformer: reference not found: "var.description"
2024-05-03T18:50:15.966Z [INFO]  ReferenceTransformer: reference not found: "var.disk_name"
2024-05-03T18:50:15.966Z [INFO]  ReferenceTransformer: reference not found: "var.image"
2024-05-03T18:50:15.966Z [INFO]  ReferenceTransformer: reference not found: "var.size"
2024-05-03T18:50:15.966Z [INFO]  ReferenceTransformer: reference not found: "var.labels"
2024-05-03T18:50:15.966Z [INFO]  ReferenceTransformer: reference not found: "var.project_id"
2024-05-03T18:50:15.966Z [INFO]  ReferenceTransformer: reference not found: "var.labels"
2024-05-03T18:50:15.966Z [INFO]  ReferenceTransformer: reference not found: "var.disk_name"
2024-05-03T18:50:15.966Z [INFO]  ReferenceTransformer: reference not found: "var.image"
2024-05-03T18:50:15.966Z [INFO]  ReferenceTransformer: reference not found: "var.type"
2024-05-03T18:50:15.966Z [INFO]  ReferenceTransformer: reference not found: "var.zone"
2024-05-03T18:50:15.966Z [INFO]  ReferenceTransformer: reference not found: "var.size"
2024-05-03T18:50:15.966Z [INFO]  ReferenceTransformer: reference not found: "var.description"
2024-05-03T18:50:15.966Z [INFO]  ReferenceTransformer: reference not found: "var.physical_block_size_bytes"
2024-05-03T18:50:16.618Z [INFO]  ReferenceTransformer: reference not found: "module.disk"
2024-05-03T18:50:16.653Z [INFO]  ReferenceTransformer: reference not found: "var.project_id"
2024-05-03T18:50:16.653Z [INFO]  ReferenceTransformer: reference not found: "var.name"
2024-05-03T18:50:16.653Z [INFO]  ReferenceTransformer: reference not found: "var.allow_stopping_for_update"
2024-05-03T18:50:16.653Z [INFO]  ReferenceTransformer: reference not found: "var.zone"
2024-05-03T18:50:16.654Z [INFO]  ReferenceTransformer: reference not found: "var.can_ip_forward"
2024-05-03T18:50:16.654Z [INFO]  ReferenceTransformer: reference not found: "var.tags"
2024-05-03T18:50:16.654Z [INFO]  ReferenceTransformer: reference not found: "var.deletion_protection"
2024-05-03T18:50:16.654Z [INFO]  ReferenceTransformer: reference not found: "var.desired_status"
2024-05-03T18:50:16.654Z [INFO]  ReferenceTransformer: reference not found: "var.metadata"
2024-05-03T18:50:16.654Z [INFO]  ReferenceTransformer: reference not found: "var.machine_type"
2024-05-03T18:50:16.655Z [INFO]  ReferenceTransformer: reference not found: "var.labels"
2024-05-03T18:50:16.655Z [INFO]  ReferenceTransformer: reference not found: "var.attached_disk"
2024-05-03T18:50:16.655Z [INFO]  ReferenceTransformer: reference not found: "var.network_interfaces"
2024-05-03T18:50:16.655Z [INFO]  ReferenceTransformer: reference not found: "var.size"
2024-05-03T18:50:16.655Z [INFO]  ReferenceTransformer: reference not found: "var.type"
2024-05-03T18:50:16.655Z [INFO]  ReferenceTransformer: reference not found: "var.image"
2024-05-03T18:50:16.655Z [INFO]  ReferenceTransformer: reference not found: "var.labels"
2024-05-03T18:50:16.655Z [INFO]  ReferenceTransformer: reference not found: "var.service_account_email"
2024-05-03T18:50:16.655Z [INFO]  ReferenceTransformer: reference not found: "var.service_account_scopes"
2024-05-03T18:50:16.655Z [INFO]  ReferenceTransformer: reference not found: "var.automatic_restart"
2024-05-03T18:50:16.655Z [INFO]  ReferenceTransformer: reference not found: "var.preemptible"
2024-05-03T18:50:16.655Z [INFO]  ReferenceTransformer: reference not found: "var.project_id"
2024-05-03T18:50:16.655Z [INFO]  ReferenceTransformer: reference not found: "var.metadata"
2024-05-03T18:50:16.655Z [INFO]  ReferenceTransformer: reference not found: "var.machine_type"
2024-05-03T18:50:16.655Z [INFO]  ReferenceTransformer: reference not found: "var.desired_status"
2024-05-03T18:50:16.655Z [INFO]  ReferenceTransformer: reference not found: "var.deletion_protection"
2024-05-03T18:50:16.655Z [INFO]  ReferenceTransformer: reference not found: "var.name"
2024-05-03T18:50:16.655Z [INFO]  ReferenceTransformer: reference not found: "var.allow_stopping_for_update"
2024-05-03T18:50:16.655Z [INFO]  ReferenceTransformer: reference not found: "var.zone"
2024-05-03T18:50:16.655Z [INFO]  ReferenceTransformer: reference not found: "var.labels"
2024-05-03T18:50:16.655Z [INFO]  ReferenceTransformer: reference not found: "var.tags"
2024-05-03T18:50:16.655Z [INFO]  ReferenceTransformer: reference not found: "var.can_ip_forward"
2024-05-03T18:50:16.655Z [INFO]  ReferenceTransformer: reference not found: "var.attached_disk"
2024-05-03T18:50:16.655Z [INFO]  ReferenceTransformer: reference not found: "var.network_interfaces"
2024-05-03T18:50:16.655Z [INFO]  ReferenceTransformer: reference not found: "var.image"
2024-05-03T18:50:16.655Z [INFO]  ReferenceTransformer: reference not found: "var.labels"
2024-05-03T18:50:16.655Z [INFO]  ReferenceTransformer: reference not found: "var.size"
2024-05-03T18:50:16.655Z [INFO]  ReferenceTransformer: reference not found: "var.type"
2024-05-03T18:50:16.655Z [INFO]  ReferenceTransformer: reference not found: "var.service_account_email"
2024-05-03T18:50:16.655Z [INFO]  ReferenceTransformer: reference not found: "var.service_account_scopes"
2024-05-03T18:50:16.655Z [INFO]  ReferenceTransformer: reference not found: "var.automatic_restart"
2024-05-03T18:50:16.655Z [INFO]  ReferenceTransformer: reference not found: "var.preemptible"
2024-05-03T18:50:17.275Z [INFO]  ReferenceTransformer: reference not found: "local.timeout_sec"
2024-05-03T18:50:17.275Z [INFO]  ReferenceTransformer: reference not found: "local.check_interval_sec"
2024-05-03T18:50:17.275Z [INFO]  ReferenceTransformer: reference not found: "local.project"
2024-05-03T18:50:17.276Z [INFO]  ReferenceTransformer: reference not found: "local.health_check_name"
2024-05-03T18:50:17.276Z [INFO]  ReferenceTransformer: reference not found: "local.region"
2024-05-03T18:50:17.276Z [INFO]  ReferenceTransformer: reference not found: "local.unhealthy_threshold"
2024-05-03T18:50:17.276Z [INFO]  ReferenceTransformer: reference not found: "local.health_check_description"
2024-05-03T18:50:17.277Z [INFO]  ReferenceTransformer: reference not found: "local.healthy_threshold"
2024-05-03T18:50:17.277Z [INFO]  ReferenceTransformer: reference not found: "var.http_health_check"
2024-05-03T18:50:17.277Z [INFO]  ReferenceTransformer: reference not found: "var.tcp_health_check"
2024-05-03T18:50:17.442Z [INFO]  ReferenceTransformer: reference not found: "local.zone"
2024-05-03T18:50:17.442Z [INFO]  ReferenceTransformer: reference not found: "var.umig_name"
2024-05-03T18:50:17.442Z [INFO]  ReferenceTransformer: reference not found: "var.umig_instances"
2024-05-03T18:50:17.442Z [INFO]  ReferenceTransformer: reference not found: "local.network"
2024-05-03T18:50:17.442Z [INFO]  ReferenceTransformer: reference not found: "local.project"
2024-05-03T18:50:17.442Z [INFO]  ReferenceTransformer: reference not found: "var.umig_description"
2024-05-03T18:50:17.442Z [INFO]  ReferenceTransformer: reference not found: "var.named_port"
2024-05-03T18:50:17.442Z [INFO]  ReferenceTransformer: reference not found: "local.zone"
2024-05-03T18:50:17.442Z [INFO]  ReferenceTransformer: reference not found: "var.umig_description"
2024-05-03T18:50:17.442Z [INFO]  ReferenceTransformer: reference not found: "var.umig_name"
2024-05-03T18:50:17.442Z [INFO]  ReferenceTransformer: reference not found: "var.umig_instances"
2024-05-03T18:50:17.442Z [INFO]  ReferenceTransformer: reference not found: "local.network"
2024-05-03T18:50:17.442Z [INFO]  ReferenceTransformer: reference not found: "local.project"
2024-05-03T18:50:17.442Z [INFO]  ReferenceTransformer: reference not found: "var.named_port"
2024-05-03T18:50:18.219Z [INFO]  ReferenceTransformer: reference not found: "local.backend_type"
2024-05-03T18:50:18.220Z [INFO]  ReferenceTransformer: reference not found: "var.backend_timeout_sec"
2024-05-03T18:50:18.220Z [INFO]  ReferenceTransformer: reference not found: "local.network"
2024-05-03T18:50:18.220Z [INFO]  ReferenceTransformer: reference not found: "var.backend_name"
2024-05-03T18:50:18.220Z [INFO]  ReferenceTransformer: reference not found: "local.region"
2024-05-03T18:50:18.220Z [INFO]  ReferenceTransformer: reference not found: "var.backend_description"
2024-05-03T18:50:18.220Z [INFO]  ReferenceTransformer: reference not found: "local.load_balancing_scheme"
2024-05-03T18:50:18.220Z [INFO]  ReferenceTransformer: reference not found: "local.project"
2024-05-03T18:50:18.220Z [INFO]  ReferenceTransformer: reference not found: "var.backend_protocol"
2024-05-03T18:50:18.220Z [INFO]  ReferenceTransformer: reference not found: "var.health_check_id"
2024-05-03T18:50:18.220Z [INFO]  ReferenceTransformer: reference not found: "var.backend"
2024-05-03T18:50:18.220Z [INFO]  ReferenceTransformer: reference not found: "var.log_config"
2024-05-03T18:50:18.530Z [INFO]  ReferenceTransformer: reference not found: "local.backend_type"
2024-05-03T18:50:18.530Z [INFO]  ReferenceTransformer: reference not found: "var.allow_global_access"
2024-05-03T18:50:18.530Z [INFO]  ReferenceTransformer: reference not found: "local.backend_type"
2024-05-03T18:50:18.530Z [INFO]  ReferenceTransformer: reference not found: "var.port_range"
2024-05-03T18:50:18.530Z [INFO]  ReferenceTransformer: reference not found: "var.ip_address"
2024-05-03T18:50:18.530Z [INFO]  ReferenceTransformer: reference not found: "var.frontend_name"
2024-05-03T18:50:18.530Z [INFO]  ReferenceTransformer: reference not found: "local.network"
2024-05-03T18:50:18.530Z [INFO]  ReferenceTransformer: reference not found: "local.load_balancing_scheme"
2024-05-03T18:50:18.530Z [INFO]  ReferenceTransformer: reference not found: "var.ip_protocol"
2024-05-03T18:50:18.530Z [INFO]  ReferenceTransformer: reference not found: "local.backend_type"
2024-05-03T18:50:18.530Z [INFO]  ReferenceTransformer: reference not found: "var.ports"
2024-05-03T18:50:18.530Z [INFO]  ReferenceTransformer: reference not found: "local.project"
2024-05-03T18:50:18.530Z [INFO]  ReferenceTransformer: reference not found: "local.subnetwork"
2024-05-03T18:50:18.530Z [INFO]  ReferenceTransformer: reference not found: "local.region"
2024-05-03T18:50:18.530Z [INFO]  ReferenceTransformer: reference not found: "local.backend_type"
2024-05-03T18:50:18.530Z [INFO]  ReferenceTransformer: reference not found: "var.frontend_description"
2024-05-03T18:50:18.530Z [INFO]  ReferenceTransformer: reference not found: "var.all_ports"
2024-05-03T18:50:18.530Z [INFO]  ReferenceTransformer: reference not found: "var.labels"
2024-05-03T18:50:19.205Z [INFO]  ReferenceTransformer: reference not found: "var.version_aliases"
2024-05-03T18:50:19.205Z [INFO]  ReferenceTransformer: reference not found: "var.expire_time"
2024-05-03T18:50:19.205Z [INFO]  ReferenceTransformer: reference not found: "var.ttl"
2024-05-03T18:50:19.205Z [INFO]  ReferenceTransformer: reference not found: "var.project_id"
2024-05-03T18:50:19.205Z [INFO]  ReferenceTransformer: reference not found: "var.annotations"
2024-05-03T18:50:19.205Z [INFO]  ReferenceTransformer: reference not found: "var.labels"
2024-05-03T18:50:19.205Z [INFO]  ReferenceTransformer: reference not found: "var.secret_id"
2024-05-03T18:50:19.205Z [INFO]  ReferenceTransformer: reference not found: "var.topics"
2024-05-03T18:50:19.205Z [INFO]  ReferenceTransformer: reference not found: "var.rotation"
2024-05-03T18:50:19.205Z [INFO]  ReferenceTransformer: reference not found: "var.auto"
2024-05-03T18:50:19.205Z [INFO]  ReferenceTransformer: reference not found: "var.auto"
2024-05-03T18:50:19.358Z [INFO]  ReferenceTransformer: reference not found: "var.is_secret_data_base64"
2024-05-03T18:50:19.358Z [INFO]  ReferenceTransformer: reference not found: "var.secret_data"
2024-05-03T18:50:19.358Z [INFO]  ReferenceTransformer: reference not found: "var.enabled"
2024-05-03T18:50:19.358Z [INFO]  ReferenceTransformer: reference not found: "var.deletion_policy"
2024-05-03T18:50:19.610Z [INFO]  ReferenceTransformer: reference not found: "each.value"
2024-05-03T18:50:19.610Z [INFO]  ReferenceTransformer: reference not found: "each.value"
2024-05-03T18:50:19.610Z [INFO]  ReferenceTransformer: reference not found: "each.key"
2024-05-03T18:50:19.610Z [INFO]  ReferenceTransformer: reference not found: "each.value"
2024-05-03T18:50:19.610Z [INFO]  ReferenceTransformer: reference not found: "each.value"
2024-05-03T18:50:19.610Z [INFO]  ReferenceTransformer: reference not found: "each.value"
2024-05-03T18:50:19.610Z [INFO]  ReferenceTransformer: reference not found: "each.value"
2024-05-03T18:50:19.611Z [INFO]  ReferenceTransformer: reference not found: "each.value"
2024-05-03T18:50:19.611Z [INFO]  ReferenceTransformer: reference not found: "path.module"
2024-05-03T18:50:19.611Z [INFO]  ReferenceTransformer: reference not found: "each.value"
2024-05-03T18:50:19.611Z [INFO]  ReferenceTransformer: reference not found: "each.value"
2024-05-03T18:50:19.611Z [INFO]  ReferenceTransformer: reference not found: "each.value"
2024-05-03T18:50:19.611Z [INFO]  ReferenceTransformer: reference not found: "each.key"
2024-05-03T18:50:19.611Z [INFO]  ReferenceTransformer: reference not found: "each.key"
2024-05-03T18:50:19.611Z [INFO]  ReferenceTransformer: reference not found: "each.value"
2024-05-03T18:50:19.611Z [INFO]  ReferenceTransformer: reference not found: "each.value"
2024-05-03T18:50:19.611Z [INFO]  ReferenceTransformer: reference not found: "each.value"
2024-05-03T18:50:19.611Z [INFO]  ReferenceTransformer: reference not found: "each.value"
2024-05-03T18:50:19.611Z [INFO]  ReferenceTransformer: reference not found: "each.value"
2024-05-03T18:50:19.611Z [INFO]  ReferenceTransformer: reference not found: "each.value"
2024-05-03T18:50:19.611Z [INFO]  ReferenceTransformer: reference not found: "each.value"
2024-05-03T18:50:19.611Z [INFO]  ReferenceTransformer: reference not found: "each.value"
2024-05-03T18:50:19.611Z [INFO]  ReferenceTransformer: reference not found: "each.value"
2024-05-03T18:50:19.611Z [INFO]  ReferenceTransformer: reference not found: "each.value"
2024-05-03T18:50:19.611Z [INFO]  ReferenceTransformer: reference not found: "each.value"
2024-05-03T18:50:19.612Z [INFO]  ReferenceTransformer: reference not found: "each.value"
2024-05-03T18:50:19.612Z [INFO]  ReferenceTransformer: reference not found: "each.value"
2024-05-03T18:50:19.612Z [INFO]  ReferenceTransformer: reference not found: "each.value"
2024-05-03T18:50:19.612Z [INFO]  ReferenceTransformer: reference not found: "each.value"
2024-05-03T18:50:19.612Z [INFO]  ReferenceTransformer: reference not found: "each.value"
2024-05-03T18:50:19.612Z [INFO]  ReferenceTransformer: reference not found: "each.value"
2024-05-03T18:50:19.612Z [INFO]  ReferenceTransformer: reference not found: "each.value"
2024-05-03T18:50:19.612Z [INFO]  ReferenceTransformer: reference not found: "path.module"
2024-05-03T18:50:19.612Z [INFO]  ReferenceTransformer: reference not found: "each.value"
2024-05-03T18:50:19.612Z [INFO]  ReferenceTransformer: reference not found: "each.value"
2024-05-03T18:50:19.612Z [INFO]  ReferenceTransformer: reference not found: "each.value"
2024-05-03T18:50:19.612Z [INFO]  ReferenceTransformer: reference not found: "each.value"
2024-05-03T18:50:19.612Z [INFO]  ReferenceTransformer: reference not found: "each.value"
2024-05-03T18:50:19.612Z [INFO]  ReferenceTransformer: reference not found: "each.value"
2024-05-03T18:50:19.612Z [INFO]  ReferenceTransformer: reference not found: "each.value"
2024-05-03T18:50:19.612Z [INFO]  ReferenceTransformer: reference not found: "each.value"
2024-05-03T18:50:19.612Z [INFO]  ReferenceTransformer: reference not found: "each.value"
2024-05-03T18:50:19.612Z [INFO]  ReferenceTransformer: reference not found: "each.value"
2024-05-03T18:50:19.613Z [INFO]  ReferenceTransformer: reference not found: "each.key"
2024-05-03T18:50:19.613Z [INFO]  ReferenceTransformer: reference not found: "each.value"
2024-05-03T18:50:19.613Z [INFO]  ReferenceTransformer: reference not found: "each.value"
2024-05-03T18:50:19.613Z [INFO]  ReferenceTransformer: reference not found: "each.value"
2024-05-03T18:50:19.613Z [INFO]  ReferenceTransformer: reference not found: "each.value"
2024-05-03T18:50:19.613Z [INFO]  ReferenceTransformer: reference not found: "each.value"
2024-05-03T18:50:19.613Z [INFO]  ReferenceTransformer: reference not found: "each.value"
2024-05-03T18:50:19.613Z [INFO]  ReferenceTransformer: reference not found: "each.value"
2024-05-03T18:50:19.613Z [INFO]  ReferenceTransformer: reference not found: "each.value"
2024-05-03T18:50:19.613Z [INFO]  ReferenceTransformer: reference not found: "each.value"
2024-05-03T18:50:19.613Z [INFO]  ReferenceTransformer: reference not found: "each.value"
2024-05-03T18:50:19.613Z [INFO]  ReferenceTransformer: reference not found: "each.value"
2024-05-03T18:50:19.613Z [INFO]  ReferenceTransformer: reference not found: "each.value"
2024-05-03T18:50:19.613Z [INFO]  ReferenceTransformer: reference not found: "each.value"
2024-05-03T18:50:19.613Z [INFO]  ReferenceTransformer: reference not found: "each.key"
2024-05-03T18:50:19.613Z [INFO]  ReferenceTransformer: reference not found: "each.value"
2024-05-03T18:50:19.613Z [INFO]  ReferenceTransformer: reference not found: "each.value"
2024-05-03T18:50:19.613Z [INFO]  ReferenceTransformer: reference not found: "each.value"
2024-05-03T18:50:19.613Z [INFO]  ReferenceTransformer: reference not found: "each.value"
2024-05-03T18:50:19.613Z [INFO]  ReferenceTransformer: reference not found: "each.value"
2024-05-03T18:50:19.613Z [INFO]  ReferenceTransformer: reference not found: "each.value"
2024-05-03T18:50:19.613Z [INFO]  ReferenceTransformer: reference not found: "each.value"
2024-05-03T18:50:19.613Z [INFO]  ReferenceTransformer: reference not found: "each.value"
2024-05-03T18:50:19.613Z [INFO]  ReferenceTransformer: reference not found: "each.value"
2024-05-03T18:50:19.613Z [INFO]  ReferenceTransformer: reference not found: "each.value"
2024-05-03T18:50:19.613Z [INFO]  ReferenceTransformer: reference not found: "each.value"
2024-05-03T18:50:19.613Z [INFO]  ReferenceTransformer: reference not found: "each.key"
2024-05-03T18:50:19.613Z [INFO]  ReferenceTransformer: reference not found: "each.value"
2024-05-03T18:50:19.613Z [INFO]  ReferenceTransformer: reference not found: "each.value"
2024-05-03T18:50:19.613Z [INFO]  ReferenceTransformer: reference not found: "each.key"
2024-05-03T18:50:19.614Z [INFO]  ReferenceTransformer: reference not found: "each.value"
2024-05-03T18:50:19.614Z [INFO]  ReferenceTransformer: reference not found: "each.value"
2024-05-03T18:50:19.614Z [INFO]  ReferenceTransformer: reference not found: "each.value"
2024-05-03T18:50:19.614Z [INFO]  ReferenceTransformer: reference not found: "each.value"
2024-05-03T18:50:19.614Z [INFO]  ReferenceTransformer: reference not found: "each.value"
2024-05-03T18:50:19.614Z [INFO]  ReferenceTransformer: reference not found: "each.value"
2024-05-03T18:50:19.614Z [INFO]  ReferenceTransformer: reference not found: "each.key"
2024-05-03T18:50:19.614Z [INFO]  ReferenceTransformer: reference not found: "each.value"
2024-05-03T18:50:19.614Z [INFO]  ReferenceTransformer: reference not found: "each.key"
2024-05-03T18:50:19.614Z [INFO]  ReferenceTransformer: reference not found: "each.value"
2024-05-03T18:50:19.614Z [INFO]  ReferenceTransformer: reference not found: "each.value"
2024-05-03T18:50:19.614Z [INFO]  ReferenceTransformer: reference not found: "each.value"
2024-05-03T18:50:19.614Z [INFO]  ReferenceTransformer: reference not found: "each.value"
2024-05-03T18:50:19.614Z [INFO]  ReferenceTransformer: reference not found: "each.value"
2024-05-03T18:50:19.614Z [INFO]  ReferenceTransformer: reference not found: "each.value"
2024-05-03T18:50:19.614Z [INFO]  ReferenceTransformer: reference not found: "each.value"
2024-05-03T18:50:19.614Z [INFO]  ReferenceTransformer: reference not found: "each.value"
2024-05-03T18:50:19.614Z [INFO]  ReferenceTransformer: reference not found: "each.value"
2024-05-03T18:50:19.614Z [INFO]  ReferenceTransformer: reference not found: "each.value"
2024-05-03T18:50:19.614Z [INFO]  ReferenceTransformer: reference not found: "each.value"
2024-05-03T18:50:19.614Z [INFO]  ReferenceTransformer: reference not found: "each.value"
2024-05-03T18:50:19.614Z [INFO]  ReferenceTransformer: reference not found: "each.value"
2024-05-03T18:50:19.614Z [INFO]  ReferenceTransformer: reference not found: "each.value"
2024-05-03T18:50:19.614Z [INFO]  ReferenceTransformer: reference not found: "each.value"
2024-05-03T18:50:19.615Z [INFO]  ReferenceTransformer: reference not found: "each.value"
2024-05-03T18:50:19.615Z [INFO]  ReferenceTransformer: reference not found: "each.value"
2024-05-03T18:50:19.615Z [INFO]  ReferenceTransformer: reference not found: "each.value"
2024-05-03T18:50:19.615Z [INFO]  ReferenceTransformer: reference not found: "each.value"
2024-05-03T18:50:19.615Z [INFO]  ReferenceTransformer: reference not found: "each.value"
2024-05-03T18:50:19.615Z [INFO]  ReferenceTransformer: reference not found: "each.key"
2024-05-03T18:50:19.615Z [INFO]  ReferenceTransformer: reference not found: "each.value"
2024-05-03T18:50:19.615Z [INFO]  ReferenceTransformer: reference not found: "each.value"
2024-05-03T18:50:25.296Z [INFO]  backend/local: apply calling Apply
2024-05-03T18:50:25.328Z [INFO]  ReferenceTransformer: reference not found: "each.value"
2024-05-03T18:50:25.328Z [INFO]  ReferenceTransformer: reference not found: "each.value"
2024-05-03T18:50:25.328Z [INFO]  ReferenceTransformer: reference not found: "each.value"
2024-05-03T18:50:25.329Z [INFO]  ReferenceTransformer: reference not found: "each.value"
2024-05-03T18:50:25.329Z [INFO]  ReferenceTransformer: reference not found: "each.value"
2024-05-03T18:50:25.329Z [INFO]  ReferenceTransformer: reference not found: "each.key"
2024-05-03T18:50:25.329Z [INFO]  ReferenceTransformer: reference not found: "each.value"
2024-05-03T18:50:25.329Z [INFO]  ReferenceTransformer: reference not found: "each.value"
2024-05-03T18:50:25.329Z [INFO]  ReferenceTransformer: reference not found: "each.value"
2024-05-03T18:50:25.329Z [INFO]  ReferenceTransformer: reference not found: "each.value"
2024-05-03T18:50:25.329Z [INFO]  ReferenceTransformer: reference not found: "each.value"
2024-05-03T18:50:25.329Z [INFO]  ReferenceTransformer: reference not found: "each.value"
2024-05-03T18:50:25.329Z [INFO]  ReferenceTransformer: reference not found: "each.value"
2024-05-03T18:50:25.329Z [INFO]  ReferenceTransformer: reference not found: "each.value"
2024-05-03T18:50:25.329Z [INFO]  ReferenceTransformer: reference not found: "each.value"
2024-05-03T18:50:25.329Z [INFO]  ReferenceTransformer: reference not found: "each.value"
2024-05-03T18:50:25.329Z [INFO]  ReferenceTransformer: reference not found: "each.value"
2024-05-03T18:50:25.329Z [INFO]  ReferenceTransformer: reference not found: "each.value"
2024-05-03T18:50:25.329Z [INFO]  ReferenceTransformer: reference not found: "each.value"
2024-05-03T18:50:25.329Z [INFO]  ReferenceTransformer: reference not found: "each.value"
2024-05-03T18:50:25.329Z [INFO]  ReferenceTransformer: reference not found: "each.key"
2024-05-03T18:50:25.329Z [INFO]  ReferenceTransformer: reference not found: "each.value"
2024-05-03T18:50:25.329Z [INFO]  ReferenceTransformer: reference not found: "each.value"
2024-05-03T18:50:25.330Z [INFO]  ReferenceTransformer: reference not found: "each.value"
2024-05-03T18:50:25.330Z [INFO]  ReferenceTransformer: reference not found: "each.value"
2024-05-03T18:50:25.330Z [INFO]  ReferenceTransformer: reference not found: "each.value"
2024-05-03T18:50:25.330Z [INFO]  ReferenceTransformer: reference not found: "each.value"
2024-05-03T18:50:25.330Z [INFO]  ReferenceTransformer: reference not found: "each.value"
2024-05-03T18:50:25.330Z [INFO]  ReferenceTransformer: reference not found: "each.value"
2024-05-03T18:50:25.330Z [INFO]  ReferenceTransformer: reference not found: "each.value"
2024-05-03T18:50:25.330Z [INFO]  ReferenceTransformer: reference not found: "each.value"
2024-05-03T18:50:25.330Z [INFO]  ReferenceTransformer: reference not found: "each.value"
2024-05-03T18:50:25.330Z [INFO]  ReferenceTransformer: reference not found: "each.value"
2024-05-03T18:50:25.330Z [INFO]  ReferenceTransformer: reference not found: "each.value"
2024-05-03T18:50:25.330Z [INFO]  ReferenceTransformer: reference not found: "each.value"
2024-05-03T18:50:25.330Z [INFO]  ReferenceTransformer: reference not found: "each.value"
2024-05-03T18:50:25.330Z [INFO]  ReferenceTransformer: reference not found: "each.value"
2024-05-03T18:50:25.330Z [INFO]  ReferenceTransformer: reference not found: "each.value"
2024-05-03T18:50:25.330Z [INFO]  ReferenceTransformer: reference not found: "each.value"
2024-05-03T18:50:25.330Z [INFO]  ReferenceTransformer: reference not found: "each.value"
2024-05-03T18:50:25.330Z [INFO]  ReferenceTransformer: reference not found: "each.value"
2024-05-03T18:50:25.330Z [INFO]  ReferenceTransformer: reference not found: "each.value"
2024-05-03T18:50:25.330Z [INFO]  ReferenceTransformer: reference not found: "each.value"
2024-05-03T18:50:25.330Z [INFO]  ReferenceTransformer: reference not found: "each.value"
2024-05-03T18:50:25.330Z [INFO]  ReferenceTransformer: reference not found: "each.value"
2024-05-03T18:50:25.330Z [INFO]  ReferenceTransformer: reference not found: "each.key"
2024-05-03T18:50:25.330Z [INFO]  ReferenceTransformer: reference not found: "each.value"
2024-05-03T18:50:25.330Z [INFO]  ReferenceTransformer: reference not found: "each.key"
2024-05-03T18:50:25.330Z [INFO]  ReferenceTransformer: reference not found: "each.value"
2024-05-03T18:50:25.330Z [INFO]  ReferenceTransformer: reference not found: "each.value"
2024-05-03T18:50:25.330Z [INFO]  ReferenceTransformer: reference not found: "each.value"
2024-05-03T18:50:25.330Z [INFO]  ReferenceTransformer: reference not found: "each.value"
2024-05-03T18:50:25.330Z [INFO]  ReferenceTransformer: reference not found: "each.value"
2024-05-03T18:50:25.330Z [INFO]  ReferenceTransformer: reference not found: "each.value"
2024-05-03T18:50:25.330Z [INFO]  ReferenceTransformer: reference not found: "each.value"
2024-05-03T18:50:25.330Z [INFO]  ReferenceTransformer: reference not found: "each.value"
2024-05-03T18:50:25.331Z [INFO]  ReferenceTransformer: reference not found: "each.value"
2024-05-03T18:50:25.331Z [INFO]  ReferenceTransformer: reference not found: "each.key"
2024-05-03T18:50:25.331Z [INFO]  ReferenceTransformer: reference not found: "each.value"
2024-05-03T18:50:25.331Z [INFO]  ReferenceTransformer: reference not found: "each.value"
2024-05-03T18:50:25.331Z [INFO]  ReferenceTransformer: reference not found: "each.value"
2024-05-03T18:50:25.331Z [INFO]  ReferenceTransformer: reference not found: "each.value"
2024-05-03T18:50:25.331Z [INFO]  ReferenceTransformer: reference not found: "path.module"
2024-05-03T18:50:25.331Z [INFO]  ReferenceTransformer: reference not found: "each.value"
2024-05-03T18:50:25.331Z [INFO]  ReferenceTransformer: reference not found: "each.value"
2024-05-03T18:50:25.331Z [INFO]  ReferenceTransformer: reference not found: "each.value"
2024-05-03T18:50:25.331Z [INFO]  ReferenceTransformer: reference not found: "path.module"
2024-05-03T18:50:25.331Z [INFO]  ReferenceTransformer: reference not found: "each.value"
2024-05-03T18:50:25.331Z [INFO]  ReferenceTransformer: reference not found: "each.value"
2024-05-03T18:50:25.331Z [INFO]  ReferenceTransformer: reference not found: "each.value"
2024-05-03T18:50:25.331Z [INFO]  ReferenceTransformer: reference not found: "each.value"
2024-05-03T18:50:25.331Z [INFO]  ReferenceTransformer: reference not found: "each.value"
2024-05-03T18:50:25.331Z [INFO]  ReferenceTransformer: reference not found: "each.key"
2024-05-03T18:50:25.331Z [INFO]  ReferenceTransformer: reference not found: "each.value"
2024-05-03T18:50:25.331Z [INFO]  ReferenceTransformer: reference not found: "each.value"
2024-05-03T18:50:25.331Z [INFO]  ReferenceTransformer: reference not found: "each.key"
2024-05-03T18:50:25.331Z [INFO]  ReferenceTransformer: reference not found: "each.value"
2024-05-03T18:50:25.331Z [INFO]  ReferenceTransformer: reference not found: "each.value"
2024-05-03T18:50:25.331Z [INFO]  ReferenceTransformer: reference not found: "each.value"
2024-05-03T18:50:25.331Z [INFO]  ReferenceTransformer: reference not found: "each.value"
2024-05-03T18:50:25.331Z [INFO]  ReferenceTransformer: reference not found: "each.key"
2024-05-03T18:50:25.331Z [INFO]  ReferenceTransformer: reference not found: "each.value"
2024-05-03T18:50:25.332Z [INFO]  ReferenceTransformer: reference not found: "each.key"
2024-05-03T18:50:25.332Z [INFO]  ReferenceTransformer: reference not found: "each.value"
2024-05-03T18:50:25.332Z [INFO]  ReferenceTransformer: reference not found: "each.value"
2024-05-03T18:50:25.332Z [INFO]  ReferenceTransformer: reference not found: "each.value"
2024-05-03T18:50:25.332Z [INFO]  ReferenceTransformer: reference not found: "each.value"
2024-05-03T18:50:25.332Z [INFO]  ReferenceTransformer: reference not found: "each.value"
2024-05-03T18:50:25.332Z [INFO]  ReferenceTransformer: reference not found: "each.value"
2024-05-03T18:50:25.332Z [INFO]  ReferenceTransformer: reference not found: "each.value"
2024-05-03T18:50:25.332Z [INFO]  ReferenceTransformer: reference not found: "each.value"
2024-05-03T18:50:25.332Z [INFO]  ReferenceTransformer: reference not found: "each.value"
2024-05-03T18:50:25.332Z [INFO]  ReferenceTransformer: reference not found: "each.value"
2024-05-03T18:50:25.332Z [INFO]  ReferenceTransformer: reference not found: "each.value"
2024-05-03T18:50:25.332Z [INFO]  ReferenceTransformer: reference not found: "each.value"
2024-05-03T18:50:25.332Z [INFO]  ReferenceTransformer: reference not found: "each.value"
2024-05-03T18:50:25.332Z [INFO]  ReferenceTransformer: reference not found: "each.value"
2024-05-03T18:50:25.332Z [INFO]  ReferenceTransformer: reference not found: "each.value"
2024-05-03T18:50:25.332Z [INFO]  ReferenceTransformer: reference not found: "each.value"
2024-05-03T18:50:25.332Z [INFO]  ReferenceTransformer: reference not found: "each.key"
2024-05-03T18:50:25.332Z [INFO]  ReferenceTransformer: reference not found: "each.value"
2024-05-03T18:50:25.332Z [INFO]  ReferenceTransformer: reference not found: "each.value"
2024-05-03T18:50:25.332Z [INFO]  ReferenceTransformer: reference not found: "each.value"
2024-05-03T18:50:25.332Z [INFO]  ReferenceTransformer: reference not found: "each.value"
2024-05-03T18:50:25.332Z [INFO]  ReferenceTransformer: reference not found: "each.value"
2024-05-03T18:50:25.346Z [INFO]  provider: configuring client automatic mTLS
2024-05-03T18:50:25.424Z [INFO]  provider.terraform-provider-google_v5.27.0_x5: configuring server automatic mTLS: timestamp=2024-05-03T18:50:25.424Z
2024-05-03T18:50:25.460Z [INFO]  provider: configuring client automatic mTLS
2024-05-03T18:50:25.490Z [INFO]  provider.terraform-provider-random_v3.6.1_x5: configuring server automatic mTLS: timestamp=2024-05-03T18:50:25.490Z
2024-05-03T18:50:25.548Z [INFO]  provider: configuring client automatic mTLS
2024-05-03T18:50:25.789Z [INFO]  provider.terraform-provider-google-beta_v5.27.0_x5: configuring server automatic mTLS: timestamp=2024-05-03T18:50:25.789Z
2024-05-03T18:50:26.095Z [INFO]  provider.terraform-provider-google_v5.27.0_x5: Authenticating using configured Google JSON 'access_token'...: @module=google tf_provider_addr=registry.terraform.io/hashicorp/google tf_rpc=ConfigureProvider tf_req_id=89c1676b-498b-16b9-03d8-9dd0f4486e58 @caller=github.com/hashicorp/terraform-provider-google/google/fwtransport/framework_config.go:1731 tf_mux_provider=*proto5server.Server timestamp=2024-05-03T18:50:26.095Z
2024-05-03T18:50:26.095Z [INFO]  provider.terraform-provider-google_v5.27.0_x5:   -- Scopes: [https://www.googleapis.com/auth/cloud-platform https://www.googleapis.com/auth/userinfo.email]: @module=google @caller=github.com/hashicorp/terraform-provider-google/google/fwtransport/framework_config.go:1732 tf_mux_provider=*proto5server.Server tf_provider_addr=registry.terraform.io/hashicorp/google tf_req_id=89c1676b-498b-16b9-03d8-9dd0f4486e58 tf_rpc=ConfigureProvider timestamp=2024-05-03T18:50:26.095Z
2024-05-03T18:50:26.096Z [INFO]  provider.terraform-provider-google_v5.27.0_x5: Authenticating using configured Google JSON 'access_token'...: @caller=github.com/hashicorp/terraform-provider-google/google/fwtransport/framework_config.go:1731 @module=google tf_req_id=89c1676b-498b-16b9-03d8-9dd0f4486e58 tf_mux_provider=*proto5server.Server tf_provider_addr=registry.terraform.io/hashicorp/google tf_rpc=ConfigureProvider timestamp=2024-05-03T18:50:26.095Z
2024-05-03T18:50:26.096Z [INFO]  provider.terraform-provider-google_v5.27.0_x5:   -- Scopes: [https://www.googleapis.com/auth/cloud-platform https://www.googleapis.com/auth/userinfo.email]: @module=google tf_req_id=89c1676b-498b-16b9-03d8-9dd0f4486e58 tf_rpc=ConfigureProvider @caller=github.com/hashicorp/terraform-provider-google/google/fwtransport/framework_config.go:1732 tf_mux_provider=*proto5server.Server tf_provider_addr=registry.terraform.io/hashicorp/google timestamp=2024-05-03T18:50:26.095Z
2024-05-03T18:50:26.160Z [INFO]  provider.terraform-provider-google_v5.27.0_x5: Terraform is using this identity: svc-cloudautomation@gcp-prj-inf-automation-prd-01.iam.gserviceaccount.com: @module=google tf_mux_provider=*proto5server.Server tf_provider_addr=registry.terraform.io/hashicorp/google tf_rpc=ConfigureProvider tf_req_id=89c1676b-498b-16b9-03d8-9dd0f4486e58 @caller=github.com/hashicorp/terraform-provider-google/google/fwtransport/framework_config.go:1651 timestamp=2024-05-03T18:50:26.159Z
2024-05-03T18:50:26.435Z [INFO]  provider.terraform-provider-google-beta_v5.27.0_x5: Authenticating using configured Google JSON 'access_token'...: tf_req_id=bb34274a-04b0-4015-6896-8b1a439ea856 @module=google_beta tf_provider_addr=registry.terraform.io/hashicorp/google-beta tf_mux_provider=*proto5server.Server tf_rpc=ConfigureProvider @caller=github.com/hashicorp/terraform-provider-google-beta/google-beta/fwtransport/framework_config.go:1880 timestamp=2024-05-03T18:50:26.435Z
2024-05-03T18:50:26.435Z [INFO]  provider.terraform-provider-google-beta_v5.27.0_x5:   -- Scopes: [https://www.googleapis.com/auth/cloud-platform https://www.googleapis.com/auth/userinfo.email]: tf_mux_provider=*proto5server.Server @caller=github.com/hashicorp/terraform-provider-google-beta/google-beta/fwtransport/framework_config.go:1881 @module=google_beta tf_provider_addr=registry.terraform.io/hashicorp/google-beta tf_req_id=bb34274a-04b0-4015-6896-8b1a439ea856 tf_rpc=ConfigureProvider timestamp=2024-05-03T18:50:26.435Z
2024-05-03T18:50:26.436Z [INFO]  provider.terraform-provider-google-beta_v5.27.0_x5: Authenticating using configured Google JSON 'access_token'...: @caller=github.com/hashicorp/terraform-provider-google-beta/google-beta/fwtransport/framework_config.go:1880 @module=google_beta tf_provider_addr=registry.terraform.io/hashicorp/google-beta tf_req_id=bb34274a-04b0-4015-6896-8b1a439ea856 tf_rpc=ConfigureProvider tf_mux_provider=*proto5server.Server timestamp=2024-05-03T18:50:26.435Z
2024-05-03T18:50:26.436Z [INFO]  provider.terraform-provider-google-beta_v5.27.0_x5:   -- Scopes: [https://www.googleapis.com/auth/cloud-platform https://www.googleapis.com/auth/userinfo.email]: @caller=github.com/hashicorp/terraform-provider-google-beta/google-beta/fwtransport/framework_config.go:1881 @module=google_beta tf_mux_provider=*proto5server.Server tf_provider_addr=registry.terraform.io/hashicorp/google-beta tf_req_id=bb34274a-04b0-4015-6896-8b1a439ea856 tf_rpc=ConfigureProvider timestamp=2024-05-03T18:50:26.435Z
2024-05-03T18:50:26.492Z [INFO]  provider.terraform-provider-google-beta_v5.27.0_x5: Terraform is using this identity: svc-cloudautomation@gcp-prj-inf-automation-prd-01.iam.gserviceaccount.com: @module=google_beta tf_mux_provider=*proto5server.Server tf_provider_addr=registry.terraform.io/hashicorp/google-beta tf_req_id=bb34274a-04b0-4015-6896-8b1a439ea856 tf_rpc=ConfigureProvider @caller=github.com/hashicorp/terraform-provider-google-beta/google-beta/fwtransport/framework_config.go:1800 timestamp=2024-05-03T18:50:26.492Z
