2024-04-08T17:07:31.109Z [INFO]  Terraform version: 1.7.5
2024-04-08T17:07:31.109Z [INFO]  Go runtime version: go1.21.8
2024-04-08T17:07:31.109Z [INFO]  CLI args: []string{"terraform", "init", "-upgrade", "-backend-config=bucket=gcp-yyz-prd-inf-cloudautomation-sbuc-01", "-backend-config=prefix=fortigate/state-file"}
2024-04-08T17:07:31.110Z [INFO]  CLI command args: []string{"init", "-upgrade", "-backend-config=bucket=gcp-yyz-prd-inf-cloudautomation-sbuc-01", "-backend-config=prefix=fortigate/state-file"}
2024-04-08T17:07:39.197Z [INFO]  Terraform version: 1.7.5
2024-04-08T17:07:39.198Z [INFO]  Go runtime version: go1.21.8
2024-04-08T17:07:39.198Z [INFO]  CLI args: []string{"terraform", "plan", "-var=access_token=ya29.c.c0AY_VpZgYVhrJQUTJ6feFOdZJGmhDksgzwpbPxRbQJ2RkL5pEQ9kzW28K7tvDfEzj3mxddjey_jFTPlXU53dJ3uidsyNlEC2Qtu3m3gUGurpmzKayHJ7KiHcw1_kwyNDxjK7HaUjkcVUsxyFRRhYq37ADNs4ijIVG2vmd3sS2tG_jpx56RRbC63_dGgxn82eGCSFY4ZKrC69r-CMsVZCZFaHZVgTv82EHA0KM5hHMxAdoGTaB11MIq85TSlCBBj0TNkbgJO4cT-A3lsKbHUbL08SQMl6cYL4MhLGLp-9TzzGyKt6wNIaTXqTwmfETjATrRlrXJZpKBOOzn8qQy98QHGRgDz66OMoOzxqne1ffAhOMDJsT1Yvjk-MXbRAZ5nfkQUkHfa2yinY9MS3zPY8efJM4WS23Ll1OI3TmWXAxg0wQDZxckkqSdwP9LwhEq3ir2aCAciqAYRlnBShGAmoznEHlmJN99cxZKauuiKK2GonxvnTfL6Ot_4X9OGRYWMnHqqvJNu2k2Yl2h1VnUuZK2LPYTh9JUhloreJeBeoSpiD_C8nIcZBD3PuWauIhoGJhCiN-T007IL2rleOIzeY6xjcSHc-3CJNwco82GolAPyowR_Z0rO3wX81zLd3p3wwUmJXpqBfgJiBNu9q26m4WPMCv_qzoGRZjMKtR6zp3WQH691CukoFepXcfY5V3-qsFvgfZ1cco0W3BYkMfQ27QWbWZ8jnU-qg0Yhn4-sicdhO7U7Su72Zr9s3-a5o66nXWggzMtzj4gM7Oi8meRm34p62-ig0Bc9kcRW7xX4Xc4IY-m4wrmr9-a7hMqsR-Yuxu95cWyMer6ojF5Fe80B5tmB9Vb8bScs175wRUrr_9MhwzI4OJ1UaSftROmdOhXYc9zhh44zcO-5VzscO-S8vgMaJqzVIQanFafcBmj1WmIBo8F267V_xMJOu_SanMtVan9yRyBhrJQiQzpo7JlXdJOtIU22nJpeB-111fZ_VS--WIIWpeY7Z08V7", "-var=project_id=gcp-prj-inf-automation-prd-01", "-var-file=../input-file/disk.tfvars", "-var-file=../input-file/vm.tfvars", "-var-file=../input-file/umig.tfvars", "-var-file=../input-file/health_check.tfvars", "-var-file=../input-file/nlb.tfvars", "-var-file=../input-file/router.tfvars", "-var-file=../input-file/nat.tfvars", "-var-file=../input-file/address.tfvars", "-var-file=../input-file/data.tfvars", "-var-file=../input-file/secret.tfvars", "-out=../plan-file/fortigate-tf-plan.json"}
2024-04-08T17:07:39.199Z [INFO]  CLI command args: []string{"plan", "-var=access_token=ya29.c.c0AY_VpZgYVhrJQUTJ6feFOdZJGmhDksgzwpbPxRbQJ2RkL5pEQ9kzW28K7tvDfEzj3mxddjey_jFTPlXU53dJ3uidsyNlEC2Qtu3m3gUGurpmzKayHJ7KiHcw1_kwyNDxjK7HaUjkcVUsxyFRRhYq37ADNs4ijIVG2vmd3sS2tG_jpx56RRbC63_dGgxn82eGCSFY4ZKrC69r-CMsVZCZFaHZVgTv82EHA0KM5hHMxAdoGTaB11MIq85TSlCBBj0TNkbgJO4cT-A3lsKbHUbL08SQMl6cYL4MhLGLp-9TzzGyKt6wNIaTXqTwmfETjATrRlrXJZpKBOOzn8qQy98QHGRgDz66OMoOzxqne1ffAhOMDJsT1Yvjk-MXbRAZ5nfkQUkHfa2yinY9MS3zPY8efJM4WS23Ll1OI3TmWXAxg0wQDZxckkqSdwP9LwhEq3ir2aCAciqAYRlnBShGAmoznEHlmJN99cxZKauuiKK2GonxvnTfL6Ot_4X9OGRYWMnHqqvJNu2k2Yl2h1VnUuZK2LPYTh9JUhloreJeBeoSpiD_C8nIcZBD3PuWauIhoGJhCiN-T007IL2rleOIzeY6xjcSHc-3CJNwco82GolAPyowR_Z0rO3wX81zLd3p3wwUmJXpqBfgJiBNu9q26m4WPMCv_qzoGRZjMKtR6zp3WQH691CukoFepXcfY5V3-qsFvgfZ1cco0W3BYkMfQ27QWbWZ8jnU-qg0Yhn4-sicdhO7U7Su72Zr9s3-a5o66nXWggzMtzj4gM7Oi8meRm34p62-ig0Bc9kcRW7xX4Xc4IY-m4wrmr9-a7hMqsR-Yuxu95cWyMer6ojF5Fe80B5tmB9Vb8bScs175wRUrr_9MhwzI4OJ1UaSftROmdOhXYc9zhh44zcO-5VzscO-S8vgMaJqzVIQanFafcBmj1WmIBo8F267V_xMJOu_SanMtVan9yRyBhrJQiQzpo7JlXdJOtIU22nJpeB-111fZ_VS--WIIWpeY7Z08V7", "-var=project_id=gcp-prj-inf-automation-prd-01", "-var-file=../input-file/disk.tfvars", "-var-file=../input-file/vm.tfvars", "-var-file=../input-file/umig.tfvars", "-var-file=../input-file/health_check.tfvars", "-var-file=../input-file/nlb.tfvars", "-var-file=../input-file/router.tfvars", "-var-file=../input-file/nat.tfvars", "-var-file=../input-file/address.tfvars", "-var-file=../input-file/data.tfvars", "-var-file=../input-file/secret.tfvars", "-out=../plan-file/fortigate-tf-plan.json"}
2024-04-08T17:07:40.104Z [INFO]  backend/local: starting Plan operation
2024-04-08T17:07:42.623Z [INFO]  provider: configuring client automatic mTLS
2024-04-08T17:07:42.686Z [INFO]  provider.terraform-provider-google_v5.24.0_x5: configuring server automatic mTLS: timestamp=2024-04-08T17:07:42.686Z
2024-04-08T17:07:42.909Z [INFO]  provider: configuring client automatic mTLS
2024-04-08T17:07:42.965Z [INFO]  provider.terraform-provider-google-beta_v5.23.0_x5: configuring server automatic mTLS: timestamp=2024-04-08T17:07:42.965Z
2024-04-08T17:07:43.230Z [INFO]  provider: configuring client automatic mTLS
2024-04-08T17:07:43.241Z [INFO]  provider.terraform-provider-random_v3.6.0_x5: configuring server automatic mTLS: timestamp=2024-04-08T17:07:43.241Z
2024-04-08T17:07:43.340Z [INFO]  provider: configuring client automatic mTLS
2024-04-08T17:07:43.351Z [INFO]  provider.terraform-provider-random_v3.6.0_x5: configuring server automatic mTLS: timestamp=2024-04-08T17:07:43.351Z
2024-04-08T17:07:43.391Z [INFO]  provider: configuring client automatic mTLS
2024-04-08T17:07:43.448Z [INFO]  provider.terraform-provider-google-beta_v5.23.0_x5: configuring server automatic mTLS: timestamp=2024-04-08T17:07:43.447Z
2024-04-08T17:07:43.474Z [INFO]  provider: configuring client automatic mTLS
2024-04-08T17:07:43.527Z [INFO]  provider.terraform-provider-google_v5.24.0_x5: configuring server automatic mTLS: timestamp=2024-04-08T17:07:43.527Z
2024-04-08T17:07:43.685Z [INFO]  backend/local: plan calling Plan
2024-04-08T17:07:43.739Z [INFO]  provider: configuring client automatic mTLS
2024-04-08T17:07:43.754Z [INFO]  provider.terraform-provider-random_v3.6.0_x5: configuring server automatic mTLS: timestamp=2024-04-08T17:07:43.754Z
2024-04-08T17:07:43.795Z [INFO]  provider: configuring client automatic mTLS
2024-04-08T17:07:43.852Z [INFO]  provider.terraform-provider-google-beta_v5.23.0_x5: configuring server automatic mTLS: timestamp=2024-04-08T17:07:43.852Z
2024-04-08T17:07:43.877Z [INFO]  provider: configuring client automatic mTLS
2024-04-08T17:07:43.933Z [INFO]  provider.terraform-provider-google_v5.24.0_x5: configuring server automatic mTLS: timestamp=2024-04-08T17:07:43.933Z
2024-04-08T17:07:44.038Z [INFO]  provider.terraform-provider-google-beta_v5.23.0_x5: Authenticating using configured Google JSON 'access_token'...: tf_provider_addr=registry.terraform.io/hashicorp/google-beta tf_req_id=194cdad2-1b47-83b7-e529-90bdec876f8d tf_rpc=ConfigureProvider @module=google_beta @caller=github.com/hashicorp/terraform-provider-google-beta/google-beta/fwtransport/framework_config.go:1870 tf_mux_provider="*proto5server.Server" timestamp=2024-04-08T17:07:44.038Z
2024-04-08T17:07:44.038Z [INFO]  provider.terraform-provider-google-beta_v5.23.0_x5:   -- Scopes: [https://www.googleapis.com/auth/cloud-platform https://www.googleapis.com/auth/userinfo.email]: tf_mux_provider="*proto5server.Server" tf_provider_addr=registry.terraform.io/hashicorp/google-beta tf_req_id=194cdad2-1b47-83b7-e529-90bdec876f8d @caller=github.com/hashicorp/terraform-provider-google-beta/google-beta/fwtransport/framework_config.go:1871 @module=google_beta tf_rpc=ConfigureProvider timestamp=2024-04-08T17:07:44.038Z
2024-04-08T17:07:44.038Z [INFO]  provider.terraform-provider-google-beta_v5.23.0_x5: Authenticating using configured Google JSON 'access_token'...: tf_provider_addr=registry.terraform.io/hashicorp/google-beta tf_rpc=ConfigureProvider @module=google_beta tf_mux_provider="*proto5server.Server" @caller=github.com/hashicorp/terraform-provider-google-beta/google-beta/fwtransport/framework_config.go:1870 tf_req_id=194cdad2-1b47-83b7-e529-90bdec876f8d timestamp=2024-04-08T17:07:44.038Z
2024-04-08T17:07:44.038Z [INFO]  provider.terraform-provider-google-beta_v5.23.0_x5:   -- Scopes: [https://www.googleapis.com/auth/cloud-platform https://www.googleapis.com/auth/userinfo.email]: @caller=github.com/hashicorp/terraform-provider-google-beta/google-beta/fwtransport/framework_config.go:1871 tf_req_id=194cdad2-1b47-83b7-e529-90bdec876f8d @module=google_beta tf_mux_provider="*proto5server.Server" tf_provider_addr=registry.terraform.io/hashicorp/google-beta tf_rpc=ConfigureProvider timestamp=2024-04-08T17:07:44.038Z
2024-04-08T17:07:44.038Z [INFO]  provider.terraform-provider-google_v5.24.0_x5: Authenticating using configured Google JSON 'access_token'...: @module=google tf_provider_addr=registry.terraform.io/hashicorp/google tf_mux_provider="*proto5server.Server" tf_req_id=6f04fc0e-34aa-3e8b-7880-c6305d8bf9f8 tf_rpc=ConfigureProvider @caller=github.com/hashicorp/terraform-provider-google/google/fwtransport/framework_config.go:1731 timestamp=2024-04-08T17:07:44.038Z
2024-04-08T17:07:44.038Z [INFO]  provider.terraform-provider-google_v5.24.0_x5:   -- Scopes: [https://www.googleapis.com/auth/cloud-platform https://www.googleapis.com/auth/userinfo.email]: tf_mux_provider="*proto5server.Server" tf_provider_addr=registry.terraform.io/hashicorp/google tf_req_id=6f04fc0e-34aa-3e8b-7880-c6305d8bf9f8 @caller=github.com/hashicorp/terraform-provider-google/google/fwtransport/framework_config.go:1732 @module=google tf_rpc=ConfigureProvider timestamp=2024-04-08T17:07:44.038Z
2024-04-08T17:07:44.038Z [INFO]  provider.terraform-provider-google_v5.24.0_x5: Authenticating using configured Google JSON 'access_token'...: @caller=github.com/hashicorp/terraform-provider-google/google/fwtransport/framework_config.go:1731 @module=google tf_rpc=ConfigureProvider tf_mux_provider="*proto5server.Server" tf_provider_addr=registry.terraform.io/hashicorp/google tf_req_id=6f04fc0e-34aa-3e8b-7880-c6305d8bf9f8 timestamp=2024-04-08T17:07:44.038Z
2024-04-08T17:07:44.038Z [INFO]  provider.terraform-provider-google_v5.24.0_x5:   -- Scopes: [https://www.googleapis.com/auth/cloud-platform https://www.googleapis.com/auth/userinfo.email]: tf_provider_addr=registry.terraform.io/hashicorp/google @module=google tf_rpc=ConfigureProvider @caller=github.com/hashicorp/terraform-provider-google/google/fwtransport/framework_config.go:1732 tf_mux_provider="*proto5server.Server" tf_req_id=6f04fc0e-34aa-3e8b-7880-c6305d8bf9f8 timestamp=2024-04-08T17:07:44.038Z
2024-04-08T17:07:44.086Z [INFO]  provider.terraform-provider-google-beta_v5.23.0_x5: Terraform is using this identity: svc-cloudautomation@gcp-prj-inf-automation-prd-01.iam.gserviceaccount.com: tf_mux_provider="*proto5server.Server" tf_provider_addr=registry.terraform.io/hashicorp/google-beta @caller=github.com/hashicorp/terraform-provider-google-beta/google-beta/fwtransport/framework_config.go:1790 @module=google_beta tf_req_id=194cdad2-1b47-83b7-e529-90bdec876f8d tf_rpc=ConfigureProvider timestamp=2024-04-08T17:07:44.086Z
2024-04-08T17:07:44.096Z [INFO]  provider.terraform-provider-google_v5.24.0_x5: Terraform is using this identity: svc-cloudautomation@gcp-prj-inf-automation-prd-01.iam.gserviceaccount.com: tf_req_id=6f04fc0e-34aa-3e8b-7880-c6305d8bf9f8 tf_rpc=ConfigureProvider @module=google tf_provider_addr=registry.terraform.io/hashicorp/google tf_mux_provider="*proto5server.Server" @caller=github.com/hashicorp/terraform-provider-google/google/fwtransport/framework_config.go:1651 timestamp=2024-04-08T17:07:44.096Z
2024-04-08T17:07:44.653Z [WARN]  Provider "registry.terraform.io/hashicorp/google" produced an invalid plan for module.regional_address["gcp-yyz-fgt-ha-priv-ip-02"].google_compute_address.default, but we are tolerating it because it is using the legacy plugin SDK.
    The following problems may be the cause of any confusing errors from downstream operations:
      - .ipv6_endpoint_type: planned value cty.StringVal("") for a non-computed attribute
      - .ip_version: planned value cty.StringVal("") for a non-computed attribute
      - .network: planned value cty.StringVal("") for a non-computed attribute
2024-04-08T17:07:45.472Z [WARN]  Provider "registry.terraform.io/hashicorp/google" produced an invalid plan for module.regional_address["gcp-yyz-fgt-ha-priv-ip-01"].google_compute_address.default, but we are tolerating it because it is using the legacy plugin SDK.
    The following problems may be the cause of any confusing errors from downstream operations:
      - .ipv6_endpoint_type: planned value cty.StringVal("") for a non-computed attribute
      - .ip_version: planned value cty.StringVal("") for a non-computed attribute
      - .network: planned value cty.StringVal("") for a non-computed attribute
2024-04-08T17:07:45.473Z [WARN]  Provider "registry.terraform.io/hashicorp/google" produced an invalid plan for module.regional_address["gcp-yyz-fgt-int-priv-ip-01"].google_compute_address.default, but we are tolerating it because it is using the legacy plugin SDK.
    The following problems may be the cause of any confusing errors from downstream operations:
      - .ipv6_endpoint_type: planned value cty.StringVal("") for a non-computed attribute
      - .ip_version: planned value cty.StringVal("") for a non-computed attribute
      - .network: planned value cty.StringVal("") for a non-computed attribute
2024-04-08T17:07:45.478Z [WARN]  Provider "registry.terraform.io/hashicorp/google" produced an invalid plan for module.regional_address["gcp-yyz-fgt-out-priv-ip-02"].google_compute_address.default, but we are tolerating it because it is using the legacy plugin SDK.
    The following problems may be the cause of any confusing errors from downstream operations:
      - .network: planned value cty.StringVal("") for a non-computed attribute
      - .ip_version: planned value cty.StringVal("") for a non-computed attribute
      - .ipv6_endpoint_type: planned value cty.StringVal("") for a non-computed attribute
2024-04-08T17:07:45.482Z [WARN]  Provider "registry.terraform.io/hashicorp/google" produced an invalid plan for module.regional_address["gcp-yyz-fgt-mgmt-priv-ip-01"].google_compute_address.default, but we are tolerating it because it is using the legacy plugin SDK.
    The following problems may be the cause of any confusing errors from downstream operations:
      - .ipv6_endpoint_type: planned value cty.StringVal("") for a non-computed attribute
      - .ip_version: planned value cty.StringVal("") for a non-computed attribute
      - .network: planned value cty.StringVal("") for a non-computed attribute
2024-04-08T17:07:45.484Z [WARN]  Provider "registry.terraform.io/hashicorp/google" produced an invalid plan for module.regional_address["gcp-yyz-fgt-mgmt-priv-ip-02"].google_compute_address.default, but we are tolerating it because it is using the legacy plugin SDK.
    The following problems may be the cause of any confusing errors from downstream operations:
      - .ipv6_endpoint_type: planned value cty.StringVal("") for a non-computed attribute
      - .network: planned value cty.StringVal("") for a non-computed attribute
      - .ip_version: planned value cty.StringVal("") for a non-computed attribute
2024-04-08T17:07:45.485Z [WARN]  Provider "registry.terraform.io/hashicorp/google" produced an invalid plan for module.regional_address["gcp-yyz-fgt-int-priv-ip-02"].google_compute_address.default, but we are tolerating it because it is using the legacy plugin SDK.
    The following problems may be the cause of any confusing errors from downstream operations:
      - .ip_version: planned value cty.StringVal("") for a non-computed attribute
      - .network: planned value cty.StringVal("") for a non-computed attribute
      - .ipv6_endpoint_type: planned value cty.StringVal("") for a non-computed attribute
2024-04-08T17:07:45.490Z [WARN]  Provider "registry.terraform.io/hashicorp/google" produced an invalid plan for module.regional_address["gcp-yyz-fgt-out-priv-ip-01"].google_compute_address.default, but we are tolerating it because it is using the legacy plugin SDK.
    The following problems may be the cause of any confusing errors from downstream operations:
      - .ipv6_endpoint_type: planned value cty.StringVal("") for a non-computed attribute
      - .ip_version: planned value cty.StringVal("") for a non-computed attribute
      - .network: planned value cty.StringVal("") for a non-computed attribute
2024-04-08T17:07:45.491Z [WARN]  Provider "registry.terraform.io/hashicorp/google" produced an invalid plan for module.regional_address["gcp-yyz-fgt-ilb-priv-ip-01"].google_compute_address.default, but we are tolerating it because it is using the legacy plugin SDK.
    The following problems may be the cause of any confusing errors from downstream operations:
      - .ip_version: planned value cty.StringVal("") for a non-computed attribute
      - .network: planned value cty.StringVal("") for a non-computed attribute
      - .ipv6_endpoint_type: planned value cty.StringVal("") for a non-computed attribute
2024-04-08T17:07:46.832Z [WARN]  Provider "registry.terraform.io/hashicorp/google" produced an invalid plan for module.router["gcp-yyz-prd-inf-crtr-01"].google_compute_router.router, but we are tolerating it because it is using the legacy plugin SDK.
    The following problems may be the cause of any confusing errors from downstream operations:
      - .encrypted_interconnect_router: planned value cty.False for a non-computed attribute
      - .description: planned value cty.StringVal("") for a non-computed attribute
      - .bgp[0].advertise_mode: planned value cty.StringVal("DEFAULT") for a non-computed attribute
      - .bgp[0].advertised_groups: planned value cty.ListValEmpty(cty.String) for a non-computed attribute
2024-04-08T17:07:48.193Z [WARN]  Provider "registry.terraform.io/hashicorp/google" produced an invalid plan for module.nat["gcp-yyz-prd-inf-cnat-01"].google_compute_router_nat.nat, but we are tolerating it because it is using the legacy plugin SDK.
    The following problems may be the cause of any confusing errors from downstream operations:
      - .tcp_time_wait_timeout_sec: planned value cty.NumberIntVal(120) for a non-computed attribute
      - .drain_nat_ips: planned value cty.SetValEmpty(cty.String) for a non-computed attribute
      - .max_ports_per_vm: planned value cty.NumberIntVal(0) for a non-computed attribute
      - .nat_ips: planned value cty.UnknownVal(cty.Set(cty.String)) does not match config value cty.SetVal([]cty.Value{cty.UnknownVal(cty.String)}) nor prior value cty.SetValEmpty(cty.String)
2024-04-08T17:07:49.552Z [WARN]  Provider "registry.terraform.io/hashicorp/google-beta" produced an invalid plan for module.disk["prdyzsecfgtvm01-log-disk01"].google_compute_disk.disk, but we are tolerating it because it is using the legacy plugin SDK.
    The following problems may be the cause of any confusing errors from downstream operations:
      - .snapshot: planned value cty.StringVal("") for a non-computed attribute
      - .image: planned value cty.StringVal("") for a non-computed attribute
      - .multi_writer: planned value cty.False for a non-computed attribute
      - .source_disk: planned value cty.StringVal("") for a non-computed attribute
2024-04-08T17:07:49.555Z [WARN]  Provider "registry.terraform.io/hashicorp/google-beta" produced an invalid plan for module.disk["prdyzsecfgtvm02-log-disk01"].google_compute_disk.disk, but we are tolerating it because it is using the legacy plugin SDK.
    The following problems may be the cause of any confusing errors from downstream operations:
      - .image: planned value cty.StringVal("") for a non-computed attribute
      - .snapshot: planned value cty.StringVal("") for a non-computed attribute
      - .multi_writer: planned value cty.False for a non-computed attribute
      - .source_disk: planned value cty.StringVal("") for a non-computed attribute
2024-04-08T17:07:52.304Z [WARN]  Provider "registry.terraform.io/hashicorp/google" produced an invalid plan for module.vm["prdyzsecfgtvm02"].google_compute_instance.default, but we are tolerating it because it is using the legacy plugin SDK.
    The following problems may be the cause of any confusing errors from downstream operations:
      - .description: planned value cty.StringVal("") for a non-computed attribute
      - .hostname: planned value cty.StringVal("") for a non-computed attribute
      - .resource_policies: planned value cty.ListValEmpty(cty.String) for a non-computed attribute
      - .enable_display: planned value cty.False for a non-computed attribute
      - .network_interface[0].nic_type: planned value cty.StringVal("") for a non-computed attribute
      - .network_interface[0].queue_count: planned value cty.NumberIntVal(0) for a non-computed attribute
      - .network_interface[1].nic_type: planned value cty.StringVal("") for a non-computed attribute
      - .network_interface[1].queue_count: planned value cty.NumberIntVal(0) for a non-computed attribute
      - .network_interface[2].nic_type: planned value cty.StringVal("") for a non-computed attribute
      - .network_interface[2].queue_count: planned value cty.NumberIntVal(0) for a non-computed attribute
      - .network_interface[3].queue_count: planned value cty.NumberIntVal(0) for a non-computed attribute
      - .network_interface[3].nic_type: planned value cty.StringVal("") for a non-computed attribute
      - .attached_disk[0].disk_encryption_key_raw: sensitive planned value for a non-computed attribute
      - .attached_disk[0].mode: planned value cty.StringVal("READ_WRITE") for a non-computed attribute
      - .boot_disk[0].mode: planned value cty.StringVal("READ_WRITE") for a non-computed attribute
      - .boot_disk[0].auto_delete: planned value cty.True for a non-computed attribute
      - .boot_disk[0].disk_encryption_key_raw: sensitive planned value for a non-computed attribute
      - .boot_disk[0].initialize_params[0].enable_confidential_compute: planned value cty.False for a non-computed attribute
      - .boot_disk[0].initialize_params[0].resource_manager_tags: planned value cty.MapValEmpty(cty.String) for a non-computed attribute
      - .scheduling: block count in plan (1) disagrees with count in config (0)
2024-04-08T17:07:52.331Z [WARN]  Provider "registry.terraform.io/hashicorp/google" produced an invalid plan for module.vm["prdyzsecfgtvm01"].google_compute_instance.default, but we are tolerating it because it is using the legacy plugin SDK.
    The following problems may be the cause of any confusing errors from downstream operations:
      - .description: planned value cty.StringVal("") for a non-computed attribute
      - .hostname: planned value cty.StringVal("") for a non-computed attribute
      - .resource_policies: planned value cty.ListValEmpty(cty.String) for a non-computed attribute
      - .enable_display: planned value cty.False for a non-computed attribute
      - .network_interface[0].nic_type: planned value cty.StringVal("") for a non-computed attribute
      - .network_interface[0].queue_count: planned value cty.NumberIntVal(0) for a non-computed attribute
      - .network_interface[1].nic_type: planned value cty.StringVal("") for a non-computed attribute
      - .network_interface[1].queue_count: planned value cty.NumberIntVal(0) for a non-computed attribute
      - .network_interface[2].queue_count: planned value cty.NumberIntVal(0) for a non-computed attribute
      - .network_interface[2].nic_type: planned value cty.StringVal("") for a non-computed attribute
      - .network_interface[3].nic_type: planned value cty.StringVal("") for a non-computed attribute
      - .network_interface[3].queue_count: planned value cty.NumberIntVal(0) for a non-computed attribute
      - .boot_disk[0].disk_encryption_key_raw: sensitive planned value for a non-computed attribute
      - .boot_disk[0].mode: planned value cty.StringVal("READ_WRITE") for a non-computed attribute
      - .boot_disk[0].auto_delete: planned value cty.True for a non-computed attribute
      - .boot_disk[0].initialize_params[0].enable_confidential_compute: planned value cty.False for a non-computed attribute
      - .boot_disk[0].initialize_params[0].resource_manager_tags: planned value cty.MapValEmpty(cty.String) for a non-computed attribute
      - .attached_disk[0].mode: planned value cty.StringVal("READ_WRITE") for a non-computed attribute
      - .attached_disk[0].disk_encryption_key_raw: sensitive planned value for a non-computed attribute
      - .scheduling: block count in plan (1) disagrees with count in config (0)
2024-04-08T17:07:52.638Z [WARN]  Provider "registry.terraform.io/hashicorp/google" produced an invalid plan for module.health_check["gcp-yyz-prd-sec-fgt-ilb-01-hc-01"].google_compute_region_health_check.healthcheck, but we are tolerating it because it is using the legacy plugin SDK.
    The following problems may be the cause of any confusing errors from downstream operations:
      - .http_health_check[0].host: planned value cty.StringVal("") for a non-computed attribute
      - .http_health_check[0].port_name: planned value cty.StringVal("") for a non-computed attribute
      - .http_health_check[0].port_specification: planned value cty.StringVal("") for a non-computed attribute
      - .http_health_check[0].proxy_header: planned value cty.StringVal("NONE") for a non-computed attribute
      - .http_health_check[0].request_path: planned value cty.StringVal("/") for a non-computed attribute
      - .http_health_check[0].response: planned value cty.StringVal("") for a non-computed attribute
      - .log_config: block count in plan (1) disagrees with count in config (0)
2024-04-08T17:07:56.692Z [WARN]  Provider "registry.terraform.io/hashicorp/google" produced an invalid plan for module.nlb["gcp-yyz-prd-sec-fgt-ilb-01-frontend-01"].google_compute_region_backend_service.backend[0], but we are tolerating it because it is using the legacy plugin SDK.
    The following problems may be the cause of any confusing errors from downstream operations:
      - .enable_cdn: planned value cty.False for a non-computed attribute
      - .locality_lb_policy: planned value cty.StringVal("") for a non-computed attribute
      - .affinity_cookie_ttl_sec: planned value cty.NumberIntVal(0) for a non-computed attribute
      - .connection_draining_timeout_sec: planned value cty.NumberIntVal(0) for a non-computed attribute
      - .log_config[0].sample_rate: planned value cty.NumberIntVal(1) for a non-computed attribute
2024-04-08T17:07:58.074Z [WARN]  Provider "registry.terraform.io/hashicorp/google" produced an invalid plan for module.nlb["gcp-yyz-prd-sec-fgt-ilb-01-frontend-01"].google_compute_forwarding_rule.rule, but we are tolerating it because it is using the legacy plugin SDK.
    The following problems may be the cause of any confusing errors from downstream operations:
      - .recreate_closed_psc: planned value cty.False for a non-computed attribute
      - .allow_psc_global_access: planned value cty.False for a non-computed attribute
      - .service_label: planned value cty.StringVal("") for a non-computed attribute
      - .source_ip_ranges: planned value cty.ListValEmpty(cty.String) for a non-computed attribute
      - .target: planned value cty.StringVal("") for a non-computed attribute
      - .is_mirroring_collector: planned value cty.False for a non-computed attribute
      - .ports: planned value cty.SetValEmpty(cty.String) for a non-computed attribute
2024-04-08T17:07:58.360Z [WARN]  Provider "registry.terraform.io/hashicorp/google" produced an invalid plan for module.secret["gcp-yyz-prd-sec-fgt-api-key-01"].google_secret_manager_secret.secret, but we are tolerating it because it is using the legacy plugin SDK.
    The following problems may be the cause of any confusing errors from downstream operations:
      - .version_aliases: planned value cty.MapValEmpty(cty.String) for a non-computed attribute
2024-04-08T17:07:58.842Z [INFO]  backend/local: plan operation completed
2024-04-08T17:07:58.842Z [INFO]  backend/local: writing plan output to: ../plan-file/fortigate-tf-plan.json
2024-04-08T17:09:23.138Z [INFO]  Terraform version: 1.7.5
2024-04-08T17:09:23.139Z [INFO]  Go runtime version: go1.21.8
2024-04-08T17:09:23.139Z [INFO]  CLI args: []string{"terraform", "apply", "../plan-file/fortigate-tf-plan.json"}
2024-04-08T17:09:23.139Z [INFO]  CLI command args: []string{"apply", "../plan-file/fortigate-tf-plan.json"}
2024-04-08T17:09:23.922Z [INFO]  backend/local: starting Apply operation
2024-04-08T17:09:26.395Z [INFO]  provider: configuring client automatic mTLS
2024-04-08T17:09:26.460Z [INFO]  provider.terraform-provider-google_v5.24.0_x5: configuring server automatic mTLS: timestamp=2024-04-08T17:09:26.460Z
2024-04-08T17:09:26.682Z [INFO]  provider: configuring client automatic mTLS
2024-04-08T17:09:26.739Z [INFO]  provider.terraform-provider-google-beta_v5.23.0_x5: configuring server automatic mTLS: timestamp=2024-04-08T17:09:26.739Z
2024-04-08T17:09:27.002Z [INFO]  provider: configuring client automatic mTLS
2024-04-08T17:09:27.014Z [INFO]  provider.terraform-provider-random_v3.6.0_x5: configuring server automatic mTLS: timestamp=2024-04-08T17:09:27.014Z
2024-04-08T17:09:27.058Z [INFO]  backend/local: apply calling Apply
2024-04-08T17:09:27.140Z [INFO]  provider: configuring client automatic mTLS
2024-04-08T17:09:27.165Z [INFO]  provider.terraform-provider-random_v3.6.0_x5: configuring server automatic mTLS: timestamp=2024-04-08T17:09:27.165Z
2024-04-08T17:09:27.203Z [INFO]  provider: configuring client automatic mTLS
2024-04-08T17:09:27.261Z [INFO]  provider.terraform-provider-google-beta_v5.23.0_x5: configuring server automatic mTLS: timestamp=2024-04-08T17:09:27.261Z
2024-04-08T17:09:27.288Z [INFO]  provider: configuring client automatic mTLS
2024-04-08T17:09:27.355Z [INFO]  provider.terraform-provider-google_v5.24.0_x5: configuring server automatic mTLS: timestamp=2024-04-08T17:09:27.355Z
2024-04-08T17:09:27.387Z [INFO]  provider.terraform-provider-google-beta_v5.23.0_x5: Authenticating using configured Google JSON 'access_token'...: tf_rpc=ConfigureProvider @caller=github.com/hashicorp/terraform-provider-google-beta/google-beta/fwtransport/framework_config.go:1870 tf_provider_addr=registry.terraform.io/hashicorp/google-beta tf_mux_provider="*proto5server.Server" tf_req_id=9725de24-af0f-8d13-93dd-1ba4f257803e @module=google_beta timestamp=2024-04-08T17:09:27.387Z
2024-04-08T17:09:27.387Z [INFO]  provider.terraform-provider-google-beta_v5.23.0_x5:   -- Scopes: [https://www.googleapis.com/auth/cloud-platform https://www.googleapis.com/auth/userinfo.email]: tf_rpc=ConfigureProvider tf_mux_provider="*proto5server.Server" tf_provider_addr=registry.terraform.io/hashicorp/google-beta tf_req_id=9725de24-af0f-8d13-93dd-1ba4f257803e @caller=github.com/hashicorp/terraform-provider-google-beta/google-beta/fwtransport/framework_config.go:1871 @module=google_beta timestamp=2024-04-08T17:09:27.387Z
2024-04-08T17:09:27.387Z [INFO]  provider.terraform-provider-google-beta_v5.23.0_x5: Authenticating using configured Google JSON 'access_token'...: @module=google_beta tf_mux_provider="*proto5server.Server" tf_provider_addr=registry.terraform.io/hashicorp/google-beta tf_req_id=9725de24-af0f-8d13-93dd-1ba4f257803e tf_rpc=ConfigureProvider @caller=github.com/hashicorp/terraform-provider-google-beta/google-beta/fwtransport/framework_config.go:1870 timestamp=2024-04-08T17:09:27.387Z
2024-04-08T17:09:27.387Z [INFO]  provider.terraform-provider-google-beta_v5.23.0_x5:   -- Scopes: [https://www.googleapis.com/auth/cloud-platform https://www.googleapis.com/auth/userinfo.email]: @caller=github.com/hashicorp/terraform-provider-google-beta/google-beta/fwtransport/framework_config.go:1871 tf_provider_addr=registry.terraform.io/hashicorp/google-beta tf_req_id=9725de24-af0f-8d13-93dd-1ba4f257803e tf_rpc=ConfigureProvider @module=google_beta tf_mux_provider="*proto5server.Server" timestamp=2024-04-08T17:09:27.387Z
2024-04-08T17:09:27.449Z [INFO]  provider.terraform-provider-google_v5.24.0_x5: Authenticating using configured Google JSON 'access_token'...: tf_provider_addr=registry.terraform.io/hashicorp/google tf_rpc=ConfigureProvider @module=google tf_mux_provider="*proto5server.Server" @caller=github.com/hashicorp/terraform-provider-google/google/fwtransport/framework_config.go:1731 tf_req_id=73ab997d-8c85-aedc-2059-01d9be240835 timestamp=2024-04-08T17:09:27.449Z
2024-04-08T17:09:27.450Z [INFO]  provider.terraform-provider-google_v5.24.0_x5:   -- Scopes: [https://www.googleapis.com/auth/cloud-platform https://www.googleapis.com/auth/userinfo.email]: @module=google tf_provider_addr=registry.terraform.io/hashicorp/google tf_req_id=73ab997d-8c85-aedc-2059-01d9be240835 tf_rpc=ConfigureProvider @caller=github.com/hashicorp/terraform-provider-google/google/fwtransport/framework_config.go:1732 tf_mux_provider="*proto5server.Server" timestamp=2024-04-08T17:09:27.449Z
2024-04-08T17:09:27.450Z [INFO]  provider.terraform-provider-google_v5.24.0_x5: Authenticating using configured Google JSON 'access_token'...: @module=google tf_mux_provider="*proto5server.Server" @caller=github.com/hashicorp/terraform-provider-google/google/fwtransport/framework_config.go:1731 tf_provider_addr=registry.terraform.io/hashicorp/google tf_req_id=73ab997d-8c85-aedc-2059-01d9be240835 tf_rpc=ConfigureProvider timestamp=2024-04-08T17:09:27.450Z
2024-04-08T17:09:27.450Z [INFO]  provider.terraform-provider-google_v5.24.0_x5:   -- Scopes: [https://www.googleapis.com/auth/cloud-platform https://www.googleapis.com/auth/userinfo.email]: tf_mux_provider="*proto5server.Server" tf_req_id=73ab997d-8c85-aedc-2059-01d9be240835 tf_rpc=ConfigureProvider @module=google tf_provider_addr=registry.terraform.io/hashicorp/google @caller=github.com/hashicorp/terraform-provider-google/google/fwtransport/framework_config.go:1732 timestamp=2024-04-08T17:09:27.450Z
2024-04-08T17:09:27.456Z [INFO]  provider.terraform-provider-google-beta_v5.23.0_x5: Terraform is using this identity: svc-cloudautomation@gcp-prj-inf-automation-prd-01.iam.gserviceaccount.com: tf_provider_addr=registry.terraform.io/hashicorp/google-beta tf_mux_provider="*proto5server.Server" @caller=github.com/hashicorp/terraform-provider-google-beta/google-beta/fwtransport/framework_config.go:1790 @module=google_beta tf_req_id=9725de24-af0f-8d13-93dd-1ba4f257803e tf_rpc=ConfigureProvider timestamp=2024-04-08T17:09:27.456Z
2024-04-08T17:09:27.495Z [INFO]  provider.terraform-provider-google_v5.24.0_x5: Terraform is using this identity: svc-cloudautomation@gcp-prj-inf-automation-prd-01.iam.gserviceaccount.com: tf_mux_provider="*proto5server.Server" tf_provider_addr=registry.terraform.io/hashicorp/google tf_req_id=73ab997d-8c85-aedc-2059-01d9be240835 tf_rpc=ConfigureProvider @caller=github.com/hashicorp/terraform-provider-google/google/fwtransport/framework_config.go:1651 @module=google timestamp=2024-04-08T17:09:27.494Z
2024-04-08T17:09:27.554Z [INFO]  Starting apply for module.regional_address["gcp-yyz-prd-inf-cnat-ip-01"].google_compute_address.default
2024-04-08T17:09:27.556Z [WARN]  Provider "registry.terraform.io/hashicorp/google" produced an invalid plan for module.regional_address["gcp-yyz-fgt-out-priv-ip-01"].google_compute_address.default, but we are tolerating it because it is using the legacy plugin SDK.
    The following problems may be the cause of any confusing errors from downstream operations:
      - .network: planned value cty.StringVal("") for a non-computed attribute
      - .ip_version: planned value cty.StringVal("") for a non-computed attribute
      - .ipv6_endpoint_type: planned value cty.StringVal("") for a non-computed attribute
2024-04-08T17:09:27.557Z [INFO]  Starting apply for module.regional_address["gcp-yyz-fgt-out-priv-ip-01"].google_compute_address.default
2024-04-08T17:09:27.565Z [WARN]  Provider "registry.terraform.io/hashicorp/google" produced an invalid plan for module.regional_address["gcp-yyz-fgt-ha-priv-ip-01"].google_compute_address.default, but we are tolerating it because it is using the legacy plugin SDK.
    The following problems may be the cause of any confusing errors from downstream operations:
      - .network: planned value cty.StringVal("") for a non-computed attribute
      - .ip_version: planned value cty.StringVal("") for a non-computed attribute
      - .ipv6_endpoint_type: planned value cty.StringVal("") for a non-computed attribute
2024-04-08T17:09:27.565Z [WARN]  Provider "registry.terraform.io/hashicorp/google" produced an invalid plan for module.regional_address["gcp-yyz-fgt-ha-priv-ip-02"].google_compute_address.default, but we are tolerating it because it is using the legacy plugin SDK.
    The following problems may be the cause of any confusing errors from downstream operations:
      - .ip_version: planned value cty.StringVal("") for a non-computed attribute
      - .ipv6_endpoint_type: planned value cty.StringVal("") for a non-computed attribute
      - .network: planned value cty.StringVal("") for a non-computed attribute
2024-04-08T17:09:27.565Z [WARN]  Provider "registry.terraform.io/hashicorp/google" produced an invalid plan for module.regional_address["gcp-yyz-fgt-int-priv-ip-02"].google_compute_address.default, but we are tolerating it because it is using the legacy plugin SDK.
    The following problems may be the cause of any confusing errors from downstream operations:
      - .ip_version: planned value cty.StringVal("") for a non-computed attribute
      - .ipv6_endpoint_type: planned value cty.StringVal("") for a non-computed attribute
      - .network: planned value cty.StringVal("") for a non-computed attribute
2024-04-08T17:09:27.566Z [WARN]  Provider "registry.terraform.io/hashicorp/google" produced an invalid plan for module.regional_address["gcp-yyz-fgt-mgmt-priv-ip-01"].google_compute_address.default, but we are tolerating it because it is using the legacy plugin SDK.
    The following problems may be the cause of any confusing errors from downstream operations:
      - .ip_version: planned value cty.StringVal("") for a non-computed attribute
      - .ipv6_endpoint_type: planned value cty.StringVal("") for a non-computed attribute
      - .network: planned value cty.StringVal("") for a non-computed attribute
2024-04-08T17:09:27.567Z [INFO]  Starting apply for module.regional_address["gcp-yyz-fgt-ha-priv-ip-02"].google_compute_address.default
2024-04-08T17:09:27.567Z [INFO]  Starting apply for module.regional_address["gcp-yyz-fgt-ha-priv-ip-01"].google_compute_address.default
2024-04-08T17:09:27.568Z [INFO]  Starting apply for module.regional_address["gcp-yyz-fgt-int-priv-ip-02"].google_compute_address.default
2024-04-08T17:09:27.568Z [INFO]  Starting apply for module.regional_address["gcp-yyz-fgt-mgmt-priv-ip-01"].google_compute_address.default
2024-04-08T17:09:27.571Z [WARN]  Provider "registry.terraform.io/hashicorp/google" produced an invalid plan for module.regional_address["gcp-yyz-fgt-ilb-priv-ip-01"].google_compute_address.default, but we are tolerating it because it is using the legacy plugin SDK.
    The following problems may be the cause of any confusing errors from downstream operations:
      - .network: planned value cty.StringVal("") for a non-computed attribute
      - .ip_version: planned value cty.StringVal("") for a non-computed attribute
      - .ipv6_endpoint_type: planned value cty.StringVal("") for a non-computed attribute
2024-04-08T17:09:27.571Z [WARN]  Provider "registry.terraform.io/hashicorp/google" produced an invalid plan for module.regional_address["gcp-yyz-fgt-out-priv-ip-02"].google_compute_address.default, but we are tolerating it because it is using the legacy plugin SDK.
    The following problems may be the cause of any confusing errors from downstream operations:
      - .network: planned value cty.StringVal("") for a non-computed attribute
      - .ip_version: planned value cty.StringVal("") for a non-computed attribute
      - .ipv6_endpoint_type: planned value cty.StringVal("") for a non-computed attribute
2024-04-08T17:09:27.572Z [INFO]  Starting apply for module.regional_address["gcp-yyz-fgt-ilb-priv-ip-01"].google_compute_address.default
2024-04-08T17:09:27.572Z [WARN]  Provider "registry.terraform.io/hashicorp/google" produced an invalid plan for module.regional_address["gcp-yyz-fgt-int-priv-ip-01"].google_compute_address.default, but we are tolerating it because it is using the legacy plugin SDK.
    The following problems may be the cause of any confusing errors from downstream operations:
      - .ip_version: planned value cty.StringVal("") for a non-computed attribute
      - .ipv6_endpoint_type: planned value cty.StringVal("") for a non-computed attribute
      - .network: planned value cty.StringVal("") for a non-computed attribute
2024-04-08T17:09:27.572Z [INFO]  Starting apply for module.regional_address["gcp-yyz-fgt-int-priv-ip-01"].google_compute_address.default
2024-04-08T17:09:27.573Z [INFO]  Starting apply for module.regional_address["gcp-yyz-fgt-out-priv-ip-02"].google_compute_address.default
2024-04-08T17:09:27.580Z [WARN]  Provider "registry.terraform.io/hashicorp/google" produced an invalid plan for module.regional_address["gcp-yyz-fgt-mgmt-priv-ip-02"].google_compute_address.default, but we are tolerating it because it is using the legacy plugin SDK.
    The following problems may be the cause of any confusing errors from downstream operations:
      - .ip_version: planned value cty.StringVal("") for a non-computed attribute
      - .ipv6_endpoint_type: planned value cty.StringVal("") for a non-computed attribute
      - .network: planned value cty.StringVal("") for a non-computed attribute
2024-04-08T17:09:27.581Z [INFO]  Starting apply for module.regional_address["gcp-yyz-fgt-mgmt-priv-ip-02"].google_compute_address.default
2024-04-08T17:09:29.709Z [WARN]  Provider "provider[\"registry.terraform.io/hashicorp/google\"]" produced an unexpected new value for module.regional_address["gcp-yyz-fgt-int-priv-ip-02"].google_compute_address.default, but we are tolerating it because it is using the legacy plugin SDK.
    The following problems may be the cause of any confusing errors from downstream operations:
      - .label_fingerprint: was cty.StringVal("42WmSpB8rSM="), but now cty.StringVal("K8SF1nAubbA=")
2024-04-08T17:09:29.725Z [WARN]  Provider "provider[\"registry.terraform.io/hashicorp/google\"]" produced an unexpected new value for module.regional_address["gcp-yyz-fgt-int-priv-ip-01"].google_compute_address.default, but we are tolerating it because it is using the legacy plugin SDK.
    The following problems may be the cause of any confusing errors from downstream operations:
      - .label_fingerprint: was cty.StringVal("42WmSpB8rSM="), but now cty.StringVal("K8SF1nAubbA=")
2024-04-08T17:09:30.432Z [WARN]  Provider "provider[\"registry.terraform.io/hashicorp/google\"]" produced an unexpected new value for module.regional_address["gcp-yyz-fgt-out-priv-ip-01"].google_compute_address.default, but we are tolerating it because it is using the legacy plugin SDK.
    The following problems may be the cause of any confusing errors from downstream operations:
      - .label_fingerprint: was cty.StringVal("42WmSpB8rSM="), but now cty.StringVal("K8SF1nAubbA=")
2024-04-08T17:09:30.544Z [WARN]  Provider "provider[\"registry.terraform.io/hashicorp/google\"]" produced an unexpected new value for module.regional_address["gcp-yyz-fgt-ilb-priv-ip-01"].google_compute_address.default, but we are tolerating it because it is using the legacy plugin SDK.
    The following problems may be the cause of any confusing errors from downstream operations:
      - .label_fingerprint: was cty.StringVal("42WmSpB8rSM="), but now cty.StringVal("K8SF1nAubbA=")
2024-04-08T17:09:30.546Z [WARN]  Provider "provider[\"registry.terraform.io/hashicorp/google\"]" produced an unexpected new value for module.regional_address["gcp-yyz-fgt-out-priv-ip-02"].google_compute_address.default, but we are tolerating it because it is using the legacy plugin SDK.
    The following problems may be the cause of any confusing errors from downstream operations:
      - .label_fingerprint: was cty.StringVal("42WmSpB8rSM="), but now cty.StringVal("K8SF1nAubbA=")
2024-04-08T17:09:30.556Z [WARN]  Provider "provider[\"registry.terraform.io/hashicorp/google\"]" produced an unexpected new value for module.regional_address["gcp-yyz-fgt-ha-priv-ip-01"].google_compute_address.default, but we are tolerating it because it is using the legacy plugin SDK.
    The following problems may be the cause of any confusing errors from downstream operations:
      - .label_fingerprint: was cty.StringVal("42WmSpB8rSM="), but now cty.StringVal("K8SF1nAubbA=")
2024-04-08T17:09:30.562Z [WARN]  Provider "provider[\"registry.terraform.io/hashicorp/google\"]" produced an unexpected new value for module.regional_address["gcp-yyz-fgt-ha-priv-ip-02"].google_compute_address.default, but we are tolerating it because it is using the legacy plugin SDK.
    The following problems may be the cause of any confusing errors from downstream operations:
      - .label_fingerprint: was cty.StringVal("42WmSpB8rSM="), but now cty.StringVal("K8SF1nAubbA=")
2024-04-08T17:09:30.564Z [WARN]  Provider "provider[\"registry.terraform.io/hashicorp/google\"]" produced an unexpected new value for module.regional_address["gcp-yyz-fgt-mgmt-priv-ip-02"].google_compute_address.default, but we are tolerating it because it is using the legacy plugin SDK.
    The following problems may be the cause of any confusing errors from downstream operations:
      - .label_fingerprint: was cty.StringVal("42WmSpB8rSM="), but now cty.StringVal("K8SF1nAubbA=")
2024-04-08T17:09:30.570Z [WARN]  Provider "provider[\"registry.terraform.io/hashicorp/google\"]" produced an unexpected new value for module.regional_address["gcp-yyz-fgt-mgmt-priv-ip-01"].google_compute_address.default, but we are tolerating it because it is using the legacy plugin SDK.
    The following problems may be the cause of any confusing errors from downstream operations:
      - .label_fingerprint: was cty.StringVal("42WmSpB8rSM="), but now cty.StringVal("K8SF1nAubbA=")
2024-04-08T17:09:33.954Z [WARN]  Provider "provider[\"registry.terraform.io/hashicorp/google\"]" produced an unexpected new value for module.regional_address["gcp-yyz-prd-inf-cnat-ip-01"].google_compute_address.default, but we are tolerating it because it is using the legacy plugin SDK.
    The following problems may be the cause of any confusing errors from downstream operations:
      - .ip_version: was null, but now cty.StringVal("")
      - .ipv6_endpoint_type: was null, but now cty.StringVal("")
      - .network: was null, but now cty.StringVal("")
2024-04-08T17:09:34.383Z [WARN]  Provider "registry.terraform.io/hashicorp/google" produced an invalid plan for module.nat["gcp-yyz-prd-inf-cnat-01"].google_compute_router_nat.nat, but we are tolerating it because it is using the legacy plugin SDK.
    The following problems may be the cause of any confusing errors from downstream operations:
      - .max_ports_per_vm: planned value cty.NumberIntVal(0) for a non-computed attribute
      - .tcp_time_wait_timeout_sec: planned value cty.NumberIntVal(120) for a non-computed attribute
      - .drain_nat_ips: planned value cty.SetValEmpty(cty.String) for a non-computed attribute
2024-04-08T17:09:34.383Z [INFO]  Starting apply for module.nat["gcp-yyz-prd-inf-cnat-01"].google_compute_router_nat.nat
2024-04-08T17:09:52.390Z [WARN]  Provider "registry.terraform.io/hashicorp/google" produced an invalid plan for module.nlb["gcp-yyz-prd-sec-fgt-ilb-01-frontend-01"].google_compute_forwarding_rule.rule, but we are tolerating it because it is using the legacy plugin SDK.
    The following problems may be the cause of any confusing errors from downstream operations:
      - .source_ip_ranges: planned value cty.ListValEmpty(cty.String) for a non-computed attribute
      - .service_label: planned value cty.StringVal("") for a non-computed attribute
      - .is_mirroring_collector: planned value cty.False for a non-computed attribute
      - .recreate_closed_psc: planned value cty.False for a non-computed attribute
      - .target: planned value cty.StringVal("") for a non-computed attribute
      - .allow_psc_global_access: planned value cty.False for a non-computed attribute
      - .ports: planned value cty.SetValEmpty(cty.String) for a non-computed attribute
2024-04-08T17:09:52.390Z [INFO]  Starting apply for module.nlb["gcp-yyz-prd-sec-fgt-ilb-01-frontend-01"].google_compute_forwarding_rule.rule
2024-04-08T17:09:55.342Z [WARN]  Provider "provider[\"registry.terraform.io/hashicorp/google\"]" produced an unexpected new value for module.nlb["gcp-yyz-prd-sec-fgt-ilb-01-frontend-01"].google_compute_forwarding_rule.rule, but we are tolerating it because it is using the legacy plugin SDK.
    The following problems may be the cause of any confusing errors from downstream operations:
      - .label_fingerprint: was cty.StringVal("42WmSpB8rSM="), but now cty.StringVal("K8SF1nAubbA=")
2024-04-08T17:09:56.624Z [INFO]  Terraform version: 1.7.5
2024-04-08T17:09:56.624Z [INFO]  Go runtime version: go1.21.8
2024-04-08T17:09:56.624Z [INFO]  CLI args: []string{"terraform", "output", "-json"}
2024-04-08T17:09:56.625Z [INFO]  CLI command args: []string{"output", "-json"}
