2024-05-03T18:38:11.168Z [INFO]  Terraform version: 1.5.7
2024-05-03T18:38:11.168Z [INFO]  Go runtime version: go1.20.7
2024-05-03T18:38:11.168Z [INFO]  CLI args: []string{"terraform", "init", "-upgrade", "-backend-config=bucket=gcp-yyz-prd-inf-cloudautomation-sbuc-01", "-backend-config=prefix=fortigate/state-file"}
2024-05-03T18:38:11.170Z [INFO]  CLI command args: []string{"init", "-upgrade", "-backend-config=bucket=gcp-yyz-prd-inf-cloudautomation-sbuc-01", "-backend-config=prefix=fortigate/state-file"}
2024-05-03T18:38:20.135Z [INFO]  Terraform version: 1.5.7
2024-05-03T18:38:20.136Z [INFO]  Go runtime version: go1.20.7
2024-05-03T18:38:20.136Z [INFO]  CLI args: []string{"terraform", "plan", "-var=access_token=ya29.c.c0AY_VpZgGiKGb8VBqoqGZaL0ulyX0ghI2lDgteiabQq8KulawYQfLPdrw3pKdyRCDerCofhoMgP3glPafcwHsSlfHDUTYWYIOMf51wIKSwPJ9LTE3hXpgglAEfaS1uOkafv1pfqvj0M53JneWERgZSqyAAIU0OHMire3ycfIBxYGTvNn_589wqxjW8o_BGFUvSXAV341wQiaSgKJJl8iJJxmTaR5JeObdPNCTukXDFgjQyizaPGb8BPAsB-2oX0WoVPZx5XkXBbyF9VCIg0k3bCxXMrEk5pW0AGYtL8bqdzmT3nwtzL3C1lG85aSYs1WGGRjIlVX4qzI9vhGk5rLP2aCs8WEMlRFfl1ZDJb5VhI8Ueu2aeXIiFHbF3nU-w2Oy9tinBw05ugW0-99_g1yscohW_izNxWAwaoocH1iOBcqfE-0_LAMfQU_j-Mwp2D23AUdspgCq7E-oPQVssMt9ZHs-q38L15Ba4Qk43nCXq-nnGshysTxCL9GA2DptbfGBkUiuXyJhRe8JHtAhjopq7T8v1qvYkx8J1lhnfFC_m5929fhzuEc56Woaj4WgHI30qWZEdd9cDpK5RWHo9gkkiPTQi-ZYiEgSKlkaLA2xR-jQb-deAk_JQd0JYBur_0xRnHbsmr5Y1hMWG-ckjRM48k7Q6aT8B2S5kE3pctNC3rUH692PvhrMkBqwVc0byuIe14k7ikyIs4FBciFcpiql-dooIiyIaIk1OJ1vlhgljzn6uikXsp-z876bmQozsm--dywxn66ilirFR_wM94QrQahzF43Qp6k96aQ7qFnMlvIZsxd1cfafn55o1JIr6165rmQM4nygQ2Uis4aZ4Ivzyq7uRVtQpV2axw1eufMd_Fm5n2kon_8nzb85lcynv6VdZ_lq9vuiV50Yz--pY1jozQOl38OY1Bo-8SaQRYMBq17z40q1kco1wW8nF7z3pJn-usp842s0b846wQiXud-4Myql83Ysqm3_p4rl8lYzl3xO0r5JSdxc9XO", "-var=project_id=gcp-prj-inf-automation-prd-01", "-var-file=../input-file/disk.tfvars", "-var-file=../input-file/vm.tfvars", "-var-file=../input-file/umig.tfvars", "-var-file=../input-file/health_check.tfvars", "-var-file=../input-file/nlb.tfvars", "-var-file=../input-file/router.tfvars", "-var-file=../input-file/nat.tfvars", "-var-file=../input-file/address.tfvars", "-var-file=../input-file/data.tfvars", "-var-file=../input-file/secret.tfvars", "-out=../plan-file/fortigate-tf-plan.json"}
2024-05-03T18:38:20.137Z [INFO]  CLI command args: []string{"plan", "-var=access_token=ya29.c.c0AY_VpZgGiKGb8VBqoqGZaL0ulyX0ghI2lDgteiabQq8KulawYQfLPdrw3pKdyRCDerCofhoMgP3glPafcwHsSlfHDUTYWYIOMf51wIKSwPJ9LTE3hXpgglAEfaS1uOkafv1pfqvj0M53JneWERgZSqyAAIU0OHMire3ycfIBxYGTvNn_589wqxjW8o_BGFUvSXAV341wQiaSgKJJl8iJJxmTaR5JeObdPNCTukXDFgjQyizaPGb8BPAsB-2oX0WoVPZx5XkXBbyF9VCIg0k3bCxXMrEk5pW0AGYtL8bqdzmT3nwtzL3C1lG85aSYs1WGGRjIlVX4qzI9vhGk5rLP2aCs8WEMlRFfl1ZDJb5VhI8Ueu2aeXIiFHbF3nU-w2Oy9tinBw05ugW0-99_g1yscohW_izNxWAwaoocH1iOBcqfE-0_LAMfQU_j-Mwp2D23AUdspgCq7E-oPQVssMt9ZHs-q38L15Ba4Qk43nCXq-nnGshysTxCL9GA2DptbfGBkUiuXyJhRe8JHtAhjopq7T8v1qvYkx8J1lhnfFC_m5929fhzuEc56Woaj4WgHI30qWZEdd9cDpK5RWHo9gkkiPTQi-ZYiEgSKlkaLA2xR-jQb-deAk_JQd0JYBur_0xRnHbsmr5Y1hMWG-ckjRM48k7Q6aT8B2S5kE3pctNC3rUH692PvhrMkBqwVc0byuIe14k7ikyIs4FBciFcpiql-dooIiyIaIk1OJ1vlhgljzn6uikXsp-z876bmQozsm--dywxn66ilirFR_wM94QrQahzF43Qp6k96aQ7qFnMlvIZsxd1cfafn55o1JIr6165rmQM4nygQ2Uis4aZ4Ivzyq7uRVtQpV2axw1eufMd_Fm5n2kon_8nzb85lcynv6VdZ_lq9vuiV50Yz--pY1jozQOl38OY1Bo-8SaQRYMBq17z40q1kco1wW8nF7z3pJn-usp842s0b846wQiXud-4Myql83Ysqm3_p4rl8lYzl3xO0r5JSdxc9XO", "-var=project_id=gcp-prj-inf-automation-prd-01", "-var-file=../input-file/disk.tfvars", "-var-file=../input-file/vm.tfvars", "-var-file=../input-file/umig.tfvars", "-var-file=../input-file/health_check.tfvars", "-var-file=../input-file/nlb.tfvars", "-var-file=../input-file/router.tfvars", "-var-file=../input-file/nat.tfvars", "-var-file=../input-file/address.tfvars", "-var-file=../input-file/data.tfvars", "-var-file=../input-file/secret.tfvars", "-out=../plan-file/fortigate-tf-plan.json"}
2024-05-03T18:38:21.440Z [INFO]  backend/local: starting Plan operation
2024-05-03T18:38:22.856Z [INFO]  provider: configuring client automatic mTLS
2024-05-03T18:38:22.948Z [INFO]  provider.terraform-provider-google_v5.27.0_x5: configuring server automatic mTLS: timestamp=2024-05-03T18:38:22.948Z
2024-05-03T18:38:23.294Z [INFO]  provider: configuring client automatic mTLS
2024-05-03T18:38:23.377Z [INFO]  provider.terraform-provider-google-beta_v5.27.0_x5: configuring server automatic mTLS: timestamp=2024-05-03T18:38:23.377Z
2024-05-03T18:38:23.760Z [INFO]  provider: configuring client automatic mTLS
2024-05-03T18:38:23.780Z [INFO]  provider.terraform-provider-random_v3.6.1_x5: configuring server automatic mTLS: timestamp=2024-05-03T18:38:23.780Z
2024-05-03T18:38:23.843Z [INFO]  ReferenceTransformer: reference not found: "count.index"
2024-05-03T18:38:23.843Z [INFO]  ReferenceTransformer: reference not found: "each.value"
2024-05-03T18:38:23.843Z [INFO]  ReferenceTransformer: reference not found: "each.value"
2024-05-03T18:38:23.843Z [INFO]  ReferenceTransformer: reference not found: "each.value"
2024-05-03T18:38:23.843Z [INFO]  ReferenceTransformer: reference not found: "each.value"
2024-05-03T18:38:23.844Z [INFO]  ReferenceTransformer: reference not found: "each.value"
2024-05-03T18:38:23.844Z [INFO]  ReferenceTransformer: reference not found: "each.value"
2024-05-03T18:38:23.844Z [INFO]  ReferenceTransformer: reference not found: "each.value"
2024-05-03T18:38:23.844Z [INFO]  ReferenceTransformer: reference not found: "each.value"
2024-05-03T18:38:23.844Z [INFO]  ReferenceTransformer: reference not found: "each.value"
2024-05-03T18:38:23.844Z [INFO]  ReferenceTransformer: reference not found: "each.value"
2024-05-03T18:38:23.844Z [INFO]  ReferenceTransformer: reference not found: "each.value"
2024-05-03T18:38:23.844Z [INFO]  ReferenceTransformer: reference not found: "each.value"
2024-05-03T18:38:23.844Z [INFO]  ReferenceTransformer: reference not found: "each.value"
2024-05-03T18:38:23.844Z [INFO]  ReferenceTransformer: reference not found: "each.value"
2024-05-03T18:38:23.844Z [INFO]  ReferenceTransformer: reference not found: "each.value"
2024-05-03T18:38:23.844Z [INFO]  ReferenceTransformer: reference not found: "each.value"
2024-05-03T18:38:23.845Z [INFO]  ReferenceTransformer: reference not found: "each.value"
2024-05-03T18:38:23.845Z [INFO]  ReferenceTransformer: reference not found: "each.value"
2024-05-03T18:38:23.845Z [INFO]  ReferenceTransformer: reference not found: "each.value"
2024-05-03T18:38:23.845Z [INFO]  ReferenceTransformer: reference not found: "each.value"
2024-05-03T18:38:23.845Z [INFO]  ReferenceTransformer: reference not found: "each.key"
2024-05-03T18:38:23.845Z [INFO]  ReferenceTransformer: reference not found: "each.key"
2024-05-03T18:38:23.845Z [INFO]  ReferenceTransformer: reference not found: "each.value"
2024-05-03T18:38:23.845Z [INFO]  ReferenceTransformer: reference not found: "each.value"
2024-05-03T18:38:23.845Z [INFO]  ReferenceTransformer: reference not found: "each.value"
2024-05-03T18:38:23.845Z [INFO]  ReferenceTransformer: reference not found: "each.value"
2024-05-03T18:38:23.845Z [INFO]  ReferenceTransformer: reference not found: "each.value"
2024-05-03T18:38:23.845Z [INFO]  ReferenceTransformer: reference not found: "each.key"
2024-05-03T18:38:23.845Z [INFO]  ReferenceTransformer: reference not found: "each.value"
2024-05-03T18:38:23.846Z [INFO]  ReferenceTransformer: reference not found: "each.value"
2024-05-03T18:38:23.846Z [INFO]  ReferenceTransformer: reference not found: "each.value"
2024-05-03T18:38:23.846Z [INFO]  ReferenceTransformer: reference not found: "each.value"
2024-05-03T18:38:23.846Z [INFO]  ReferenceTransformer: reference not found: "each.value"
2024-05-03T18:38:23.854Z [INFO]  ReferenceTransformer: reference not found: "each.value"
2024-05-03T18:38:23.855Z [INFO]  ReferenceTransformer: reference not found: "path.module"
2024-05-03T18:38:23.855Z [INFO]  ReferenceTransformer: reference not found: "each.value"
2024-05-03T18:38:23.856Z [INFO]  ReferenceTransformer: reference not found: "each.value"
2024-05-03T18:38:23.856Z [INFO]  ReferenceTransformer: reference not found: "each.value"
2024-05-03T18:38:23.856Z [INFO]  ReferenceTransformer: reference not found: "each.value"
2024-05-03T18:38:23.856Z [INFO]  ReferenceTransformer: reference not found: "each.value"
2024-05-03T18:38:23.856Z [INFO]  ReferenceTransformer: reference not found: "each.value"
2024-05-03T18:38:23.856Z [INFO]  ReferenceTransformer: reference not found: "each.value"
2024-05-03T18:38:23.856Z [INFO]  ReferenceTransformer: reference not found: "each.value"
2024-05-03T18:38:23.856Z [INFO]  ReferenceTransformer: reference not found: "each.value"
2024-05-03T18:38:23.856Z [INFO]  ReferenceTransformer: reference not found: "each.value"
2024-05-03T18:38:23.856Z [INFO]  ReferenceTransformer: reference not found: "each.value"
2024-05-03T18:38:23.856Z [INFO]  ReferenceTransformer: reference not found: "each.value"
2024-05-03T18:38:23.856Z [INFO]  ReferenceTransformer: reference not found: "each.value"
2024-05-03T18:38:23.856Z [INFO]  ReferenceTransformer: reference not found: "each.value"
2024-05-03T18:38:23.856Z [INFO]  ReferenceTransformer: reference not found: "each.value"
2024-05-03T18:38:23.856Z [INFO]  ReferenceTransformer: reference not found: "each.value"
2024-05-03T18:38:23.856Z [INFO]  ReferenceTransformer: reference not found: "each.value"
2024-05-03T18:38:23.856Z [INFO]  ReferenceTransformer: reference not found: "each.value"
2024-05-03T18:38:23.856Z [INFO]  ReferenceTransformer: reference not found: "each.value"
2024-05-03T18:38:23.856Z [INFO]  ReferenceTransformer: reference not found: "each.value"
2024-05-03T18:38:23.856Z [INFO]  ReferenceTransformer: reference not found: "each.value"
2024-05-03T18:38:23.857Z [INFO]  ReferenceTransformer: reference not found: "each.value"
2024-05-03T18:38:23.857Z [INFO]  ReferenceTransformer: reference not found: "each.value"
2024-05-03T18:38:23.857Z [INFO]  ReferenceTransformer: reference not found: "each.value"
2024-05-03T18:38:23.857Z [INFO]  ReferenceTransformer: reference not found: "each.value"
2024-05-03T18:38:23.857Z [INFO]  ReferenceTransformer: reference not found: "each.value"
2024-05-03T18:38:23.857Z [INFO]  ReferenceTransformer: reference not found: "each.value"
2024-05-03T18:38:23.857Z [INFO]  ReferenceTransformer: reference not found: "each.value"
2024-05-03T18:38:23.857Z [INFO]  ReferenceTransformer: reference not found: "each.value"
2024-05-03T18:38:23.857Z [INFO]  ReferenceTransformer: reference not found: "each.value"
2024-05-03T18:38:23.858Z [INFO]  ReferenceTransformer: reference not found: "each.value"
2024-05-03T18:38:23.858Z [INFO]  ReferenceTransformer: reference not found: "each.value"
2024-05-03T18:38:23.858Z [INFO]  ReferenceTransformer: reference not found: "each.value"
2024-05-03T18:38:23.858Z [INFO]  ReferenceTransformer: reference not found: "each.value"
2024-05-03T18:38:23.858Z [INFO]  ReferenceTransformer: reference not found: "each.value"
2024-05-03T18:38:23.858Z [INFO]  ReferenceTransformer: reference not found: "count.index"
2024-05-03T18:38:23.858Z [INFO]  ReferenceTransformer: reference not found: "each.value"
2024-05-03T18:38:23.858Z [INFO]  ReferenceTransformer: reference not found: "each.value"
2024-05-03T18:38:23.858Z [INFO]  ReferenceTransformer: reference not found: "each.value"
2024-05-03T18:38:23.858Z [INFO]  ReferenceTransformer: reference not found: "each.key"
2024-05-03T18:38:23.858Z [INFO]  ReferenceTransformer: reference not found: "each.key"
2024-05-03T18:38:23.858Z [INFO]  ReferenceTransformer: reference not found: "each.value"
2024-05-03T18:38:23.858Z [INFO]  ReferenceTransformer: reference not found: "each.value"
2024-05-03T18:38:23.858Z [INFO]  ReferenceTransformer: reference not found: "each.value"
2024-05-03T18:38:23.859Z [INFO]  ReferenceTransformer: reference not found: "each.value"
2024-05-03T18:38:23.859Z [INFO]  ReferenceTransformer: reference not found: "each.value"
2024-05-03T18:38:23.859Z [INFO]  ReferenceTransformer: reference not found: "each.key"
2024-05-03T18:38:23.859Z [INFO]  ReferenceTransformer: reference not found: "each.key"
2024-05-03T18:38:23.859Z [INFO]  ReferenceTransformer: reference not found: "count.index"
2024-05-03T18:38:23.859Z [INFO]  ReferenceTransformer: reference not found: "each.value"
2024-05-03T18:38:23.859Z [INFO]  ReferenceTransformer: reference not found: "each.value"
2024-05-03T18:38:23.859Z [INFO]  ReferenceTransformer: reference not found: "each.value"
2024-05-03T18:38:23.860Z [INFO]  ReferenceTransformer: reference not found: "each.value"
2024-05-03T18:38:23.860Z [INFO]  ReferenceTransformer: reference not found: "each.value"
2024-05-03T18:38:23.860Z [INFO]  ReferenceTransformer: reference not found: "each.value"
2024-05-03T18:38:23.860Z [INFO]  ReferenceTransformer: reference not found: "each.value"
2024-05-03T18:38:23.860Z [INFO]  ReferenceTransformer: reference not found: "each.key"
2024-05-03T18:38:23.860Z [INFO]  ReferenceTransformer: reference not found: "each.value"
2024-05-03T18:38:23.860Z [INFO]  ReferenceTransformer: reference not found: "each.value"
2024-05-03T18:38:23.860Z [INFO]  ReferenceTransformer: reference not found: "each.value"
2024-05-03T18:38:23.860Z [INFO]  ReferenceTransformer: reference not found: "each.key"
2024-05-03T18:38:23.860Z [INFO]  ReferenceTransformer: reference not found: "count.index"
2024-05-03T18:38:23.860Z [INFO]  ReferenceTransformer: reference not found: "each.value"
2024-05-03T18:38:23.860Z [INFO]  ReferenceTransformer: reference not found: "each.key"
2024-05-03T18:38:23.860Z [INFO]  ReferenceTransformer: reference not found: "count.index"
2024-05-03T18:38:23.860Z [INFO]  ReferenceTransformer: reference not found: "each.value"
2024-05-03T18:38:23.861Z [INFO]  ReferenceTransformer: reference not found: "each.value"
2024-05-03T18:38:23.861Z [INFO]  ReferenceTransformer: reference not found: "each.value"
2024-05-03T18:38:23.861Z [INFO]  ReferenceTransformer: reference not found: "each.value"
2024-05-03T18:38:23.861Z [INFO]  ReferenceTransformer: reference not found: "each.value"
2024-05-03T18:38:23.861Z [INFO]  ReferenceTransformer: reference not found: "path.module"
2024-05-03T18:38:23.861Z [INFO]  ReferenceTransformer: reference not found: "each.value"
2024-05-03T18:38:23.861Z [INFO]  ReferenceTransformer: reference not found: "each.value"
2024-05-03T18:38:23.861Z [INFO]  ReferenceTransformer: reference not found: "each.value"
2024-05-03T18:38:23.899Z [INFO]  provider: configuring client automatic mTLS
2024-05-03T18:38:23.919Z [INFO]  provider.terraform-provider-random_v3.6.1_x5: configuring server automatic mTLS: timestamp=2024-05-03T18:38:23.919Z
2024-05-03T18:38:23.953Z [INFO]  provider: configuring client automatic mTLS
2024-05-03T18:38:24.032Z [INFO]  provider.terraform-provider-google_v5.27.0_x5: configuring server automatic mTLS: timestamp=2024-05-03T18:38:24.031Z
2024-05-03T18:38:24.067Z [INFO]  provider: configuring client automatic mTLS
2024-05-03T18:38:24.146Z [INFO]  provider.terraform-provider-google-beta_v5.27.0_x5: configuring server automatic mTLS: timestamp=2024-05-03T18:38:24.146Z
2024-05-03T18:38:25.054Z [INFO]  backend/local: plan calling Plan
2024-05-03T18:38:25.067Z [INFO]  ReferenceTransformer: reference not found: "each.value"
2024-05-03T18:38:25.067Z [INFO]  ReferenceTransformer: reference not found: "each.value"
2024-05-03T18:38:25.067Z [INFO]  ReferenceTransformer: reference not found: "each.value"
2024-05-03T18:38:25.068Z [INFO]  ReferenceTransformer: reference not found: "each.value"
2024-05-03T18:38:25.068Z [INFO]  ReferenceTransformer: reference not found: "path.module"
2024-05-03T18:38:25.069Z [INFO]  ReferenceTransformer: reference not found: "each.value"
2024-05-03T18:38:25.069Z [INFO]  ReferenceTransformer: reference not found: "each.value"
2024-05-03T18:38:25.069Z [INFO]  ReferenceTransformer: reference not found: "each.value"
2024-05-03T18:38:25.069Z [INFO]  ReferenceTransformer: reference not found: "count.index"
2024-05-03T18:38:25.069Z [INFO]  ReferenceTransformer: reference not found: "each.value"
2024-05-03T18:38:25.070Z [INFO]  ReferenceTransformer: reference not found: "each.value"
2024-05-03T18:38:25.070Z [INFO]  ReferenceTransformer: reference not found: "each.value"
2024-05-03T18:38:25.070Z [INFO]  ReferenceTransformer: reference not found: "each.value"
2024-05-03T18:38:25.070Z [INFO]  ReferenceTransformer: reference not found: "each.value"
2024-05-03T18:38:25.070Z [INFO]  ReferenceTransformer: reference not found: "each.value"
2024-05-03T18:38:25.070Z [INFO]  ReferenceTransformer: reference not found: "each.value"
2024-05-03T18:38:25.070Z [INFO]  ReferenceTransformer: reference not found: "each.value"
2024-05-03T18:38:25.070Z [INFO]  ReferenceTransformer: reference not found: "each.value"
2024-05-03T18:38:25.070Z [INFO]  ReferenceTransformer: reference not found: "each.value"
2024-05-03T18:38:25.070Z [INFO]  ReferenceTransformer: reference not found: "each.value"
2024-05-03T18:38:25.070Z [INFO]  ReferenceTransformer: reference not found: "count.index"
2024-05-03T18:38:25.070Z [INFO]  ReferenceTransformer: reference not found: "each.value"
2024-05-03T18:38:25.070Z [INFO]  ReferenceTransformer: reference not found: "each.value"
2024-05-03T18:38:25.070Z [INFO]  ReferenceTransformer: reference not found: "each.value"
2024-05-03T18:38:25.071Z [INFO]  ReferenceTransformer: reference not found: "each.value"
2024-05-03T18:38:25.071Z [INFO]  ReferenceTransformer: reference not found: "each.key"
2024-05-03T18:38:25.071Z [INFO]  ReferenceTransformer: reference not found: "each.value"
2024-05-03T18:38:25.071Z [INFO]  ReferenceTransformer: reference not found: "each.value"
2024-05-03T18:38:25.071Z [INFO]  ReferenceTransformer: reference not found: "each.value"
2024-05-03T18:38:25.071Z [INFO]  ReferenceTransformer: reference not found: "each.value"
2024-05-03T18:38:25.071Z [INFO]  ReferenceTransformer: reference not found: "each.value"
2024-05-03T18:38:25.071Z [INFO]  ReferenceTransformer: reference not found: "each.key"
2024-05-03T18:38:25.071Z [INFO]  ReferenceTransformer: reference not found: "each.value"
2024-05-03T18:38:25.071Z [INFO]  ReferenceTransformer: reference not found: "each.value"
2024-05-03T18:38:25.071Z [INFO]  ReferenceTransformer: reference not found: "path.module"
2024-05-03T18:38:25.071Z [INFO]  ReferenceTransformer: reference not found: "each.value"
2024-05-03T18:38:25.071Z [INFO]  ReferenceTransformer: reference not found: "each.key"
2024-05-03T18:38:25.072Z [INFO]  ReferenceTransformer: reference not found: "each.value"
2024-05-03T18:38:25.072Z [INFO]  ReferenceTransformer: reference not found: "each.value"
2024-05-03T18:38:25.072Z [INFO]  ReferenceTransformer: reference not found: "each.value"
2024-05-03T18:38:25.072Z [INFO]  ReferenceTransformer: reference not found: "each.value"
2024-05-03T18:38:25.072Z [INFO]  ReferenceTransformer: reference not found: "each.value"
2024-05-03T18:38:25.072Z [INFO]  ReferenceTransformer: reference not found: "each.value"
2024-05-03T18:38:25.072Z [INFO]  ReferenceTransformer: reference not found: "each.value"
2024-05-03T18:38:25.072Z [INFO]  ReferenceTransformer: reference not found: "each.value"
2024-05-03T18:38:25.072Z [INFO]  ReferenceTransformer: reference not found: "each.value"
2024-05-03T18:38:25.072Z [INFO]  ReferenceTransformer: reference not found: "each.value"
2024-05-03T18:38:25.072Z [INFO]  ReferenceTransformer: reference not found: "each.value"
2024-05-03T18:38:25.072Z [INFO]  ReferenceTransformer: reference not found: "each.value"
2024-05-03T18:38:25.072Z [INFO]  ReferenceTransformer: reference not found: "each.value"
2024-05-03T18:38:25.072Z [INFO]  ReferenceTransformer: reference not found: "each.value"
2024-05-03T18:38:25.072Z [INFO]  ReferenceTransformer: reference not found: "each.value"
2024-05-03T18:38:25.072Z [INFO]  ReferenceTransformer: reference not found: "count.index"
2024-05-03T18:38:25.072Z [INFO]  ReferenceTransformer: reference not found: "each.value"
2024-05-03T18:38:25.072Z [INFO]  ReferenceTransformer: reference not found: "each.value"
2024-05-03T18:38:25.072Z [INFO]  ReferenceTransformer: reference not found: "each.value"
2024-05-03T18:38:25.072Z [INFO]  ReferenceTransformer: reference not found: "each.value"
2024-05-03T18:38:25.072Z [INFO]  ReferenceTransformer: reference not found: "each.value"
2024-05-03T18:38:25.072Z [INFO]  ReferenceTransformer: reference not found: "each.value"
2024-05-03T18:38:25.073Z [INFO]  ReferenceTransformer: reference not found: "each.value"
2024-05-03T18:38:25.073Z [INFO]  ReferenceTransformer: reference not found: "each.value"
2024-05-03T18:38:25.073Z [INFO]  ReferenceTransformer: reference not found: "each.value"
2024-05-03T18:38:25.073Z [INFO]  ReferenceTransformer: reference not found: "each.value"
2024-05-03T18:38:25.073Z [INFO]  ReferenceTransformer: reference not found: "each.value"
2024-05-03T18:38:25.073Z [INFO]  ReferenceTransformer: reference not found: "each.value"
2024-05-03T18:38:25.073Z [INFO]  ReferenceTransformer: reference not found: "each.value"
2024-05-03T18:38:25.073Z [INFO]  ReferenceTransformer: reference not found: "each.value"
2024-05-03T18:38:25.073Z [INFO]  ReferenceTransformer: reference not found: "each.value"
2024-05-03T18:38:25.073Z [INFO]  ReferenceTransformer: reference not found: "each.value"
2024-05-03T18:38:25.073Z [INFO]  ReferenceTransformer: reference not found: "each.value"
2024-05-03T18:38:25.073Z [INFO]  ReferenceTransformer: reference not found: "each.key"
2024-05-03T18:38:25.073Z [INFO]  ReferenceTransformer: reference not found: "each.key"
2024-05-03T18:38:25.073Z [INFO]  ReferenceTransformer: reference not found: "each.value"
2024-05-03T18:38:25.073Z [INFO]  ReferenceTransformer: reference not found: "each.value"
2024-05-03T18:38:25.073Z [INFO]  ReferenceTransformer: reference not found: "each.value"
2024-05-03T18:38:25.073Z [INFO]  ReferenceTransformer: reference not found: "each.value"
2024-05-03T18:38:25.073Z [INFO]  ReferenceTransformer: reference not found: "each.value"
2024-05-03T18:38:25.073Z [INFO]  ReferenceTransformer: reference not found: "each.value"
2024-05-03T18:38:25.073Z [INFO]  ReferenceTransformer: reference not found: "each.value"
2024-05-03T18:38:25.073Z [INFO]  ReferenceTransformer: reference not found: "each.value"
2024-05-03T18:38:25.073Z [INFO]  ReferenceTransformer: reference not found: "count.index"
2024-05-03T18:38:25.073Z [INFO]  ReferenceTransformer: reference not found: "each.value"
2024-05-03T18:38:25.073Z [INFO]  ReferenceTransformer: reference not found: "each.value"
2024-05-03T18:38:25.073Z [INFO]  ReferenceTransformer: reference not found: "each.value"
2024-05-03T18:38:25.074Z [INFO]  ReferenceTransformer: reference not found: "each.value"
2024-05-03T18:38:25.075Z [INFO]  ReferenceTransformer: reference not found: "each.key"
2024-05-03T18:38:25.075Z [INFO]  ReferenceTransformer: reference not found: "each.value"
2024-05-03T18:38:25.075Z [INFO]  ReferenceTransformer: reference not found: "each.value"
2024-05-03T18:38:25.075Z [INFO]  ReferenceTransformer: reference not found: "each.value"
2024-05-03T18:38:25.075Z [INFO]  ReferenceTransformer: reference not found: "each.value"
2024-05-03T18:38:25.075Z [INFO]  ReferenceTransformer: reference not found: "count.index"
2024-05-03T18:38:25.075Z [INFO]  ReferenceTransformer: reference not found: "each.value"
2024-05-03T18:38:25.075Z [INFO]  ReferenceTransformer: reference not found: "each.value"
2024-05-03T18:38:25.075Z [INFO]  ReferenceTransformer: reference not found: "each.value"
2024-05-03T18:38:25.075Z [INFO]  ReferenceTransformer: reference not found: "each.key"
2024-05-03T18:38:25.075Z [INFO]  ReferenceTransformer: reference not found: "each.value"
2024-05-03T18:38:25.075Z [INFO]  ReferenceTransformer: reference not found: "each.key"
2024-05-03T18:38:25.075Z [INFO]  ReferenceTransformer: reference not found: "each.value"
2024-05-03T18:38:25.075Z [INFO]  ReferenceTransformer: reference not found: "each.value"
2024-05-03T18:38:25.075Z [INFO]  ReferenceTransformer: reference not found: "each.value"
2024-05-03T18:38:25.076Z [INFO]  ReferenceTransformer: reference not found: "each.value"
2024-05-03T18:38:25.076Z [INFO]  ReferenceTransformer: reference not found: "each.value"
2024-05-03T18:38:25.076Z [INFO]  ReferenceTransformer: reference not found: "each.key"
2024-05-03T18:38:25.076Z [INFO]  ReferenceTransformer: reference not found: "each.value"
2024-05-03T18:38:25.076Z [INFO]  ReferenceTransformer: reference not found: "each.value"
2024-05-03T18:38:25.076Z [INFO]  ReferenceTransformer: reference not found: "each.key"
2024-05-03T18:38:25.076Z [INFO]  ReferenceTransformer: reference not found: "each.value"
2024-05-03T18:38:25.076Z [INFO]  ReferenceTransformer: reference not found: "each.value"
2024-05-03T18:38:25.076Z [INFO]  ReferenceTransformer: reference not found: "each.value"
2024-05-03T18:38:25.076Z [INFO]  ReferenceTransformer: reference not found: "each.value"
2024-05-03T18:38:25.137Z [INFO]  provider: configuring client automatic mTLS
2024-05-03T18:38:25.170Z [INFO]  provider.terraform-provider-random_v3.6.1_x5: configuring server automatic mTLS: timestamp=2024-05-03T18:38:25.170Z
2024-05-03T18:38:25.205Z [INFO]  provider: configuring client automatic mTLS
2024-05-03T18:38:25.290Z [INFO]  provider.terraform-provider-google-beta_v5.27.0_x5: configuring server automatic mTLS: timestamp=2024-05-03T18:38:25.290Z
2024-05-03T18:38:25.326Z [INFO]  provider: configuring client automatic mTLS
2024-05-03T18:38:25.545Z [INFO]  provider.terraform-provider-google_v5.27.0_x5: configuring server automatic mTLS: timestamp=2024-05-03T18:38:25.545Z
2024-05-03T18:38:26.051Z [INFO]  provider.terraform-provider-google-beta_v5.27.0_x5: Authenticating using configured Google JSON 'access_token'...: tf_provider_addr=registry.terraform.io/hashicorp/google-beta @module=google_beta tf_mux_provider=*proto5server.Server tf_req_id=5a657095-f078-e877-8a5f-d94826d66e5d tf_rpc=ConfigureProvider @caller=github.com/hashicorp/terraform-provider-google-beta/google-beta/fwtransport/framework_config.go:1880 timestamp=2024-05-03T18:38:26.050Z
2024-05-03T18:38:26.051Z [INFO]  provider.terraform-provider-google-beta_v5.27.0_x5:   -- Scopes: [https://www.googleapis.com/auth/cloud-platform https://www.googleapis.com/auth/userinfo.email]: tf_mux_provider=*proto5server.Server tf_provider_addr=registry.terraform.io/hashicorp/google-beta tf_req_id=5a657095-f078-e877-8a5f-d94826d66e5d @caller=github.com/hashicorp/terraform-provider-google-beta/google-beta/fwtransport/framework_config.go:1881 @module=google_beta tf_rpc=ConfigureProvider timestamp=2024-05-03T18:38:26.050Z
2024-05-03T18:38:26.051Z [INFO]  provider.terraform-provider-google-beta_v5.27.0_x5: Authenticating using configured Google JSON 'access_token'...: @module=google_beta tf_provider_addr=registry.terraform.io/hashicorp/google-beta tf_rpc=ConfigureProvider tf_req_id=5a657095-f078-e877-8a5f-d94826d66e5d @caller=github.com/hashicorp/terraform-provider-google-beta/google-beta/fwtransport/framework_config.go:1880 tf_mux_provider=*proto5server.Server timestamp=2024-05-03T18:38:26.050Z
2024-05-03T18:38:26.051Z [INFO]  provider.terraform-provider-google-beta_v5.27.0_x5:   -- Scopes: [https://www.googleapis.com/auth/cloud-platform https://www.googleapis.com/auth/userinfo.email]: @caller=github.com/hashicorp/terraform-provider-google-beta/google-beta/fwtransport/framework_config.go:1881 @module=google_beta tf_mux_provider=*proto5server.Server tf_provider_addr=registry.terraform.io/hashicorp/google-beta tf_req_id=5a657095-f078-e877-8a5f-d94826d66e5d tf_rpc=ConfigureProvider timestamp=2024-05-03T18:38:26.050Z
2024-05-03T18:38:26.159Z [INFO]  provider.terraform-provider-google-beta_v5.27.0_x5: Terraform is using this identity: svc-cloudautomation@gcp-prj-inf-automation-prd-01.iam.gserviceaccount.com: @caller=github.com/hashicorp/terraform-provider-google-beta/google-beta/fwtransport/framework_config.go:1800 tf_req_id=5a657095-f078-e877-8a5f-d94826d66e5d tf_rpc=ConfigureProvider @module=google_beta tf_mux_provider=*proto5server.Server tf_provider_addr=registry.terraform.io/hashicorp/google-beta timestamp=2024-05-03T18:38:26.159Z
2024-05-03T18:38:26.235Z [INFO]  provider.terraform-provider-google_v5.27.0_x5: Authenticating using configured Google JSON 'access_token'...: @module=google tf_provider_addr=registry.terraform.io/hashicorp/google tf_rpc=ConfigureProvider @caller=github.com/hashicorp/terraform-provider-google/google/fwtransport/framework_config.go:1731 tf_mux_provider=*proto5server.Server tf_req_id=be9ab599-d713-3ede-bf7a-fdc689661e37 timestamp=2024-05-03T18:38:26.235Z
2024-05-03T18:38:26.235Z [INFO]  provider.terraform-provider-google_v5.27.0_x5:   -- Scopes: [https://www.googleapis.com/auth/cloud-platform https://www.googleapis.com/auth/userinfo.email]: tf_rpc=ConfigureProvider tf_provider_addr=registry.terraform.io/hashicorp/google @module=google tf_mux_provider=*proto5server.Server tf_req_id=be9ab599-d713-3ede-bf7a-fdc689661e37 @caller=github.com/hashicorp/terraform-provider-google/google/fwtransport/framework_config.go:1732 timestamp=2024-05-03T18:38:26.235Z
2024-05-03T18:38:26.235Z [INFO]  provider.terraform-provider-google_v5.27.0_x5: Authenticating using configured Google JSON 'access_token'...: @caller=github.com/hashicorp/terraform-provider-google/google/fwtransport/framework_config.go:1731 @module=google tf_mux_provider=*proto5server.Server tf_rpc=ConfigureProvider tf_provider_addr=registry.terraform.io/hashicorp/google tf_req_id=be9ab599-d713-3ede-bf7a-fdc689661e37 timestamp=2024-05-03T18:38:26.235Z
2024-05-03T18:38:26.235Z [INFO]  provider.terraform-provider-google_v5.27.0_x5:   -- Scopes: [https://www.googleapis.com/auth/cloud-platform https://www.googleapis.com/auth/userinfo.email]: @caller=github.com/hashicorp/terraform-provider-google/google/fwtransport/framework_config.go:1732 tf_rpc=ConfigureProvider @module=google tf_mux_provider=*proto5server.Server tf_provider_addr=registry.terraform.io/hashicorp/google tf_req_id=be9ab599-d713-3ede-bf7a-fdc689661e37 timestamp=2024-05-03T18:38:26.235Z
2024-05-03T18:38:26.296Z [INFO]  provider.terraform-provider-google_v5.27.0_x5: Terraform is using this identity: svc-cloudautomation@gcp-prj-inf-automation-prd-01.iam.gserviceaccount.com: @caller=github.com/hashicorp/terraform-provider-google/google/fwtransport/framework_config.go:1651 @module=google tf_mux_provider=*proto5server.Server tf_provider_addr=registry.terraform.io/hashicorp/google tf_req_id=be9ab599-d713-3ede-bf7a-fdc689661e37 tf_rpc=ConfigureProvider timestamp=2024-05-03T18:38:26.296Z
2024-05-03T18:38:26.325Z [INFO]  ReferenceTransformer: reference not found: "local.address_type"
2024-05-03T18:38:26.325Z [INFO]  ReferenceTransformer: reference not found: "local.purpose"
2024-05-03T18:38:26.325Z [INFO]  ReferenceTransformer: reference not found: "local.purpose"
2024-05-03T18:38:26.325Z [INFO]  ReferenceTransformer: reference not found: "var.address_network"
2024-05-03T18:38:26.325Z [INFO]  ReferenceTransformer: reference not found: "local.project"
2024-05-03T18:38:26.325Z [INFO]  ReferenceTransformer: reference not found: "var.address_description"
2024-05-03T18:38:26.325Z [INFO]  ReferenceTransformer: reference not found: "local.address_type"
2024-05-03T18:38:26.325Z [INFO]  ReferenceTransformer: reference not found: "var.network_tier"
2024-05-03T18:38:26.325Z [INFO]  ReferenceTransformer: reference not found: "local.address_type"
2024-05-03T18:38:26.325Z [INFO]  ReferenceTransformer: reference not found: "local.purpose"
2024-05-03T18:38:26.326Z [INFO]  ReferenceTransformer: reference not found: "var.address_subnetwork"
2024-05-03T18:38:26.326Z [INFO]  ReferenceTransformer: reference not found: "var.labels"
2024-05-03T18:38:26.326Z [INFO]  ReferenceTransformer: reference not found: "local.purpose"
2024-05-03T18:38:26.326Z [INFO]  ReferenceTransformer: reference not found: "local.address_type"
2024-05-03T18:38:26.326Z [INFO]  ReferenceTransformer: reference not found: "var.address_ip"
2024-05-03T18:38:26.326Z [INFO]  ReferenceTransformer: reference not found: "var.address_prefix_length"
2024-05-03T18:38:26.326Z [INFO]  ReferenceTransformer: reference not found: "local.region"
2024-05-03T18:38:26.326Z [INFO]  ReferenceTransformer: reference not found: "var.address_name"
2024-05-03T18:38:26.326Z [INFO]  ReferenceTransformer: reference not found: "local.address_type"
2024-05-03T18:38:26.326Z [INFO]  ReferenceTransformer: reference not found: "var.address_description"
2024-05-03T18:38:26.326Z [INFO]  ReferenceTransformer: reference not found: "var.address_prefix_length"
2024-05-03T18:38:26.326Z [INFO]  ReferenceTransformer: reference not found: "local.region"
2024-05-03T18:38:26.326Z [INFO]  ReferenceTransformer: reference not found: "var.address_name"
2024-05-03T18:38:26.326Z [INFO]  ReferenceTransformer: reference not found: "local.address_type"
2024-05-03T18:38:26.326Z [INFO]  ReferenceTransformer: reference not found: "local.purpose"
2024-05-03T18:38:26.326Z [INFO]  ReferenceTransformer: reference not found: "local.purpose"
2024-05-03T18:38:26.326Z [INFO]  ReferenceTransformer: reference not found: "var.address_network"
2024-05-03T18:38:26.326Z [INFO]  ReferenceTransformer: reference not found: "local.address_type"
2024-05-03T18:38:26.326Z [INFO]  ReferenceTransformer: reference not found: "var.network_tier"
2024-05-03T18:38:26.326Z [INFO]  ReferenceTransformer: reference not found: "local.address_type"
2024-05-03T18:38:26.326Z [INFO]  ReferenceTransformer: reference not found: "local.purpose"
2024-05-03T18:38:26.326Z [INFO]  ReferenceTransformer: reference not found: "var.address_subnetwork"
2024-05-03T18:38:26.326Z [INFO]  ReferenceTransformer: reference not found: "var.labels"
2024-05-03T18:38:26.326Z [INFO]  ReferenceTransformer: reference not found: "local.purpose"
2024-05-03T18:38:26.326Z [INFO]  ReferenceTransformer: reference not found: "local.address_type"
2024-05-03T18:38:26.326Z [INFO]  ReferenceTransformer: reference not found: "local.address_type"
2024-05-03T18:38:26.326Z [INFO]  ReferenceTransformer: reference not found: "var.address_ip"
2024-05-03T18:38:26.326Z [INFO]  ReferenceTransformer: reference not found: "local.project"
2024-05-03T18:38:26.326Z [INFO]  ReferenceTransformer: reference not found: "local.region"
2024-05-03T18:38:26.326Z [INFO]  ReferenceTransformer: reference not found: "local.address_type"
2024-05-03T18:38:26.326Z [INFO]  ReferenceTransformer: reference not found: "var.address_ip"
2024-05-03T18:38:26.326Z [INFO]  ReferenceTransformer: reference not found: "local.project"
2024-05-03T18:38:26.326Z [INFO]  ReferenceTransformer: reference not found: "local.address_type"
2024-05-03T18:38:26.326Z [INFO]  ReferenceTransformer: reference not found: "local.purpose"
2024-05-03T18:38:26.326Z [INFO]  ReferenceTransformer: reference not found: "local.purpose"
2024-05-03T18:38:26.326Z [INFO]  ReferenceTransformer: reference not found: "var.address_network"
2024-05-03T18:38:26.326Z [INFO]  ReferenceTransformer: reference not found: "local.address_type"
2024-05-03T18:38:26.326Z [INFO]  ReferenceTransformer: reference not found: "var.labels"
2024-05-03T18:38:26.326Z [INFO]  ReferenceTransformer: reference not found: "local.purpose"
2024-05-03T18:38:26.326Z [INFO]  ReferenceTransformer: reference not found: "var.address_prefix_length"
2024-05-03T18:38:26.326Z [INFO]  ReferenceTransformer: reference not found: "local.address_type"
2024-05-03T18:38:26.326Z [INFO]  ReferenceTransformer: reference not found: "var.network_tier"
2024-05-03T18:38:26.326Z [INFO]  ReferenceTransformer: reference not found: "var.address_name"
2024-05-03T18:38:26.326Z [INFO]  ReferenceTransformer: reference not found: "var.address_description"
2024-05-03T18:38:26.326Z [INFO]  ReferenceTransformer: reference not found: "local.address_type"
2024-05-03T18:38:26.326Z [INFO]  ReferenceTransformer: reference not found: "local.purpose"
2024-05-03T18:38:26.326Z [INFO]  ReferenceTransformer: reference not found: "var.address_subnetwork"
2024-05-03T18:38:26.327Z [INFO]  ReferenceTransformer: reference not found: "local.address_type"
2024-05-03T18:38:26.327Z [INFO]  ReferenceTransformer: reference not found: "var.labels"
2024-05-03T18:38:26.327Z [INFO]  ReferenceTransformer: reference not found: "local.purpose"
2024-05-03T18:38:26.327Z [INFO]  ReferenceTransformer: reference not found: "var.address_prefix_length"
2024-05-03T18:38:26.327Z [INFO]  ReferenceTransformer: reference not found: "local.region"
2024-05-03T18:38:26.327Z [INFO]  ReferenceTransformer: reference not found: "local.address_type"
2024-05-03T18:38:26.327Z [INFO]  ReferenceTransformer: reference not found: "local.purpose"
2024-05-03T18:38:26.327Z [INFO]  ReferenceTransformer: reference not found: "var.address_subnetwork"
2024-05-03T18:38:26.327Z [INFO]  ReferenceTransformer: reference not found: "local.project"
2024-05-03T18:38:26.327Z [INFO]  ReferenceTransformer: reference not found: "var.address_name"
2024-05-03T18:38:26.327Z [INFO]  ReferenceTransformer: reference not found: "local.address_type"
2024-05-03T18:38:26.327Z [INFO]  ReferenceTransformer: reference not found: "local.purpose"
2024-05-03T18:38:26.327Z [INFO]  ReferenceTransformer: reference not found: "local.purpose"
2024-05-03T18:38:26.327Z [INFO]  ReferenceTransformer: reference not found: "var.address_network"
2024-05-03T18:38:26.327Z [INFO]  ReferenceTransformer: reference not found: "var.address_description"
2024-05-03T18:38:26.327Z [INFO]  ReferenceTransformer: reference not found: "local.address_type"
2024-05-03T18:38:26.327Z [INFO]  ReferenceTransformer: reference not found: "var.address_ip"
2024-05-03T18:38:26.327Z [INFO]  ReferenceTransformer: reference not found: "local.address_type"
2024-05-03T18:38:26.327Z [INFO]  ReferenceTransformer: reference not found: "var.network_tier"
2024-05-03T18:38:26.327Z [INFO]  ReferenceTransformer: reference not found: "local.purpose"
2024-05-03T18:38:26.327Z [INFO]  ReferenceTransformer: reference not found: "local.address_type"
2024-05-03T18:38:26.327Z [INFO]  ReferenceTransformer: reference not found: "local.address_type"
2024-05-03T18:38:26.327Z [INFO]  ReferenceTransformer: reference not found: "var.address_ip"
2024-05-03T18:38:26.327Z [INFO]  ReferenceTransformer: reference not found: "local.region"
2024-05-03T18:38:26.327Z [INFO]  ReferenceTransformer: reference not found: "local.address_type"
2024-05-03T18:38:26.327Z [INFO]  ReferenceTransformer: reference not found: "local.purpose"
2024-05-03T18:38:26.327Z [INFO]  ReferenceTransformer: reference not found: "local.purpose"
2024-05-03T18:38:26.327Z [INFO]  ReferenceTransformer: reference not found: "var.address_network"
2024-05-03T18:38:26.327Z [INFO]  ReferenceTransformer: reference not found: "local.address_type"
2024-05-03T18:38:26.327Z [INFO]  ReferenceTransformer: reference not found: "local.purpose"
2024-05-03T18:38:26.327Z [INFO]  ReferenceTransformer: reference not found: "var.address_subnetwork"
2024-05-03T18:38:26.327Z [INFO]  ReferenceTransformer: reference not found: "var.labels"
2024-05-03T18:38:26.327Z [INFO]  ReferenceTransformer: reference not found: "var.address_prefix_length"
2024-05-03T18:38:26.327Z [INFO]  ReferenceTransformer: reference not found: "var.address_name"
2024-05-03T18:38:26.327Z [INFO]  ReferenceTransformer: reference not found: "local.address_type"
2024-05-03T18:38:26.327Z [INFO]  ReferenceTransformer: reference not found: "var.network_tier"
2024-05-03T18:38:26.327Z [INFO]  ReferenceTransformer: reference not found: "local.project"
2024-05-03T18:38:26.327Z [INFO]  ReferenceTransformer: reference not found: "var.address_description"
2024-05-03T18:38:26.327Z [INFO]  ReferenceTransformer: reference not found: "local.address_type"
2024-05-03T18:38:26.328Z [INFO]  ReferenceTransformer: reference not found: "local.purpose"
2024-05-03T18:38:26.328Z [INFO]  ReferenceTransformer: reference not found: "var.address_subnetwork"
2024-05-03T18:38:26.328Z [INFO]  ReferenceTransformer: reference not found: "var.address_description"
2024-05-03T18:38:26.328Z [INFO]  ReferenceTransformer: reference not found: "local.purpose"
2024-05-03T18:38:26.328Z [INFO]  ReferenceTransformer: reference not found: "local.region"
2024-05-03T18:38:26.328Z [INFO]  ReferenceTransformer: reference not found: "local.address_type"
2024-05-03T18:38:26.328Z [INFO]  ReferenceTransformer: reference not found: "var.address_ip"
2024-05-03T18:38:26.328Z [INFO]  ReferenceTransformer: reference not found: "local.address_type"
2024-05-03T18:38:26.328Z [INFO]  ReferenceTransformer: reference not found: "local.purpose"
2024-05-03T18:38:26.328Z [INFO]  ReferenceTransformer: reference not found: "local.purpose"
2024-05-03T18:38:26.328Z [INFO]  ReferenceTransformer: reference not found: "var.address_network"
2024-05-03T18:38:26.328Z [INFO]  ReferenceTransformer: reference not found: "var.address_name"
2024-05-03T18:38:26.328Z [INFO]  ReferenceTransformer: reference not found: "local.address_type"
2024-05-03T18:38:26.328Z [INFO]  ReferenceTransformer: reference not found: "var.labels"
2024-05-03T18:38:26.328Z [INFO]  ReferenceTransformer: reference not found: "var.address_prefix_length"
2024-05-03T18:38:26.328Z [INFO]  ReferenceTransformer: reference not found: "local.address_type"
2024-05-03T18:38:26.328Z [INFO]  ReferenceTransformer: reference not found: "var.network_tier"
2024-05-03T18:38:26.328Z [INFO]  ReferenceTransformer: reference not found: "local.project"
2024-05-03T18:38:26.328Z [INFO]  ReferenceTransformer: reference not found: "local.purpose"
2024-05-03T18:38:26.328Z [INFO]  ReferenceTransformer: reference not found: "local.address_type"
2024-05-03T18:38:26.328Z [INFO]  ReferenceTransformer: reference not found: "var.address_prefix_length"
2024-05-03T18:38:26.328Z [INFO]  ReferenceTransformer: reference not found: "local.address_type"
2024-05-03T18:38:26.328Z [INFO]  ReferenceTransformer: reference not found: "var.address_ip"
2024-05-03T18:38:26.328Z [INFO]  ReferenceTransformer: reference not found: "local.address_type"
2024-05-03T18:38:26.328Z [INFO]  ReferenceTransformer: reference not found: "local.purpose"
2024-05-03T18:38:26.328Z [INFO]  ReferenceTransformer: reference not found: "local.purpose"
2024-05-03T18:38:26.328Z [INFO]  ReferenceTransformer: reference not found: "var.address_network"
2024-05-03T18:38:26.328Z [INFO]  ReferenceTransformer: reference not found: "var.address_name"
2024-05-03T18:38:26.328Z [INFO]  ReferenceTransformer: reference not found: "var.labels"
2024-05-03T18:38:26.328Z [INFO]  ReferenceTransformer: reference not found: "local.region"
2024-05-03T18:38:26.328Z [INFO]  ReferenceTransformer: reference not found: "local.address_type"
2024-05-03T18:38:26.328Z [INFO]  ReferenceTransformer: reference not found: "var.network_tier"
2024-05-03T18:38:26.328Z [INFO]  ReferenceTransformer: reference not found: "local.project"
2024-05-03T18:38:26.328Z [INFO]  ReferenceTransformer: reference not found: "local.address_type"
2024-05-03T18:38:26.328Z [INFO]  ReferenceTransformer: reference not found: "local.purpose"
2024-05-03T18:38:26.328Z [INFO]  ReferenceTransformer: reference not found: "var.address_subnetwork"
2024-05-03T18:38:26.328Z [INFO]  ReferenceTransformer: reference not found: "var.address_description"
2024-05-03T18:38:26.329Z [INFO]  ReferenceTransformer: reference not found: "local.address_type"
2024-05-03T18:38:26.329Z [INFO]  ReferenceTransformer: reference not found: "local.purpose"
2024-05-03T18:38:26.329Z [INFO]  ReferenceTransformer: reference not found: "var.address_subnetwork"
2024-05-03T18:38:26.329Z [INFO]  ReferenceTransformer: reference not found: "local.address_type"
2024-05-03T18:38:26.329Z [INFO]  ReferenceTransformer: reference not found: "local.region"
2024-05-03T18:38:26.329Z [INFO]  ReferenceTransformer: reference not found: "local.address_type"
2024-05-03T18:38:26.329Z [INFO]  ReferenceTransformer: reference not found: "local.purpose"
2024-05-03T18:38:26.329Z [INFO]  ReferenceTransformer: reference not found: "local.purpose"
2024-05-03T18:38:26.329Z [INFO]  ReferenceTransformer: reference not found: "var.address_network"
2024-05-03T18:38:26.329Z [INFO]  ReferenceTransformer: reference not found: "local.address_type"
2024-05-03T18:38:26.329Z [INFO]  ReferenceTransformer: reference not found: "var.network_tier"
2024-05-03T18:38:26.329Z [INFO]  ReferenceTransformer: reference not found: "var.address_description"
2024-05-03T18:38:26.329Z [INFO]  ReferenceTransformer: reference not found: "var.labels"
2024-05-03T18:38:26.329Z [INFO]  ReferenceTransformer: reference not found: "local.purpose"
2024-05-03T18:38:26.329Z [INFO]  ReferenceTransformer: reference not found: "local.address_type"
2024-05-03T18:38:26.329Z [INFO]  ReferenceTransformer: reference not found: "var.address_ip"
2024-05-03T18:38:26.329Z [INFO]  ReferenceTransformer: reference not found: "var.address_prefix_length"
2024-05-03T18:38:26.329Z [INFO]  ReferenceTransformer: reference not found: "var.address_name"
2024-05-03T18:38:26.329Z [INFO]  ReferenceTransformer: reference not found: "local.project"
2024-05-03T18:38:26.329Z [INFO]  ReferenceTransformer: reference not found: "local.address_type"
2024-05-03T18:38:26.329Z [INFO]  ReferenceTransformer: reference not found: "local.purpose"
2024-05-03T18:38:26.329Z [INFO]  ReferenceTransformer: reference not found: "local.purpose"
2024-05-03T18:38:26.329Z [INFO]  ReferenceTransformer: reference not found: "var.address_network"
2024-05-03T18:38:26.329Z [INFO]  ReferenceTransformer: reference not found: "local.project"
2024-05-03T18:38:26.329Z [INFO]  ReferenceTransformer: reference not found: "local.address_type"
2024-05-03T18:38:26.329Z [INFO]  ReferenceTransformer: reference not found: "local.purpose"
2024-05-03T18:38:26.329Z [INFO]  ReferenceTransformer: reference not found: "var.address_subnetwork"
2024-05-03T18:38:26.329Z [INFO]  ReferenceTransformer: reference not found: "var.address_name"
2024-05-03T18:38:26.329Z [INFO]  ReferenceTransformer: reference not found: "local.address_type"
2024-05-03T18:38:26.329Z [INFO]  ReferenceTransformer: reference not found: "var.network_tier"
2024-05-03T18:38:26.329Z [INFO]  ReferenceTransformer: reference not found: "var.address_description"
2024-05-03T18:38:26.329Z [INFO]  ReferenceTransformer: reference not found: "var.labels"
2024-05-03T18:38:26.329Z [INFO]  ReferenceTransformer: reference not found: "local.purpose"
2024-05-03T18:38:26.329Z [INFO]  ReferenceTransformer: reference not found: "local.address_type"
2024-05-03T18:38:26.329Z [INFO]  ReferenceTransformer: reference not found: "var.address_ip"
2024-05-03T18:38:26.329Z [INFO]  ReferenceTransformer: reference not found: "var.address_prefix_length"
2024-05-03T18:38:26.329Z [INFO]  ReferenceTransformer: reference not found: "local.region"
2024-05-03T18:38:26.329Z [INFO]  ReferenceTransformer: reference not found: "local.address_type"
2024-05-03T18:38:26.329Z [INFO]  ReferenceTransformer: reference not found: "local.address_type"
2024-05-03T18:38:26.330Z [INFO]  ReferenceTransformer: reference not found: "var.address_ip"
2024-05-03T18:38:26.330Z [INFO]  ReferenceTransformer: reference not found: "var.address_prefix_length"
2024-05-03T18:38:26.330Z [INFO]  ReferenceTransformer: reference not found: "local.region"
2024-05-03T18:38:26.330Z [INFO]  ReferenceTransformer: reference not found: "var.address_name"
2024-05-03T18:38:26.330Z [INFO]  ReferenceTransformer: reference not found: "local.address_type"
2024-05-03T18:38:26.330Z [INFO]  ReferenceTransformer: reference not found: "local.purpose"
2024-05-03T18:38:26.330Z [INFO]  ReferenceTransformer: reference not found: "local.purpose"
2024-05-03T18:38:26.330Z [INFO]  ReferenceTransformer: reference not found: "var.address_network"
2024-05-03T18:38:26.330Z [INFO]  ReferenceTransformer: reference not found: "local.project"
2024-05-03T18:38:26.330Z [INFO]  ReferenceTransformer: reference not found: "local.purpose"
2024-05-03T18:38:26.330Z [INFO]  ReferenceTransformer: reference not found: "local.address_type"
2024-05-03T18:38:26.330Z [INFO]  ReferenceTransformer: reference not found: "local.purpose"
2024-05-03T18:38:26.330Z [INFO]  ReferenceTransformer: reference not found: "var.address_subnetwork"
2024-05-03T18:38:26.330Z [INFO]  ReferenceTransformer: reference not found: "var.labels"
2024-05-03T18:38:26.330Z [INFO]  ReferenceTransformer: reference not found: "local.address_type"
2024-05-03T18:38:26.330Z [INFO]  ReferenceTransformer: reference not found: "local.address_type"
2024-05-03T18:38:26.330Z [INFO]  ReferenceTransformer: reference not found: "var.network_tier"
2024-05-03T18:38:26.330Z [INFO]  ReferenceTransformer: reference not found: "var.address_description"
2024-05-03T18:38:26.569Z [WARN]  Provider "registry.terraform.io/hashicorp/google" produced an invalid plan for module.regional_address["gcp-yyz-prd-inf-cnat-ip-01"].google_compute_address.default, but we are tolerating it because it is using the legacy plugin SDK.
    The following problems may be the cause of any confusing errors from downstream operations:
      - .ipv6_endpoint_type: planned value cty.StringVal("") for a non-computed attribute
      - .ip_version: planned value cty.StringVal("") for a non-computed attribute
      - .network: planned value cty.StringVal("") for a non-computed attribute
2024-05-03T18:38:26.580Z [WARN]  Provider "registry.terraform.io/hashicorp/google" produced an invalid plan for module.regional_address["gcp-yyz-fgt-out-priv-ip-02"].google_compute_address.default, but we are tolerating it because it is using the legacy plugin SDK.
    The following problems may be the cause of any confusing errors from downstream operations:
      - .ipv6_endpoint_type: planned value cty.StringVal("") for a non-computed attribute
      - .ip_version: planned value cty.StringVal("") for a non-computed attribute
      - .network: planned value cty.StringVal("") for a non-computed attribute
2024-05-03T18:38:26.584Z [WARN]  Provider "registry.terraform.io/hashicorp/google" produced an invalid plan for module.regional_address["gcp-yyz-fgt-int-priv-ip-02"].google_compute_address.default, but we are tolerating it because it is using the legacy plugin SDK.
    The following problems may be the cause of any confusing errors from downstream operations:
      - .ipv6_endpoint_type: planned value cty.StringVal("") for a non-computed attribute
      - .ip_version: planned value cty.StringVal("") for a non-computed attribute
      - .network: planned value cty.StringVal("") for a non-computed attribute
2024-05-03T18:38:26.590Z [WARN]  Provider "registry.terraform.io/hashicorp/google" produced an invalid plan for module.regional_address["gcp-yyz-fgt-mgmt-priv-ip-02"].google_compute_address.default, but we are tolerating it because it is using the legacy plugin SDK.
    The following problems may be the cause of any confusing errors from downstream operations:
      - .ip_version: planned value cty.StringVal("") for a non-computed attribute
      - .network: planned value cty.StringVal("") for a non-computed attribute
      - .ipv6_endpoint_type: planned value cty.StringVal("") for a non-computed attribute
2024-05-03T18:38:26.634Z [WARN]  Provider "registry.terraform.io/hashicorp/google" produced an invalid plan for module.regional_address["gcp-yyz-fgt-ha-priv-ip-01"].google_compute_address.default, but we are tolerating it because it is using the legacy plugin SDK.
    The following problems may be the cause of any confusing errors from downstream operations:
      - .ipv6_endpoint_type: planned value cty.StringVal("") for a non-computed attribute
      - .ip_version: planned value cty.StringVal("") for a non-computed attribute
      - .network: planned value cty.StringVal("") for a non-computed attribute
2024-05-03T18:38:26.670Z [WARN]  Provider "registry.terraform.io/hashicorp/google" produced an invalid plan for module.regional_address["gcp-yyz-fgt-int-priv-ip-01"].google_compute_address.default, but we are tolerating it because it is using the legacy plugin SDK.
    The following problems may be the cause of any confusing errors from downstream operations:
      - .ip_version: planned value cty.StringVal("") for a non-computed attribute
      - .network: planned value cty.StringVal("") for a non-computed attribute
      - .ipv6_endpoint_type: planned value cty.StringVal("") for a non-computed attribute
2024-05-03T18:38:26.995Z [WARN]  Provider "registry.terraform.io/hashicorp/google" produced an invalid plan for module.regional_address["gcp-yyz-fgt-out-priv-ip-01"].google_compute_address.default, but we are tolerating it because it is using the legacy plugin SDK.
    The following problems may be the cause of any confusing errors from downstream operations:
      - .network: planned value cty.StringVal("") for a non-computed attribute
      - .ipv6_endpoint_type: planned value cty.StringVal("") for a non-computed attribute
      - .ip_version: planned value cty.StringVal("") for a non-computed attribute
2024-05-03T18:38:27.001Z [WARN]  Provider "registry.terraform.io/hashicorp/google" produced an invalid plan for module.regional_address["gcp-yyz-fgt-ha-priv-ip-02"].google_compute_address.default, but we are tolerating it because it is using the legacy plugin SDK.
    The following problems may be the cause of any confusing errors from downstream operations:
      - .network: planned value cty.StringVal("") for a non-computed attribute
      - .ipv6_endpoint_type: planned value cty.StringVal("") for a non-computed attribute
      - .ip_version: planned value cty.StringVal("") for a non-computed attribute
2024-05-03T18:38:27.003Z [WARN]  Provider "registry.terraform.io/hashicorp/google" produced an invalid plan for module.regional_address["gcp-yyz-fgt-ilb-priv-ip-01"].google_compute_address.default, but we are tolerating it because it is using the legacy plugin SDK.
    The following problems may be the cause of any confusing errors from downstream operations:
      - .network: planned value cty.StringVal("") for a non-computed attribute
      - .ipv6_endpoint_type: planned value cty.StringVal("") for a non-computed attribute
      - .ip_version: planned value cty.StringVal("") for a non-computed attribute
2024-05-03T18:38:27.024Z [WARN]  Provider "registry.terraform.io/hashicorp/google" produced an invalid plan for module.regional_address["gcp-yyz-fgt-mgmt-priv-ip-01"].google_compute_address.default, but we are tolerating it because it is using the legacy plugin SDK.
    The following problems may be the cause of any confusing errors from downstream operations:
      - .ip_version: planned value cty.StringVal("") for a non-computed attribute
      - .network: planned value cty.StringVal("") for a non-computed attribute
      - .ipv6_endpoint_type: planned value cty.StringVal("") for a non-computed attribute
2024-05-03T18:38:27.030Z [INFO]  ReferenceTransformer: reference not found: "module.regional_address"
2024-05-03T18:38:27.030Z [INFO]  ReferenceTransformer: reference not found: "var.image_project"
2024-05-03T18:38:27.030Z [INFO]  ReferenceTransformer: reference not found: "var.image_name"
2024-05-03T18:38:27.030Z [INFO]  ReferenceTransformer: reference not found: "module.regional_address"
2024-05-03T18:38:27.030Z [INFO]  ReferenceTransformer: reference not found: "var.mgmt_ips"
2024-05-03T18:38:27.030Z [INFO]  ReferenceTransformer: reference not found: "var.mgmt_ips"
2024-05-03T18:38:27.030Z [INFO]  ReferenceTransformer: reference not found: "count.index"
2024-05-03T18:38:27.030Z [INFO]  ReferenceTransformer: reference not found: "var.region"
2024-05-03T18:38:27.030Z [INFO]  ReferenceTransformer: reference not found: "var.fgt_project_id"
2024-05-03T18:38:27.030Z [INFO]  ReferenceTransformer: reference not found: "module.regional_address"
2024-05-03T18:38:27.030Z [INFO]  ReferenceTransformer: reference not found: "var.mgmt_ips"
2024-05-03T18:38:27.030Z [INFO]  ReferenceTransformer: reference not found: "var.fgt_project_id"
2024-05-03T18:38:27.030Z [INFO]  ReferenceTransformer: reference not found: "var.mgmt_ips"
2024-05-03T18:38:27.031Z [INFO]  ReferenceTransformer: reference not found: "count.index"
2024-05-03T18:38:27.031Z [INFO]  ReferenceTransformer: reference not found: "var.region"
2024-05-03T18:38:27.035Z [INFO]  ReferenceTransformer: reference not found: "module.regional_address"
2024-05-03T18:38:27.035Z [INFO]  ReferenceTransformer: reference not found: "var.priv_ips"
2024-05-03T18:38:27.035Z [INFO]  ReferenceTransformer: reference not found: "var.region"
2024-05-03T18:38:27.035Z [INFO]  ReferenceTransformer: reference not found: "var.fgt_project_id"
2024-05-03T18:38:27.035Z [INFO]  ReferenceTransformer: reference not found: "var.priv_ips"
2024-05-03T18:38:27.035Z [INFO]  ReferenceTransformer: reference not found: "count.index"
2024-05-03T18:38:27.035Z [INFO]  ReferenceTransformer: reference not found: "module.regional_address"
2024-05-03T18:38:27.035Z [INFO]  ReferenceTransformer: reference not found: "var.priv_ips"
2024-05-03T18:38:27.035Z [INFO]  ReferenceTransformer: reference not found: "var.region"
2024-05-03T18:38:27.035Z [INFO]  ReferenceTransformer: reference not found: "var.fgt_project_id"
2024-05-03T18:38:27.035Z [INFO]  ReferenceTransformer: reference not found: "var.priv_ips"
2024-05-03T18:38:27.035Z [INFO]  ReferenceTransformer: reference not found: "count.index"
2024-05-03T18:38:27.036Z [INFO]  ReferenceTransformer: reference not found: "module.regional_address"
2024-05-03T18:38:27.036Z [INFO]  ReferenceTransformer: reference not found: "var.region"
2024-05-03T18:38:27.036Z [INFO]  ReferenceTransformer: reference not found: "var.fgt_project_id"
2024-05-03T18:38:27.036Z [INFO]  ReferenceTransformer: reference not found: "var.ilb_ip"
2024-05-03T18:38:27.037Z [INFO]  ReferenceTransformer: reference not found: "module.regional_address"
2024-05-03T18:38:27.037Z [INFO]  ReferenceTransformer: reference not found: "var.pub_ips"
2024-05-03T18:38:27.037Z [INFO]  ReferenceTransformer: reference not found: "var.fgt_project_id"
2024-05-03T18:38:27.037Z [INFO]  ReferenceTransformer: reference not found: "var.pub_ips"
2024-05-03T18:38:27.037Z [INFO]  ReferenceTransformer: reference not found: "count.index"
2024-05-03T18:38:27.037Z [INFO]  ReferenceTransformer: reference not found: "var.region"
2024-05-03T18:38:27.037Z [INFO]  ReferenceTransformer: reference not found: "module.regional_address"
2024-05-03T18:38:27.037Z [INFO]  ReferenceTransformer: reference not found: "var.pub_ips"
2024-05-03T18:38:27.037Z [INFO]  ReferenceTransformer: reference not found: "var.fgt_project_id"
2024-05-03T18:38:27.037Z [INFO]  ReferenceTransformer: reference not found: "var.pub_ips"
2024-05-03T18:38:27.037Z [INFO]  ReferenceTransformer: reference not found: "count.index"
2024-05-03T18:38:27.037Z [INFO]  ReferenceTransformer: reference not found: "var.region"
2024-05-03T18:38:27.038Z [INFO]  ReferenceTransformer: reference not found: "module.regional_address"
2024-05-03T18:38:27.038Z [INFO]  ReferenceTransformer: reference not found: "var.hasync_ips"
2024-05-03T18:38:27.038Z [INFO]  ReferenceTransformer: reference not found: "var.region"
2024-05-03T18:38:27.038Z [INFO]  ReferenceTransformer: reference not found: "var.fgt_project_id"
2024-05-03T18:38:27.038Z [INFO]  ReferenceTransformer: reference not found: "var.hasync_ips"
2024-05-03T18:38:27.038Z [INFO]  ReferenceTransformer: reference not found: "count.index"
2024-05-03T18:38:27.038Z [INFO]  ReferenceTransformer: reference not found: "module.regional_address"
2024-05-03T18:38:27.038Z [INFO]  ReferenceTransformer: reference not found: "var.hasync_ips"
2024-05-03T18:38:27.038Z [INFO]  ReferenceTransformer: reference not found: "var.hasync_ips"
2024-05-03T18:38:27.038Z [INFO]  ReferenceTransformer: reference not found: "count.index"
2024-05-03T18:38:27.038Z [INFO]  ReferenceTransformer: reference not found: "var.region"
2024-05-03T18:38:27.038Z [INFO]  ReferenceTransformer: reference not found: "var.fgt_project_id"
2024-05-03T18:38:27.040Z [INFO]  ReferenceTransformer: reference not found: "var.region"
2024-05-03T18:38:27.040Z [INFO]  ReferenceTransformer: reference not found: "var.project_id"
2024-05-03T18:38:27.040Z [INFO]  ReferenceTransformer: reference not found: "var.router_name"
2024-05-03T18:38:27.040Z [INFO]  ReferenceTransformer: reference not found: "var.network"
2024-05-03T18:38:27.040Z [INFO]  ReferenceTransformer: reference not found: "var.router_asn"
2024-05-03T18:38:27.040Z [INFO]  ReferenceTransformer: reference not found: "var.router_keepalive_interval"
2024-05-03T18:38:27.315Z [INFO]  ReferenceTransformer: reference not found: "data.google_compute_image.fgt_image"
2024-05-03T18:38:27.315Z [INFO]  ReferenceTransformer: reference not found: "var.subnets"
2024-05-03T18:38:27.315Z [INFO]  ReferenceTransformer: reference not found: "var.subnets"
2024-05-03T18:38:27.315Z [INFO]  ReferenceTransformer: reference not found: "count.index"
2024-05-03T18:38:27.315Z [INFO]  ReferenceTransformer: reference not found: "var.region"
2024-05-03T18:38:27.315Z [INFO]  ReferenceTransformer: reference not found: "var.fgt_project_id"
2024-05-03T18:38:27.315Z [INFO]  ReferenceTransformer: reference not found: "data.google_compute_image.fgt_image"
2024-05-03T18:38:27.315Z [INFO]  ReferenceTransformer: reference not found: "var.subnets"
2024-05-03T18:38:27.315Z [INFO]  ReferenceTransformer: reference not found: "var.subnets"
2024-05-03T18:38:27.315Z [INFO]  ReferenceTransformer: reference not found: "count.index"
2024-05-03T18:38:27.315Z [INFO]  ReferenceTransformer: reference not found: "var.region"
2024-05-03T18:38:27.315Z [INFO]  ReferenceTransformer: reference not found: "var.fgt_project_id"
2024-05-03T18:38:27.315Z [INFO]  ReferenceTransformer: reference not found: "data.google_compute_image.fgt_image"
2024-05-03T18:38:27.315Z [INFO]  ReferenceTransformer: reference not found: "var.subnets"
2024-05-03T18:38:27.315Z [INFO]  ReferenceTransformer: reference not found: "var.region"
2024-05-03T18:38:27.315Z [INFO]  ReferenceTransformer: reference not found: "var.subnets"
2024-05-03T18:38:27.315Z [INFO]  ReferenceTransformer: reference not found: "count.index"
2024-05-03T18:38:27.315Z [INFO]  ReferenceTransformer: reference not found: "var.fgt_project_id"
2024-05-03T18:38:27.315Z [INFO]  ReferenceTransformer: reference not found: "data.google_compute_image.fgt_image"
2024-05-03T18:38:27.315Z [INFO]  ReferenceTransformer: reference not found: "var.subnets"
2024-05-03T18:38:27.315Z [INFO]  ReferenceTransformer: reference not found: "var.fgt_project_id"
2024-05-03T18:38:27.315Z [INFO]  ReferenceTransformer: reference not found: "var.subnets"
2024-05-03T18:38:27.315Z [INFO]  ReferenceTransformer: reference not found: "count.index"
2024-05-03T18:38:27.315Z [INFO]  ReferenceTransformer: reference not found: "var.region"
2024-05-03T18:38:27.861Z [WARN]  Provider "registry.terraform.io/hashicorp/google" produced an invalid plan for module.router["gcp-yyz-prd-inf-crtr-01"].google_compute_router.router, but we are tolerating it because it is using the legacy plugin SDK.
    The following problems may be the cause of any confusing errors from downstream operations:
      - .encrypted_interconnect_router: planned value cty.False for a non-computed attribute
      - .description: planned value cty.StringVal("") for a non-computed attribute
      - .bgp[0].advertise_mode: planned value cty.StringVal("DEFAULT") for a non-computed attribute
2024-05-03T18:38:27.868Z [INFO]  ReferenceTransformer: reference not found: "var.nat_name"
2024-05-03T18:38:27.868Z [INFO]  ReferenceTransformer: reference not found: "var.min_ports_per_vm"
2024-05-03T18:38:27.868Z [INFO]  ReferenceTransformer: reference not found: "var.icmp_idle_timeout_sec"
2024-05-03T18:38:27.868Z [INFO]  ReferenceTransformer: reference not found: "var.region"
2024-05-03T18:38:27.868Z [INFO]  ReferenceTransformer: reference not found: "var.router_name"
2024-05-03T18:38:27.868Z [INFO]  ReferenceTransformer: reference not found: "var.nat_ip_allocate_option"
2024-05-03T18:38:27.868Z [INFO]  ReferenceTransformer: reference not found: "var.tcp_transitory_idle_timeout_sec"
2024-05-03T18:38:27.868Z [INFO]  ReferenceTransformer: reference not found: "var.tcp_established_idle_timeout_sec"
2024-05-03T18:38:27.868Z [INFO]  ReferenceTransformer: reference not found: "var.udp_idle_timeout_sec"
2024-05-03T18:38:27.868Z [INFO]  ReferenceTransformer: reference not found: "var.nat_ip_allocate_option"
2024-05-03T18:38:27.868Z [INFO]  ReferenceTransformer: reference not found: "var.nat_ips"
2024-05-03T18:38:27.868Z [INFO]  ReferenceTransformer: reference not found: "var.source_subnetwork_ip_ranges_to_nat"
2024-05-03T18:38:27.868Z [INFO]  ReferenceTransformer: reference not found: "var.enable_endpoint_independent_mapping"
2024-05-03T18:38:27.868Z [INFO]  ReferenceTransformer: reference not found: "var.project_id"
2024-05-03T18:38:27.868Z [INFO]  ReferenceTransformer: reference not found: "var.subnetworks"
2024-05-03T18:38:27.868Z [INFO]  ReferenceTransformer: reference not found: "var.log_config_enable"
2024-05-03T18:38:27.868Z [INFO]  ReferenceTransformer: reference not found: "var.log_config_enable"
2024-05-03T18:38:27.868Z [INFO]  ReferenceTransformer: reference not found: "var.log_config_filter"
2024-05-03T18:38:28.509Z [WARN]  Provider "registry.terraform.io/hashicorp/google" produced an invalid plan for module.nat["gcp-yyz-prd-inf-cnat-01"].google_compute_router_nat.nat, but we are tolerating it because it is using the legacy plugin SDK.
    The following problems may be the cause of any confusing errors from downstream operations:
      - .max_ports_per_vm: planned value cty.NumberIntVal(0) for a non-computed attribute
      - .tcp_time_wait_timeout_sec: planned value cty.NumberIntVal(120) for a non-computed attribute
      - .drain_nat_ips: planned value cty.SetValEmpty(cty.String) for a non-computed attribute
2024-05-03T18:38:28.516Z [INFO]  ReferenceTransformer: reference not found: "var.image"
2024-05-03T18:38:28.516Z [INFO]  ReferenceTransformer: reference not found: "var.disk_name"
2024-05-03T18:38:28.516Z [INFO]  ReferenceTransformer: reference not found: "var.size"
2024-05-03T18:38:28.516Z [INFO]  ReferenceTransformer: reference not found: "var.description"
2024-05-03T18:38:28.516Z [INFO]  ReferenceTransformer: reference not found: "var.type"
2024-05-03T18:38:28.516Z [INFO]  ReferenceTransformer: reference not found: "var.labels"
2024-05-03T18:38:28.516Z [INFO]  ReferenceTransformer: reference not found: "var.project_id"
2024-05-03T18:38:28.516Z [INFO]  ReferenceTransformer: reference not found: "var.physical_block_size_bytes"
2024-05-03T18:38:28.516Z [INFO]  ReferenceTransformer: reference not found: "var.zone"
2024-05-03T18:38:28.516Z [INFO]  ReferenceTransformer: reference not found: "var.labels"
2024-05-03T18:38:28.516Z [INFO]  ReferenceTransformer: reference not found: "var.project_id"
2024-05-03T18:38:28.516Z [INFO]  ReferenceTransformer: reference not found: "var.zone"
2024-05-03T18:38:28.516Z [INFO]  ReferenceTransformer: reference not found: "var.description"
2024-05-03T18:38:28.516Z [INFO]  ReferenceTransformer: reference not found: "var.image"
2024-05-03T18:38:28.516Z [INFO]  ReferenceTransformer: reference not found: "var.physical_block_size_bytes"
2024-05-03T18:38:28.516Z [INFO]  ReferenceTransformer: reference not found: "var.disk_name"
2024-05-03T18:38:28.516Z [INFO]  ReferenceTransformer: reference not found: "var.type"
2024-05-03T18:38:28.516Z [INFO]  ReferenceTransformer: reference not found: "var.size"
2024-05-03T18:38:28.893Z [WARN]  Provider "registry.terraform.io/hashicorp/google-beta" produced an invalid plan for module.disk["prdyzsecfgtvm02-log-disk01"].google_compute_disk.disk, but we are tolerating it because it is using the legacy plugin SDK.
    The following problems may be the cause of any confusing errors from downstream operations:
      - .multi_writer: planned value cty.False for a non-computed attribute
      - .snapshot: planned value cty.StringVal("") for a non-computed attribute
      - .image: planned value cty.StringVal("") for a non-computed attribute
      - .source_disk: planned value cty.StringVal("") for a non-computed attribute
2024-05-03T18:38:29.270Z [WARN]  Provider "registry.terraform.io/hashicorp/google-beta" produced an invalid plan for module.disk["prdyzsecfgtvm01-log-disk01"].google_compute_disk.disk, but we are tolerating it because it is using the legacy plugin SDK.
    The following problems may be the cause of any confusing errors from downstream operations:
      - .multi_writer: planned value cty.False for a non-computed attribute
      - .snapshot: planned value cty.StringVal("") for a non-computed attribute
      - .image: planned value cty.StringVal("") for a non-computed attribute
      - .source_disk: planned value cty.StringVal("") for a non-computed attribute
2024-05-03T18:38:29.275Z [INFO]  ReferenceTransformer: reference not found: "module.disk"
2024-05-03T18:38:29.337Z [INFO]  ReferenceTransformer: reference not found: "var.machine_type"
2024-05-03T18:38:29.337Z [INFO]  ReferenceTransformer: reference not found: "var.tags"
2024-05-03T18:38:29.337Z [INFO]  ReferenceTransformer: reference not found: "var.labels"
2024-05-03T18:38:29.337Z [INFO]  ReferenceTransformer: reference not found: "var.zone"
2024-05-03T18:38:29.337Z [INFO]  ReferenceTransformer: reference not found: "var.can_ip_forward"
2024-05-03T18:38:29.337Z [INFO]  ReferenceTransformer: reference not found: "var.deletion_protection"
2024-05-03T18:38:29.337Z [INFO]  ReferenceTransformer: reference not found: "var.allow_stopping_for_update"
2024-05-03T18:38:29.337Z [INFO]  ReferenceTransformer: reference not found: "var.metadata"
2024-05-03T18:38:29.337Z [INFO]  ReferenceTransformer: reference not found: "var.project_id"
2024-05-03T18:38:29.337Z [INFO]  ReferenceTransformer: reference not found: "var.desired_status"
2024-05-03T18:38:29.337Z [INFO]  ReferenceTransformer: reference not found: "var.name"
2024-05-03T18:38:29.337Z [INFO]  ReferenceTransformer: reference not found: "var.attached_disk"
2024-05-03T18:38:29.337Z [INFO]  ReferenceTransformer: reference not found: "var.network_interfaces"
2024-05-03T18:38:29.337Z [INFO]  ReferenceTransformer: reference not found: "var.type"
2024-05-03T18:38:29.337Z [INFO]  ReferenceTransformer: reference not found: "var.image"
2024-05-03T18:38:29.337Z [INFO]  ReferenceTransformer: reference not found: "var.labels"
2024-05-03T18:38:29.337Z [INFO]  ReferenceTransformer: reference not found: "var.size"
2024-05-03T18:38:29.337Z [INFO]  ReferenceTransformer: reference not found: "var.service_account_email"
2024-05-03T18:38:29.337Z [INFO]  ReferenceTransformer: reference not found: "var.service_account_scopes"
2024-05-03T18:38:29.337Z [INFO]  ReferenceTransformer: reference not found: "var.preemptible"
2024-05-03T18:38:29.337Z [INFO]  ReferenceTransformer: reference not found: "var.automatic_restart"
2024-05-03T18:38:29.338Z [INFO]  ReferenceTransformer: reference not found: "var.deletion_protection"
2024-05-03T18:38:29.338Z [INFO]  ReferenceTransformer: reference not found: "var.allow_stopping_for_update"
2024-05-03T18:38:29.338Z [INFO]  ReferenceTransformer: reference not found: "var.metadata"
2024-05-03T18:38:29.338Z [INFO]  ReferenceTransformer: reference not found: "var.labels"
2024-05-03T18:38:29.338Z [INFO]  ReferenceTransformer: reference not found: "var.zone"
2024-05-03T18:38:29.338Z [INFO]  ReferenceTransformer: reference not found: "var.name"
2024-05-03T18:38:29.338Z [INFO]  ReferenceTransformer: reference not found: "var.tags"
2024-05-03T18:38:29.338Z [INFO]  ReferenceTransformer: reference not found: "var.can_ip_forward"
2024-05-03T18:38:29.338Z [INFO]  ReferenceTransformer: reference not found: "var.project_id"
2024-05-03T18:38:29.338Z [INFO]  ReferenceTransformer: reference not found: "var.desired_status"
2024-05-03T18:38:29.338Z [INFO]  ReferenceTransformer: reference not found: "var.machine_type"
2024-05-03T18:38:29.338Z [INFO]  ReferenceTransformer: reference not found: "var.attached_disk"
2024-05-03T18:38:29.338Z [INFO]  ReferenceTransformer: reference not found: "var.network_interfaces"
2024-05-03T18:38:29.338Z [INFO]  ReferenceTransformer: reference not found: "var.size"
2024-05-03T18:38:29.338Z [INFO]  ReferenceTransformer: reference not found: "var.type"
2024-05-03T18:38:29.338Z [INFO]  ReferenceTransformer: reference not found: "var.image"
2024-05-03T18:38:29.338Z [INFO]  ReferenceTransformer: reference not found: "var.labels"
2024-05-03T18:38:29.338Z [INFO]  ReferenceTransformer: reference not found: "var.service_account_email"
2024-05-03T18:38:29.338Z [INFO]  ReferenceTransformer: reference not found: "var.service_account_scopes"
2024-05-03T18:38:29.338Z [INFO]  ReferenceTransformer: reference not found: "var.preemptible"
2024-05-03T18:38:29.338Z [INFO]  ReferenceTransformer: reference not found: "var.automatic_restart"
2024-05-03T18:38:29.949Z [WARN]  Provider "registry.terraform.io/hashicorp/google" produced an invalid plan for module.vm["prdyzsecfgtvm02"].google_compute_instance.default, but we are tolerating it because it is using the legacy plugin SDK.
    The following problems may be the cause of any confusing errors from downstream operations:
      - .description: planned value cty.StringVal("") for a non-computed attribute
      - .enable_display: planned value cty.False for a non-computed attribute
      - .hostname: planned value cty.StringVal("") for a non-computed attribute
      - .resource_policies: planned value cty.ListValEmpty(cty.String) for a non-computed attribute
      - .attached_disk[0].disk_encryption_key_raw: sensitive planned value for a non-computed attribute
      - .attached_disk[0].mode: planned value cty.StringVal("READ_WRITE") for a non-computed attribute
      - .shielded_instance_config: block count in plan (1) disagrees with count in config (0)
      - .boot_disk[0].auto_delete: planned value cty.True for a non-computed attribute
      - .boot_disk[0].disk_encryption_key_raw: sensitive planned value for a non-computed attribute
      - .boot_disk[0].mode: planned value cty.StringVal("READ_WRITE") for a non-computed attribute
      - .boot_disk[0].initialize_params[0].resource_manager_tags: planned value cty.MapValEmpty(cty.String) for a non-computed attribute
      - .boot_disk[0].initialize_params[0].enable_confidential_compute: planned value cty.False for a non-computed attribute
      - .network_interface[0].queue_count: planned value cty.NumberIntVal(0) for a non-computed attribute
      - .network_interface[1].queue_count: planned value cty.NumberIntVal(0) for a non-computed attribute
      - .network_interface[2].queue_count: planned value cty.NumberIntVal(0) for a non-computed attribute
      - .network_interface[3].queue_count: planned value cty.NumberIntVal(0) for a non-computed attribute
      - .scheduling[0].instance_termination_action: planned value cty.StringVal("") for a non-computed attribute
      - .scheduling[0].min_node_cpus: planned value cty.NumberIntVal(0) for a non-computed attribute
2024-05-03T18:38:30.224Z [WARN]  Provider "registry.terraform.io/hashicorp/google" produced an invalid plan for module.vm["prdyzsecfgtvm01"].google_compute_instance.default, but we are tolerating it because it is using the legacy plugin SDK.
    The following problems may be the cause of any confusing errors from downstream operations:
      - .hostname: planned value cty.StringVal("") for a non-computed attribute
      - .resource_policies: planned value cty.ListValEmpty(cty.String) for a non-computed attribute
      - .description: planned value cty.StringVal("") for a non-computed attribute
      - .enable_display: planned value cty.False for a non-computed attribute
      - .attached_disk[0].disk_encryption_key_raw: sensitive planned value for a non-computed attribute
      - .attached_disk[0].mode: planned value cty.StringVal("READ_WRITE") for a non-computed attribute
      - .boot_disk[0].disk_encryption_key_raw: sensitive planned value for a non-computed attribute
      - .boot_disk[0].mode: planned value cty.StringVal("READ_WRITE") for a non-computed attribute
      - .boot_disk[0].auto_delete: planned value cty.True for a non-computed attribute
      - .boot_disk[0].initialize_params[0].enable_confidential_compute: planned value cty.False for a non-computed attribute
      - .boot_disk[0].initialize_params[0].resource_manager_tags: planned value cty.MapValEmpty(cty.String) for a non-computed attribute
      - .network_interface[0].queue_count: planned value cty.NumberIntVal(0) for a non-computed attribute
      - .network_interface[1].queue_count: planned value cty.NumberIntVal(0) for a non-computed attribute
      - .network_interface[2].queue_count: planned value cty.NumberIntVal(0) for a non-computed attribute
      - .network_interface[3].queue_count: planned value cty.NumberIntVal(0) for a non-computed attribute
      - .scheduling[0].instance_termination_action: planned value cty.StringVal("") for a non-computed attribute
      - .scheduling[0].min_node_cpus: planned value cty.NumberIntVal(0) for a non-computed attribute
      - .shielded_instance_config: block count in plan (1) disagrees with count in config (0)
2024-05-03T18:38:30.239Z [INFO]  ReferenceTransformer: reference not found: "local.health_check_name"
2024-05-03T18:38:30.239Z [INFO]  ReferenceTransformer: reference not found: "local.project"
2024-05-03T18:38:30.239Z [INFO]  ReferenceTransformer: reference not found: "local.unhealthy_threshold"
2024-05-03T18:38:30.239Z [INFO]  ReferenceTransformer: reference not found: "local.region"
2024-05-03T18:38:30.239Z [INFO]  ReferenceTransformer: reference not found: "local.timeout_sec"
2024-05-03T18:38:30.239Z [INFO]  ReferenceTransformer: reference not found: "local.health_check_description"
2024-05-03T18:38:30.239Z [INFO]  ReferenceTransformer: reference not found: "local.check_interval_sec"
2024-05-03T18:38:30.239Z [INFO]  ReferenceTransformer: reference not found: "local.healthy_threshold"
2024-05-03T18:38:30.239Z [INFO]  ReferenceTransformer: reference not found: "var.http_health_check"
2024-05-03T18:38:30.239Z [INFO]  ReferenceTransformer: reference not found: "var.tcp_health_check"
2024-05-03T18:38:30.864Z [WARN]  Provider "registry.terraform.io/hashicorp/google" produced an invalid plan for module.health_check["gcp-yyz-prd-sec-fgt-ilb-01-hc-01"].google_compute_region_health_check.healthcheck, but we are tolerating it because it is using the legacy plugin SDK.
    The following problems may be the cause of any confusing errors from downstream operations:
      - .http_health_check[0].port_name: planned value cty.StringVal("") for a non-computed attribute
      - .http_health_check[0].port_specification: planned value cty.StringVal("") for a non-computed attribute
      - .http_health_check[0].proxy_header: planned value cty.StringVal("NONE") for a non-computed attribute
      - .http_health_check[0].request_path: planned value cty.StringVal("/") for a non-computed attribute
      - .http_health_check[0].response: planned value cty.StringVal("") for a non-computed attribute
      - .http_health_check[0].host: planned value cty.StringVal("") for a non-computed attribute
      - .log_config: block count in plan (1) disagrees with count in config (0)
2024-05-03T18:38:30.869Z [INFO]  ReferenceTransformer: reference not found: "var.umig_instances"
2024-05-03T18:38:30.869Z [INFO]  ReferenceTransformer: reference not found: "local.network"
2024-05-03T18:38:30.869Z [INFO]  ReferenceTransformer: reference not found: "local.zone"
2024-05-03T18:38:30.869Z [INFO]  ReferenceTransformer: reference not found: "var.umig_name"
2024-05-03T18:38:30.869Z [INFO]  ReferenceTransformer: reference not found: "local.project"
2024-05-03T18:38:30.869Z [INFO]  ReferenceTransformer: reference not found: "var.umig_description"
2024-05-03T18:38:30.869Z [INFO]  ReferenceTransformer: reference not found: "var.named_port"
2024-05-03T18:38:30.870Z [INFO]  ReferenceTransformer: reference not found: "local.zone"
2024-05-03T18:38:30.870Z [INFO]  ReferenceTransformer: reference not found: "var.umig_name"
2024-05-03T18:38:30.870Z [INFO]  ReferenceTransformer: reference not found: "local.project"
2024-05-03T18:38:30.870Z [INFO]  ReferenceTransformer: reference not found: "var.umig_description"
2024-05-03T18:38:30.870Z [INFO]  ReferenceTransformer: reference not found: "var.umig_instances"
2024-05-03T18:38:30.870Z [INFO]  ReferenceTransformer: reference not found: "local.network"
2024-05-03T18:38:30.870Z [INFO]  ReferenceTransformer: reference not found: "var.named_port"
2024-05-03T18:38:31.650Z [INFO]  ReferenceTransformer: reference not found: "local.backend_type"
2024-05-03T18:38:31.650Z [INFO]  ReferenceTransformer: reference not found: "local.region"
2024-05-03T18:38:31.650Z [INFO]  ReferenceTransformer: reference not found: "var.health_check_id"
2024-05-03T18:38:31.650Z [INFO]  ReferenceTransformer: reference not found: "var.backend_name"
2024-05-03T18:38:31.650Z [INFO]  ReferenceTransformer: reference not found: "var.backend_timeout_sec"
2024-05-03T18:38:31.650Z [INFO]  ReferenceTransformer: reference not found: "var.backend_description"
2024-05-03T18:38:31.650Z [INFO]  ReferenceTransformer: reference not found: "var.backend_protocol"
2024-05-03T18:38:31.650Z [INFO]  ReferenceTransformer: reference not found: "local.load_balancing_scheme"
2024-05-03T18:38:31.650Z [INFO]  ReferenceTransformer: reference not found: "local.project"
2024-05-03T18:38:31.650Z [INFO]  ReferenceTransformer: reference not found: "local.network"
2024-05-03T18:38:31.650Z [INFO]  ReferenceTransformer: reference not found: "var.backend"
2024-05-03T18:38:31.650Z [INFO]  ReferenceTransformer: reference not found: "var.log_config"
2024-05-03T18:38:32.340Z [WARN]  Provider "registry.terraform.io/hashicorp/google" produced an invalid plan for module.nlb["gcp-yyz-prd-sec-fgt-ilb-01-frontend-01"].google_compute_region_backend_service.backend[0], but we are tolerating it because it is using the legacy plugin SDK.
    The following problems may be the cause of any confusing errors from downstream operations:
      - .connection_draining_timeout_sec: planned value cty.NumberIntVal(0) for a non-computed attribute
      - .affinity_cookie_ttl_sec: planned value cty.NumberIntVal(0) for a non-computed attribute
      - .enable_cdn: planned value cty.False for a non-computed attribute
      - .locality_lb_policy: planned value cty.StringVal("") for a non-computed attribute
2024-05-03T18:38:32.344Z [INFO]  ReferenceTransformer: reference not found: "var.frontend_name"
2024-05-03T18:38:32.344Z [INFO]  ReferenceTransformer: reference not found: "local.backend_type"
2024-05-03T18:38:32.344Z [INFO]  ReferenceTransformer: reference not found: "var.ports"
2024-05-03T18:38:32.344Z [INFO]  ReferenceTransformer: reference not found: "var.all_ports"
2024-05-03T18:38:32.344Z [INFO]  ReferenceTransformer: reference not found: "local.project"
2024-05-03T18:38:32.344Z [INFO]  ReferenceTransformer: reference not found: "local.load_balancing_scheme"
2024-05-03T18:38:32.344Z [INFO]  ReferenceTransformer: reference not found: "var.ip_protocol"
2024-05-03T18:38:32.344Z [INFO]  ReferenceTransformer: reference not found: "local.backend_type"
2024-05-03T18:38:32.344Z [INFO]  ReferenceTransformer: reference not found: "local.network"
2024-05-03T18:38:32.344Z [INFO]  ReferenceTransformer: reference not found: "local.backend_type"
2024-05-03T18:38:32.344Z [INFO]  ReferenceTransformer: reference not found: "var.labels"
2024-05-03T18:38:32.345Z [INFO]  ReferenceTransformer: reference not found: "local.backend_type"
2024-05-03T18:38:32.345Z [INFO]  ReferenceTransformer: reference not found: "var.port_range"
2024-05-03T18:38:32.345Z [INFO]  ReferenceTransformer: reference not found: "var.allow_global_access"
2024-05-03T18:38:32.345Z [INFO]  ReferenceTransformer: reference not found: "local.subnetwork"
2024-05-03T18:38:32.345Z [INFO]  ReferenceTransformer: reference not found: "local.region"
2024-05-03T18:38:32.345Z [INFO]  ReferenceTransformer: reference not found: "var.ip_address"
2024-05-03T18:38:32.345Z [INFO]  ReferenceTransformer: reference not found: "var.frontend_description"
2024-05-03T18:38:33.019Z [WARN]  Provider "registry.terraform.io/hashicorp/google" produced an invalid plan for module.nlb["gcp-yyz-prd-sec-fgt-ilb-01-frontend-01"].google_compute_forwarding_rule.rule, but we are tolerating it because it is using the legacy plugin SDK.
    The following problems may be the cause of any confusing errors from downstream operations:
      - .recreate_closed_psc: planned value cty.False for a non-computed attribute
      - .service_label: planned value cty.StringVal("") for a non-computed attribute
      - .ports: planned value cty.SetValEmpty(cty.String) for a non-computed attribute
      - .source_ip_ranges: planned value cty.ListValEmpty(cty.String) for a non-computed attribute
      - .allow_psc_global_access: planned value cty.False for a non-computed attribute
      - .is_mirroring_collector: planned value cty.False for a non-computed attribute
      - .target: planned value cty.StringVal("") for a non-computed attribute
2024-05-03T18:38:33.026Z [INFO]  ReferenceTransformer: reference not found: "var.secret_id"
2024-05-03T18:38:33.026Z [INFO]  ReferenceTransformer: reference not found: "var.labels"
2024-05-03T18:38:33.026Z [INFO]  ReferenceTransformer: reference not found: "var.version_aliases"
2024-05-03T18:38:33.026Z [INFO]  ReferenceTransformer: reference not found: "var.expire_time"
2024-05-03T18:38:33.026Z [INFO]  ReferenceTransformer: reference not found: "var.annotations"
2024-05-03T18:38:33.026Z [INFO]  ReferenceTransformer: reference not found: "var.project_id"
2024-05-03T18:38:33.026Z [INFO]  ReferenceTransformer: reference not found: "var.ttl"
2024-05-03T18:38:33.026Z [INFO]  ReferenceTransformer: reference not found: "var.topics"
2024-05-03T18:38:33.026Z [INFO]  ReferenceTransformer: reference not found: "var.rotation"
2024-05-03T18:38:33.026Z [INFO]  ReferenceTransformer: reference not found: "var.auto"
2024-05-03T18:38:33.026Z [INFO]  ReferenceTransformer: reference not found: "var.auto"
2024-05-03T18:38:33.239Z [WARN]  Provider "registry.terraform.io/hashicorp/google" produced an invalid plan for module.secret["gcp-yyz-prd-sec-fgt-api-key-01"].google_secret_manager_secret.secret, but we are tolerating it because it is using the legacy plugin SDK.
    The following problems may be the cause of any confusing errors from downstream operations:
      - .version_aliases: planned value cty.MapValEmpty(cty.String) for a non-computed attribute
      - .version_destroy_ttl: planned value cty.StringVal("") for a non-computed attribute
2024-05-03T18:38:33.241Z [INFO]  ReferenceTransformer: reference not found: "var.secret_data"
2024-05-03T18:38:33.241Z [INFO]  ReferenceTransformer: reference not found: "var.enabled"
2024-05-03T18:38:33.241Z [INFO]  ReferenceTransformer: reference not found: "var.is_secret_data_base64"
2024-05-03T18:38:33.241Z [INFO]  ReferenceTransformer: reference not found: "var.deletion_policy"
2024-05-03T18:38:33.542Z [INFO]  ReferenceTransformer: reference not found: "each.key"
2024-05-03T18:38:33.543Z [INFO]  ReferenceTransformer: reference not found: "each.value"
2024-05-03T18:38:33.554Z [INFO]  ReferenceTransformer: reference not found: "each.value"
2024-05-03T18:38:33.555Z [INFO]  ReferenceTransformer: reference not found: "each.value"
2024-05-03T18:38:33.555Z [INFO]  ReferenceTransformer: reference not found: "each.value"
2024-05-03T18:38:33.555Z [INFO]  ReferenceTransformer: reference not found: "each.value"
2024-05-03T18:38:33.555Z [INFO]  ReferenceTransformer: reference not found: "each.value"
2024-05-03T18:38:33.555Z [INFO]  ReferenceTransformer: reference not found: "each.value"
2024-05-03T18:38:33.555Z [INFO]  ReferenceTransformer: reference not found: "each.value"
2024-05-03T18:38:33.555Z [INFO]  ReferenceTransformer: reference not found: "each.key"
2024-05-03T18:38:33.555Z [INFO]  ReferenceTransformer: reference not found: "each.value"
2024-05-03T18:38:33.555Z [INFO]  ReferenceTransformer: reference not found: "each.value"
2024-05-03T18:38:33.555Z [INFO]  ReferenceTransformer: reference not found: "each.value"
2024-05-03T18:38:33.555Z [INFO]  ReferenceTransformer: reference not found: "each.value"
2024-05-03T18:38:33.556Z [INFO]  ReferenceTransformer: reference not found: "each.value"
2024-05-03T18:38:33.556Z [INFO]  ReferenceTransformer: reference not found: "each.value"
2024-05-03T18:38:33.556Z [INFO]  ReferenceTransformer: reference not found: "each.value"
2024-05-03T18:38:33.556Z [INFO]  ReferenceTransformer: reference not found: "each.key"
2024-05-03T18:38:33.556Z [INFO]  ReferenceTransformer: reference not found: "each.value"
2024-05-03T18:38:33.556Z [INFO]  ReferenceTransformer: reference not found: "each.value"
2024-05-03T18:38:33.556Z [INFO]  ReferenceTransformer: reference not found: "each.value"
2024-05-03T18:38:33.556Z [INFO]  ReferenceTransformer: reference not found: "each.value"
2024-05-03T18:38:33.557Z [INFO]  ReferenceTransformer: reference not found: "each.key"
2024-05-03T18:38:33.557Z [INFO]  ReferenceTransformer: reference not found: "each.value"
2024-05-03T18:38:33.557Z [INFO]  ReferenceTransformer: reference not found: "each.key"
2024-05-03T18:38:33.557Z [INFO]  ReferenceTransformer: reference not found: "each.value"
2024-05-03T18:38:33.557Z [INFO]  ReferenceTransformer: reference not found: "each.value"
2024-05-03T18:38:33.557Z [INFO]  ReferenceTransformer: reference not found: "each.value"
2024-05-03T18:38:33.557Z [INFO]  ReferenceTransformer: reference not found: "each.value"
2024-05-03T18:38:33.557Z [INFO]  ReferenceTransformer: reference not found: "each.value"
2024-05-03T18:38:33.557Z [INFO]  ReferenceTransformer: reference not found: "each.value"
2024-05-03T18:38:33.557Z [INFO]  ReferenceTransformer: reference not found: "each.value"
2024-05-03T18:38:33.557Z [INFO]  ReferenceTransformer: reference not found: "each.value"
2024-05-03T18:38:33.557Z [INFO]  ReferenceTransformer: reference not found: "each.value"
2024-05-03T18:38:33.557Z [INFO]  ReferenceTransformer: reference not found: "each.value"
2024-05-03T18:38:33.557Z [INFO]  ReferenceTransformer: reference not found: "each.value"
2024-05-03T18:38:33.558Z [INFO]  ReferenceTransformer: reference not found: "each.value"
2024-05-03T18:38:33.558Z [INFO]  ReferenceTransformer: reference not found: "path.module"
2024-05-03T18:38:33.558Z [INFO]  ReferenceTransformer: reference not found: "each.value"
2024-05-03T18:38:33.558Z [INFO]  ReferenceTransformer: reference not found: "each.value"
2024-05-03T18:38:33.558Z [INFO]  ReferenceTransformer: reference not found: "each.value"
2024-05-03T18:38:33.558Z [INFO]  ReferenceTransformer: reference not found: "each.value"
2024-05-03T18:38:33.558Z [INFO]  ReferenceTransformer: reference not found: "each.value"
2024-05-03T18:38:33.558Z [INFO]  ReferenceTransformer: reference not found: "path.module"
2024-05-03T18:38:33.558Z [INFO]  ReferenceTransformer: reference not found: "each.value"
2024-05-03T18:38:33.558Z [INFO]  ReferenceTransformer: reference not found: "each.value"
2024-05-03T18:38:33.559Z [INFO]  ReferenceTransformer: reference not found: "each.value"
2024-05-03T18:38:33.559Z [INFO]  ReferenceTransformer: reference not found: "each.value"
2024-05-03T18:38:33.559Z [INFO]  ReferenceTransformer: reference not found: "each.key"
2024-05-03T18:38:33.559Z [INFO]  ReferenceTransformer: reference not found: "each.value"
2024-05-03T18:38:33.559Z [INFO]  ReferenceTransformer: reference not found: "each.value"
2024-05-03T18:38:33.559Z [INFO]  ReferenceTransformer: reference not found: "each.value"
2024-05-03T18:38:33.559Z [INFO]  ReferenceTransformer: reference not found: "each.value"
2024-05-03T18:38:33.559Z [INFO]  ReferenceTransformer: reference not found: "each.value"
2024-05-03T18:38:33.559Z [INFO]  ReferenceTransformer: reference not found: "each.value"
2024-05-03T18:38:33.559Z [INFO]  ReferenceTransformer: reference not found: "each.value"
2024-05-03T18:38:33.559Z [INFO]  ReferenceTransformer: reference not found: "each.key"
2024-05-03T18:38:33.559Z [INFO]  ReferenceTransformer: reference not found: "each.value"
2024-05-03T18:38:33.559Z [INFO]  ReferenceTransformer: reference not found: "each.value"
2024-05-03T18:38:33.559Z [INFO]  ReferenceTransformer: reference not found: "each.value"
2024-05-03T18:38:33.560Z [INFO]  ReferenceTransformer: reference not found: "each.value"
2024-05-03T18:38:33.560Z [INFO]  ReferenceTransformer: reference not found: "each.value"
2024-05-03T18:38:33.560Z [INFO]  ReferenceTransformer: reference not found: "each.value"
2024-05-03T18:38:33.560Z [INFO]  ReferenceTransformer: reference not found: "each.value"
2024-05-03T18:38:33.560Z [INFO]  ReferenceTransformer: reference not found: "each.value"
2024-05-03T18:38:33.560Z [INFO]  ReferenceTransformer: reference not found: "each.value"
2024-05-03T18:38:33.560Z [INFO]  ReferenceTransformer: reference not found: "each.value"
2024-05-03T18:38:33.560Z [INFO]  ReferenceTransformer: reference not found: "each.value"
2024-05-03T18:38:33.560Z [INFO]  ReferenceTransformer: reference not found: "each.key"
2024-05-03T18:38:33.560Z [INFO]  ReferenceTransformer: reference not found: "each.value"
2024-05-03T18:38:33.560Z [INFO]  ReferenceTransformer: reference not found: "each.value"
2024-05-03T18:38:33.560Z [INFO]  ReferenceTransformer: reference not found: "each.value"
2024-05-03T18:38:33.560Z [INFO]  ReferenceTransformer: reference not found: "each.value"
2024-05-03T18:38:33.560Z [INFO]  ReferenceTransformer: reference not found: "each.value"
2024-05-03T18:38:33.560Z [INFO]  ReferenceTransformer: reference not found: "each.value"
2024-05-03T18:38:33.560Z [INFO]  ReferenceTransformer: reference not found: "each.value"
2024-05-03T18:38:33.560Z [INFO]  ReferenceTransformer: reference not found: "each.key"
2024-05-03T18:38:33.560Z [INFO]  ReferenceTransformer: reference not found: "each.value"
2024-05-03T18:38:33.560Z [INFO]  ReferenceTransformer: reference not found: "each.value"
2024-05-03T18:38:33.560Z [INFO]  ReferenceTransformer: reference not found: "each.key"
2024-05-03T18:38:33.560Z [INFO]  ReferenceTransformer: reference not found: "each.value"
2024-05-03T18:38:33.560Z [INFO]  ReferenceTransformer: reference not found: "each.value"
2024-05-03T18:38:33.560Z [INFO]  ReferenceTransformer: reference not found: "each.value"
2024-05-03T18:38:33.561Z [INFO]  ReferenceTransformer: reference not found: "each.value"
2024-05-03T18:38:33.561Z [INFO]  ReferenceTransformer: reference not found: "each.value"
2024-05-03T18:38:33.561Z [INFO]  ReferenceTransformer: reference not found: "each.value"
2024-05-03T18:38:33.561Z [INFO]  ReferenceTransformer: reference not found: "each.value"
2024-05-03T18:38:33.561Z [INFO]  ReferenceTransformer: reference not found: "each.value"
2024-05-03T18:38:33.561Z [INFO]  ReferenceTransformer: reference not found: "each.value"
2024-05-03T18:38:33.561Z [INFO]  ReferenceTransformer: reference not found: "each.value"
2024-05-03T18:38:33.561Z [INFO]  ReferenceTransformer: reference not found: "each.value"
2024-05-03T18:38:33.561Z [INFO]  ReferenceTransformer: reference not found: "each.value"
2024-05-03T18:38:33.561Z [INFO]  ReferenceTransformer: reference not found: "each.value"
2024-05-03T18:38:33.562Z [INFO]  ReferenceTransformer: reference not found: "each.value"
2024-05-03T18:38:33.562Z [INFO]  ReferenceTransformer: reference not found: "each.value"
2024-05-03T18:38:33.562Z [INFO]  ReferenceTransformer: reference not found: "each.value"
2024-05-03T18:38:33.562Z [INFO]  ReferenceTransformer: reference not found: "each.value"
2024-05-03T18:38:33.562Z [INFO]  ReferenceTransformer: reference not found: "each.value"
2024-05-03T18:38:33.562Z [INFO]  ReferenceTransformer: reference not found: "each.value"
2024-05-03T18:38:33.562Z [INFO]  ReferenceTransformer: reference not found: "each.value"
2024-05-03T18:38:33.562Z [INFO]  ReferenceTransformer: reference not found: "each.value"
2024-05-03T18:38:33.562Z [INFO]  ReferenceTransformer: reference not found: "each.value"
2024-05-03T18:38:33.562Z [INFO]  ReferenceTransformer: reference not found: "each.value"
2024-05-03T18:38:33.562Z [INFO]  ReferenceTransformer: reference not found: "each.value"
2024-05-03T18:38:33.562Z [INFO]  ReferenceTransformer: reference not found: "each.value"
2024-05-03T18:38:33.589Z [INFO]  backend/local: plan operation completed
2024-05-03T18:38:33.590Z [INFO]  backend/local: writing plan output to: ../plan-file/fortigate-tf-plan.json
