2024-04-08T16:26:37.377Z [INFO]  Terraform version: 1.7.5
2024-04-08T16:26:37.377Z [INFO]  Go runtime version: go1.21.8
2024-04-08T16:26:37.377Z [INFO]  CLI args: []string{"terraform", "init", "-upgrade", "-backend-config=bucket=gcp-yyz-prd-inf-cloudautomation-sbuc-01", "-backend-config=prefix=fortigate/state-file"}
2024-04-08T16:26:37.378Z [INFO]  CLI command args: []string{"init", "-upgrade", "-backend-config=bucket=gcp-yyz-prd-inf-cloudautomation-sbuc-01", "-backend-config=prefix=fortigate/state-file"}
2024-04-08T16:26:45.960Z [INFO]  Terraform version: 1.7.5
2024-04-08T16:26:45.960Z [INFO]  Go runtime version: go1.21.8
2024-04-08T16:26:45.960Z [INFO]  CLI args: []string{"terraform", "apply", "-refresh-only", "-var=access_token=ya29.c.c0AY_VpZjodeIb-AvE0kwYes6n1sUeGy_Bqgj1qF7sfRnHVMhfOrGxYlkSj-iOnHT1qiVOhuj2MYEPPUftHVyHlmUF67zk3p8JZ2ER3Twclg3Aj9TobyNAWjFljNTTIysia1zLOMD6LUxF9dX6nQqy4vJCVKh-DC0ZlyNj0QHygoHPEe77u1hKEyDDu5kz5XV-cXpsPZU6-dzAOJWI4XltLG_BKluRqA93ewW9th7BESpK75PydhV9eUXYsQdZtm1XiyvkgpodKUYV-bJR2shwHHAvOH3ZqmIJkdyxOLonRND1ZUrgu6V1iSJcUcNZ8aiAGeyRh5Rb_B85xv_OiPpuYe2KogHmb0zHWS6CN7flGbbYeWqH1C8Ro604zHpU5MRE0oFK6bv9VSW-sa8AYRFyJNNIXqARcvHhf2SVlPEU0lP_rT9yGSyJtIAClwB2OUR42pqCxcUIMowPwnJSMvR3GadBBCgkL7mGtwLUHI9z4vU2X6GIbPzvxgExdxiJLTR_0WnknoOmX-iFBpAk_wyXvJEnSmZ0SKNEgGRtRZldFbz7IEFD8Sivpr4-mcYHRNSbP189BNZGx9mAlPlTDnEydjxma_xTGLwZ6h--yvF6VSI88tMcGlqsFdCcGCIj3qMhijudQ9ukL70lRWHCRIQPI_NqoLDhRXW_LZECV9v5T689CSZedaO__S-a4Y8pdOm0Zn3gW845rqZYRsQ1r_d51UfaZJfubIvk7q8SYuZmYlcIyZlYws8exybZ00geq-U30z80bqVhU0ztzRVg__hMjbdpkxRIO61r40Qce5eIliu-_xMv2Fql96l-X-Xi3XIv7tUM9vU7q3WdMutYU2W4rzO9lgOcY5ft7_WzUW9kp5sbpx3nftl498kUdcqVfi5ffU_8Vwgr2ono0UcQ1-4ikJVXc904OqVxjqdm8-SnXn9y9a9ySSl_97zXw1rl-BB5xz7Suj4MIf_fthZXsBcROFQpQxruFbIY5bzi2xp--FOpxj72hihvYrv", "-var=project_id=gcp-prj-inf-automation-prd-01", "-var-file=../input-file/disk.tfvars", "-var-file=../input-file/vm.tfvars", "-var-file=../input-file/umig.tfvars", "-var-file=../input-file/health_check.tfvars", "-var-file=../input-file/nlb.tfvars", "-var-file=../input-file/router.tfvars", "-var-file=../input-file/nat.tfvars", "-var-file=../input-file/address.tfvars", "-var-file=../input-file/data.tfvars", "-var-file=../input-file/secret.tfvars"}
2024-04-08T16:26:45.961Z [INFO]  CLI command args: []string{"apply", "-refresh-only", "-var=access_token=ya29.c.c0AY_VpZjodeIb-AvE0kwYes6n1sUeGy_Bqgj1qF7sfRnHVMhfOrGxYlkSj-iOnHT1qiVOhuj2MYEPPUftHVyHlmUF67zk3p8JZ2ER3Twclg3Aj9TobyNAWjFljNTTIysia1zLOMD6LUxF9dX6nQqy4vJCVKh-DC0ZlyNj0QHygoHPEe77u1hKEyDDu5kz5XV-cXpsPZU6-dzAOJWI4XltLG_BKluRqA93ewW9th7BESpK75PydhV9eUXYsQdZtm1XiyvkgpodKUYV-bJR2shwHHAvOH3ZqmIJkdyxOLonRND1ZUrgu6V1iSJcUcNZ8aiAGeyRh5Rb_B85xv_OiPpuYe2KogHmb0zHWS6CN7flGbbYeWqH1C8Ro604zHpU5MRE0oFK6bv9VSW-sa8AYRFyJNNIXqARcvHhf2SVlPEU0lP_rT9yGSyJtIAClwB2OUR42pqCxcUIMowPwnJSMvR3GadBBCgkL7mGtwLUHI9z4vU2X6GIbPzvxgExdxiJLTR_0WnknoOmX-iFBpAk_wyXvJEnSmZ0SKNEgGRtRZldFbz7IEFD8Sivpr4-mcYHRNSbP189BNZGx9mAlPlTDnEydjxma_xTGLwZ6h--yvF6VSI88tMcGlqsFdCcGCIj3qMhijudQ9ukL70lRWHCRIQPI_NqoLDhRXW_LZECV9v5T689CSZedaO__S-a4Y8pdOm0Zn3gW845rqZYRsQ1r_d51UfaZJfubIvk7q8SYuZmYlcIyZlYws8exybZ00geq-U30z80bqVhU0ztzRVg__hMjbdpkxRIO61r40Qce5eIliu-_xMv2Fql96l-X-Xi3XIv7tUM9vU7q3WdMutYU2W4rzO9lgOcY5ft7_WzUW9kp5sbpx3nftl498kUdcqVfi5ffU_8Vwgr2ono0UcQ1-4ikJVXc904OqVxjqdm8-SnXn9y9a9ySSl_97zXw1rl-BB5xz7Suj4MIf_fthZXsBcROFQpQxruFbIY5bzi2xp--FOpxj72hihvYrv", "-var=project_id=gcp-prj-inf-automation-prd-01", "-var-file=../input-file/disk.tfvars", "-var-file=../input-file/vm.tfvars", "-var-file=../input-file/umig.tfvars", "-var-file=../input-file/health_check.tfvars", "-var-file=../input-file/nlb.tfvars", "-var-file=../input-file/router.tfvars", "-var-file=../input-file/nat.tfvars", "-var-file=../input-file/address.tfvars", "-var-file=../input-file/data.tfvars", "-var-file=../input-file/secret.tfvars"}
2024-04-08T16:26:46.793Z [INFO]  backend/local: starting Apply operation
2024-04-08T16:26:48.740Z [INFO]  provider: configuring client automatic mTLS
2024-04-08T16:26:48.823Z [INFO]  provider.terraform-provider-google_v5.23.0_x5: configuring server automatic mTLS: timestamp=2024-04-08T16:26:48.823Z
2024-04-08T16:26:49.208Z [INFO]  provider: configuring client automatic mTLS
2024-04-08T16:26:49.310Z [INFO]  provider.terraform-provider-google-beta_v5.23.0_x5: configuring server automatic mTLS: timestamp=2024-04-08T16:26:49.309Z
2024-04-08T16:26:49.652Z [INFO]  provider: configuring client automatic mTLS
2024-04-08T16:26:49.673Z [INFO]  provider.terraform-provider-random_v3.6.0_x5: configuring server automatic mTLS: timestamp=2024-04-08T16:26:49.673Z
2024-04-08T16:26:49.801Z [INFO]  provider: configuring client automatic mTLS
2024-04-08T16:26:49.816Z [INFO]  provider.terraform-provider-random_v3.6.0_x5: configuring server automatic mTLS: timestamp=2024-04-08T16:26:49.816Z
2024-04-08T16:26:49.860Z [INFO]  provider: configuring client automatic mTLS
2024-04-08T16:26:49.933Z [INFO]  provider.terraform-provider-google_v5.23.0_x5: configuring server automatic mTLS: timestamp=2024-04-08T16:26:49.933Z
2024-04-08T16:26:49.970Z [INFO]  provider: configuring client automatic mTLS
2024-04-08T16:26:50.100Z [INFO]  provider.terraform-provider-google-beta_v5.23.0_x5: configuring server automatic mTLS: timestamp=2024-04-08T16:26:50.100Z
2024-04-08T16:26:50.314Z [INFO]  backend/local: apply calling Plan
2024-04-08T16:26:50.384Z [INFO]  provider: configuring client automatic mTLS
2024-04-08T16:26:50.459Z [INFO]  provider.terraform-provider-google_v5.23.0_x5: configuring server automatic mTLS: timestamp=2024-04-08T16:26:50.459Z
2024-04-08T16:26:50.503Z [INFO]  provider: configuring client automatic mTLS
2024-04-08T16:26:50.525Z [INFO]  provider.terraform-provider-random_v3.6.0_x5: configuring server automatic mTLS: timestamp=2024-04-08T16:26:50.525Z
2024-04-08T16:26:50.578Z [INFO]  provider: configuring client automatic mTLS
2024-04-08T16:26:50.659Z [INFO]  provider.terraform-provider-google-beta_v5.23.0_x5: configuring server automatic mTLS: timestamp=2024-04-08T16:26:50.659Z
2024-04-08T16:26:50.695Z [INFO]  provider.terraform-provider-google_v5.23.0_x5: Authenticating using configured Google JSON 'access_token'...: tf_mux_provider="*proto5server.Server" tf_provider_addr=registry.terraform.io/hashicorp/google tf_req_id=b667f1c6-a0dd-fdbf-fa68-efbee6cfc684 @caller=github.com/hashicorp/terraform-provider-google/google/fwtransport/framework_config.go:1731 @module=google tf_rpc=ConfigureProvider timestamp=2024-04-08T16:26:50.695Z
2024-04-08T16:26:50.695Z [INFO]  provider.terraform-provider-google_v5.23.0_x5:   -- Scopes: [https://www.googleapis.com/auth/cloud-platform https://www.googleapis.com/auth/userinfo.email]: tf_mux_provider="*proto5server.Server" tf_provider_addr=registry.terraform.io/hashicorp/google tf_req_id=b667f1c6-a0dd-fdbf-fa68-efbee6cfc684 tf_rpc=ConfigureProvider @module=google @caller=github.com/hashicorp/terraform-provider-google/google/fwtransport/framework_config.go:1732 timestamp=2024-04-08T16:26:50.695Z
2024-04-08T16:26:50.695Z [INFO]  provider.terraform-provider-google_v5.23.0_x5: Authenticating using configured Google JSON 'access_token'...: @module=google tf_provider_addr=registry.terraform.io/hashicorp/google tf_mux_provider="*proto5server.Server" tf_req_id=b667f1c6-a0dd-fdbf-fa68-efbee6cfc684 tf_rpc=ConfigureProvider @caller=github.com/hashicorp/terraform-provider-google/google/fwtransport/framework_config.go:1731 timestamp=2024-04-08T16:26:50.695Z
2024-04-08T16:26:50.695Z [INFO]  provider.terraform-provider-google_v5.23.0_x5:   -- Scopes: [https://www.googleapis.com/auth/cloud-platform https://www.googleapis.com/auth/userinfo.email]: tf_mux_provider="*proto5server.Server" tf_provider_addr=registry.terraform.io/hashicorp/google tf_req_id=b667f1c6-a0dd-fdbf-fa68-efbee6cfc684 tf_rpc=ConfigureProvider @caller=github.com/hashicorp/terraform-provider-google/google/fwtransport/framework_config.go:1732 @module=google timestamp=2024-04-08T16:26:50.695Z
2024-04-08T16:26:50.762Z [INFO]  provider.terraform-provider-google_v5.23.0_x5: Terraform is using this identity: svc-cloudautomation@gcp-prj-inf-automation-prd-01.iam.gserviceaccount.com: tf_mux_provider="*proto5server.Server" tf_req_id=b667f1c6-a0dd-fdbf-fa68-efbee6cfc684 tf_rpc=ConfigureProvider @module=google @caller=github.com/hashicorp/terraform-provider-google/google/fwtransport/framework_config.go:1651 tf_provider_addr=registry.terraform.io/hashicorp/google timestamp=2024-04-08T16:26:50.762Z
2024-04-08T16:26:50.788Z [INFO]  provider.terraform-provider-google-beta_v5.23.0_x5: Authenticating using configured Google JSON 'access_token'...: tf_provider_addr=registry.terraform.io/hashicorp/google-beta tf_rpc=ConfigureProvider @module=google_beta tf_mux_provider="*proto5server.Server" tf_req_id=7cf160b2-fd56-517b-f4b0-56b1845e01e0 @caller=github.com/hashicorp/terraform-provider-google-beta/google-beta/fwtransport/framework_config.go:1870 timestamp=2024-04-08T16:26:50.787Z
2024-04-08T16:26:50.788Z [INFO]  provider.terraform-provider-google-beta_v5.23.0_x5:   -- Scopes: [https://www.googleapis.com/auth/cloud-platform https://www.googleapis.com/auth/userinfo.email]: tf_mux_provider="*proto5server.Server" tf_rpc=ConfigureProvider tf_provider_addr=registry.terraform.io/hashicorp/google-beta tf_req_id=7cf160b2-fd56-517b-f4b0-56b1845e01e0 @caller=github.com/hashicorp/terraform-provider-google-beta/google-beta/fwtransport/framework_config.go:1871 @module=google_beta timestamp=2024-04-08T16:26:50.788Z
2024-04-08T16:26:50.789Z [INFO]  provider.terraform-provider-google-beta_v5.23.0_x5: Authenticating using configured Google JSON 'access_token'...: @module=google_beta tf_mux_provider="*proto5server.Server" tf_provider_addr=registry.terraform.io/hashicorp/google-beta @caller=github.com/hashicorp/terraform-provider-google-beta/google-beta/fwtransport/framework_config.go:1870 tf_req_id=7cf160b2-fd56-517b-f4b0-56b1845e01e0 tf_rpc=ConfigureProvider timestamp=2024-04-08T16:26:50.789Z
2024-04-08T16:26:50.789Z [INFO]  provider.terraform-provider-google-beta_v5.23.0_x5:   -- Scopes: [https://www.googleapis.com/auth/cloud-platform https://www.googleapis.com/auth/userinfo.email]: @module=google_beta tf_provider_addr=registry.terraform.io/hashicorp/google-beta tf_req_id=7cf160b2-fd56-517b-f4b0-56b1845e01e0 @caller=github.com/hashicorp/terraform-provider-google-beta/google-beta/fwtransport/framework_config.go:1871 tf_mux_provider="*proto5server.Server" tf_rpc=ConfigureProvider timestamp=2024-04-08T16:26:50.789Z
2024-04-08T16:26:50.859Z [INFO]  provider.terraform-provider-google-beta_v5.23.0_x5: Terraform is using this identity: svc-cloudautomation@gcp-prj-inf-automation-prd-01.iam.gserviceaccount.com: @caller=github.com/hashicorp/terraform-provider-google-beta/google-beta/fwtransport/framework_config.go:1790 tf_rpc=ConfigureProvider tf_req_id=7cf160b2-fd56-517b-f4b0-56b1845e01e0 @module=google_beta tf_mux_provider="*proto5server.Server" tf_provider_addr=registry.terraform.io/hashicorp/google-beta timestamp=2024-04-08T16:26:50.859Z
2024-04-08T16:26:52.163Z [ERROR] unknown instance "module.regional_address[\"gcp-yyz-prd-inf-cnat-ip-01\"].google_compute_address.default" referenced during walkPlan
2024-04-08T16:26:58.900Z [WARN]  Provider "registry.terraform.io/hashicorp/google" produced an unexpected new value for module.vm["prdyzsecfgtvm02"].google_compute_instance.default during refresh.
      - .boot_disk[0].initialize_params[0].size: was cty.NumberIntVal(10), but now cty.NumberIntVal(20)
2024-04-08T16:26:58.901Z [WARN]  Provider "registry.terraform.io/hashicorp/google" produced an unexpected new value for module.vm["prdyzsecfgtvm01"].google_compute_instance.default during refresh.
      - .boot_disk[0].initialize_params[0].size: was cty.NumberIntVal(10), but now cty.NumberIntVal(20)
2024-04-08T16:27:12.445Z [INFO]  backend/local: apply calling Apply
2024-04-08T16:27:12.497Z [INFO]  provider: configuring client automatic mTLS
2024-04-08T16:27:12.532Z [INFO]  provider.terraform-provider-random_v3.6.0_x5: configuring server automatic mTLS: timestamp=2024-04-08T16:27:12.532Z
2024-04-08T16:27:12.574Z [INFO]  provider: configuring client automatic mTLS
2024-04-08T16:27:12.638Z [INFO]  provider.terraform-provider-google-beta_v5.23.0_x5: configuring server automatic mTLS: timestamp=2024-04-08T16:27:12.638Z
2024-04-08T16:27:12.668Z [INFO]  provider: configuring client automatic mTLS
2024-04-08T16:27:12.743Z [INFO]  provider.terraform-provider-google_v5.23.0_x5: configuring server automatic mTLS: timestamp=2024-04-08T16:27:12.743Z
2024-04-08T16:27:12.788Z [INFO]  provider.terraform-provider-google-beta_v5.23.0_x5: Authenticating using configured Google JSON 'access_token'...: @module=google_beta tf_provider_addr=registry.terraform.io/hashicorp/google-beta tf_req_id=a5e62c78-36f6-6951-7f18-0f5b4b21a98f @caller=github.com/hashicorp/terraform-provider-google-beta/google-beta/fwtransport/framework_config.go:1870 tf_mux_provider="*proto5server.Server" tf_rpc=ConfigureProvider timestamp=2024-04-08T16:27:12.788Z
2024-04-08T16:27:12.788Z [INFO]  provider.terraform-provider-google-beta_v5.23.0_x5:   -- Scopes: [https://www.googleapis.com/auth/cloud-platform https://www.googleapis.com/auth/userinfo.email]: @module=google_beta tf_mux_provider="*proto5server.Server" tf_req_id=a5e62c78-36f6-6951-7f18-0f5b4b21a98f tf_provider_addr=registry.terraform.io/hashicorp/google-beta tf_rpc=ConfigureProvider @caller=github.com/hashicorp/terraform-provider-google-beta/google-beta/fwtransport/framework_config.go:1871 timestamp=2024-04-08T16:27:12.788Z
2024-04-08T16:27:12.789Z [INFO]  provider.terraform-provider-google-beta_v5.23.0_x5: Authenticating using configured Google JSON 'access_token'...: tf_req_id=a5e62c78-36f6-6951-7f18-0f5b4b21a98f @module=google_beta tf_mux_provider="*proto5server.Server" tf_provider_addr=registry.terraform.io/hashicorp/google-beta @caller=github.com/hashicorp/terraform-provider-google-beta/google-beta/fwtransport/framework_config.go:1870 tf_rpc=ConfigureProvider timestamp=2024-04-08T16:27:12.788Z
2024-04-08T16:27:12.789Z [INFO]  provider.terraform-provider-google-beta_v5.23.0_x5:   -- Scopes: [https://www.googleapis.com/auth/cloud-platform https://www.googleapis.com/auth/userinfo.email]: tf_mux_provider="*proto5server.Server" tf_rpc=ConfigureProvider tf_provider_addr=registry.terraform.io/hashicorp/google-beta tf_req_id=a5e62c78-36f6-6951-7f18-0f5b4b21a98f @caller=github.com/hashicorp/terraform-provider-google-beta/google-beta/fwtransport/framework_config.go:1871 @module=google_beta timestamp=2024-04-08T16:27:12.789Z
2024-04-08T16:27:12.842Z [INFO]  provider.terraform-provider-google_v5.23.0_x5: Authenticating using configured Google JSON 'access_token'...: tf_provider_addr=registry.terraform.io/hashicorp/google @module=google tf_req_id=fd78f8c1-52ef-ac7d-1fe2-0471d22edd7a tf_rpc=ConfigureProvider @caller=github.com/hashicorp/terraform-provider-google/google/fwtransport/framework_config.go:1731 tf_mux_provider="*proto5server.Server" timestamp=2024-04-08T16:27:12.842Z
2024-04-08T16:27:12.842Z [INFO]  provider.terraform-provider-google_v5.23.0_x5:   -- Scopes: [https://www.googleapis.com/auth/cloud-platform https://www.googleapis.com/auth/userinfo.email]: @module=google tf_mux_provider="*proto5server.Server" tf_provider_addr=registry.terraform.io/hashicorp/google tf_req_id=fd78f8c1-52ef-ac7d-1fe2-0471d22edd7a tf_rpc=ConfigureProvider @caller=github.com/hashicorp/terraform-provider-google/google/fwtransport/framework_config.go:1732 timestamp=2024-04-08T16:27:12.842Z
2024-04-08T16:27:12.842Z [INFO]  provider.terraform-provider-google_v5.23.0_x5: Authenticating using configured Google JSON 'access_token'...: tf_provider_addr=registry.terraform.io/hashicorp/google tf_mux_provider="*proto5server.Server" tf_req_id=fd78f8c1-52ef-ac7d-1fe2-0471d22edd7a tf_rpc=ConfigureProvider @caller=github.com/hashicorp/terraform-provider-google/google/fwtransport/framework_config.go:1731 @module=google timestamp=2024-04-08T16:27:12.842Z
2024-04-08T16:27:12.842Z [INFO]  provider.terraform-provider-google_v5.23.0_x5:   -- Scopes: [https://www.googleapis.com/auth/cloud-platform https://www.googleapis.com/auth/userinfo.email]: tf_mux_provider="*proto5server.Server" tf_req_id=fd78f8c1-52ef-ac7d-1fe2-0471d22edd7a @module=google tf_provider_addr=registry.terraform.io/hashicorp/google tf_rpc=ConfigureProvider @caller=github.com/hashicorp/terraform-provider-google/google/fwtransport/framework_config.go:1732 timestamp=2024-04-08T16:27:12.842Z
2024-04-08T16:27:12.843Z [INFO]  provider.terraform-provider-google-beta_v5.23.0_x5: Terraform is using this identity: svc-cloudautomation@gcp-prj-inf-automation-prd-01.iam.gserviceaccount.com: @module=google_beta tf_req_id=a5e62c78-36f6-6951-7f18-0f5b4b21a98f @caller=github.com/hashicorp/terraform-provider-google-beta/google-beta/fwtransport/framework_config.go:1790 tf_mux_provider="*proto5server.Server" tf_provider_addr=registry.terraform.io/hashicorp/google-beta tf_rpc=ConfigureProvider timestamp=2024-04-08T16:27:12.842Z
2024-04-08T16:27:12.894Z [INFO]  provider.terraform-provider-google_v5.23.0_x5: Terraform is using this identity: svc-cloudautomation@gcp-prj-inf-automation-prd-01.iam.gserviceaccount.com: tf_rpc=ConfigureProvider tf_req_id=fd78f8c1-52ef-ac7d-1fe2-0471d22edd7a tf_mux_provider="*proto5server.Server" tf_provider_addr=registry.terraform.io/hashicorp/google @caller=github.com/hashicorp/terraform-provider-google/google/fwtransport/framework_config.go:1651 @module=google timestamp=2024-04-08T16:27:12.894Z
