2024-05-03T18:51:30.387Z [INFO]  Terraform version: 1.5.7
2024-05-03T18:51:30.387Z [INFO]  Go runtime version: go1.20.7
2024-05-03T18:51:30.387Z [INFO]  CLI args: []string{"terraform", "init", "-upgrade", "-backend-config=bucket=gcp-yyz-prd-inf-cloudautomation-sbuc-01", "-backend-config=prefix=fortigate/state-file"}
2024-05-03T18:51:30.388Z [INFO]  CLI command args: []string{"init", "-upgrade", "-backend-config=bucket=gcp-yyz-prd-inf-cloudautomation-sbuc-01", "-backend-config=prefix=fortigate/state-file"}
2024-05-03T18:51:39.046Z [INFO]  Terraform version: 1.5.7
2024-05-03T18:51:39.046Z [INFO]  Go runtime version: go1.20.7
2024-05-03T18:51:39.047Z [INFO]  CLI args: []string{"terraform", "plan", "-var=access_token=ya29.c.c0AY_VpZjOO9nknp3iYAw-XeAdLU1jUIcq9_gwXhG1HmdpZt-BggdYrel9f67dfA3z7Ul42pA0vR3suAmOEKtchO05jnuDhqioEWkY-F7QyGv5oZ6I1tS630yaMHVmVadxsYPSfIaRWsdZWmUARtnS0-ZKv1xEkXe-3HgkNLpOL6OSjc7VOOdGnBwbBaDJ9mggGt2LS8f7ReBs71zXbwa0XQbfE718WWHwFZ8MM562zZeAqzR0aYdTevr1JOhEKzZ-WQGbRo5tlLi_jmwIE5WaClpD8ndlvLrYDwZz8cpwAHPJcj9M9dqVx6zKdmPg0MzfdSnMnxkIiHCLQx3RuH-YhxLWmZaVYkMp_xTCAljXRjgAog7kmK3yB8_b0WgKMDoSO_t3cuTb88zyPTodvrxb1fTt79Ke3nDUb6JRTx4-g5_gk09sZesxYQzCsloNKGQjhiOGe8Om6fbm1XwSyVMofQCeAifllT_2FfKMXTOLW2RFNgXswcceTRoTw_3aoezz3CFvhDcFNo4zSr85exH-jzo5ZB4A9ciocc9crQivjOR-cFReCCcwq72SaifOFq7DMEYh16-PbqZE45P-9PvGflHHx5UMRc9fqszqf5UXkza-GDIEvzPyngYQ0lKZaqTrp6qpSceg3V60d9OsTLIHiBIIbnz8MVjR_sLGVl2qrgH691AdvOg-inaOV3ZU6s7llfwXvZoIl0lqqmvmOp-zWaMXn691vB8lcnBZcQ0nwia8x6-WZhsJ312ynU0q_2gkURbYpF_FBfs3oIRaF4hfOfQ0zhe-WQg9YloQObFwWaz_o6FqzBuw4knZw6IcrzkeidQ36is18QRO5IkM919v0o_m-M3qcazM587fdjYsdO-b-YZoOwot-c5r_7k-sh1squoFhQ5flY1ad6_xV9fa6RMkF4o6ugVRXr0uI8ljuS-gm3k-XynorB8jz-w10sneZl6s41gmXZBgYV5p79bdkRerne6yf_ZqXgkYOe3O0I36Rc09_th_xgg", "-var=project_id=gcp-prj-inf-automation-prd-01", "-var-file=../input-file/disk.tfvars", "-var-file=../input-file/vm.tfvars", "-var-file=../input-file/umig.tfvars", "-var-file=../input-file/health_check.tfvars", "-var-file=../input-file/nlb.tfvars", "-var-file=../input-file/router.tfvars", "-var-file=../input-file/nat.tfvars", "-var-file=../input-file/address.tfvars", "-var-file=../input-file/data.tfvars", "-var-file=../input-file/secret.tfvars", "-out=../plan-file/fortigate-tf-plan.json"}
2024-05-03T18:51:39.049Z [INFO]  CLI command args: []string{"plan", "-var=access_token=ya29.c.c0AY_VpZjOO9nknp3iYAw-XeAdLU1jUIcq9_gwXhG1HmdpZt-BggdYrel9f67dfA3z7Ul42pA0vR3suAmOEKtchO05jnuDhqioEWkY-F7QyGv5oZ6I1tS630yaMHVmVadxsYPSfIaRWsdZWmUARtnS0-ZKv1xEkXe-3HgkNLpOL6OSjc7VOOdGnBwbBaDJ9mggGt2LS8f7ReBs71zXbwa0XQbfE718WWHwFZ8MM562zZeAqzR0aYdTevr1JOhEKzZ-WQGbRo5tlLi_jmwIE5WaClpD8ndlvLrYDwZz8cpwAHPJcj9M9dqVx6zKdmPg0MzfdSnMnxkIiHCLQx3RuH-YhxLWmZaVYkMp_xTCAljXRjgAog7kmK3yB8_b0WgKMDoSO_t3cuTb88zyPTodvrxb1fTt79Ke3nDUb6JRTx4-g5_gk09sZesxYQzCsloNKGQjhiOGe8Om6fbm1XwSyVMofQCeAifllT_2FfKMXTOLW2RFNgXswcceTRoTw_3aoezz3CFvhDcFNo4zSr85exH-jzo5ZB4A9ciocc9crQivjOR-cFReCCcwq72SaifOFq7DMEYh16-PbqZE45P-9PvGflHHx5UMRc9fqszqf5UXkza-GDIEvzPyngYQ0lKZaqTrp6qpSceg3V60d9OsTLIHiBIIbnz8MVjR_sLGVl2qrgH691AdvOg-inaOV3ZU6s7llfwXvZoIl0lqqmvmOp-zWaMXn691vB8lcnBZcQ0nwia8x6-WZhsJ312ynU0q_2gkURbYpF_FBfs3oIRaF4hfOfQ0zhe-WQg9YloQObFwWaz_o6FqzBuw4knZw6IcrzkeidQ36is18QRO5IkM919v0o_m-M3qcazM587fdjYsdO-b-YZoOwot-c5r_7k-sh1squoFhQ5flY1ad6_xV9fa6RMkF4o6ugVRXr0uI8ljuS-gm3k-XynorB8jz-w10sneZl6s41gmXZBgYV5p79bdkRerne6yf_ZqXgkYOe3O0I36Rc09_th_xgg", "-var=project_id=gcp-prj-inf-automation-prd-01", "-var-file=../input-file/disk.tfvars", "-var-file=../input-file/vm.tfvars", "-var-file=../input-file/umig.tfvars", "-var-file=../input-file/health_check.tfvars", "-var-file=../input-file/nlb.tfvars", "-var-file=../input-file/router.tfvars", "-var-file=../input-file/nat.tfvars", "-var-file=../input-file/address.tfvars", "-var-file=../input-file/data.tfvars", "-var-file=../input-file/secret.tfvars", "-out=../plan-file/fortigate-tf-plan.json"}
2024-05-03T18:51:39.908Z [INFO]  backend/local: starting Plan operation
2024-05-03T18:51:41.345Z [INFO]  provider: configuring client automatic mTLS
2024-05-03T18:51:41.434Z [INFO]  provider.terraform-provider-google_v5.27.0_x5: configuring server automatic mTLS: timestamp=2024-05-03T18:51:41.434Z
2024-05-03T18:51:41.788Z [INFO]  provider: configuring client automatic mTLS
2024-05-03T18:51:41.867Z [INFO]  provider.terraform-provider-google-beta_v5.27.0_x5: configuring server automatic mTLS: timestamp=2024-05-03T18:51:41.867Z
2024-05-03T18:51:42.267Z [INFO]  provider: configuring client automatic mTLS
2024-05-03T18:51:42.286Z [INFO]  provider.terraform-provider-random_v3.6.1_x5: configuring server automatic mTLS: timestamp=2024-05-03T18:51:42.286Z
2024-05-03T18:51:42.340Z [INFO]  ReferenceTransformer: reference not found: "each.value"
2024-05-03T18:51:42.340Z [INFO]  ReferenceTransformer: reference not found: "each.value"
2024-05-03T18:51:42.340Z [INFO]  ReferenceTransformer: reference not found: "each.value"
2024-05-03T18:51:42.340Z [INFO]  ReferenceTransformer: reference not found: "each.value"
2024-05-03T18:51:42.340Z [INFO]  ReferenceTransformer: reference not found: "each.value"
2024-05-03T18:51:42.340Z [INFO]  ReferenceTransformer: reference not found: "each.value"
2024-05-03T18:51:42.340Z [INFO]  ReferenceTransformer: reference not found: "each.value"
2024-05-03T18:51:42.340Z [INFO]  ReferenceTransformer: reference not found: "each.value"
2024-05-03T18:51:42.340Z [INFO]  ReferenceTransformer: reference not found: "each.value"
2024-05-03T18:51:42.340Z [INFO]  ReferenceTransformer: reference not found: "each.value"
2024-05-03T18:51:42.341Z [INFO]  ReferenceTransformer: reference not found: "count.index"
2024-05-03T18:51:42.341Z [INFO]  ReferenceTransformer: reference not found: "each.key"
2024-05-03T18:51:42.341Z [INFO]  ReferenceTransformer: reference not found: "count.index"
2024-05-03T18:51:42.341Z [INFO]  ReferenceTransformer: reference not found: "each.value"
2024-05-03T18:51:42.342Z [INFO]  ReferenceTransformer: reference not found: "each.key"
2024-05-03T18:51:42.342Z [INFO]  ReferenceTransformer: reference not found: "each.key"
2024-05-03T18:51:42.342Z [INFO]  ReferenceTransformer: reference not found: "each.value"
2024-05-03T18:51:42.342Z [INFO]  ReferenceTransformer: reference not found: "each.value"
2024-05-03T18:51:42.343Z [INFO]  ReferenceTransformer: reference not found: "each.value"
2024-05-03T18:51:42.343Z [INFO]  ReferenceTransformer: reference not found: "each.value"
2024-05-03T18:51:42.343Z [INFO]  ReferenceTransformer: reference not found: "each.value"
2024-05-03T18:51:42.343Z [INFO]  ReferenceTransformer: reference not found: "each.value"
2024-05-03T18:51:42.343Z [INFO]  ReferenceTransformer: reference not found: "each.value"
2024-05-03T18:51:42.343Z [INFO]  ReferenceTransformer: reference not found: "each.value"
2024-05-03T18:51:42.343Z [INFO]  ReferenceTransformer: reference not found: "each.value"
2024-05-03T18:51:42.343Z [INFO]  ReferenceTransformer: reference not found: "each.key"
2024-05-03T18:51:42.343Z [INFO]  ReferenceTransformer: reference not found: "each.value"
2024-05-03T18:51:42.343Z [INFO]  ReferenceTransformer: reference not found: "each.value"
2024-05-03T18:51:42.343Z [INFO]  ReferenceTransformer: reference not found: "each.value"
2024-05-03T18:51:42.343Z [INFO]  ReferenceTransformer: reference not found: "each.value"
2024-05-03T18:51:42.343Z [INFO]  ReferenceTransformer: reference not found: "each.value"
2024-05-03T18:51:42.343Z [INFO]  ReferenceTransformer: reference not found: "each.value"
2024-05-03T18:51:42.343Z [INFO]  ReferenceTransformer: reference not found: "each.value"
2024-05-03T18:51:42.343Z [INFO]  ReferenceTransformer: reference not found: "each.value"
2024-05-03T18:51:42.343Z [INFO]  ReferenceTransformer: reference not found: "each.value"
2024-05-03T18:51:42.343Z [INFO]  ReferenceTransformer: reference not found: "each.value"
2024-05-03T18:51:42.343Z [INFO]  ReferenceTransformer: reference not found: "each.key"
2024-05-03T18:51:42.343Z [INFO]  ReferenceTransformer: reference not found: "each.value"
2024-05-03T18:51:42.343Z [INFO]  ReferenceTransformer: reference not found: "each.value"
2024-05-03T18:51:42.343Z [INFO]  ReferenceTransformer: reference not found: "each.value"
2024-05-03T18:51:42.343Z [INFO]  ReferenceTransformer: reference not found: "each.value"
2024-05-03T18:51:42.343Z [INFO]  ReferenceTransformer: reference not found: "each.value"
2024-05-03T18:51:42.343Z [INFO]  ReferenceTransformer: reference not found: "each.value"
2024-05-03T18:51:42.343Z [INFO]  ReferenceTransformer: reference not found: "each.value"
2024-05-03T18:51:42.343Z [INFO]  ReferenceTransformer: reference not found: "each.value"
2024-05-03T18:51:42.343Z [INFO]  ReferenceTransformer: reference not found: "count.index"
2024-05-03T18:51:42.344Z [INFO]  ReferenceTransformer: reference not found: "each.value"
2024-05-03T18:51:42.344Z [INFO]  ReferenceTransformer: reference not found: "each.value"
2024-05-03T18:51:42.344Z [INFO]  ReferenceTransformer: reference not found: "each.value"
2024-05-03T18:51:42.344Z [INFO]  ReferenceTransformer: reference not found: "each.value"
2024-05-03T18:51:42.344Z [INFO]  ReferenceTransformer: reference not found: "each.value"
2024-05-03T18:51:42.344Z [INFO]  ReferenceTransformer: reference not found: "each.value"
2024-05-03T18:51:42.344Z [INFO]  ReferenceTransformer: reference not found: "each.key"
2024-05-03T18:51:42.344Z [INFO]  ReferenceTransformer: reference not found: "each.value"
2024-05-03T18:51:42.344Z [INFO]  ReferenceTransformer: reference not found: "each.value"
2024-05-03T18:51:42.344Z [INFO]  ReferenceTransformer: reference not found: "each.value"
2024-05-03T18:51:42.344Z [INFO]  ReferenceTransformer: reference not found: "each.value"
2024-05-03T18:51:42.344Z [INFO]  ReferenceTransformer: reference not found: "each.value"
2024-05-03T18:51:42.344Z [INFO]  ReferenceTransformer: reference not found: "each.value"
2024-05-03T18:51:42.344Z [INFO]  ReferenceTransformer: reference not found: "each.value"
2024-05-03T18:51:42.344Z [INFO]  ReferenceTransformer: reference not found: "each.value"
2024-05-03T18:51:42.344Z [INFO]  ReferenceTransformer: reference not found: "each.value"
2024-05-03T18:51:42.344Z [INFO]  ReferenceTransformer: reference not found: "each.value"
2024-05-03T18:51:42.344Z [INFO]  ReferenceTransformer: reference not found: "each.value"
2024-05-03T18:51:42.344Z [INFO]  ReferenceTransformer: reference not found: "each.key"
2024-05-03T18:51:42.344Z [INFO]  ReferenceTransformer: reference not found: "each.value"
2024-05-03T18:51:42.344Z [INFO]  ReferenceTransformer: reference not found: "each.key"
2024-05-03T18:51:42.344Z [INFO]  ReferenceTransformer: reference not found: "each.value"
2024-05-03T18:51:42.345Z [INFO]  ReferenceTransformer: reference not found: "each.value"
2024-05-03T18:51:42.345Z [INFO]  ReferenceTransformer: reference not found: "each.value"
2024-05-03T18:51:42.345Z [INFO]  ReferenceTransformer: reference not found: "each.value"
2024-05-03T18:51:42.345Z [INFO]  ReferenceTransformer: reference not found: "each.key"
2024-05-03T18:51:42.345Z [INFO]  ReferenceTransformer: reference not found: "each.key"
2024-05-03T18:51:42.345Z [INFO]  ReferenceTransformer: reference not found: "each.value"
2024-05-03T18:51:42.345Z [INFO]  ReferenceTransformer: reference not found: "each.value"
2024-05-03T18:51:42.345Z [INFO]  ReferenceTransformer: reference not found: "each.value"
2024-05-03T18:51:42.345Z [INFO]  ReferenceTransformer: reference not found: "each.value"
2024-05-03T18:51:42.345Z [INFO]  ReferenceTransformer: reference not found: "each.value"
2024-05-03T18:51:42.345Z [INFO]  ReferenceTransformer: reference not found: "each.value"
2024-05-03T18:51:42.345Z [INFO]  ReferenceTransformer: reference not found: "each.value"
2024-05-03T18:51:42.345Z [INFO]  ReferenceTransformer: reference not found: "path.module"
2024-05-03T18:51:42.345Z [INFO]  ReferenceTransformer: reference not found: "each.value"
2024-05-03T18:51:42.345Z [INFO]  ReferenceTransformer: reference not found: "each.value"
2024-05-03T18:51:42.345Z [INFO]  ReferenceTransformer: reference not found: "count.index"
2024-05-03T18:51:42.345Z [INFO]  ReferenceTransformer: reference not found: "each.value"
2024-05-03T18:51:42.345Z [INFO]  ReferenceTransformer: reference not found: "each.value"
2024-05-03T18:51:42.345Z [INFO]  ReferenceTransformer: reference not found: "each.value"
2024-05-03T18:51:42.345Z [INFO]  ReferenceTransformer: reference not found: "each.value"
2024-05-03T18:51:42.345Z [INFO]  ReferenceTransformer: reference not found: "each.value"
2024-05-03T18:51:42.345Z [INFO]  ReferenceTransformer: reference not found: "each.value"
2024-05-03T18:51:42.346Z [INFO]  ReferenceTransformer: reference not found: "each.value"
2024-05-03T18:51:42.346Z [INFO]  ReferenceTransformer: reference not found: "each.value"
2024-05-03T18:51:42.346Z [INFO]  ReferenceTransformer: reference not found: "each.value"
2024-05-03T18:51:42.346Z [INFO]  ReferenceTransformer: reference not found: "each.value"
2024-05-03T18:51:42.346Z [INFO]  ReferenceTransformer: reference not found: "each.value"
2024-05-03T18:51:42.346Z [INFO]  ReferenceTransformer: reference not found: "each.value"
2024-05-03T18:51:42.346Z [INFO]  ReferenceTransformer: reference not found: "each.value"
2024-05-03T18:51:42.346Z [INFO]  ReferenceTransformer: reference not found: "each.value"
2024-05-03T18:51:42.346Z [INFO]  ReferenceTransformer: reference not found: "each.value"
2024-05-03T18:51:42.346Z [INFO]  ReferenceTransformer: reference not found: "count.index"
2024-05-03T18:51:42.346Z [INFO]  ReferenceTransformer: reference not found: "each.value"
2024-05-03T18:51:42.347Z [INFO]  ReferenceTransformer: reference not found: "each.value"
2024-05-03T18:51:42.347Z [INFO]  ReferenceTransformer: reference not found: "each.value"
2024-05-03T18:51:42.347Z [INFO]  ReferenceTransformer: reference not found: "each.value"
2024-05-03T18:51:42.347Z [INFO]  ReferenceTransformer: reference not found: "each.value"
2024-05-03T18:51:42.347Z [INFO]  ReferenceTransformer: reference not found: "each.value"
2024-05-03T18:51:42.347Z [INFO]  ReferenceTransformer: reference not found: "path.module"
2024-05-03T18:51:42.347Z [INFO]  ReferenceTransformer: reference not found: "each.value"
2024-05-03T18:51:42.347Z [INFO]  ReferenceTransformer: reference not found: "each.value"
2024-05-03T18:51:42.347Z [INFO]  ReferenceTransformer: reference not found: "each.value"
2024-05-03T18:51:42.405Z [INFO]  provider: configuring client automatic mTLS
2024-05-03T18:51:42.431Z [INFO]  provider.terraform-provider-random_v3.6.1_x5: configuring server automatic mTLS: timestamp=2024-05-03T18:51:42.431Z
2024-05-03T18:51:42.474Z [INFO]  provider: configuring client automatic mTLS
2024-05-03T18:51:42.559Z [INFO]  provider.terraform-provider-google-beta_v5.27.0_x5: configuring server automatic mTLS: timestamp=2024-05-03T18:51:42.559Z
2024-05-03T18:51:42.593Z [INFO]  provider: configuring client automatic mTLS
2024-05-03T18:51:42.668Z [INFO]  provider.terraform-provider-google_v5.27.0_x5: configuring server automatic mTLS: timestamp=2024-05-03T18:51:42.668Z
2024-05-03T18:51:43.632Z [INFO]  backend/local: plan calling Plan
2024-05-03T18:51:43.644Z [INFO]  ReferenceTransformer: reference not found: "each.value"
2024-05-03T18:51:43.645Z [INFO]  ReferenceTransformer: reference not found: "each.value"
2024-05-03T18:51:43.645Z [INFO]  ReferenceTransformer: reference not found: "each.value"
2024-05-03T18:51:43.645Z [INFO]  ReferenceTransformer: reference not found: "each.value"
2024-05-03T18:51:43.645Z [INFO]  ReferenceTransformer: reference not found: "each.value"
2024-05-03T18:51:43.645Z [INFO]  ReferenceTransformer: reference not found: "each.value"
2024-05-03T18:51:43.645Z [INFO]  ReferenceTransformer: reference not found: "each.value"
2024-05-03T18:51:43.645Z [INFO]  ReferenceTransformer: reference not found: "each.key"
2024-05-03T18:51:43.645Z [INFO]  ReferenceTransformer: reference not found: "each.value"
2024-05-03T18:51:43.645Z [INFO]  ReferenceTransformer: reference not found: "each.value"
2024-05-03T18:51:43.646Z [INFO]  ReferenceTransformer: reference not found: "each.value"
2024-05-03T18:51:43.646Z [INFO]  ReferenceTransformer: reference not found: "each.key"
2024-05-03T18:51:43.646Z [INFO]  ReferenceTransformer: reference not found: "each.value"
2024-05-03T18:51:43.646Z [INFO]  ReferenceTransformer: reference not found: "each.value"
2024-05-03T18:51:43.646Z [INFO]  ReferenceTransformer: reference not found: "each.value"
2024-05-03T18:51:43.646Z [INFO]  ReferenceTransformer: reference not found: "each.key"
2024-05-03T18:51:43.646Z [INFO]  ReferenceTransformer: reference not found: "each.value"
2024-05-03T18:51:43.647Z [INFO]  ReferenceTransformer: reference not found: "each.value"
2024-05-03T18:51:43.647Z [INFO]  ReferenceTransformer: reference not found: "each.value"
2024-05-03T18:51:43.647Z [INFO]  ReferenceTransformer: reference not found: "each.value"
2024-05-03T18:51:43.647Z [INFO]  ReferenceTransformer: reference not found: "each.value"
2024-05-03T18:51:43.647Z [INFO]  ReferenceTransformer: reference not found: "each.value"
2024-05-03T18:51:43.647Z [INFO]  ReferenceTransformer: reference not found: "each.value"
2024-05-03T18:51:43.647Z [INFO]  ReferenceTransformer: reference not found: "each.key"
2024-05-03T18:51:43.647Z [INFO]  ReferenceTransformer: reference not found: "each.value"
2024-05-03T18:51:43.647Z [INFO]  ReferenceTransformer: reference not found: "each.value"
2024-05-03T18:51:43.647Z [INFO]  ReferenceTransformer: reference not found: "each.value"
2024-05-03T18:51:43.647Z [INFO]  ReferenceTransformer: reference not found: "each.value"
2024-05-03T18:51:43.647Z [INFO]  ReferenceTransformer: reference not found: "each.value"
2024-05-03T18:51:43.647Z [INFO]  ReferenceTransformer: reference not found: "each.value"
2024-05-03T18:51:43.647Z [INFO]  ReferenceTransformer: reference not found: "each.value"
2024-05-03T18:51:43.647Z [INFO]  ReferenceTransformer: reference not found: "each.value"
2024-05-03T18:51:43.647Z [INFO]  ReferenceTransformer: reference not found: "each.value"
2024-05-03T18:51:43.647Z [INFO]  ReferenceTransformer: reference not found: "each.value"
2024-05-03T18:51:43.647Z [INFO]  ReferenceTransformer: reference not found: "each.value"
2024-05-03T18:51:43.647Z [INFO]  ReferenceTransformer: reference not found: "each.value"
2024-05-03T18:51:43.647Z [INFO]  ReferenceTransformer: reference not found: "each.value"
2024-05-03T18:51:43.647Z [INFO]  ReferenceTransformer: reference not found: "each.value"
2024-05-03T18:51:43.647Z [INFO]  ReferenceTransformer: reference not found: "each.value"
2024-05-03T18:51:43.647Z [INFO]  ReferenceTransformer: reference not found: "each.value"
2024-05-03T18:51:43.647Z [INFO]  ReferenceTransformer: reference not found: "each.value"
2024-05-03T18:51:43.648Z [INFO]  ReferenceTransformer: reference not found: "each.value"
2024-05-03T18:51:43.648Z [INFO]  ReferenceTransformer: reference not found: "each.value"
2024-05-03T18:51:43.648Z [INFO]  ReferenceTransformer: reference not found: "each.value"
2024-05-03T18:51:43.648Z [INFO]  ReferenceTransformer: reference not found: "each.value"
2024-05-03T18:51:43.648Z [INFO]  ReferenceTransformer: reference not found: "each.key"
2024-05-03T18:51:43.648Z [INFO]  ReferenceTransformer: reference not found: "each.value"
2024-05-03T18:51:43.649Z [INFO]  ReferenceTransformer: reference not found: "count.index"
2024-05-03T18:51:43.649Z [INFO]  ReferenceTransformer: reference not found: "each.value"
2024-05-03T18:51:43.649Z [INFO]  ReferenceTransformer: reference not found: "each.value"
2024-05-03T18:51:43.649Z [INFO]  ReferenceTransformer: reference not found: "each.value"
2024-05-03T18:51:43.649Z [INFO]  ReferenceTransformer: reference not found: "each.value"
2024-05-03T18:51:43.649Z [INFO]  ReferenceTransformer: reference not found: "each.value"
2024-05-03T18:51:43.649Z [INFO]  ReferenceTransformer: reference not found: "each.value"
2024-05-03T18:51:43.649Z [INFO]  ReferenceTransformer: reference not found: "each.value"
2024-05-03T18:51:43.649Z [INFO]  ReferenceTransformer: reference not found: "each.value"
2024-05-03T18:51:43.649Z [INFO]  ReferenceTransformer: reference not found: "each.value"
2024-05-03T18:51:43.649Z [INFO]  ReferenceTransformer: reference not found: "each.value"
2024-05-03T18:51:43.649Z [INFO]  ReferenceTransformer: reference not found: "each.key"
2024-05-03T18:51:43.649Z [INFO]  ReferenceTransformer: reference not found: "count.index"
2024-05-03T18:51:43.649Z [INFO]  ReferenceTransformer: reference not found: "each.value"
2024-05-03T18:51:43.649Z [INFO]  ReferenceTransformer: reference not found: "each.value"
2024-05-03T18:51:43.649Z [INFO]  ReferenceTransformer: reference not found: "each.value"
2024-05-03T18:51:43.650Z [INFO]  ReferenceTransformer: reference not found: "each.value"
2024-05-03T18:51:43.650Z [INFO]  ReferenceTransformer: reference not found: "each.value"
2024-05-03T18:51:43.650Z [INFO]  ReferenceTransformer: reference not found: "each.value"
2024-05-03T18:51:43.650Z [INFO]  ReferenceTransformer: reference not found: "each.value"
2024-05-03T18:51:43.650Z [INFO]  ReferenceTransformer: reference not found: "each.value"
2024-05-03T18:51:43.650Z [INFO]  ReferenceTransformer: reference not found: "each.value"
2024-05-03T18:51:43.650Z [INFO]  ReferenceTransformer: reference not found: "path.module"
2024-05-03T18:51:43.650Z [INFO]  ReferenceTransformer: reference not found: "each.key"
2024-05-03T18:51:43.650Z [INFO]  ReferenceTransformer: reference not found: "each.value"
2024-05-03T18:51:43.651Z [INFO]  ReferenceTransformer: reference not found: "each.value"
2024-05-03T18:51:43.651Z [INFO]  ReferenceTransformer: reference not found: "each.value"
2024-05-03T18:51:43.651Z [INFO]  ReferenceTransformer: reference not found: "each.key"
2024-05-03T18:51:43.651Z [INFO]  ReferenceTransformer: reference not found: "each.key"
2024-05-03T18:51:43.651Z [INFO]  ReferenceTransformer: reference not found: "each.value"
2024-05-03T18:51:43.651Z [INFO]  ReferenceTransformer: reference not found: "each.value"
2024-05-03T18:51:43.651Z [INFO]  ReferenceTransformer: reference not found: "each.value"
2024-05-03T18:51:43.651Z [INFO]  ReferenceTransformer: reference not found: "each.value"
2024-05-03T18:51:43.651Z [INFO]  ReferenceTransformer: reference not found: "each.value"
2024-05-03T18:51:43.651Z [INFO]  ReferenceTransformer: reference not found: "each.value"
2024-05-03T18:51:43.651Z [INFO]  ReferenceTransformer: reference not found: "each.value"
2024-05-03T18:51:43.651Z [INFO]  ReferenceTransformer: reference not found: "each.value"
2024-05-03T18:51:43.651Z [INFO]  ReferenceTransformer: reference not found: "each.value"
2024-05-03T18:51:43.651Z [INFO]  ReferenceTransformer: reference not found: "each.value"
2024-05-03T18:51:43.651Z [INFO]  ReferenceTransformer: reference not found: "path.module"
2024-05-03T18:51:43.651Z [INFO]  ReferenceTransformer: reference not found: "each.value"
2024-05-03T18:51:43.652Z [INFO]  ReferenceTransformer: reference not found: "count.index"
2024-05-03T18:51:43.652Z [INFO]  ReferenceTransformer: reference not found: "count.index"
2024-05-03T18:51:43.652Z [INFO]  ReferenceTransformer: reference not found: "each.value"
2024-05-03T18:51:43.652Z [INFO]  ReferenceTransformer: reference not found: "each.value"
2024-05-03T18:51:43.652Z [INFO]  ReferenceTransformer: reference not found: "each.value"
2024-05-03T18:51:43.652Z [INFO]  ReferenceTransformer: reference not found: "each.value"
2024-05-03T18:51:43.652Z [INFO]  ReferenceTransformer: reference not found: "each.value"
2024-05-03T18:51:43.652Z [INFO]  ReferenceTransformer: reference not found: "each.value"
2024-05-03T18:51:43.652Z [INFO]  ReferenceTransformer: reference not found: "each.value"
2024-05-03T18:51:43.652Z [INFO]  ReferenceTransformer: reference not found: "each.value"
2024-05-03T18:51:43.652Z [INFO]  ReferenceTransformer: reference not found: "each.value"
2024-05-03T18:51:43.652Z [INFO]  ReferenceTransformer: reference not found: "each.value"
2024-05-03T18:51:43.652Z [INFO]  ReferenceTransformer: reference not found: "each.value"
2024-05-03T18:51:43.652Z [INFO]  ReferenceTransformer: reference not found: "each.value"
2024-05-03T18:51:43.652Z [INFO]  ReferenceTransformer: reference not found: "each.value"
2024-05-03T18:51:43.652Z [INFO]  ReferenceTransformer: reference not found: "each.value"
2024-05-03T18:51:43.653Z [INFO]  ReferenceTransformer: reference not found: "count.index"
2024-05-03T18:51:43.653Z [INFO]  ReferenceTransformer: reference not found: "each.key"
2024-05-03T18:51:43.653Z [INFO]  ReferenceTransformer: reference not found: "each.value"
2024-05-03T18:51:43.653Z [INFO]  ReferenceTransformer: reference not found: "each.value"
2024-05-03T18:51:43.653Z [INFO]  ReferenceTransformer: reference not found: "each.value"
2024-05-03T18:51:43.653Z [INFO]  ReferenceTransformer: reference not found: "each.value"
2024-05-03T18:51:43.718Z [INFO]  provider: configuring client automatic mTLS
2024-05-03T18:51:43.817Z [INFO]  provider.terraform-provider-google-beta_v5.27.0_x5: configuring server automatic mTLS: timestamp=2024-05-03T18:51:43.814Z
2024-05-03T18:51:43.864Z [INFO]  provider: configuring client automatic mTLS
2024-05-03T18:51:43.889Z [INFO]  provider.terraform-provider-random_v3.6.1_x5: configuring server automatic mTLS: timestamp=2024-05-03T18:51:43.889Z
2024-05-03T18:51:43.957Z [INFO]  provider: configuring client automatic mTLS
2024-05-03T18:51:44.218Z [INFO]  provider.terraform-provider-google_v5.27.0_x5: configuring server automatic mTLS: timestamp=2024-05-03T18:51:44.186Z
2024-05-03T18:51:44.559Z [INFO]  provider.terraform-provider-google-beta_v5.27.0_x5: Authenticating using configured Google JSON 'access_token'...: @module=google_beta tf_provider_addr=registry.terraform.io/hashicorp/google-beta tf_rpc=ConfigureProvider tf_mux_provider=*proto5server.Server tf_req_id=35bfee19-6f8d-1e1b-a796-1a302688a3ee @caller=github.com/hashicorp/terraform-provider-google-beta/google-beta/fwtransport/framework_config.go:1880 timestamp=2024-05-03T18:51:44.557Z
2024-05-03T18:51:44.559Z [INFO]  provider.terraform-provider-google-beta_v5.27.0_x5:   -- Scopes: [https://www.googleapis.com/auth/cloud-platform https://www.googleapis.com/auth/userinfo.email]: @module=google_beta @caller=github.com/hashicorp/terraform-provider-google-beta/google-beta/fwtransport/framework_config.go:1881 tf_mux_provider=*proto5server.Server tf_provider_addr=registry.terraform.io/hashicorp/google-beta tf_req_id=35bfee19-6f8d-1e1b-a796-1a302688a3ee tf_rpc=ConfigureProvider timestamp=2024-05-03T18:51:44.557Z
2024-05-03T18:51:44.560Z [INFO]  provider.terraform-provider-google-beta_v5.27.0_x5: Authenticating using configured Google JSON 'access_token'...: @caller=github.com/hashicorp/terraform-provider-google-beta/google-beta/fwtransport/framework_config.go:1880 tf_mux_provider=*proto5server.Server tf_provider_addr=registry.terraform.io/hashicorp/google-beta tf_req_id=35bfee19-6f8d-1e1b-a796-1a302688a3ee tf_rpc=ConfigureProvider @module=google_beta timestamp=2024-05-03T18:51:44.557Z
2024-05-03T18:51:44.561Z [INFO]  provider.terraform-provider-google-beta_v5.27.0_x5:   -- Scopes: [https://www.googleapis.com/auth/cloud-platform https://www.googleapis.com/auth/userinfo.email]: @caller=github.com/hashicorp/terraform-provider-google-beta/google-beta/fwtransport/framework_config.go:1881 tf_rpc=ConfigureProvider @module=google_beta tf_mux_provider=*proto5server.Server tf_provider_addr=registry.terraform.io/hashicorp/google-beta tf_req_id=35bfee19-6f8d-1e1b-a796-1a302688a3ee timestamp=2024-05-03T18:51:44.557Z
2024-05-03T18:51:44.644Z [INFO]  provider.terraform-provider-google-beta_v5.27.0_x5: Terraform is using this identity: svc-cloudautomation@gcp-prj-inf-automation-prd-01.iam.gserviceaccount.com: @caller=github.com/hashicorp/terraform-provider-google-beta/google-beta/fwtransport/framework_config.go:1800 tf_provider_addr=registry.terraform.io/hashicorp/google-beta tf_req_id=35bfee19-6f8d-1e1b-a796-1a302688a3ee tf_rpc=ConfigureProvider @module=google_beta tf_mux_provider=*proto5server.Server timestamp=2024-05-03T18:51:44.644Z
2024-05-03T18:51:44.861Z [INFO]  provider.terraform-provider-google_v5.27.0_x5: Authenticating using configured Google JSON 'access_token'...: @module=google tf_provider_addr=registry.terraform.io/hashicorp/google tf_mux_provider=*proto5server.Server tf_req_id=e166018e-16c2-a5c3-3022-ab7edce77728 tf_rpc=ConfigureProvider @caller=github.com/hashicorp/terraform-provider-google/google/fwtransport/framework_config.go:1731 timestamp=2024-05-03T18:51:44.860Z
2024-05-03T18:51:44.861Z [INFO]  provider.terraform-provider-google_v5.27.0_x5:   -- Scopes: [https://www.googleapis.com/auth/cloud-platform https://www.googleapis.com/auth/userinfo.email]: @caller=github.com/hashicorp/terraform-provider-google/google/fwtransport/framework_config.go:1732 tf_req_id=e166018e-16c2-a5c3-3022-ab7edce77728 tf_rpc=ConfigureProvider tf_mux_provider=*proto5server.Server tf_provider_addr=registry.terraform.io/hashicorp/google @module=google timestamp=2024-05-03T18:51:44.861Z
2024-05-03T18:51:44.861Z [INFO]  provider.terraform-provider-google_v5.27.0_x5: Authenticating using configured Google JSON 'access_token'...: @caller=github.com/hashicorp/terraform-provider-google/google/fwtransport/framework_config.go:1731 tf_mux_provider=*proto5server.Server tf_provider_addr=registry.terraform.io/hashicorp/google @module=google tf_req_id=e166018e-16c2-a5c3-3022-ab7edce77728 tf_rpc=ConfigureProvider timestamp=2024-05-03T18:51:44.861Z
2024-05-03T18:51:44.861Z [INFO]  provider.terraform-provider-google_v5.27.0_x5:   -- Scopes: [https://www.googleapis.com/auth/cloud-platform https://www.googleapis.com/auth/userinfo.email]: tf_mux_provider=*proto5server.Server tf_provider_addr=registry.terraform.io/hashicorp/google @module=google tf_req_id=e166018e-16c2-a5c3-3022-ab7edce77728 tf_rpc=ConfigureProvider @caller=github.com/hashicorp/terraform-provider-google/google/fwtransport/framework_config.go:1732 timestamp=2024-05-03T18:51:44.861Z
2024-05-03T18:51:44.909Z [INFO]  provider.terraform-provider-google_v5.27.0_x5: Terraform is using this identity: svc-cloudautomation@gcp-prj-inf-automation-prd-01.iam.gserviceaccount.com: @module=google tf_mux_provider=*proto5server.Server tf_provider_addr=registry.terraform.io/hashicorp/google tf_req_id=e166018e-16c2-a5c3-3022-ab7edce77728 @caller=github.com/hashicorp/terraform-provider-google/google/fwtransport/framework_config.go:1651 tf_rpc=ConfigureProvider timestamp=2024-05-03T18:51:44.909Z
2024-05-03T18:51:44.946Z [INFO]  ReferenceTransformer: reference not found: "var.address_name"
2024-05-03T18:51:44.946Z [INFO]  ReferenceTransformer: reference not found: "local.address_type"
2024-05-03T18:51:44.946Z [INFO]  ReferenceTransformer: reference not found: "local.purpose"
2024-05-03T18:51:44.946Z [INFO]  ReferenceTransformer: reference not found: "local.purpose"
2024-05-03T18:51:44.946Z [INFO]  ReferenceTransformer: reference not found: "var.address_network"
2024-05-03T18:51:44.946Z [INFO]  ReferenceTransformer: reference not found: "local.address_type"
2024-05-03T18:51:44.946Z [INFO]  ReferenceTransformer: reference not found: "var.network_tier"
2024-05-03T18:51:44.946Z [INFO]  ReferenceTransformer: reference not found: "var.address_prefix_length"
2024-05-03T18:51:44.946Z [INFO]  ReferenceTransformer: reference not found: "local.region"
2024-05-03T18:51:44.946Z [INFO]  ReferenceTransformer: reference not found: "var.address_description"
2024-05-03T18:51:44.946Z [INFO]  ReferenceTransformer: reference not found: "local.address_type"
2024-05-03T18:51:44.946Z [INFO]  ReferenceTransformer: reference not found: "var.address_ip"
2024-05-03T18:51:44.946Z [INFO]  ReferenceTransformer: reference not found: "local.address_type"
2024-05-03T18:51:44.946Z [INFO]  ReferenceTransformer: reference not found: "local.project"
2024-05-03T18:51:44.946Z [INFO]  ReferenceTransformer: reference not found: "var.labels"
2024-05-03T18:51:44.946Z [INFO]  ReferenceTransformer: reference not found: "local.address_type"
2024-05-03T18:51:44.946Z [INFO]  ReferenceTransformer: reference not found: "local.purpose"
2024-05-03T18:51:44.946Z [INFO]  ReferenceTransformer: reference not found: "var.address_subnetwork"
2024-05-03T18:51:44.946Z [INFO]  ReferenceTransformer: reference not found: "local.purpose"
2024-05-03T18:51:44.947Z [INFO]  ReferenceTransformer: reference not found: "var.address_name"
2024-05-03T18:51:44.947Z [INFO]  ReferenceTransformer: reference not found: "local.address_type"
2024-05-03T18:51:44.947Z [INFO]  ReferenceTransformer: reference not found: "local.purpose"
2024-05-03T18:51:44.947Z [INFO]  ReferenceTransformer: reference not found: "local.purpose"
2024-05-03T18:51:44.947Z [INFO]  ReferenceTransformer: reference not found: "var.address_network"
2024-05-03T18:51:44.947Z [INFO]  ReferenceTransformer: reference not found: "local.address_type"
2024-05-03T18:51:44.947Z [INFO]  ReferenceTransformer: reference not found: "var.network_tier"
2024-05-03T18:51:44.947Z [INFO]  ReferenceTransformer: reference not found: "var.labels"
2024-05-03T18:51:44.947Z [INFO]  ReferenceTransformer: reference not found: "local.address_type"
2024-05-03T18:51:44.947Z [INFO]  ReferenceTransformer: reference not found: "local.purpose"
2024-05-03T18:51:44.947Z [INFO]  ReferenceTransformer: reference not found: "var.address_subnetwork"
2024-05-03T18:51:44.947Z [INFO]  ReferenceTransformer: reference not found: "var.address_description"
2024-05-03T18:51:44.947Z [INFO]  ReferenceTransformer: reference not found: "local.purpose"
2024-05-03T18:51:44.947Z [INFO]  ReferenceTransformer: reference not found: "local.address_type"
2024-05-03T18:51:44.947Z [INFO]  ReferenceTransformer: reference not found: "var.address_ip"
2024-05-03T18:51:44.947Z [INFO]  ReferenceTransformer: reference not found: "local.address_type"
2024-05-03T18:51:44.947Z [INFO]  ReferenceTransformer: reference not found: "var.address_prefix_length"
2024-05-03T18:51:44.947Z [INFO]  ReferenceTransformer: reference not found: "local.project"
2024-05-03T18:51:44.947Z [INFO]  ReferenceTransformer: reference not found: "local.region"
2024-05-03T18:51:44.947Z [INFO]  ReferenceTransformer: reference not found: "local.project"
2024-05-03T18:51:44.947Z [INFO]  ReferenceTransformer: reference not found: "local.region"
2024-05-03T18:51:44.947Z [INFO]  ReferenceTransformer: reference not found: "var.address_description"
2024-05-03T18:51:44.947Z [INFO]  ReferenceTransformer: reference not found: "var.address_name"
2024-05-03T18:51:44.947Z [INFO]  ReferenceTransformer: reference not found: "local.address_type"
2024-05-03T18:51:44.947Z [INFO]  ReferenceTransformer: reference not found: "var.network_tier"
2024-05-03T18:51:44.947Z [INFO]  ReferenceTransformer: reference not found: "var.labels"
2024-05-03T18:51:44.947Z [INFO]  ReferenceTransformer: reference not found: "var.address_prefix_length"
2024-05-03T18:51:44.947Z [INFO]  ReferenceTransformer: reference not found: "local.address_type"
2024-05-03T18:51:44.947Z [INFO]  ReferenceTransformer: reference not found: "local.purpose"
2024-05-03T18:51:44.947Z [INFO]  ReferenceTransformer: reference not found: "var.address_subnetwork"
2024-05-03T18:51:44.947Z [INFO]  ReferenceTransformer: reference not found: "local.address_type"
2024-05-03T18:51:44.947Z [INFO]  ReferenceTransformer: reference not found: "local.purpose"
2024-05-03T18:51:44.947Z [INFO]  ReferenceTransformer: reference not found: "local.purpose"
2024-05-03T18:51:44.947Z [INFO]  ReferenceTransformer: reference not found: "var.address_network"
2024-05-03T18:51:44.947Z [INFO]  ReferenceTransformer: reference not found: "local.purpose"
2024-05-03T18:51:44.948Z [INFO]  ReferenceTransformer: reference not found: "local.address_type"
2024-05-03T18:51:44.948Z [INFO]  ReferenceTransformer: reference not found: "var.address_ip"
2024-05-03T18:51:44.948Z [INFO]  ReferenceTransformer: reference not found: "local.address_type"
2024-05-03T18:51:44.948Z [INFO]  ReferenceTransformer: reference not found: "local.address_type"
2024-05-03T18:51:44.948Z [INFO]  ReferenceTransformer: reference not found: "var.address_ip"
2024-05-03T18:51:44.948Z [INFO]  ReferenceTransformer: reference not found: "local.region"
2024-05-03T18:51:44.948Z [INFO]  ReferenceTransformer: reference not found: "local.address_type"
2024-05-03T18:51:44.948Z [INFO]  ReferenceTransformer: reference not found: "local.purpose"
2024-05-03T18:51:44.948Z [INFO]  ReferenceTransformer: reference not found: "var.address_subnetwork"
2024-05-03T18:51:44.948Z [INFO]  ReferenceTransformer: reference not found: "local.address_type"
2024-05-03T18:51:44.948Z [INFO]  ReferenceTransformer: reference not found: "local.purpose"
2024-05-03T18:51:44.948Z [INFO]  ReferenceTransformer: reference not found: "local.purpose"
2024-05-03T18:51:44.948Z [INFO]  ReferenceTransformer: reference not found: "var.address_network"
2024-05-03T18:51:44.948Z [INFO]  ReferenceTransformer: reference not found: "local.address_type"
2024-05-03T18:51:44.948Z [INFO]  ReferenceTransformer: reference not found: "var.network_tier"
2024-05-03T18:51:44.948Z [INFO]  ReferenceTransformer: reference not found: "local.address_type"
2024-05-03T18:51:44.948Z [INFO]  ReferenceTransformer: reference not found: "local.purpose"
2024-05-03T18:51:44.948Z [INFO]  ReferenceTransformer: reference not found: "var.address_prefix_length"
2024-05-03T18:51:44.948Z [INFO]  ReferenceTransformer: reference not found: "local.project"
2024-05-03T18:51:44.948Z [INFO]  ReferenceTransformer: reference not found: "var.labels"
2024-05-03T18:51:44.948Z [INFO]  ReferenceTransformer: reference not found: "var.address_description"
2024-05-03T18:51:44.948Z [INFO]  ReferenceTransformer: reference not found: "var.address_name"
2024-05-03T18:51:44.948Z [INFO]  ReferenceTransformer: reference not found: "local.address_type"
2024-05-03T18:51:44.948Z [INFO]  ReferenceTransformer: reference not found: "var.network_tier"
2024-05-03T18:51:44.948Z [INFO]  ReferenceTransformer: reference not found: "local.address_type"
2024-05-03T18:51:44.948Z [INFO]  ReferenceTransformer: reference not found: "local.project"
2024-05-03T18:51:44.948Z [INFO]  ReferenceTransformer: reference not found: "var.labels"
2024-05-03T18:51:44.948Z [INFO]  ReferenceTransformer: reference not found: "local.region"
2024-05-03T18:51:44.948Z [INFO]  ReferenceTransformer: reference not found: "local.address_type"
2024-05-03T18:51:44.948Z [INFO]  ReferenceTransformer: reference not found: "local.purpose"
2024-05-03T18:51:44.948Z [INFO]  ReferenceTransformer: reference not found: "local.purpose"
2024-05-03T18:51:44.948Z [INFO]  ReferenceTransformer: reference not found: "var.address_network"
2024-05-03T18:51:44.948Z [INFO]  ReferenceTransformer: reference not found: "local.purpose"
2024-05-03T18:51:44.948Z [INFO]  ReferenceTransformer: reference not found: "local.address_type"
2024-05-03T18:51:44.948Z [INFO]  ReferenceTransformer: reference not found: "var.address_ip"
2024-05-03T18:51:44.949Z [INFO]  ReferenceTransformer: reference not found: "var.address_prefix_length"
2024-05-03T18:51:44.949Z [INFO]  ReferenceTransformer: reference not found: "local.address_type"
2024-05-03T18:51:44.949Z [INFO]  ReferenceTransformer: reference not found: "local.purpose"
2024-05-03T18:51:44.949Z [INFO]  ReferenceTransformer: reference not found: "var.address_subnetwork"
2024-05-03T18:51:44.949Z [INFO]  ReferenceTransformer: reference not found: "var.address_description"
2024-05-03T18:51:44.949Z [INFO]  ReferenceTransformer: reference not found: "var.address_name"
2024-05-03T18:51:44.949Z [INFO]  ReferenceTransformer: reference not found: "local.address_type"
2024-05-03T18:51:44.949Z [INFO]  ReferenceTransformer: reference not found: "var.network_tier"
2024-05-03T18:51:44.949Z [INFO]  ReferenceTransformer: reference not found: "local.address_type"
2024-05-03T18:51:44.949Z [INFO]  ReferenceTransformer: reference not found: "var.address_ip"
2024-05-03T18:51:44.949Z [INFO]  ReferenceTransformer: reference not found: "var.labels"
2024-05-03T18:51:44.949Z [INFO]  ReferenceTransformer: reference not found: "var.address_prefix_length"
2024-05-03T18:51:44.949Z [INFO]  ReferenceTransformer: reference not found: "local.region"
2024-05-03T18:51:44.949Z [INFO]  ReferenceTransformer: reference not found: "var.address_name"
2024-05-03T18:51:44.949Z [INFO]  ReferenceTransformer: reference not found: "local.address_type"
2024-05-03T18:51:44.949Z [INFO]  ReferenceTransformer: reference not found: "local.purpose"
2024-05-03T18:51:44.949Z [INFO]  ReferenceTransformer: reference not found: "local.purpose"
2024-05-03T18:51:44.949Z [INFO]  ReferenceTransformer: reference not found: "var.address_network"
2024-05-03T18:51:44.949Z [INFO]  ReferenceTransformer: reference not found: "local.project"
2024-05-03T18:51:44.949Z [INFO]  ReferenceTransformer: reference not found: "local.address_type"
2024-05-03T18:51:44.949Z [INFO]  ReferenceTransformer: reference not found: "local.purpose"
2024-05-03T18:51:44.949Z [INFO]  ReferenceTransformer: reference not found: "var.address_subnetwork"
2024-05-03T18:51:44.949Z [INFO]  ReferenceTransformer: reference not found: "var.address_description"
2024-05-03T18:51:44.949Z [INFO]  ReferenceTransformer: reference not found: "local.purpose"
2024-05-03T18:51:44.949Z [INFO]  ReferenceTransformer: reference not found: "local.address_type"
2024-05-03T18:51:44.949Z [INFO]  ReferenceTransformer: reference not found: "local.address_type"
2024-05-03T18:51:44.949Z [INFO]  ReferenceTransformer: reference not found: "var.network_tier"
2024-05-03T18:51:44.949Z [INFO]  ReferenceTransformer: reference not found: "var.address_prefix_length"
2024-05-03T18:51:44.949Z [INFO]  ReferenceTransformer: reference not found: "local.project"
2024-05-03T18:51:44.949Z [INFO]  ReferenceTransformer: reference not found: "local.region"
2024-05-03T18:51:44.949Z [INFO]  ReferenceTransformer: reference not found: "local.address_type"
2024-05-03T18:51:44.949Z [INFO]  ReferenceTransformer: reference not found: "local.purpose"
2024-05-03T18:51:44.949Z [INFO]  ReferenceTransformer: reference not found: "local.purpose"
2024-05-03T18:51:44.949Z [INFO]  ReferenceTransformer: reference not found: "var.address_network"
2024-05-03T18:51:44.949Z [INFO]  ReferenceTransformer: reference not found: "var.address_description"
2024-05-03T18:51:44.949Z [INFO]  ReferenceTransformer: reference not found: "local.address_type"
2024-05-03T18:51:44.949Z [INFO]  ReferenceTransformer: reference not found: "var.address_ip"
2024-05-03T18:51:44.950Z [INFO]  ReferenceTransformer: reference not found: "var.labels"
2024-05-03T18:51:44.950Z [INFO]  ReferenceTransformer: reference not found: "local.address_type"
2024-05-03T18:51:44.950Z [INFO]  ReferenceTransformer: reference not found: "local.purpose"
2024-05-03T18:51:44.950Z [INFO]  ReferenceTransformer: reference not found: "var.address_subnetwork"
2024-05-03T18:51:44.950Z [INFO]  ReferenceTransformer: reference not found: "var.address_name"
2024-05-03T18:51:44.950Z [INFO]  ReferenceTransformer: reference not found: "local.purpose"
2024-05-03T18:51:44.950Z [INFO]  ReferenceTransformer: reference not found: "local.address_type"
2024-05-03T18:51:44.950Z [INFO]  ReferenceTransformer: reference not found: "local.project"
2024-05-03T18:51:44.950Z [INFO]  ReferenceTransformer: reference not found: "local.address_type"
2024-05-03T18:51:44.950Z [INFO]  ReferenceTransformer: reference not found: "local.purpose"
2024-05-03T18:51:44.950Z [INFO]  ReferenceTransformer: reference not found: "var.address_subnetwork"
2024-05-03T18:51:44.950Z [INFO]  ReferenceTransformer: reference not found: "local.region"
2024-05-03T18:51:44.950Z [INFO]  ReferenceTransformer: reference not found: "var.address_description"
2024-05-03T18:51:44.950Z [INFO]  ReferenceTransformer: reference not found: "local.address_type"
2024-05-03T18:51:44.950Z [INFO]  ReferenceTransformer: reference not found: "var.network_tier"
2024-05-03T18:51:44.950Z [INFO]  ReferenceTransformer: reference not found: "local.address_type"
2024-05-03T18:51:44.950Z [INFO]  ReferenceTransformer: reference not found: "var.address_ip"
2024-05-03T18:51:44.950Z [INFO]  ReferenceTransformer: reference not found: "var.labels"
2024-05-03T18:51:44.950Z [INFO]  ReferenceTransformer: reference not found: "var.address_prefix_length"
2024-05-03T18:51:44.950Z [INFO]  ReferenceTransformer: reference not found: "var.address_name"
2024-05-03T18:51:44.950Z [INFO]  ReferenceTransformer: reference not found: "local.address_type"
2024-05-03T18:51:44.950Z [INFO]  ReferenceTransformer: reference not found: "local.purpose"
2024-05-03T18:51:44.950Z [INFO]  ReferenceTransformer: reference not found: "local.purpose"
2024-05-03T18:51:44.950Z [INFO]  ReferenceTransformer: reference not found: "var.address_network"
2024-05-03T18:51:44.950Z [INFO]  ReferenceTransformer: reference not found: "local.purpose"
2024-05-03T18:51:44.950Z [INFO]  ReferenceTransformer: reference not found: "local.address_type"
2024-05-03T18:51:44.950Z [INFO]  ReferenceTransformer: reference not found: "local.region"
2024-05-03T18:51:44.950Z [INFO]  ReferenceTransformer: reference not found: "local.address_type"
2024-05-03T18:51:44.950Z [INFO]  ReferenceTransformer: reference not found: "local.purpose"
2024-05-03T18:51:44.950Z [INFO]  ReferenceTransformer: reference not found: "local.purpose"
2024-05-03T18:51:44.950Z [INFO]  ReferenceTransformer: reference not found: "var.address_network"
2024-05-03T18:51:44.950Z [INFO]  ReferenceTransformer: reference not found: "var.address_description"
2024-05-03T18:51:44.950Z [INFO]  ReferenceTransformer: reference not found: "local.purpose"
2024-05-03T18:51:44.950Z [INFO]  ReferenceTransformer: reference not found: "local.address_type"
2024-05-03T18:51:44.950Z [INFO]  ReferenceTransformer: reference not found: "var.address_ip"
2024-05-03T18:51:44.950Z [INFO]  ReferenceTransformer: reference not found: "local.address_type"
2024-05-03T18:51:44.950Z [INFO]  ReferenceTransformer: reference not found: "var.labels"
2024-05-03T18:51:44.950Z [INFO]  ReferenceTransformer: reference not found: "local.project"
2024-05-03T18:51:44.950Z [INFO]  ReferenceTransformer: reference not found: "local.address_type"
2024-05-03T18:51:44.950Z [INFO]  ReferenceTransformer: reference not found: "local.purpose"
2024-05-03T18:51:44.950Z [INFO]  ReferenceTransformer: reference not found: "var.address_subnetwork"
2024-05-03T18:51:44.950Z [INFO]  ReferenceTransformer: reference not found: "var.address_name"
2024-05-03T18:51:44.950Z [INFO]  ReferenceTransformer: reference not found: "local.address_type"
2024-05-03T18:51:44.950Z [INFO]  ReferenceTransformer: reference not found: "var.network_tier"
2024-05-03T18:51:44.950Z [INFO]  ReferenceTransformer: reference not found: "var.address_prefix_length"
2024-05-03T18:51:44.951Z [INFO]  ReferenceTransformer: reference not found: "local.purpose"
2024-05-03T18:51:44.951Z [INFO]  ReferenceTransformer: reference not found: "var.labels"
2024-05-03T18:51:44.951Z [INFO]  ReferenceTransformer: reference not found: "local.project"
2024-05-03T18:51:44.951Z [INFO]  ReferenceTransformer: reference not found: "local.address_type"
2024-05-03T18:51:44.951Z [INFO]  ReferenceTransformer: reference not found: "local.purpose"
2024-05-03T18:51:44.951Z [INFO]  ReferenceTransformer: reference not found: "var.address_subnetwork"
2024-05-03T18:51:44.951Z [INFO]  ReferenceTransformer: reference not found: "local.address_type"
2024-05-03T18:51:44.951Z [INFO]  ReferenceTransformer: reference not found: "local.purpose"
2024-05-03T18:51:44.951Z [INFO]  ReferenceTransformer: reference not found: "local.purpose"
2024-05-03T18:51:44.951Z [INFO]  ReferenceTransformer: reference not found: "var.address_network"
2024-05-03T18:51:44.951Z [INFO]  ReferenceTransformer: reference not found: "var.address_name"
2024-05-03T18:51:44.951Z [INFO]  ReferenceTransformer: reference not found: "local.address_type"
2024-05-03T18:51:44.951Z [INFO]  ReferenceTransformer: reference not found: "var.address_ip"
2024-05-03T18:51:44.951Z [INFO]  ReferenceTransformer: reference not found: "local.address_type"
2024-05-03T18:51:44.951Z [INFO]  ReferenceTransformer: reference not found: "var.network_tier"
2024-05-03T18:51:44.951Z [INFO]  ReferenceTransformer: reference not found: "var.address_prefix_length"
2024-05-03T18:51:44.951Z [INFO]  ReferenceTransformer: reference not found: "local.region"
2024-05-03T18:51:44.951Z [INFO]  ReferenceTransformer: reference not found: "var.address_description"
2024-05-03T18:51:44.951Z [INFO]  ReferenceTransformer: reference not found: "local.address_type"
2024-05-03T18:51:45.197Z [WARN]  Provider "registry.terraform.io/hashicorp/google" produced an invalid plan for module.regional_address["gcp-yyz-fgt-ha-priv-ip-01"].google_compute_address.default, but we are tolerating it because it is using the legacy plugin SDK.
    The following problems may be the cause of any confusing errors from downstream operations:
      - .ipv6_endpoint_type: planned value cty.StringVal("") for a non-computed attribute
      - .network: planned value cty.StringVal("") for a non-computed attribute
      - .ip_version: planned value cty.StringVal("") for a non-computed attribute
2024-05-03T18:51:45.199Z [WARN]  Provider "registry.terraform.io/hashicorp/google" produced an invalid plan for module.regional_address["gcp-yyz-fgt-ilb-priv-ip-01"].google_compute_address.default, but we are tolerating it because it is using the legacy plugin SDK.
    The following problems may be the cause of any confusing errors from downstream operations:
      - .ipv6_endpoint_type: planned value cty.StringVal("") for a non-computed attribute
      - .network: planned value cty.StringVal("") for a non-computed attribute
      - .ip_version: planned value cty.StringVal("") for a non-computed attribute
2024-05-03T18:51:45.199Z [WARN]  Provider "registry.terraform.io/hashicorp/google" produced an invalid plan for module.regional_address["gcp-yyz-fgt-mgmt-priv-ip-01"].google_compute_address.default, but we are tolerating it because it is using the legacy plugin SDK.
    The following problems may be the cause of any confusing errors from downstream operations:
      - .ipv6_endpoint_type: planned value cty.StringVal("") for a non-computed attribute
      - .network: planned value cty.StringVal("") for a non-computed attribute
      - .ip_version: planned value cty.StringVal("") for a non-computed attribute
2024-05-03T18:51:45.281Z [WARN]  Provider "registry.terraform.io/hashicorp/google" produced an invalid plan for module.regional_address["gcp-yyz-fgt-out-priv-ip-02"].google_compute_address.default, but we are tolerating it because it is using the legacy plugin SDK.
    The following problems may be the cause of any confusing errors from downstream operations:
      - .ip_version: planned value cty.StringVal("") for a non-computed attribute
      - .ipv6_endpoint_type: planned value cty.StringVal("") for a non-computed attribute
      - .network: planned value cty.StringVal("") for a non-computed attribute
2024-05-03T18:51:45.637Z [WARN]  Provider "registry.terraform.io/hashicorp/google" produced an invalid plan for module.regional_address["gcp-yyz-fgt-out-priv-ip-01"].google_compute_address.default, but we are tolerating it because it is using the legacy plugin SDK.
    The following problems may be the cause of any confusing errors from downstream operations:
      - .network: planned value cty.StringVal("") for a non-computed attribute
      - .ip_version: planned value cty.StringVal("") for a non-computed attribute
      - .ipv6_endpoint_type: planned value cty.StringVal("") for a non-computed attribute
2024-05-03T18:51:45.650Z [WARN]  Provider "registry.terraform.io/hashicorp/google" produced an invalid plan for module.regional_address["gcp-yyz-fgt-int-priv-ip-01"].google_compute_address.default, but we are tolerating it because it is using the legacy plugin SDK.
    The following problems may be the cause of any confusing errors from downstream operations:
      - .ipv6_endpoint_type: planned value cty.StringVal("") for a non-computed attribute
      - .network: planned value cty.StringVal("") for a non-computed attribute
      - .ip_version: planned value cty.StringVal("") for a non-computed attribute
2024-05-03T18:51:45.672Z [WARN]  Provider "registry.terraform.io/hashicorp/google" produced an invalid plan for module.regional_address["gcp-yyz-prd-inf-cnat-ip-01"].google_compute_address.default, but we are tolerating it because it is using the legacy plugin SDK.
    The following problems may be the cause of any confusing errors from downstream operations:
      - .ipv6_endpoint_type: planned value cty.StringVal("") for a non-computed attribute
      - .network: planned value cty.StringVal("") for a non-computed attribute
      - .ip_version: planned value cty.StringVal("") for a non-computed attribute
2024-05-03T18:51:45.678Z [WARN]  Provider "registry.terraform.io/hashicorp/google" produced an invalid plan for module.regional_address["gcp-yyz-fgt-int-priv-ip-02"].google_compute_address.default, but we are tolerating it because it is using the legacy plugin SDK.
    The following problems may be the cause of any confusing errors from downstream operations:
      - .ip_version: planned value cty.StringVal("") for a non-computed attribute
      - .ipv6_endpoint_type: planned value cty.StringVal("") for a non-computed attribute
      - .network: planned value cty.StringVal("") for a non-computed attribute
2024-05-03T18:51:45.678Z [WARN]  Provider "registry.terraform.io/hashicorp/google" produced an invalid plan for module.regional_address["gcp-yyz-fgt-ha-priv-ip-02"].google_compute_address.default, but we are tolerating it because it is using the legacy plugin SDK.
    The following problems may be the cause of any confusing errors from downstream operations:
      - .ipv6_endpoint_type: planned value cty.StringVal("") for a non-computed attribute
      - .network: planned value cty.StringVal("") for a non-computed attribute
      - .ip_version: planned value cty.StringVal("") for a non-computed attribute
2024-05-03T18:51:45.680Z [WARN]  Provider "registry.terraform.io/hashicorp/google" produced an invalid plan for module.regional_address["gcp-yyz-fgt-mgmt-priv-ip-02"].google_compute_address.default, but we are tolerating it because it is using the legacy plugin SDK.
    The following problems may be the cause of any confusing errors from downstream operations:
      - .network: planned value cty.StringVal("") for a non-computed attribute
      - .ip_version: planned value cty.StringVal("") for a non-computed attribute
      - .ipv6_endpoint_type: planned value cty.StringVal("") for a non-computed attribute
2024-05-03T18:51:45.686Z [INFO]  ReferenceTransformer: reference not found: "module.regional_address"
2024-05-03T18:51:45.686Z [INFO]  ReferenceTransformer: reference not found: "var.image_name"
2024-05-03T18:51:45.686Z [INFO]  ReferenceTransformer: reference not found: "var.image_project"
2024-05-03T18:51:45.691Z [INFO]  ReferenceTransformer: reference not found: "module.regional_address"
2024-05-03T18:51:45.691Z [INFO]  ReferenceTransformer: reference not found: "var.region"
2024-05-03T18:51:45.691Z [INFO]  ReferenceTransformer: reference not found: "var.fgt_project_id"
2024-05-03T18:51:45.691Z [INFO]  ReferenceTransformer: reference not found: "var.ilb_ip"
2024-05-03T18:51:45.693Z [INFO]  ReferenceTransformer: reference not found: "module.regional_address"
2024-05-03T18:51:45.693Z [INFO]  ReferenceTransformer: reference not found: "var.priv_ips"
2024-05-03T18:51:45.693Z [INFO]  ReferenceTransformer: reference not found: "var.priv_ips"
2024-05-03T18:51:45.693Z [INFO]  ReferenceTransformer: reference not found: "count.index"
2024-05-03T18:51:45.693Z [INFO]  ReferenceTransformer: reference not found: "var.region"
2024-05-03T18:51:45.693Z [INFO]  ReferenceTransformer: reference not found: "var.fgt_project_id"
2024-05-03T18:51:45.693Z [INFO]  ReferenceTransformer: reference not found: "module.regional_address"
2024-05-03T18:51:45.693Z [INFO]  ReferenceTransformer: reference not found: "var.priv_ips"
2024-05-03T18:51:45.693Z [INFO]  ReferenceTransformer: reference not found: "var.priv_ips"
2024-05-03T18:51:45.693Z [INFO]  ReferenceTransformer: reference not found: "count.index"
2024-05-03T18:51:45.693Z [INFO]  ReferenceTransformer: reference not found: "var.region"
2024-05-03T18:51:45.693Z [INFO]  ReferenceTransformer: reference not found: "var.fgt_project_id"
2024-05-03T18:51:45.694Z [INFO]  ReferenceTransformer: reference not found: "module.regional_address"
2024-05-03T18:51:45.694Z [INFO]  ReferenceTransformer: reference not found: "var.pub_ips"
2024-05-03T18:51:45.694Z [INFO]  ReferenceTransformer: reference not found: "var.fgt_project_id"
2024-05-03T18:51:45.694Z [INFO]  ReferenceTransformer: reference not found: "var.pub_ips"
2024-05-03T18:51:45.694Z [INFO]  ReferenceTransformer: reference not found: "count.index"
2024-05-03T18:51:45.694Z [INFO]  ReferenceTransformer: reference not found: "var.region"
2024-05-03T18:51:45.694Z [INFO]  ReferenceTransformer: reference not found: "module.regional_address"
2024-05-03T18:51:45.694Z [INFO]  ReferenceTransformer: reference not found: "var.pub_ips"
2024-05-03T18:51:45.694Z [INFO]  ReferenceTransformer: reference not found: "var.fgt_project_id"
2024-05-03T18:51:45.694Z [INFO]  ReferenceTransformer: reference not found: "var.pub_ips"
2024-05-03T18:51:45.694Z [INFO]  ReferenceTransformer: reference not found: "count.index"
2024-05-03T18:51:45.694Z [INFO]  ReferenceTransformer: reference not found: "var.region"
2024-05-03T18:51:45.696Z [INFO]  ReferenceTransformer: reference not found: "module.regional_address"
2024-05-03T18:51:45.696Z [INFO]  ReferenceTransformer: reference not found: "var.mgmt_ips"
2024-05-03T18:51:45.696Z [INFO]  ReferenceTransformer: reference not found: "var.mgmt_ips"
2024-05-03T18:51:45.696Z [INFO]  ReferenceTransformer: reference not found: "count.index"
2024-05-03T18:51:45.696Z [INFO]  ReferenceTransformer: reference not found: "var.region"
2024-05-03T18:51:45.696Z [INFO]  ReferenceTransformer: reference not found: "var.fgt_project_id"
2024-05-03T18:51:45.696Z [INFO]  ReferenceTransformer: reference not found: "module.regional_address"
2024-05-03T18:51:45.696Z [INFO]  ReferenceTransformer: reference not found: "var.mgmt_ips"
2024-05-03T18:51:45.696Z [INFO]  ReferenceTransformer: reference not found: "var.fgt_project_id"
2024-05-03T18:51:45.696Z [INFO]  ReferenceTransformer: reference not found: "var.mgmt_ips"
2024-05-03T18:51:45.696Z [INFO]  ReferenceTransformer: reference not found: "count.index"
2024-05-03T18:51:45.696Z [INFO]  ReferenceTransformer: reference not found: "var.region"
2024-05-03T18:51:45.697Z [INFO]  ReferenceTransformer: reference not found: "var.project_id"
2024-05-03T18:51:45.697Z [INFO]  ReferenceTransformer: reference not found: "var.router_name"
2024-05-03T18:51:45.697Z [INFO]  ReferenceTransformer: reference not found: "var.region"
2024-05-03T18:51:45.697Z [INFO]  ReferenceTransformer: reference not found: "var.network"
2024-05-03T18:51:45.697Z [INFO]  ReferenceTransformer: reference not found: "var.router_asn"
2024-05-03T18:51:45.697Z [INFO]  ReferenceTransformer: reference not found: "var.router_keepalive_interval"
2024-05-03T18:51:45.698Z [INFO]  ReferenceTransformer: reference not found: "module.regional_address"
2024-05-03T18:51:45.698Z [INFO]  ReferenceTransformer: reference not found: "var.hasync_ips"
2024-05-03T18:51:45.698Z [INFO]  ReferenceTransformer: reference not found: "var.hasync_ips"
2024-05-03T18:51:45.698Z [INFO]  ReferenceTransformer: reference not found: "count.index"
2024-05-03T18:51:45.698Z [INFO]  ReferenceTransformer: reference not found: "var.region"
2024-05-03T18:51:45.698Z [INFO]  ReferenceTransformer: reference not found: "var.fgt_project_id"
2024-05-03T18:51:45.698Z [INFO]  ReferenceTransformer: reference not found: "module.regional_address"
2024-05-03T18:51:45.698Z [INFO]  ReferenceTransformer: reference not found: "var.hasync_ips"
2024-05-03T18:51:45.698Z [INFO]  ReferenceTransformer: reference not found: "var.hasync_ips"
2024-05-03T18:51:45.698Z [INFO]  ReferenceTransformer: reference not found: "count.index"
2024-05-03T18:51:45.698Z [INFO]  ReferenceTransformer: reference not found: "var.region"
2024-05-03T18:51:45.698Z [INFO]  ReferenceTransformer: reference not found: "var.fgt_project_id"
2024-05-03T18:51:45.993Z [INFO]  ReferenceTransformer: reference not found: "data.google_compute_image.fgt_image"
2024-05-03T18:51:45.993Z [INFO]  ReferenceTransformer: reference not found: "var.subnets"
2024-05-03T18:51:45.993Z [INFO]  ReferenceTransformer: reference not found: "var.subnets"
2024-05-03T18:51:45.993Z [INFO]  ReferenceTransformer: reference not found: "count.index"
2024-05-03T18:51:45.993Z [INFO]  ReferenceTransformer: reference not found: "var.region"
2024-05-03T18:51:45.993Z [INFO]  ReferenceTransformer: reference not found: "var.fgt_project_id"
2024-05-03T18:51:45.993Z [INFO]  ReferenceTransformer: reference not found: "data.google_compute_image.fgt_image"
2024-05-03T18:51:45.993Z [INFO]  ReferenceTransformer: reference not found: "var.subnets"
2024-05-03T18:51:45.993Z [INFO]  ReferenceTransformer: reference not found: "var.subnets"
2024-05-03T18:51:45.993Z [INFO]  ReferenceTransformer: reference not found: "count.index"
2024-05-03T18:51:45.993Z [INFO]  ReferenceTransformer: reference not found: "var.fgt_project_id"
2024-05-03T18:51:45.993Z [INFO]  ReferenceTransformer: reference not found: "var.region"
2024-05-03T18:51:45.993Z [INFO]  ReferenceTransformer: reference not found: "data.google_compute_image.fgt_image"
2024-05-03T18:51:45.993Z [INFO]  ReferenceTransformer: reference not found: "var.subnets"
2024-05-03T18:51:45.993Z [INFO]  ReferenceTransformer: reference not found: "var.subnets"
2024-05-03T18:51:45.993Z [INFO]  ReferenceTransformer: reference not found: "count.index"
2024-05-03T18:51:45.993Z [INFO]  ReferenceTransformer: reference not found: "var.fgt_project_id"
2024-05-03T18:51:45.993Z [INFO]  ReferenceTransformer: reference not found: "var.region"
2024-05-03T18:51:45.993Z [INFO]  ReferenceTransformer: reference not found: "data.google_compute_image.fgt_image"
2024-05-03T18:51:45.993Z [INFO]  ReferenceTransformer: reference not found: "var.subnets"
2024-05-03T18:51:45.993Z [INFO]  ReferenceTransformer: reference not found: "var.region"
2024-05-03T18:51:45.993Z [INFO]  ReferenceTransformer: reference not found: "var.fgt_project_id"
2024-05-03T18:51:45.993Z [INFO]  ReferenceTransformer: reference not found: "var.subnets"
2024-05-03T18:51:45.993Z [INFO]  ReferenceTransformer: reference not found: "count.index"
2024-05-03T18:51:46.342Z [WARN]  Provider "registry.terraform.io/hashicorp/google" produced an invalid plan for module.router["gcp-yyz-prd-inf-crtr-01"].google_compute_router.router, but we are tolerating it because it is using the legacy plugin SDK.
    The following problems may be the cause of any confusing errors from downstream operations:
      - .description: planned value cty.StringVal("") for a non-computed attribute
      - .encrypted_interconnect_router: planned value cty.False for a non-computed attribute
      - .bgp[0].advertise_mode: planned value cty.StringVal("DEFAULT") for a non-computed attribute
2024-05-03T18:51:46.348Z [INFO]  ReferenceTransformer: reference not found: "var.tcp_transitory_idle_timeout_sec"
2024-05-03T18:51:46.348Z [INFO]  ReferenceTransformer: reference not found: "var.router_name"
2024-05-03T18:51:46.348Z [INFO]  ReferenceTransformer: reference not found: "var.nat_ip_allocate_option"
2024-05-03T18:51:46.348Z [INFO]  ReferenceTransformer: reference not found: "var.nat_ips"
2024-05-03T18:51:46.348Z [INFO]  ReferenceTransformer: reference not found: "var.nat_name"
2024-05-03T18:51:46.348Z [INFO]  ReferenceTransformer: reference not found: "var.icmp_idle_timeout_sec"
2024-05-03T18:51:46.348Z [INFO]  ReferenceTransformer: reference not found: "var.udp_idle_timeout_sec"
2024-05-03T18:51:46.348Z [INFO]  ReferenceTransformer: reference not found: "var.source_subnetwork_ip_ranges_to_nat"
2024-05-03T18:51:46.348Z [INFO]  ReferenceTransformer: reference not found: "var.enable_endpoint_independent_mapping"
2024-05-03T18:51:46.348Z [INFO]  ReferenceTransformer: reference not found: "var.nat_ip_allocate_option"
2024-05-03T18:51:46.348Z [INFO]  ReferenceTransformer: reference not found: "var.project_id"
2024-05-03T18:51:46.348Z [INFO]  ReferenceTransformer: reference not found: "var.tcp_established_idle_timeout_sec"
2024-05-03T18:51:46.348Z [INFO]  ReferenceTransformer: reference not found: "var.min_ports_per_vm"
2024-05-03T18:51:46.348Z [INFO]  ReferenceTransformer: reference not found: "var.region"
2024-05-03T18:51:46.348Z [INFO]  ReferenceTransformer: reference not found: "var.subnetworks"
2024-05-03T18:51:46.348Z [INFO]  ReferenceTransformer: reference not found: "var.log_config_enable"
2024-05-03T18:51:46.348Z [INFO]  ReferenceTransformer: reference not found: "var.log_config_enable"
2024-05-03T18:51:46.348Z [INFO]  ReferenceTransformer: reference not found: "var.log_config_filter"
2024-05-03T18:51:46.975Z [WARN]  Provider "registry.terraform.io/hashicorp/google" produced an invalid plan for module.nat["gcp-yyz-prd-inf-cnat-01"].google_compute_router_nat.nat, but we are tolerating it because it is using the legacy plugin SDK.
    The following problems may be the cause of any confusing errors from downstream operations:
      - .drain_nat_ips: planned value cty.SetValEmpty(cty.String) for a non-computed attribute
      - .max_ports_per_vm: planned value cty.NumberIntVal(0) for a non-computed attribute
      - .tcp_time_wait_timeout_sec: planned value cty.NumberIntVal(120) for a non-computed attribute
2024-05-03T18:51:46.981Z [INFO]  ReferenceTransformer: reference not found: "var.description"
2024-05-03T18:51:46.981Z [INFO]  ReferenceTransformer: reference not found: "var.disk_name"
2024-05-03T18:51:46.981Z [INFO]  ReferenceTransformer: reference not found: "var.physical_block_size_bytes"
2024-05-03T18:51:46.981Z [INFO]  ReferenceTransformer: reference not found: "var.zone"
2024-05-03T18:51:46.982Z [INFO]  ReferenceTransformer: reference not found: "var.labels"
2024-05-03T18:51:46.982Z [INFO]  ReferenceTransformer: reference not found: "var.project_id"
2024-05-03T18:51:46.982Z [INFO]  ReferenceTransformer: reference not found: "var.image"
2024-05-03T18:51:46.982Z [INFO]  ReferenceTransformer: reference not found: "var.size"
2024-05-03T18:51:46.982Z [INFO]  ReferenceTransformer: reference not found: "var.type"
2024-05-03T18:51:46.982Z [INFO]  ReferenceTransformer: reference not found: "var.image"
2024-05-03T18:51:46.982Z [INFO]  ReferenceTransformer: reference not found: "var.size"
2024-05-03T18:51:46.982Z [INFO]  ReferenceTransformer: reference not found: "var.physical_block_size_bytes"
2024-05-03T18:51:46.982Z [INFO]  ReferenceTransformer: reference not found: "var.zone"
2024-05-03T18:51:46.982Z [INFO]  ReferenceTransformer: reference not found: "var.labels"
2024-05-03T18:51:46.982Z [INFO]  ReferenceTransformer: reference not found: "var.type"
2024-05-03T18:51:46.982Z [INFO]  ReferenceTransformer: reference not found: "var.project_id"
2024-05-03T18:51:46.982Z [INFO]  ReferenceTransformer: reference not found: "var.description"
2024-05-03T18:51:46.982Z [INFO]  ReferenceTransformer: reference not found: "var.disk_name"
2024-05-03T18:51:47.175Z [WARN]  Provider "registry.terraform.io/hashicorp/google-beta" produced an invalid plan for module.disk["prdyzsecfgtvm01-log-disk01"].google_compute_disk.disk, but we are tolerating it because it is using the legacy plugin SDK.
    The following problems may be the cause of any confusing errors from downstream operations:
      - .snapshot: planned value cty.StringVal("") for a non-computed attribute
      - .multi_writer: planned value cty.False for a non-computed attribute
      - .image: planned value cty.StringVal("") for a non-computed attribute
      - .source_disk: planned value cty.StringVal("") for a non-computed attribute
2024-05-03T18:51:47.635Z [WARN]  Provider "registry.terraform.io/hashicorp/google-beta" produced an invalid plan for module.disk["prdyzsecfgtvm02-log-disk01"].google_compute_disk.disk, but we are tolerating it because it is using the legacy plugin SDK.
    The following problems may be the cause of any confusing errors from downstream operations:
      - .snapshot: planned value cty.StringVal("") for a non-computed attribute
      - .multi_writer: planned value cty.False for a non-computed attribute
      - .image: planned value cty.StringVal("") for a non-computed attribute
      - .source_disk: planned value cty.StringVal("") for a non-computed attribute
2024-05-03T18:51:47.642Z [INFO]  ReferenceTransformer: reference not found: "module.disk"
2024-05-03T18:51:47.705Z [INFO]  ReferenceTransformer: reference not found: "var.labels"
2024-05-03T18:51:47.705Z [INFO]  ReferenceTransformer: reference not found: "var.zone"
2024-05-03T18:51:47.705Z [INFO]  ReferenceTransformer: reference not found: "var.deletion_protection"
2024-05-03T18:51:47.705Z [INFO]  ReferenceTransformer: reference not found: "var.can_ip_forward"
2024-05-03T18:51:47.705Z [INFO]  ReferenceTransformer: reference not found: "var.tags"
2024-05-03T18:51:47.705Z [INFO]  ReferenceTransformer: reference not found: "var.desired_status"
2024-05-03T18:51:47.705Z [INFO]  ReferenceTransformer: reference not found: "var.project_id"
2024-05-03T18:51:47.705Z [INFO]  ReferenceTransformer: reference not found: "var.name"
2024-05-03T18:51:47.705Z [INFO]  ReferenceTransformer: reference not found: "var.allow_stopping_for_update"
2024-05-03T18:51:47.705Z [INFO]  ReferenceTransformer: reference not found: "var.machine_type"
2024-05-03T18:51:47.705Z [INFO]  ReferenceTransformer: reference not found: "var.metadata"
2024-05-03T18:51:47.705Z [INFO]  ReferenceTransformer: reference not found: "var.attached_disk"
2024-05-03T18:51:47.705Z [INFO]  ReferenceTransformer: reference not found: "var.network_interfaces"
2024-05-03T18:51:47.705Z [INFO]  ReferenceTransformer: reference not found: "var.labels"
2024-05-03T18:51:47.705Z [INFO]  ReferenceTransformer: reference not found: "var.size"
2024-05-03T18:51:47.705Z [INFO]  ReferenceTransformer: reference not found: "var.type"
2024-05-03T18:51:47.705Z [INFO]  ReferenceTransformer: reference not found: "var.image"
2024-05-03T18:51:47.705Z [INFO]  ReferenceTransformer: reference not found: "var.service_account_email"
2024-05-03T18:51:47.705Z [INFO]  ReferenceTransformer: reference not found: "var.service_account_scopes"
2024-05-03T18:51:47.705Z [INFO]  ReferenceTransformer: reference not found: "var.automatic_restart"
2024-05-03T18:51:47.705Z [INFO]  ReferenceTransformer: reference not found: "var.preemptible"
2024-05-03T18:51:47.706Z [INFO]  ReferenceTransformer: reference not found: "var.name"
2024-05-03T18:51:47.706Z [INFO]  ReferenceTransformer: reference not found: "var.machine_type"
2024-05-03T18:51:47.706Z [INFO]  ReferenceTransformer: reference not found: "var.can_ip_forward"
2024-05-03T18:51:47.706Z [INFO]  ReferenceTransformer: reference not found: "var.zone"
2024-05-03T18:51:47.706Z [INFO]  ReferenceTransformer: reference not found: "var.metadata"
2024-05-03T18:51:47.706Z [INFO]  ReferenceTransformer: reference not found: "var.project_id"
2024-05-03T18:51:47.706Z [INFO]  ReferenceTransformer: reference not found: "var.allow_stopping_for_update"
2024-05-03T18:51:47.706Z [INFO]  ReferenceTransformer: reference not found: "var.deletion_protection"
2024-05-03T18:51:47.706Z [INFO]  ReferenceTransformer: reference not found: "var.labels"
2024-05-03T18:51:47.706Z [INFO]  ReferenceTransformer: reference not found: "var.tags"
2024-05-03T18:51:47.706Z [INFO]  ReferenceTransformer: reference not found: "var.desired_status"
2024-05-03T18:51:47.706Z [INFO]  ReferenceTransformer: reference not found: "var.attached_disk"
2024-05-03T18:51:47.706Z [INFO]  ReferenceTransformer: reference not found: "var.network_interfaces"
2024-05-03T18:51:47.706Z [INFO]  ReferenceTransformer: reference not found: "var.image"
2024-05-03T18:51:47.706Z [INFO]  ReferenceTransformer: reference not found: "var.labels"
2024-05-03T18:51:47.706Z [INFO]  ReferenceTransformer: reference not found: "var.size"
2024-05-03T18:51:47.706Z [INFO]  ReferenceTransformer: reference not found: "var.type"
2024-05-03T18:51:47.706Z [INFO]  ReferenceTransformer: reference not found: "var.service_account_scopes"
2024-05-03T18:51:47.706Z [INFO]  ReferenceTransformer: reference not found: "var.service_account_email"
2024-05-03T18:51:47.706Z [INFO]  ReferenceTransformer: reference not found: "var.automatic_restart"
2024-05-03T18:51:47.706Z [INFO]  ReferenceTransformer: reference not found: "var.preemptible"
2024-05-03T18:51:48.619Z [WARN]  Provider "registry.terraform.io/hashicorp/google" produced an invalid plan for module.vm["prdyzsecfgtvm01"].google_compute_instance.default, but we are tolerating it because it is using the legacy plugin SDK.
    The following problems may be the cause of any confusing errors from downstream operations:
      - .description: planned value cty.StringVal("") for a non-computed attribute
      - .resource_policies: planned value cty.ListValEmpty(cty.String) for a non-computed attribute
      - .hostname: planned value cty.StringVal("") for a non-computed attribute
      - .enable_display: planned value cty.False for a non-computed attribute
      - .network_interface[0].queue_count: planned value cty.NumberIntVal(0) for a non-computed attribute
      - .network_interface[1].queue_count: planned value cty.NumberIntVal(0) for a non-computed attribute
      - .network_interface[2].queue_count: planned value cty.NumberIntVal(0) for a non-computed attribute
      - .network_interface[3].queue_count: planned value cty.NumberIntVal(0) for a non-computed attribute
      - .scheduling[0].instance_termination_action: planned value cty.StringVal("") for a non-computed attribute
      - .scheduling[0].min_node_cpus: planned value cty.NumberIntVal(0) for a non-computed attribute
      - .shielded_instance_config: block count in plan (1) disagrees with count in config (0)
      - .boot_disk[0].auto_delete: planned value cty.True for a non-computed attribute
      - .boot_disk[0].disk_encryption_key_raw: sensitive planned value for a non-computed attribute
      - .boot_disk[0].mode: planned value cty.StringVal("READ_WRITE") for a non-computed attribute
      - .boot_disk[0].initialize_params[0].resource_manager_tags: planned value cty.MapValEmpty(cty.String) for a non-computed attribute
      - .boot_disk[0].initialize_params[0].enable_confidential_compute: planned value cty.False for a non-computed attribute
      - .attached_disk[0].mode: planned value cty.StringVal("READ_WRITE") for a non-computed attribute
      - .attached_disk[0].disk_encryption_key_raw: sensitive planned value for a non-computed attribute
2024-05-03T18:51:48.633Z [WARN]  Provider "registry.terraform.io/hashicorp/google" produced an invalid plan for module.vm["prdyzsecfgtvm02"].google_compute_instance.default, but we are tolerating it because it is using the legacy plugin SDK.
    The following problems may be the cause of any confusing errors from downstream operations:
      - .description: planned value cty.StringVal("") for a non-computed attribute
      - .resource_policies: planned value cty.ListValEmpty(cty.String) for a non-computed attribute
      - .hostname: planned value cty.StringVal("") for a non-computed attribute
      - .enable_display: planned value cty.False for a non-computed attribute
      - .network_interface[0].queue_count: planned value cty.NumberIntVal(0) for a non-computed attribute
      - .network_interface[1].queue_count: planned value cty.NumberIntVal(0) for a non-computed attribute
      - .network_interface[2].queue_count: planned value cty.NumberIntVal(0) for a non-computed attribute
      - .network_interface[3].queue_count: planned value cty.NumberIntVal(0) for a non-computed attribute
      - .scheduling[0].instance_termination_action: planned value cty.StringVal("") for a non-computed attribute
      - .scheduling[0].min_node_cpus: planned value cty.NumberIntVal(0) for a non-computed attribute
      - .shielded_instance_config: block count in plan (1) disagrees with count in config (0)
      - .attached_disk[0].disk_encryption_key_raw: sensitive planned value for a non-computed attribute
      - .attached_disk[0].mode: planned value cty.StringVal("READ_WRITE") for a non-computed attribute
      - .boot_disk[0].auto_delete: planned value cty.True for a non-computed attribute
      - .boot_disk[0].disk_encryption_key_raw: sensitive planned value for a non-computed attribute
      - .boot_disk[0].mode: planned value cty.StringVal("READ_WRITE") for a non-computed attribute
      - .boot_disk[0].initialize_params[0].resource_manager_tags: planned value cty.MapValEmpty(cty.String) for a non-computed attribute
      - .boot_disk[0].initialize_params[0].enable_confidential_compute: planned value cty.False for a non-computed attribute
2024-05-03T18:51:48.647Z [INFO]  ReferenceTransformer: reference not found: "local.check_interval_sec"
2024-05-03T18:51:48.647Z [INFO]  ReferenceTransformer: reference not found: "local.region"
2024-05-03T18:51:48.647Z [INFO]  ReferenceTransformer: reference not found: "local.healthy_threshold"
2024-05-03T18:51:48.647Z [INFO]  ReferenceTransformer: reference not found: "local.unhealthy_threshold"
2024-05-03T18:51:48.647Z [INFO]  ReferenceTransformer: reference not found: "local.project"
2024-05-03T18:51:48.647Z [INFO]  ReferenceTransformer: reference not found: "local.health_check_name"
2024-05-03T18:51:48.647Z [INFO]  ReferenceTransformer: reference not found: "local.timeout_sec"
2024-05-03T18:51:48.647Z [INFO]  ReferenceTransformer: reference not found: "local.health_check_description"
2024-05-03T18:51:48.647Z [INFO]  ReferenceTransformer: reference not found: "var.http_health_check"
2024-05-03T18:51:48.647Z [INFO]  ReferenceTransformer: reference not found: "var.tcp_health_check"
2024-05-03T18:51:49.270Z [WARN]  Provider "registry.terraform.io/hashicorp/google" produced an invalid plan for module.health_check["gcp-yyz-prd-sec-fgt-ilb-01-hc-01"].google_compute_region_health_check.healthcheck, but we are tolerating it because it is using the legacy plugin SDK.
    The following problems may be the cause of any confusing errors from downstream operations:
      - .log_config: block count in plan (1) disagrees with count in config (0)
      - .http_health_check[0].host: planned value cty.StringVal("") for a non-computed attribute
      - .http_health_check[0].port_name: planned value cty.StringVal("") for a non-computed attribute
      - .http_health_check[0].port_specification: planned value cty.StringVal("") for a non-computed attribute
      - .http_health_check[0].proxy_header: planned value cty.StringVal("NONE") for a non-computed attribute
      - .http_health_check[0].request_path: planned value cty.StringVal("/") for a non-computed attribute
      - .http_health_check[0].response: planned value cty.StringVal("") for a non-computed attribute
2024-05-03T18:51:49.276Z [INFO]  ReferenceTransformer: reference not found: "local.network"
2024-05-03T18:51:49.276Z [INFO]  ReferenceTransformer: reference not found: "var.umig_instances"
2024-05-03T18:51:49.276Z [INFO]  ReferenceTransformer: reference not found: "var.umig_name"
2024-05-03T18:51:49.276Z [INFO]  ReferenceTransformer: reference not found: "local.zone"
2024-05-03T18:51:49.276Z [INFO]  ReferenceTransformer: reference not found: "local.project"
2024-05-03T18:51:49.276Z [INFO]  ReferenceTransformer: reference not found: "var.umig_description"
2024-05-03T18:51:49.276Z [INFO]  ReferenceTransformer: reference not found: "var.named_port"
2024-05-03T18:51:49.276Z [INFO]  ReferenceTransformer: reference not found: "local.zone"
2024-05-03T18:51:49.276Z [INFO]  ReferenceTransformer: reference not found: "var.umig_instances"
2024-05-03T18:51:49.276Z [INFO]  ReferenceTransformer: reference not found: "var.umig_name"
2024-05-03T18:51:49.276Z [INFO]  ReferenceTransformer: reference not found: "var.umig_description"
2024-05-03T18:51:49.276Z [INFO]  ReferenceTransformer: reference not found: "local.network"
2024-05-03T18:51:49.276Z [INFO]  ReferenceTransformer: reference not found: "local.project"
2024-05-03T18:51:49.276Z [INFO]  ReferenceTransformer: reference not found: "var.named_port"
2024-05-03T18:51:50.521Z [INFO]  ReferenceTransformer: reference not found: "local.backend_type"
2024-05-03T18:51:50.521Z [INFO]  ReferenceTransformer: reference not found: "var.health_check_id"
2024-05-03T18:51:50.522Z [INFO]  ReferenceTransformer: reference not found: "var.backend_timeout_sec"
2024-05-03T18:51:50.522Z [INFO]  ReferenceTransformer: reference not found: "var.backend_description"
2024-05-03T18:51:50.522Z [INFO]  ReferenceTransformer: reference not found: "local.region"
2024-05-03T18:51:50.522Z [INFO]  ReferenceTransformer: reference not found: "local.network"
2024-05-03T18:51:50.522Z [INFO]  ReferenceTransformer: reference not found: "var.backend_name"
2024-05-03T18:51:50.522Z [INFO]  ReferenceTransformer: reference not found: "local.load_balancing_scheme"
2024-05-03T18:51:50.522Z [INFO]  ReferenceTransformer: reference not found: "var.backend_protocol"
2024-05-03T18:51:50.522Z [INFO]  ReferenceTransformer: reference not found: "local.project"
2024-05-03T18:51:50.522Z [INFO]  ReferenceTransformer: reference not found: "var.backend"
2024-05-03T18:51:50.522Z [INFO]  ReferenceTransformer: reference not found: "var.log_config"
2024-05-03T18:51:51.195Z [WARN]  Provider "registry.terraform.io/hashicorp/google" produced an invalid plan for module.nlb["gcp-yyz-prd-sec-fgt-ilb-01-frontend-01"].google_compute_region_backend_service.backend[0], but we are tolerating it because it is using the legacy plugin SDK.
    The following problems may be the cause of any confusing errors from downstream operations:
      - .affinity_cookie_ttl_sec: planned value cty.NumberIntVal(0) for a non-computed attribute
      - .enable_cdn: planned value cty.False for a non-computed attribute
      - .connection_draining_timeout_sec: planned value cty.NumberIntVal(0) for a non-computed attribute
      - .locality_lb_policy: planned value cty.StringVal("") for a non-computed attribute
2024-05-03T18:51:51.199Z [INFO]  ReferenceTransformer: reference not found: "local.backend_type"
2024-05-03T18:51:51.199Z [INFO]  ReferenceTransformer: reference not found: "var.frontend_name"
2024-05-03T18:51:51.199Z [INFO]  ReferenceTransformer: reference not found: "var.allow_global_access"
2024-05-03T18:51:51.199Z [INFO]  ReferenceTransformer: reference not found: "local.subnetwork"
2024-05-03T18:51:51.199Z [INFO]  ReferenceTransformer: reference not found: "local.network"
2024-05-03T18:51:51.199Z [INFO]  ReferenceTransformer: reference not found: "var.labels"
2024-05-03T18:51:51.199Z [INFO]  ReferenceTransformer: reference not found: "local.backend_type"
2024-05-03T18:51:51.199Z [INFO]  ReferenceTransformer: reference not found: "local.backend_type"
2024-05-03T18:51:51.199Z [INFO]  ReferenceTransformer: reference not found: "var.ports"
2024-05-03T18:51:51.199Z [INFO]  ReferenceTransformer: reference not found: "var.ip_address"
2024-05-03T18:51:51.199Z [INFO]  ReferenceTransformer: reference not found: "local.load_balancing_scheme"
2024-05-03T18:51:51.199Z [INFO]  ReferenceTransformer: reference not found: "local.project"
2024-05-03T18:51:51.199Z [INFO]  ReferenceTransformer: reference not found: "local.region"
2024-05-03T18:51:51.199Z [INFO]  ReferenceTransformer: reference not found: "var.ip_protocol"
2024-05-03T18:51:51.199Z [INFO]  ReferenceTransformer: reference not found: "local.backend_type"
2024-05-03T18:51:51.199Z [INFO]  ReferenceTransformer: reference not found: "var.port_range"
2024-05-03T18:51:51.199Z [INFO]  ReferenceTransformer: reference not found: "var.frontend_description"
2024-05-03T18:51:51.199Z [INFO]  ReferenceTransformer: reference not found: "var.all_ports"
2024-05-03T18:51:51.880Z [WARN]  Provider "registry.terraform.io/hashicorp/google" produced an invalid plan for module.nlb["gcp-yyz-prd-sec-fgt-ilb-01-frontend-01"].google_compute_forwarding_rule.rule, but we are tolerating it because it is using the legacy plugin SDK.
    The following problems may be the cause of any confusing errors from downstream operations:
      - .ports: planned value cty.SetValEmpty(cty.String) for a non-computed attribute
      - .recreate_closed_psc: planned value cty.False for a non-computed attribute
      - .target: planned value cty.StringVal("") for a non-computed attribute
      - .source_ip_ranges: planned value cty.ListValEmpty(cty.String) for a non-computed attribute
      - .is_mirroring_collector: planned value cty.False for a non-computed attribute
      - .service_label: planned value cty.StringVal("") for a non-computed attribute
      - .allow_psc_global_access: planned value cty.False for a non-computed attribute
2024-05-03T18:51:51.888Z [INFO]  ReferenceTransformer: reference not found: "var.secret_id"
2024-05-03T18:51:51.888Z [INFO]  ReferenceTransformer: reference not found: "var.project_id"
2024-05-03T18:51:51.888Z [INFO]  ReferenceTransformer: reference not found: "var.annotations"
2024-05-03T18:51:51.888Z [INFO]  ReferenceTransformer: reference not found: "var.version_aliases"
2024-05-03T18:51:51.888Z [INFO]  ReferenceTransformer: reference not found: "var.labels"
2024-05-03T18:51:51.888Z [INFO]  ReferenceTransformer: reference not found: "var.ttl"
2024-05-03T18:51:51.888Z [INFO]  ReferenceTransformer: reference not found: "var.expire_time"
2024-05-03T18:51:51.889Z [INFO]  ReferenceTransformer: reference not found: "var.topics"
2024-05-03T18:51:51.889Z [INFO]  ReferenceTransformer: reference not found: "var.rotation"
2024-05-03T18:51:51.889Z [INFO]  ReferenceTransformer: reference not found: "var.auto"
2024-05-03T18:51:51.889Z [INFO]  ReferenceTransformer: reference not found: "var.auto"
2024-05-03T18:51:52.061Z [WARN]  Provider "registry.terraform.io/hashicorp/google" produced an invalid plan for module.secret["gcp-yyz-prd-sec-fgt-api-key-01"].google_secret_manager_secret.secret, but we are tolerating it because it is using the legacy plugin SDK.
    The following problems may be the cause of any confusing errors from downstream operations:
      - .version_destroy_ttl: planned value cty.StringVal("") for a non-computed attribute
      - .version_aliases: planned value cty.MapValEmpty(cty.String) for a non-computed attribute
2024-05-03T18:51:52.063Z [INFO]  ReferenceTransformer: reference not found: "var.is_secret_data_base64"
2024-05-03T18:51:52.063Z [INFO]  ReferenceTransformer: reference not found: "var.deletion_policy"
2024-05-03T18:51:52.063Z [INFO]  ReferenceTransformer: reference not found: "var.enabled"
2024-05-03T18:51:52.063Z [INFO]  ReferenceTransformer: reference not found: "var.secret_data"
2024-05-03T18:51:52.334Z [INFO]  ReferenceTransformer: reference not found: "each.value"
2024-05-03T18:51:52.335Z [INFO]  ReferenceTransformer: reference not found: "each.value"
2024-05-03T18:51:52.335Z [INFO]  ReferenceTransformer: reference not found: "each.key"
2024-05-03T18:51:52.335Z [INFO]  ReferenceTransformer: reference not found: "each.value"
2024-05-03T18:51:52.335Z [INFO]  ReferenceTransformer: reference not found: "each.value"
2024-05-03T18:51:52.335Z [INFO]  ReferenceTransformer: reference not found: "each.value"
2024-05-03T18:51:52.335Z [INFO]  ReferenceTransformer: reference not found: "each.value"
2024-05-03T18:51:52.335Z [INFO]  ReferenceTransformer: reference not found: "each.value"
2024-05-03T18:51:52.335Z [INFO]  ReferenceTransformer: reference not found: "each.value"
2024-05-03T18:51:52.335Z [INFO]  ReferenceTransformer: reference not found: "each.key"
2024-05-03T18:51:52.336Z [INFO]  ReferenceTransformer: reference not found: "each.value"
2024-05-03T18:51:52.336Z [INFO]  ReferenceTransformer: reference not found: "each.key"
2024-05-03T18:51:52.336Z [INFO]  ReferenceTransformer: reference not found: "each.key"
2024-05-03T18:51:52.336Z [INFO]  ReferenceTransformer: reference not found: "each.value"
2024-05-03T18:51:52.336Z [INFO]  ReferenceTransformer: reference not found: "each.value"
2024-05-03T18:51:52.336Z [INFO]  ReferenceTransformer: reference not found: "each.value"
2024-05-03T18:51:52.337Z [INFO]  ReferenceTransformer: reference not found: "each.value"
2024-05-03T18:51:52.337Z [INFO]  ReferenceTransformer: reference not found: "each.value"
2024-05-03T18:51:52.337Z [INFO]  ReferenceTransformer: reference not found: "each.value"
2024-05-03T18:51:52.338Z [INFO]  ReferenceTransformer: reference not found: "each.value"
2024-05-03T18:51:52.338Z [INFO]  ReferenceTransformer: reference not found: "each.value"
2024-05-03T18:51:52.338Z [INFO]  ReferenceTransformer: reference not found: "each.value"
2024-05-03T18:51:52.338Z [INFO]  ReferenceTransformer: reference not found: "each.value"
2024-05-03T18:51:52.338Z [INFO]  ReferenceTransformer: reference not found: "each.value"
2024-05-03T18:51:52.338Z [INFO]  ReferenceTransformer: reference not found: "each.value"
2024-05-03T18:51:52.338Z [INFO]  ReferenceTransformer: reference not found: "each.key"
2024-05-03T18:51:52.338Z [INFO]  ReferenceTransformer: reference not found: "each.value"
2024-05-03T18:51:52.338Z [INFO]  ReferenceTransformer: reference not found: "each.value"
2024-05-03T18:51:52.338Z [INFO]  ReferenceTransformer: reference not found: "each.value"
2024-05-03T18:51:52.338Z [INFO]  ReferenceTransformer: reference not found: "each.value"
2024-05-03T18:51:52.338Z [INFO]  ReferenceTransformer: reference not found: "each.value"
2024-05-03T18:51:52.338Z [INFO]  ReferenceTransformer: reference not found: "each.value"
2024-05-03T18:51:52.339Z [INFO]  ReferenceTransformer: reference not found: "each.value"
2024-05-03T18:51:52.339Z [INFO]  ReferenceTransformer: reference not found: "each.value"
2024-05-03T18:51:52.339Z [INFO]  ReferenceTransformer: reference not found: "each.value"
2024-05-03T18:51:52.339Z [INFO]  ReferenceTransformer: reference not found: "each.value"
2024-05-03T18:51:52.339Z [INFO]  ReferenceTransformer: reference not found: "each.value"
2024-05-03T18:51:52.339Z [INFO]  ReferenceTransformer: reference not found: "each.value"
2024-05-03T18:51:52.339Z [INFO]  ReferenceTransformer: reference not found: "each.value"
2024-05-03T18:51:52.339Z [INFO]  ReferenceTransformer: reference not found: "each.value"
2024-05-03T18:51:52.339Z [INFO]  ReferenceTransformer: reference not found: "each.value"
2024-05-03T18:51:52.339Z [INFO]  ReferenceTransformer: reference not found: "each.value"
2024-05-03T18:51:52.339Z [INFO]  ReferenceTransformer: reference not found: "each.key"
2024-05-03T18:51:52.339Z [INFO]  ReferenceTransformer: reference not found: "each.value"
2024-05-03T18:51:52.339Z [INFO]  ReferenceTransformer: reference not found: "each.value"
2024-05-03T18:51:52.339Z [INFO]  ReferenceTransformer: reference not found: "each.value"
2024-05-03T18:51:52.339Z [INFO]  ReferenceTransformer: reference not found: "each.key"
2024-05-03T18:51:52.339Z [INFO]  ReferenceTransformer: reference not found: "each.value"
2024-05-03T18:51:52.339Z [INFO]  ReferenceTransformer: reference not found: "each.value"
2024-05-03T18:51:52.339Z [INFO]  ReferenceTransformer: reference not found: "each.value"
2024-05-03T18:51:52.339Z [INFO]  ReferenceTransformer: reference not found: "each.value"
2024-05-03T18:51:52.339Z [INFO]  ReferenceTransformer: reference not found: "each.value"
2024-05-03T18:51:52.340Z [INFO]  ReferenceTransformer: reference not found: "each.value"
2024-05-03T18:51:52.340Z [INFO]  ReferenceTransformer: reference not found: "each.value"
2024-05-03T18:51:52.340Z [INFO]  ReferenceTransformer: reference not found: "each.value"
2024-05-03T18:51:52.340Z [INFO]  ReferenceTransformer: reference not found: "each.value"
2024-05-03T18:51:52.340Z [INFO]  ReferenceTransformer: reference not found: "each.key"
2024-05-03T18:51:52.340Z [INFO]  ReferenceTransformer: reference not found: "each.value"
2024-05-03T18:51:52.340Z [INFO]  ReferenceTransformer: reference not found: "each.value"
2024-05-03T18:51:52.340Z [INFO]  ReferenceTransformer: reference not found: "each.value"
2024-05-03T18:51:52.340Z [INFO]  ReferenceTransformer: reference not found: "each.value"
2024-05-03T18:51:52.340Z [INFO]  ReferenceTransformer: reference not found: "each.value"
2024-05-03T18:51:52.340Z [INFO]  ReferenceTransformer: reference not found: "each.value"
2024-05-03T18:51:52.340Z [INFO]  ReferenceTransformer: reference not found: "each.value"
2024-05-03T18:51:52.340Z [INFO]  ReferenceTransformer: reference not found: "each.value"
2024-05-03T18:51:52.340Z [INFO]  ReferenceTransformer: reference not found: "each.value"
2024-05-03T18:51:52.340Z [INFO]  ReferenceTransformer: reference not found: "each.value"
2024-05-03T18:51:52.340Z [INFO]  ReferenceTransformer: reference not found: "each.value"
2024-05-03T18:51:52.340Z [INFO]  ReferenceTransformer: reference not found: "path.module"
2024-05-03T18:51:52.341Z [INFO]  ReferenceTransformer: reference not found: "each.value"
2024-05-03T18:51:52.341Z [INFO]  ReferenceTransformer: reference not found: "each.value"
2024-05-03T18:51:52.341Z [INFO]  ReferenceTransformer: reference not found: "each.value"
2024-05-03T18:51:52.341Z [INFO]  ReferenceTransformer: reference not found: "each.value"
2024-05-03T18:51:52.341Z [INFO]  ReferenceTransformer: reference not found: "each.value"
2024-05-03T18:51:52.341Z [INFO]  ReferenceTransformer: reference not found: "each.value"
2024-05-03T18:51:52.341Z [INFO]  ReferenceTransformer: reference not found: "each.value"
2024-05-03T18:51:52.341Z [INFO]  ReferenceTransformer: reference not found: "each.value"
2024-05-03T18:51:52.341Z [INFO]  ReferenceTransformer: reference not found: "each.value"
2024-05-03T18:51:52.341Z [INFO]  ReferenceTransformer: reference not found: "each.value"
2024-05-03T18:51:52.341Z [INFO]  ReferenceTransformer: reference not found: "each.value"
2024-05-03T18:51:52.342Z [INFO]  ReferenceTransformer: reference not found: "each.value"
2024-05-03T18:51:52.342Z [INFO]  ReferenceTransformer: reference not found: "each.value"
2024-05-03T18:51:52.342Z [INFO]  ReferenceTransformer: reference not found: "each.value"
2024-05-03T18:51:52.342Z [INFO]  ReferenceTransformer: reference not found: "each.value"
2024-05-03T18:51:52.342Z [INFO]  ReferenceTransformer: reference not found: "each.value"
2024-05-03T18:51:52.342Z [INFO]  ReferenceTransformer: reference not found: "each.value"
2024-05-03T18:51:52.342Z [INFO]  ReferenceTransformer: reference not found: "each.value"
2024-05-03T18:51:52.342Z [INFO]  ReferenceTransformer: reference not found: "each.value"
2024-05-03T18:51:52.342Z [INFO]  ReferenceTransformer: reference not found: "each.value"
2024-05-03T18:51:52.342Z [INFO]  ReferenceTransformer: reference not found: "each.key"
2024-05-03T18:51:52.342Z [INFO]  ReferenceTransformer: reference not found: "each.value"
2024-05-03T18:51:52.342Z [INFO]  ReferenceTransformer: reference not found: "each.value"
2024-05-03T18:51:52.342Z [INFO]  ReferenceTransformer: reference not found: "each.value"
2024-05-03T18:51:52.342Z [INFO]  ReferenceTransformer: reference not found: "path.module"
2024-05-03T18:51:52.342Z [INFO]  ReferenceTransformer: reference not found: "each.value"
2024-05-03T18:51:52.342Z [INFO]  ReferenceTransformer: reference not found: "each.value"
2024-05-03T18:51:52.342Z [INFO]  ReferenceTransformer: reference not found: "each.value"
2024-05-03T18:51:52.342Z [INFO]  ReferenceTransformer: reference not found: "each.key"
2024-05-03T18:51:52.342Z [INFO]  ReferenceTransformer: reference not found: "each.value"
2024-05-03T18:51:52.342Z [INFO]  ReferenceTransformer: reference not found: "each.value"
2024-05-03T18:51:52.342Z [INFO]  ReferenceTransformer: reference not found: "each.value"
2024-05-03T18:51:52.343Z [INFO]  ReferenceTransformer: reference not found: "each.value"
2024-05-03T18:51:52.343Z [INFO]  ReferenceTransformer: reference not found: "each.value"
2024-05-03T18:51:52.343Z [INFO]  ReferenceTransformer: reference not found: "each.value"
2024-05-03T18:51:52.343Z [INFO]  ReferenceTransformer: reference not found: "each.value"
2024-05-03T18:51:52.366Z [INFO]  backend/local: plan operation completed
2024-05-03T18:51:52.367Z [INFO]  backend/local: writing plan output to: ../plan-file/fortigate-tf-plan.json
