2024-04-05T13:36:20.430Z [INFO]  Terraform version: 1.7.5
2024-04-05T13:36:20.430Z [INFO]  Go runtime version: go1.21.8
2024-04-05T13:36:20.430Z [INFO]  CLI args: []string{"terraform", "init", "-upgrade", "-backend-config=bucket=gcp-yyz-prd-inf-cloudautomation-sbuc-01", "-backend-config=prefix=fortigate/state-file"}
2024-04-05T13:36:20.431Z [INFO]  CLI command args: []string{"init", "-upgrade", "-backend-config=bucket=gcp-yyz-prd-inf-cloudautomation-sbuc-01", "-backend-config=prefix=fortigate/state-file"}
2024-04-05T13:36:31.119Z [INFO]  Terraform version: 1.7.5
2024-04-05T13:36:31.120Z [INFO]  Go runtime version: go1.21.8
2024-04-05T13:36:31.120Z [INFO]  CLI args: []string{"terraform", "plan", "-var=access_token=ya29.c.c0AY_VpZjThYlwJ46oZkxG91boGnelXpGHGUbU_l-nXfY5y3RfxLyHoFZBBq-2zPaWBMuOimUhKoz2ehj4Om9o9Dh7yLFyLx3YfslNf6rf02s05G1s-cb424TaFQPNEgZvtjhQ_b8AFmXDgZPkWTgNex_yhD2KOGoJz9QLrVMgkfoc7WFEAqUB6i6rmag0kz-Eb6q0NKIsHSzU6_ddWsqkvj4Zxy3LolryjnYnfNUTTs1YQLuOtgzBdkqSRRxNtzFlGeEWVD4Kwd-X5F5sLopgA2zDkqICPZti9UA1meC9k-aBNM_So_vECn4-4Mf9xaiiGrKnFZaNg3hkOy5rZWoDAXjCzrIhQ2qceeJUMFHDKZz4Sz_cekg5Lc9LrtXh1Ak1Vix7Sw04CeHxevnRjKiaP1i8Qm2pf55QgiTgIJah9xmMWc5Y5s4wZp2u_V5lCHqMla8zZaukvnwEaAdB_FmPMa1E1gJyILcCjEJtZNgjO43qmJOMprwMMSR25Ktt4C02_BvLxMZeI_v2P57JCiIC6GzJt1XUWY7LASkcZEr2mRyg8XkAKTaY2c-xRbpqIYXFjUdrCu8lEsQDph62v3UYfU3CYN5eD3PsTBdzj9uvVIlCgAaohSm1be57v219lspR87pfd2qtGi6gBwYyhIaMOj_qAQmgvEqF6PgUDb8DL689Dox9O80fnnqmpa44OxgrkvM5e0zoiSi2wzvneu1-4vd-5QmBf-95Q0Q6o4QnJFqgQ45-65iplmv5sryVF2s9BuRu6hymMWsjd2Rs-Wzp-QUI1OUMFMldRbQcz6x-k2jkW28YxnX7OhsBZeyqzaIRBhc6wO4hYIJ-1u5VuI00Zb9zUYsYw8XX4g7ZrJmvh8SaFswnd5-tt77vxsYqf65avOqltnahmawvFymQyU0nbinoJFt9cy2oJmvb-hljdrZVnXXBkRmsyf_X8gk8n9QWR-BBjFp9OispIYzfvhdJ-lM14fglUWlqrOb0nXu_Jh8W696w360Odmo", "-var=project_id=gcp-prj-inf-automation-prd-01", "-var-file=../input-file/disk.tfvars", "-var-file=../input-file/vm.tfvars", "-var-file=../input-file/umig.tfvars", "-var-file=../input-file/health_check.tfvars", "-var-file=../input-file/nlb.tfvars", "-var-file=../input-file/router.tfvars", "-var-file=../input-file/nat.tfvars", "-var-file=../input-file/address.tfvars", "-var-file=../input-file/data.tfvars", "-var-file=../input-file/secret.tfvars", "-out=../plan-file/fortigate-tf-plan.json"}
2024-04-05T13:36:31.121Z [INFO]  CLI command args: []string{"plan", "-var=access_token=ya29.c.c0AY_VpZjThYlwJ46oZkxG91boGnelXpGHGUbU_l-nXfY5y3RfxLyHoFZBBq-2zPaWBMuOimUhKoz2ehj4Om9o9Dh7yLFyLx3YfslNf6rf02s05G1s-cb424TaFQPNEgZvtjhQ_b8AFmXDgZPkWTgNex_yhD2KOGoJz9QLrVMgkfoc7WFEAqUB6i6rmag0kz-Eb6q0NKIsHSzU6_ddWsqkvj4Zxy3LolryjnYnfNUTTs1YQLuOtgzBdkqSRRxNtzFlGeEWVD4Kwd-X5F5sLopgA2zDkqICPZti9UA1meC9k-aBNM_So_vECn4-4Mf9xaiiGrKnFZaNg3hkOy5rZWoDAXjCzrIhQ2qceeJUMFHDKZz4Sz_cekg5Lc9LrtXh1Ak1Vix7Sw04CeHxevnRjKiaP1i8Qm2pf55QgiTgIJah9xmMWc5Y5s4wZp2u_V5lCHqMla8zZaukvnwEaAdB_FmPMa1E1gJyILcCjEJtZNgjO43qmJOMprwMMSR25Ktt4C02_BvLxMZeI_v2P57JCiIC6GzJt1XUWY7LASkcZEr2mRyg8XkAKTaY2c-xRbpqIYXFjUdrCu8lEsQDph62v3UYfU3CYN5eD3PsTBdzj9uvVIlCgAaohSm1be57v219lspR87pfd2qtGi6gBwYyhIaMOj_qAQmgvEqF6PgUDb8DL689Dox9O80fnnqmpa44OxgrkvM5e0zoiSi2wzvneu1-4vd-5QmBf-95Q0Q6o4QnJFqgQ45-65iplmv5sryVF2s9BuRu6hymMWsjd2Rs-Wzp-QUI1OUMFMldRbQcz6x-k2jkW28YxnX7OhsBZeyqzaIRBhc6wO4hYIJ-1u5VuI00Zb9zUYsYw8XX4g7ZrJmvh8SaFswnd5-tt77vxsYqf65avOqltnahmawvFymQyU0nbinoJFt9cy2oJmvb-hljdrZVnXXBkRmsyf_X8gk8n9QWR-BBjFp9OispIYzfvhdJ-lM14fglUWlqrOb0nXu_Jh8W696w360Odmo", "-var=project_id=gcp-prj-inf-automation-prd-01", "-var-file=../input-file/disk.tfvars", "-var-file=../input-file/vm.tfvars", "-var-file=../input-file/umig.tfvars", "-var-file=../input-file/health_check.tfvars", "-var-file=../input-file/nlb.tfvars", "-var-file=../input-file/router.tfvars", "-var-file=../input-file/nat.tfvars", "-var-file=../input-file/address.tfvars", "-var-file=../input-file/data.tfvars", "-var-file=../input-file/secret.tfvars", "-out=../plan-file/fortigate-tf-plan.json"}
2024-04-05T13:36:31.951Z [INFO]  backend/local: starting Plan operation
2024-04-05T13:36:36.008Z [INFO]  provider: configuring client automatic mTLS
2024-04-05T13:36:36.081Z [INFO]  provider.terraform-provider-google_v5.23.0_x5: configuring server automatic mTLS: timestamp=2024-04-05T13:36:36.081Z
2024-04-05T13:36:36.413Z [INFO]  provider: configuring client automatic mTLS
2024-04-05T13:36:36.479Z [INFO]  provider.terraform-provider-google-beta_v5.23.0_x5: configuring server automatic mTLS: timestamp=2024-04-05T13:36:36.478Z
2024-04-05T13:36:36.832Z [INFO]  provider: configuring client automatic mTLS
2024-04-05T13:36:36.845Z [INFO]  provider.terraform-provider-random_v3.6.0_x5: configuring server automatic mTLS: timestamp=2024-04-05T13:36:36.845Z
2024-04-05T13:36:36.979Z [INFO]  provider: configuring client automatic mTLS
2024-04-05T13:36:36.994Z [INFO]  provider.terraform-provider-random_v3.6.0_x5: configuring server automatic mTLS: timestamp=2024-04-05T13:36:36.994Z
2024-04-05T13:36:37.036Z [INFO]  provider: configuring client automatic mTLS
2024-04-05T13:36:37.106Z [INFO]  provider.terraform-provider-google-beta_v5.23.0_x5: configuring server automatic mTLS: timestamp=2024-04-05T13:36:37.106Z
2024-04-05T13:36:37.139Z [INFO]  provider: configuring client automatic mTLS
2024-04-05T13:36:37.207Z [INFO]  provider.terraform-provider-google_v5.23.0_x5: configuring server automatic mTLS: timestamp=2024-04-05T13:36:37.207Z
2024-04-05T13:36:37.478Z [INFO]  backend/local: plan calling Plan
2024-04-05T13:36:37.552Z [INFO]  provider: configuring client automatic mTLS
2024-04-05T13:36:37.577Z [INFO]  provider.terraform-provider-random_v3.6.0_x5: configuring server automatic mTLS: timestamp=2024-04-05T13:36:37.577Z
2024-04-05T13:36:37.623Z [INFO]  provider: configuring client automatic mTLS
2024-04-05T13:36:37.691Z [INFO]  provider.terraform-provider-google-beta_v5.23.0_x5: configuring server automatic mTLS: timestamp=2024-04-05T13:36:37.691Z
2024-04-05T13:36:37.731Z [INFO]  provider: configuring client automatic mTLS
2024-04-05T13:36:37.878Z [INFO]  provider.terraform-provider-google_v5.23.0_x5: configuring server automatic mTLS: timestamp=2024-04-05T13:36:37.877Z
2024-04-05T13:36:37.915Z [INFO]  provider.terraform-provider-google-beta_v5.23.0_x5: Authenticating using configured Google JSON 'access_token'...: tf_req_id=409f29d5-e646-f706-a6d7-23f7021c507d tf_rpc=ConfigureProvider @caller=github.com/hashicorp/terraform-provider-google-beta/google-beta/fwtransport/framework_config.go:1870 @module=google_beta tf_mux_provider="*proto5server.Server" tf_provider_addr=registry.terraform.io/hashicorp/google-beta timestamp=2024-04-05T13:36:37.915Z
2024-04-05T13:36:37.915Z [INFO]  provider.terraform-provider-google-beta_v5.23.0_x5:   -- Scopes: [https://www.googleapis.com/auth/cloud-platform https://www.googleapis.com/auth/userinfo.email]: tf_provider_addr=registry.terraform.io/hashicorp/google-beta tf_req_id=409f29d5-e646-f706-a6d7-23f7021c507d tf_rpc=ConfigureProvider @caller=github.com/hashicorp/terraform-provider-google-beta/google-beta/fwtransport/framework_config.go:1871 @module=google_beta tf_mux_provider="*proto5server.Server" timestamp=2024-04-05T13:36:37.915Z
2024-04-05T13:36:37.915Z [INFO]  provider.terraform-provider-google-beta_v5.23.0_x5: Authenticating using configured Google JSON 'access_token'...: @caller=github.com/hashicorp/terraform-provider-google-beta/google-beta/fwtransport/framework_config.go:1870 @module=google_beta tf_provider_addr=registry.terraform.io/hashicorp/google-beta tf_req_id=409f29d5-e646-f706-a6d7-23f7021c507d tf_mux_provider="*proto5server.Server" tf_rpc=ConfigureProvider timestamp=2024-04-05T13:36:37.915Z
2024-04-05T13:36:37.915Z [INFO]  provider.terraform-provider-google-beta_v5.23.0_x5:   -- Scopes: [https://www.googleapis.com/auth/cloud-platform https://www.googleapis.com/auth/userinfo.email]: @caller=github.com/hashicorp/terraform-provider-google-beta/google-beta/fwtransport/framework_config.go:1871 @module=google_beta tf_provider_addr=registry.terraform.io/hashicorp/google-beta tf_req_id=409f29d5-e646-f706-a6d7-23f7021c507d tf_rpc=ConfigureProvider tf_mux_provider="*proto5server.Server" timestamp=2024-04-05T13:36:37.915Z
2024-04-05T13:36:37.995Z [INFO]  provider.terraform-provider-google-beta_v5.23.0_x5: Terraform is using this identity: svc-cloudautomation@gcp-prj-inf-automation-prd-01.iam.gserviceaccount.com: @caller=github.com/hashicorp/terraform-provider-google-beta/google-beta/fwtransport/framework_config.go:1790 tf_rpc=ConfigureProvider @module=google_beta tf_mux_provider="*proto5server.Server" tf_provider_addr=registry.terraform.io/hashicorp/google-beta tf_req_id=409f29d5-e646-f706-a6d7-23f7021c507d timestamp=2024-04-05T13:36:37.994Z
2024-04-05T13:36:38.000Z [INFO]  provider.terraform-provider-google_v5.23.0_x5: Authenticating using configured Google JSON 'access_token'...: @caller=github.com/hashicorp/terraform-provider-google/google/fwtransport/framework_config.go:1731 tf_provider_addr=registry.terraform.io/hashicorp/google tf_rpc=ConfigureProvider @module=google tf_mux_provider="*proto5server.Server" tf_req_id=d0cce678-1def-bb1b-8105-3ba4b549556e timestamp=2024-04-05T13:36:38.000Z
2024-04-05T13:36:38.000Z [INFO]  provider.terraform-provider-google_v5.23.0_x5:   -- Scopes: [https://www.googleapis.com/auth/cloud-platform https://www.googleapis.com/auth/userinfo.email]: @module=google tf_provider_addr=registry.terraform.io/hashicorp/google tf_mux_provider="*proto5server.Server" tf_req_id=d0cce678-1def-bb1b-8105-3ba4b549556e tf_rpc=ConfigureProvider @caller=github.com/hashicorp/terraform-provider-google/google/fwtransport/framework_config.go:1732 timestamp=2024-04-05T13:36:38.000Z
2024-04-05T13:36:38.000Z [INFO]  provider.terraform-provider-google_v5.23.0_x5: Authenticating using configured Google JSON 'access_token'...: @caller=github.com/hashicorp/terraform-provider-google/google/fwtransport/framework_config.go:1731 tf_provider_addr=registry.terraform.io/hashicorp/google tf_mux_provider="*proto5server.Server" tf_req_id=d0cce678-1def-bb1b-8105-3ba4b549556e tf_rpc=ConfigureProvider @module=google timestamp=2024-04-05T13:36:38.000Z
2024-04-05T13:36:38.000Z [INFO]  provider.terraform-provider-google_v5.23.0_x5:   -- Scopes: [https://www.googleapis.com/auth/cloud-platform https://www.googleapis.com/auth/userinfo.email]: @module=google tf_req_id=d0cce678-1def-bb1b-8105-3ba4b549556e @caller=github.com/hashicorp/terraform-provider-google/google/fwtransport/framework_config.go:1732 tf_mux_provider="*proto5server.Server" tf_provider_addr=registry.terraform.io/hashicorp/google tf_rpc=ConfigureProvider timestamp=2024-04-05T13:36:38.000Z
2024-04-05T13:36:38.049Z [INFO]  provider.terraform-provider-google_v5.23.0_x5: Terraform is using this identity: svc-cloudautomation@gcp-prj-inf-automation-prd-01.iam.gserviceaccount.com: tf_mux_provider="*proto5server.Server" tf_req_id=d0cce678-1def-bb1b-8105-3ba4b549556e tf_rpc=ConfigureProvider @caller=github.com/hashicorp/terraform-provider-google/google/fwtransport/framework_config.go:1651 @module=google tf_provider_addr=registry.terraform.io/hashicorp/google timestamp=2024-04-05T13:36:38.049Z
2024-04-05T13:36:38.648Z [WARN]  Provider "registry.terraform.io/hashicorp/google" produced an invalid plan for module.regional_address["gcp-yyz-fgt-int-priv-ip-01"].google_compute_address.default, but we are tolerating it because it is using the legacy plugin SDK.
    The following problems may be the cause of any confusing errors from downstream operations:
      - .network: planned value cty.StringVal("") for a non-computed attribute
      - .ipv6_endpoint_type: planned value cty.StringVal("") for a non-computed attribute
      - .ip_version: planned value cty.StringVal("") for a non-computed attribute
      - .labels: planned value cty.MapValEmpty(cty.String) for a non-computed attribute
2024-04-05T13:36:39.461Z [WARN]  Provider "registry.terraform.io/hashicorp/google" produced an invalid plan for module.regional_address["gcp-yyz-fgt-ha-priv-ip-01"].google_compute_address.default, but we are tolerating it because it is using the legacy plugin SDK.
    The following problems may be the cause of any confusing errors from downstream operations:
      - .ip_version: planned value cty.StringVal("") for a non-computed attribute
      - .labels: planned value cty.MapValEmpty(cty.String) for a non-computed attribute
      - .network: planned value cty.StringVal("") for a non-computed attribute
      - .ipv6_endpoint_type: planned value cty.StringVal("") for a non-computed attribute
2024-04-05T13:36:39.472Z [WARN]  Provider "registry.terraform.io/hashicorp/google" produced an invalid plan for module.regional_address["gcp-yyz-fgt-int-priv-ip-02"].google_compute_address.default, but we are tolerating it because it is using the legacy plugin SDK.
    The following problems may be the cause of any confusing errors from downstream operations:
      - .ipv6_endpoint_type: planned value cty.StringVal("") for a non-computed attribute
      - .ip_version: planned value cty.StringVal("") for a non-computed attribute
      - .labels: planned value cty.MapValEmpty(cty.String) for a non-computed attribute
      - .network: planned value cty.StringVal("") for a non-computed attribute
2024-04-05T13:36:39.475Z [WARN]  Provider "registry.terraform.io/hashicorp/google" produced an invalid plan for module.regional_address["gcp-yyz-fgt-mgmt-priv-ip-01"].google_compute_address.default, but we are tolerating it because it is using the legacy plugin SDK.
    The following problems may be the cause of any confusing errors from downstream operations:
      - .ip_version: planned value cty.StringVal("") for a non-computed attribute
      - .labels: planned value cty.MapValEmpty(cty.String) for a non-computed attribute
      - .network: planned value cty.StringVal("") for a non-computed attribute
      - .ipv6_endpoint_type: planned value cty.StringVal("") for a non-computed attribute
2024-04-05T13:36:39.481Z [WARN]  Provider "registry.terraform.io/hashicorp/google" produced an invalid plan for module.regional_address["gcp-yyz-fgt-ilb-priv-ip-01"].google_compute_address.default, but we are tolerating it because it is using the legacy plugin SDK.
    The following problems may be the cause of any confusing errors from downstream operations:
      - .network: planned value cty.StringVal("") for a non-computed attribute
      - .ipv6_endpoint_type: planned value cty.StringVal("") for a non-computed attribute
      - .ip_version: planned value cty.StringVal("") for a non-computed attribute
      - .labels: planned value cty.MapValEmpty(cty.String) for a non-computed attribute
2024-04-05T13:36:39.483Z [WARN]  Provider "registry.terraform.io/hashicorp/google" produced an invalid plan for module.regional_address["gcp-yyz-fgt-out-priv-ip-01"].google_compute_address.default, but we are tolerating it because it is using the legacy plugin SDK.
    The following problems may be the cause of any confusing errors from downstream operations:
      - .ipv6_endpoint_type: planned value cty.StringVal("") for a non-computed attribute
      - .ip_version: planned value cty.StringVal("") for a non-computed attribute
      - .labels: planned value cty.MapValEmpty(cty.String) for a non-computed attribute
      - .network: planned value cty.StringVal("") for a non-computed attribute
2024-04-05T13:36:39.484Z [WARN]  Provider "registry.terraform.io/hashicorp/google" produced an invalid plan for module.regional_address["gcp-yyz-fgt-mgmt-priv-ip-02"].google_compute_address.default, but we are tolerating it because it is using the legacy plugin SDK.
    The following problems may be the cause of any confusing errors from downstream operations:
      - .ipv6_endpoint_type: planned value cty.StringVal("") for a non-computed attribute
      - .ip_version: planned value cty.StringVal("") for a non-computed attribute
      - .labels: planned value cty.MapValEmpty(cty.String) for a non-computed attribute
      - .network: planned value cty.StringVal("") for a non-computed attribute
2024-04-05T13:36:39.490Z [WARN]  Provider "registry.terraform.io/hashicorp/google" produced an invalid plan for module.regional_address["gcp-yyz-fgt-out-priv-ip-02"].google_compute_address.default, but we are tolerating it because it is using the legacy plugin SDK.
    The following problems may be the cause of any confusing errors from downstream operations:
      - .ip_version: planned value cty.StringVal("") for a non-computed attribute
      - .labels: planned value cty.MapValEmpty(cty.String) for a non-computed attribute
      - .network: planned value cty.StringVal("") for a non-computed attribute
      - .ipv6_endpoint_type: planned value cty.StringVal("") for a non-computed attribute
2024-04-05T13:36:39.492Z [WARN]  Provider "registry.terraform.io/hashicorp/google" produced an invalid plan for module.regional_address["gcp-yyz-fgt-ha-priv-ip-02"].google_compute_address.default, but we are tolerating it because it is using the legacy plugin SDK.
    The following problems may be the cause of any confusing errors from downstream operations:
      - .labels: planned value cty.MapValEmpty(cty.String) for a non-computed attribute
      - .network: planned value cty.StringVal("") for a non-computed attribute
      - .ipv6_endpoint_type: planned value cty.StringVal("") for a non-computed attribute
      - .ip_version: planned value cty.StringVal("") for a non-computed attribute
2024-04-05T13:36:41.136Z [WARN]  Provider "registry.terraform.io/hashicorp/google" produced an invalid plan for module.router["gcp-yyz-prd-inf-crtr-01"].google_compute_router.router, but we are tolerating it because it is using the legacy plugin SDK.
    The following problems may be the cause of any confusing errors from downstream operations:
      - .description: planned value cty.StringVal("") for a non-computed attribute
      - .encrypted_interconnect_router: planned value cty.False for a non-computed attribute
      - .bgp[0].advertise_mode: planned value cty.StringVal("DEFAULT") for a non-computed attribute
      - .bgp[0].advertised_groups: planned value cty.ListValEmpty(cty.String) for a non-computed attribute
2024-04-05T13:36:42.473Z [WARN]  Provider "registry.terraform.io/hashicorp/google" produced an invalid plan for module.nat["gcp-yyz-prd-inf-cnat-01"].google_compute_router_nat.nat, but we are tolerating it because it is using the legacy plugin SDK.
    The following problems may be the cause of any confusing errors from downstream operations:
      - .drain_nat_ips: planned value cty.SetValEmpty(cty.String) for a non-computed attribute
      - .tcp_time_wait_timeout_sec: planned value cty.NumberIntVal(120) for a non-computed attribute
      - .max_ports_per_vm: planned value cty.NumberIntVal(0) for a non-computed attribute
      - .nat_ips: planned value cty.SetValEmpty(cty.String) for a non-computed attribute
2024-04-05T13:36:43.866Z [WARN]  Provider "registry.terraform.io/hashicorp/google-beta" produced an invalid plan for module.disk["prdyzsecfgtvm01-log-disk01"].google_compute_disk.disk, but we are tolerating it because it is using the legacy plugin SDK.
    The following problems may be the cause of any confusing errors from downstream operations:
      - .source_disk: planned value cty.StringVal("") for a non-computed attribute
      - .image: planned value cty.StringVal("") for a non-computed attribute
      - .multi_writer: planned value cty.False for a non-computed attribute
      - .snapshot: planned value cty.StringVal("") for a non-computed attribute
2024-04-05T13:36:43.866Z [WARN]  Provider "registry.terraform.io/hashicorp/google-beta" produced an invalid plan for module.disk["prdyzsecfgtvm02-log-disk01"].google_compute_disk.disk, but we are tolerating it because it is using the legacy plugin SDK.
    The following problems may be the cause of any confusing errors from downstream operations:
      - .source_disk: planned value cty.StringVal("") for a non-computed attribute
      - .image: planned value cty.StringVal("") for a non-computed attribute
      - .multi_writer: planned value cty.False for a non-computed attribute
      - .snapshot: planned value cty.StringVal("") for a non-computed attribute
2024-04-05T13:36:46.657Z [WARN]  Provider "registry.terraform.io/hashicorp/google" produced an invalid plan for module.vm["prdyzsecfgtvm01"].google_compute_instance.default, but we are tolerating it because it is using the legacy plugin SDK.
    The following problems may be the cause of any confusing errors from downstream operations:
      - .enable_display: planned value cty.False for a non-computed attribute
      - .hostname: planned value cty.StringVal("") for a non-computed attribute
      - .resource_policies: planned value cty.ListValEmpty(cty.String) for a non-computed attribute
      - .description: planned value cty.StringVal("") for a non-computed attribute
      - .boot_disk[0].auto_delete: planned value cty.True for a non-computed attribute
      - .boot_disk[0].disk_encryption_key_raw: sensitive planned value for a non-computed attribute
      - .boot_disk[0].mode: planned value cty.StringVal("READ_WRITE") for a non-computed attribute
      - .boot_disk[0].initialize_params[0].resource_manager_tags: planned value cty.MapValEmpty(cty.String) for a non-computed attribute
      - .boot_disk[0].initialize_params[0].enable_confidential_compute: planned value cty.False for a non-computed attribute
      - .scheduling: block count in plan (1) disagrees with count in config (0)
      - .attached_disk[0].disk_encryption_key_raw: sensitive planned value for a non-computed attribute
      - .attached_disk[0].mode: planned value cty.StringVal("READ_WRITE") for a non-computed attribute
      - .network_interface[0].nic_type: planned value cty.StringVal("") for a non-computed attribute
      - .network_interface[0].queue_count: planned value cty.NumberIntVal(0) for a non-computed attribute
      - .network_interface[1].nic_type: planned value cty.StringVal("") for a non-computed attribute
      - .network_interface[1].queue_count: planned value cty.NumberIntVal(0) for a non-computed attribute
      - .network_interface[2].nic_type: planned value cty.StringVal("") for a non-computed attribute
      - .network_interface[2].queue_count: planned value cty.NumberIntVal(0) for a non-computed attribute
      - .network_interface[3].nic_type: planned value cty.StringVal("") for a non-computed attribute
      - .network_interface[3].queue_count: planned value cty.NumberIntVal(0) for a non-computed attribute
2024-04-05T13:36:46.663Z [WARN]  Provider "registry.terraform.io/hashicorp/google" produced an invalid plan for module.vm["prdyzsecfgtvm02"].google_compute_instance.default, but we are tolerating it because it is using the legacy plugin SDK.
    The following problems may be the cause of any confusing errors from downstream operations:
      - .resource_policies: planned value cty.ListValEmpty(cty.String) for a non-computed attribute
      - .description: planned value cty.StringVal("") for a non-computed attribute
      - .enable_display: planned value cty.False for a non-computed attribute
      - .hostname: planned value cty.StringVal("") for a non-computed attribute
      - .boot_disk[0].disk_encryption_key_raw: sensitive planned value for a non-computed attribute
      - .boot_disk[0].mode: planned value cty.StringVal("READ_WRITE") for a non-computed attribute
      - .boot_disk[0].auto_delete: planned value cty.True for a non-computed attribute
      - .boot_disk[0].initialize_params[0].enable_confidential_compute: planned value cty.False for a non-computed attribute
      - .boot_disk[0].initialize_params[0].resource_manager_tags: planned value cty.MapValEmpty(cty.String) for a non-computed attribute
      - .attached_disk[0].disk_encryption_key_raw: sensitive planned value for a non-computed attribute
      - .attached_disk[0].mode: planned value cty.StringVal("READ_WRITE") for a non-computed attribute
      - .scheduling: block count in plan (1) disagrees with count in config (0)
      - .network_interface[0].nic_type: planned value cty.StringVal("") for a non-computed attribute
      - .network_interface[0].queue_count: planned value cty.NumberIntVal(0) for a non-computed attribute
      - .network_interface[1].queue_count: planned value cty.NumberIntVal(0) for a non-computed attribute
      - .network_interface[1].nic_type: planned value cty.StringVal("") for a non-computed attribute
      - .network_interface[2].nic_type: planned value cty.StringVal("") for a non-computed attribute
      - .network_interface[2].queue_count: planned value cty.NumberIntVal(0) for a non-computed attribute
      - .network_interface[3].nic_type: planned value cty.StringVal("") for a non-computed attribute
      - .network_interface[3].queue_count: planned value cty.NumberIntVal(0) for a non-computed attribute
2024-04-05T13:36:48.037Z [WARN]  Provider "registry.terraform.io/hashicorp/google" produced an invalid plan for module.health_check["gcp-yyz-prd-sec-fgt-ilb-01-hc-01"].google_compute_region_health_check.healthcheck, but we are tolerating it because it is using the legacy plugin SDK.
    The following problems may be the cause of any confusing errors from downstream operations:
      - .http_health_check[0].response: planned value cty.StringVal("") for a non-computed attribute
      - .http_health_check[0].host: planned value cty.StringVal("") for a non-computed attribute
      - .http_health_check[0].port_name: planned value cty.StringVal("") for a non-computed attribute
      - .http_health_check[0].port_specification: planned value cty.StringVal("") for a non-computed attribute
      - .http_health_check[0].proxy_header: planned value cty.StringVal("NONE") for a non-computed attribute
      - .http_health_check[0].request_path: planned value cty.StringVal("/") for a non-computed attribute
      - .log_config: block count in plan (1) disagrees with count in config (0)
2024-04-05T13:36:51.033Z [WARN]  Provider "registry.terraform.io/hashicorp/google" produced an invalid plan for module.nlb["gcp-yyz-prd-sec-fgt-ilb-01-frontend-01"].google_compute_region_backend_service.backend[0], but we are tolerating it because it is using the legacy plugin SDK.
    The following problems may be the cause of any confusing errors from downstream operations:
      - .locality_lb_policy: planned value cty.StringVal("") for a non-computed attribute
      - .enable_cdn: planned value cty.False for a non-computed attribute
      - .affinity_cookie_ttl_sec: planned value cty.NumberIntVal(0) for a non-computed attribute
      - .connection_draining_timeout_sec: planned value cty.NumberIntVal(0) for a non-computed attribute
      - .log_config[0].sample_rate: planned value cty.NumberIntVal(1) for a non-computed attribute
2024-04-05T13:36:52.444Z [WARN]  Provider "registry.terraform.io/hashicorp/google" produced an invalid plan for module.nlb["gcp-yyz-prd-sec-fgt-ilb-01-frontend-01"].google_compute_forwarding_rule.rule, but we are tolerating it because it is using the legacy plugin SDK.
    The following problems may be the cause of any confusing errors from downstream operations:
      - .target: planned value cty.StringVal("") for a non-computed attribute
      - .allow_psc_global_access: planned value cty.False for a non-computed attribute
      - .ports: planned value cty.SetValEmpty(cty.String) for a non-computed attribute
      - .labels: planned value cty.MapValEmpty(cty.String) for a non-computed attribute
      - .service_label: planned value cty.StringVal("") for a non-computed attribute
      - .is_mirroring_collector: planned value cty.False for a non-computed attribute
      - .recreate_closed_psc: planned value cty.False for a non-computed attribute
      - .source_ip_ranges: planned value cty.ListValEmpty(cty.String) for a non-computed attribute
2024-04-05T13:36:52.724Z [WARN]  Provider "registry.terraform.io/hashicorp/google" produced an invalid plan for module.secret["gcp-yyz-prd-sec-fgt-api-key-01"].google_secret_manager_secret.secret, but we are tolerating it because it is using the legacy plugin SDK.
    The following problems may be the cause of any confusing errors from downstream operations:
      - .version_aliases: planned value cty.MapValEmpty(cty.String) for a non-computed attribute
2024-04-05T13:36:53.166Z [INFO]  backend/local: plan operation completed
2024-04-05T13:36:53.167Z [INFO]  backend/local: writing plan output to: ../plan-file/fortigate-tf-plan.json
