2024-04-04T09:14:02.891Z [INFO]  Terraform version: 1.7.5
2024-04-04T09:14:02.891Z [INFO]  Go runtime version: go1.21.8
2024-04-04T09:14:02.892Z [INFO]  CLI args: []string{"terraform", "init", "-upgrade", "-backend-config=bucket=gcp-yyz-prd-inf-cloudautomation-sbuc-01", "-backend-config=prefix=fortigate/state-file"}
2024-04-04T09:14:02.892Z [INFO]  CLI command args: []string{"init", "-upgrade", "-backend-config=bucket=gcp-yyz-prd-inf-cloudautomation-sbuc-01", "-backend-config=prefix=fortigate/state-file"}
2024-04-04T09:14:11.729Z [INFO]  Terraform version: 1.7.5
2024-04-04T09:14:11.729Z [INFO]  Go runtime version: go1.21.8
2024-04-04T09:14:11.729Z [INFO]  CLI args: []string{"terraform", "plan", "-var=access_token=ya29.c.c0AY_VpZiFoRqo9EmlRHaBPt_wksIRSRQXYFlWtRbU-h6U1ZI0xxmcEyvAUNpC4lqvoc8mHDjmKp-ZMe1V9AJuXI_0Piq9i_PWiM50qJZG4ueXnQn4iQLCYi3-sM_X1cldKdMRBNvCu_wH6_0J7bh5pF8lHML2jRRco294Q_oBRJ0ysjwQyRWhrMqT7x92QYhaCYkQcpC3QtOiU7midrJYlyiwCoNL_Rm1_pgoNW9dFjbrP91O8EP07ygVOKxWbsivzpxqL0e7ELaJyUwtyLVyjTFXj4HZmLVyTckpBYcvBZcOqfxIV_8smrbFtN5V7DDHPG_2k6HYPYFd_XZn6qS_fl4dKyW56Y7i9Mb56tnqXbsiqR12ChVMsrCGkfZMWXFSRpm3oL48atd3ME6dNehRtwMQ3IXdIrN5muRlRLg0twpqNJcv7k2TiQ8hCLDPC3LhelXaeJvKC3IPH8SbpTbEqNgdDlX-v0fpxd4mCKYXsRLmnX1735bgv-7SILmIYQuVPVF6RQRnfa4pGB1UpoDxY5sRTycbJwIFZc-iCvAQZVhN9Nha1EZCkeHGodPDo2K2VjkfydVnya1mUzwjR0bg9rCBB1RD3A0jf4RsALC7I4HBIbS4pbtjRegCobfawqPlaAE7x6xd1SxUd89BNynh78T54DSVWOnj5MRPN4u1H689PBXM4YW9uzU35yJi-nW6XxJuZ5Xc4qZM38fz3s1tqmOVrVflMbJja866U6wZ-tcF11-Qf7j9WnuWMoup5_bn6ejtIUY9V0B_9ys31u7Xg20vX8aac7ytSIhQoR85tR9jMXJhuWv5VgiSaxJwVYwY8fgc3yORVMSWZhiFfo6lRsn2XwSXJsQk2IobV8hlrcfS5rygkVtJdny3Qs2rh7uZXJpIBhwnIyen1WZW2Jrf_9rStjU8ssff7upi7JpMM326yBBkOXQ24QugaQjFaR0lenqVlof0JoU38RQIdjSvQ6pU6IFchMdYo2ZWw7dVucrqvQabVOjFyfR", "-var=project_id=gcp-prj-inf-automation-prd-01", "-var-file=../input-file/disk.tfvars", "-var-file=../input-file/vm.tfvars", "-var-file=../input-file/umig.tfvars", "-var-file=../input-file/health_check.tfvars", "-var-file=../input-file/nlb.tfvars", "-var-file=../input-file/router.tfvars", "-var-file=../input-file/nat.tfvars", "-var-file=../input-file/address.tfvars", "-var-file=../input-file/data.tfvars", "-var-file=../input-file/secret.tfvars", "-out=../plan-file/fortigate-tf-plan.json"}
2024-04-04T09:14:11.730Z [INFO]  CLI command args: []string{"plan", "-var=access_token=ya29.c.c0AY_VpZiFoRqo9EmlRHaBPt_wksIRSRQXYFlWtRbU-h6U1ZI0xxmcEyvAUNpC4lqvoc8mHDjmKp-ZMe1V9AJuXI_0Piq9i_PWiM50qJZG4ueXnQn4iQLCYi3-sM_X1cldKdMRBNvCu_wH6_0J7bh5pF8lHML2jRRco294Q_oBRJ0ysjwQyRWhrMqT7x92QYhaCYkQcpC3QtOiU7midrJYlyiwCoNL_Rm1_pgoNW9dFjbrP91O8EP07ygVOKxWbsivzpxqL0e7ELaJyUwtyLVyjTFXj4HZmLVyTckpBYcvBZcOqfxIV_8smrbFtN5V7DDHPG_2k6HYPYFd_XZn6qS_fl4dKyW56Y7i9Mb56tnqXbsiqR12ChVMsrCGkfZMWXFSRpm3oL48atd3ME6dNehRtwMQ3IXdIrN5muRlRLg0twpqNJcv7k2TiQ8hCLDPC3LhelXaeJvKC3IPH8SbpTbEqNgdDlX-v0fpxd4mCKYXsRLmnX1735bgv-7SILmIYQuVPVF6RQRnfa4pGB1UpoDxY5sRTycbJwIFZc-iCvAQZVhN9Nha1EZCkeHGodPDo2K2VjkfydVnya1mUzwjR0bg9rCBB1RD3A0jf4RsALC7I4HBIbS4pbtjRegCobfawqPlaAE7x6xd1SxUd89BNynh78T54DSVWOnj5MRPN4u1H689PBXM4YW9uzU35yJi-nW6XxJuZ5Xc4qZM38fz3s1tqmOVrVflMbJja866U6wZ-tcF11-Qf7j9WnuWMoup5_bn6ejtIUY9V0B_9ys31u7Xg20vX8aac7ytSIhQoR85tR9jMXJhuWv5VgiSaxJwVYwY8fgc3yORVMSWZhiFfo6lRsn2XwSXJsQk2IobV8hlrcfS5rygkVtJdny3Qs2rh7uZXJpIBhwnIyen1WZW2Jrf_9rStjU8ssff7upi7JpMM326yBBkOXQ24QugaQjFaR0lenqVlof0JoU38RQIdjSvQ6pU6IFchMdYo2ZWw7dVucrqvQabVOjFyfR", "-var=project_id=gcp-prj-inf-automation-prd-01", "-var-file=../input-file/disk.tfvars", "-var-file=../input-file/vm.tfvars", "-var-file=../input-file/umig.tfvars", "-var-file=../input-file/health_check.tfvars", "-var-file=../input-file/nlb.tfvars", "-var-file=../input-file/router.tfvars", "-var-file=../input-file/nat.tfvars", "-var-file=../input-file/address.tfvars", "-var-file=../input-file/data.tfvars", "-var-file=../input-file/secret.tfvars", "-out=../plan-file/fortigate-tf-plan.json"}
2024-04-04T09:14:12.617Z [INFO]  backend/local: starting Plan operation
2024-04-04T09:14:13.119Z [INFO]  provider: configuring client automatic mTLS
2024-04-04T09:14:13.203Z [INFO]  provider.terraform-provider-google_v5.23.0_x5: configuring server automatic mTLS: timestamp=2024-04-04T09:14:13.203Z
2024-04-04T09:14:13.572Z [INFO]  provider: configuring client automatic mTLS
2024-04-04T09:14:13.650Z [INFO]  provider.terraform-provider-google-beta_v5.23.0_x5: configuring server automatic mTLS: timestamp=2024-04-04T09:14:13.650Z
2024-04-04T09:14:14.124Z [INFO]  provider: configuring client automatic mTLS
2024-04-04T09:14:14.142Z [INFO]  provider.terraform-provider-random_v3.6.0_x5: configuring server automatic mTLS: timestamp=2024-04-04T09:14:14.142Z
2024-04-04T09:14:14.272Z [INFO]  provider: configuring client automatic mTLS
2024-04-04T09:14:14.356Z [INFO]  provider.terraform-provider-google-beta_v5.23.0_x5: configuring server automatic mTLS: timestamp=2024-04-04T09:14:14.356Z
2024-04-04T09:14:14.389Z [INFO]  provider: configuring client automatic mTLS
2024-04-04T09:14:14.541Z [INFO]  provider.terraform-provider-google_v5.23.0_x5: configuring server automatic mTLS: timestamp=2024-04-04T09:14:14.541Z
2024-04-04T09:14:14.582Z [INFO]  provider: configuring client automatic mTLS
2024-04-04T09:14:14.599Z [INFO]  provider.terraform-provider-random_v3.6.0_x5: configuring server automatic mTLS: timestamp=2024-04-04T09:14:14.598Z
2024-04-04T09:14:14.824Z [INFO]  backend/local: plan calling Plan
2024-04-04T09:14:14.900Z [INFO]  provider: configuring client automatic mTLS
2024-04-04T09:14:14.991Z [INFO]  provider.terraform-provider-google_v5.23.0_x5: configuring server automatic mTLS: timestamp=2024-04-04T09:14:14.991Z
2024-04-04T09:14:15.023Z [INFO]  provider: configuring client automatic mTLS
2024-04-04T09:14:15.044Z [INFO]  provider.terraform-provider-random_v3.6.0_x5: configuring server automatic mTLS: timestamp=2024-04-04T09:14:15.043Z
2024-04-04T09:14:15.136Z [INFO]  provider: configuring client automatic mTLS
2024-04-04T09:14:15.219Z [INFO]  provider.terraform-provider-google-beta_v5.23.0_x5: configuring server automatic mTLS: timestamp=2024-04-04T09:14:15.218Z
2024-04-04T09:14:15.263Z [INFO]  provider.terraform-provider-google_v5.23.0_x5: Authenticating using configured Google JSON 'access_token'...: @caller=github.com/hashicorp/terraform-provider-google/google/fwtransport/framework_config.go:1731 @module=google tf_provider_addr=registry.terraform.io/hashicorp/google tf_mux_provider="*proto5server.Server" tf_req_id=a7508e20-378a-ed37-fe38-af025a1a3220 tf_rpc=ConfigureProvider timestamp=2024-04-04T09:14:15.261Z
2024-04-04T09:14:15.263Z [INFO]  provider.terraform-provider-google_v5.23.0_x5:   -- Scopes: [https://www.googleapis.com/auth/cloud-platform https://www.googleapis.com/auth/userinfo.email]: @module=google tf_mux_provider="*proto5server.Server" tf_provider_addr=registry.terraform.io/hashicorp/google tf_req_id=a7508e20-378a-ed37-fe38-af025a1a3220 tf_rpc=ConfigureProvider @caller=github.com/hashicorp/terraform-provider-google/google/fwtransport/framework_config.go:1732 timestamp=2024-04-04T09:14:15.261Z
2024-04-04T09:14:15.263Z [INFO]  provider.terraform-provider-google_v5.23.0_x5: Authenticating using configured Google JSON 'access_token'...: tf_rpc=ConfigureProvider @caller=github.com/hashicorp/terraform-provider-google/google/fwtransport/framework_config.go:1731 tf_provider_addr=registry.terraform.io/hashicorp/google tf_mux_provider="*proto5server.Server" tf_req_id=a7508e20-378a-ed37-fe38-af025a1a3220 @module=google timestamp=2024-04-04T09:14:15.261Z
2024-04-04T09:14:15.263Z [INFO]  provider.terraform-provider-google_v5.23.0_x5:   -- Scopes: [https://www.googleapis.com/auth/cloud-platform https://www.googleapis.com/auth/userinfo.email]: tf_req_id=a7508e20-378a-ed37-fe38-af025a1a3220 @caller=github.com/hashicorp/terraform-provider-google/google/fwtransport/framework_config.go:1732 tf_provider_addr=registry.terraform.io/hashicorp/google @module=google tf_mux_provider="*proto5server.Server" tf_rpc=ConfigureProvider timestamp=2024-04-04T09:14:15.261Z
2024-04-04T09:14:15.333Z [INFO]  provider.terraform-provider-google_v5.23.0_x5: Terraform is using this identity: svc-cloudautomation@gcp-prj-inf-automation-prd-01.iam.gserviceaccount.com: tf_mux_provider="*proto5server.Server" tf_provider_addr=registry.terraform.io/hashicorp/google tf_req_id=a7508e20-378a-ed37-fe38-af025a1a3220 @caller=github.com/hashicorp/terraform-provider-google/google/fwtransport/framework_config.go:1651 @module=google tf_rpc=ConfigureProvider timestamp=2024-04-04T09:14:15.332Z
2024-04-04T09:14:15.437Z [INFO]  provider.terraform-provider-google-beta_v5.23.0_x5: Authenticating using configured Google JSON 'access_token'...: @module=google_beta tf_mux_provider="*proto5server.Server" tf_rpc=ConfigureProvider @caller=github.com/hashicorp/terraform-provider-google-beta/google-beta/fwtransport/framework_config.go:1870 tf_provider_addr=registry.terraform.io/hashicorp/google-beta tf_req_id=b343cc45-8d7b-c3e9-65db-4acacef503c8 timestamp=2024-04-04T09:14:15.436Z
2024-04-04T09:14:15.437Z [INFO]  provider.terraform-provider-google-beta_v5.23.0_x5:   -- Scopes: [https://www.googleapis.com/auth/cloud-platform https://www.googleapis.com/auth/userinfo.email]: tf_req_id=b343cc45-8d7b-c3e9-65db-4acacef503c8 tf_rpc=ConfigureProvider tf_provider_addr=registry.terraform.io/hashicorp/google-beta @caller=github.com/hashicorp/terraform-provider-google-beta/google-beta/fwtransport/framework_config.go:1871 @module=google_beta tf_mux_provider="*proto5server.Server" timestamp=2024-04-04T09:14:15.436Z
2024-04-04T09:14:15.437Z [INFO]  provider.terraform-provider-google-beta_v5.23.0_x5: Authenticating using configured Google JSON 'access_token'...: tf_mux_provider="*proto5server.Server" tf_rpc=ConfigureProvider @caller=github.com/hashicorp/terraform-provider-google-beta/google-beta/fwtransport/framework_config.go:1870 @module=google_beta tf_provider_addr=registry.terraform.io/hashicorp/google-beta tf_req_id=b343cc45-8d7b-c3e9-65db-4acacef503c8 timestamp=2024-04-04T09:14:15.436Z
2024-04-04T09:14:15.437Z [INFO]  provider.terraform-provider-google-beta_v5.23.0_x5:   -- Scopes: [https://www.googleapis.com/auth/cloud-platform https://www.googleapis.com/auth/userinfo.email]: @caller=github.com/hashicorp/terraform-provider-google-beta/google-beta/fwtransport/framework_config.go:1871 @module=google_beta tf_mux_provider="*proto5server.Server" tf_provider_addr=registry.terraform.io/hashicorp/google-beta tf_req_id=b343cc45-8d7b-c3e9-65db-4acacef503c8 tf_rpc=ConfigureProvider timestamp=2024-04-04T09:14:15.436Z
2024-04-04T09:14:15.509Z [INFO]  provider.terraform-provider-google-beta_v5.23.0_x5: Terraform is using this identity: svc-cloudautomation@gcp-prj-inf-automation-prd-01.iam.gserviceaccount.com: tf_rpc=ConfigureProvider tf_req_id=b343cc45-8d7b-c3e9-65db-4acacef503c8 @caller=github.com/hashicorp/terraform-provider-google-beta/google-beta/fwtransport/framework_config.go:1790 @module=google_beta tf_mux_provider="*proto5server.Server" tf_provider_addr=registry.terraform.io/hashicorp/google-beta timestamp=2024-04-04T09:14:15.509Z
2024-04-04T09:14:15.732Z [WARN]  Provider "registry.terraform.io/hashicorp/google" produced an unexpected new value for module.regional_address["gcp-yyz-fgt-int-priv-ip-01"].google_compute_address.default during refresh.
      - .users: new element 0 has appeared
2024-04-04T09:14:15.740Z [WARN]  Provider "registry.terraform.io/hashicorp/google" produced an invalid plan for module.regional_address["gcp-yyz-fgt-int-priv-ip-01"].google_compute_address.default, but we are tolerating it because it is using the legacy plugin SDK.
    The following problems may be the cause of any confusing errors from downstream operations:
      - .ip_version: planned value cty.StringVal("") for a non-computed attribute
      - .labels: planned value cty.MapValEmpty(cty.String) for a non-computed attribute
      - .network: planned value cty.StringVal("") for a non-computed attribute
      - .ipv6_endpoint_type: planned value cty.StringVal("") for a non-computed attribute
2024-04-04T09:14:15.760Z [WARN]  Provider "registry.terraform.io/hashicorp/google" produced an unexpected new value for module.regional_address["gcp-yyz-fgt-ha-priv-ip-02"].google_compute_address.default during refresh.
      - .users: new element 0 has appeared
2024-04-04T09:14:15.764Z [WARN]  Provider "registry.terraform.io/hashicorp/google" produced an unexpected new value for module.regional_address["gcp-yyz-fgt-mgmt-priv-ip-01"].google_compute_address.default during refresh.
      - .users: new element 0 has appeared
2024-04-04T09:14:15.766Z [WARN]  Provider "registry.terraform.io/hashicorp/google" produced an unexpected new value for module.regional_address["gcp-yyz-fgt-mgmt-priv-ip-02"].google_compute_address.default during refresh.
      - .users: new element 0 has appeared
2024-04-04T09:14:15.766Z [WARN]  Provider "registry.terraform.io/hashicorp/google" produced an unexpected new value for module.regional_address["gcp-yyz-fgt-int-priv-ip-02"].google_compute_address.default during refresh.
      - .users: new element 0 has appeared
2024-04-04T09:14:15.768Z [WARN]  Provider "registry.terraform.io/hashicorp/google" produced an unexpected new value for module.regional_address["gcp-yyz-fgt-out-priv-ip-02"].google_compute_address.default during refresh.
      - .users: new element 0 has appeared
2024-04-04T09:14:15.768Z [WARN]  Provider "registry.terraform.io/hashicorp/google" produced an unexpected new value for module.regional_address["gcp-yyz-fgt-ilb-priv-ip-01"].google_compute_address.default during refresh.
      - .users: new element 0 has appeared
2024-04-04T09:14:15.774Z [WARN]  Provider "registry.terraform.io/hashicorp/google" produced an unexpected new value for module.regional_address["gcp-yyz-fgt-out-priv-ip-01"].google_compute_address.default during refresh.
      - .users: new element 0 has appeared
2024-04-04T09:14:15.775Z [WARN]  Provider "registry.terraform.io/hashicorp/google" produced an invalid plan for module.regional_address["gcp-yyz-fgt-ha-priv-ip-02"].google_compute_address.default, but we are tolerating it because it is using the legacy plugin SDK.
    The following problems may be the cause of any confusing errors from downstream operations:
      - .labels: planned value cty.MapValEmpty(cty.String) for a non-computed attribute
      - .network: planned value cty.StringVal("") for a non-computed attribute
      - .ip_version: planned value cty.StringVal("") for a non-computed attribute
      - .ipv6_endpoint_type: planned value cty.StringVal("") for a non-computed attribute
2024-04-04T09:14:15.791Z [WARN]  Provider "registry.terraform.io/hashicorp/google" produced an invalid plan for module.regional_address["gcp-yyz-fgt-out-priv-ip-02"].google_compute_address.default, but we are tolerating it because it is using the legacy plugin SDK.
    The following problems may be the cause of any confusing errors from downstream operations:
      - .labels: planned value cty.MapValEmpty(cty.String) for a non-computed attribute
      - .network: planned value cty.StringVal("") for a non-computed attribute
      - .ip_version: planned value cty.StringVal("") for a non-computed attribute
      - .ipv6_endpoint_type: planned value cty.StringVal("") for a non-computed attribute
2024-04-04T09:14:15.791Z [WARN]  Provider "registry.terraform.io/hashicorp/google" produced an unexpected new value for module.regional_address["gcp-yyz-fgt-ha-priv-ip-01"].google_compute_address.default during refresh.
      - .users: new element 0 has appeared
2024-04-04T09:14:15.792Z [WARN]  Provider "registry.terraform.io/hashicorp/google" produced an invalid plan for module.regional_address["gcp-yyz-fgt-ilb-priv-ip-01"].google_compute_address.default, but we are tolerating it because it is using the legacy plugin SDK.
    The following problems may be the cause of any confusing errors from downstream operations:
      - .ip_version: planned value cty.StringVal("") for a non-computed attribute
      - .labels: planned value cty.MapValEmpty(cty.String) for a non-computed attribute
      - .network: planned value cty.StringVal("") for a non-computed attribute
      - .ipv6_endpoint_type: planned value cty.StringVal("") for a non-computed attribute
2024-04-04T09:14:15.796Z [WARN]  Provider "registry.terraform.io/hashicorp/google" produced an invalid plan for module.regional_address["gcp-yyz-fgt-mgmt-priv-ip-01"].google_compute_address.default, but we are tolerating it because it is using the legacy plugin SDK.
    The following problems may be the cause of any confusing errors from downstream operations:
      - .ipv6_endpoint_type: planned value cty.StringVal("") for a non-computed attribute
      - .ip_version: planned value cty.StringVal("") for a non-computed attribute
      - .labels: planned value cty.MapValEmpty(cty.String) for a non-computed attribute
      - .network: planned value cty.StringVal("") for a non-computed attribute
2024-04-04T09:14:15.796Z [WARN]  Provider "registry.terraform.io/hashicorp/google" produced an invalid plan for module.regional_address["gcp-yyz-fgt-mgmt-priv-ip-02"].google_compute_address.default, but we are tolerating it because it is using the legacy plugin SDK.
    The following problems may be the cause of any confusing errors from downstream operations:
      - .ipv6_endpoint_type: planned value cty.StringVal("") for a non-computed attribute
      - .ip_version: planned value cty.StringVal("") for a non-computed attribute
      - .labels: planned value cty.MapValEmpty(cty.String) for a non-computed attribute
      - .network: planned value cty.StringVal("") for a non-computed attribute
2024-04-04T09:14:15.803Z [WARN]  Provider "registry.terraform.io/hashicorp/google" produced an invalid plan for module.regional_address["gcp-yyz-fgt-int-priv-ip-02"].google_compute_address.default, but we are tolerating it because it is using the legacy plugin SDK.
    The following problems may be the cause of any confusing errors from downstream operations:
      - .ip_version: planned value cty.StringVal("") for a non-computed attribute
      - .labels: planned value cty.MapValEmpty(cty.String) for a non-computed attribute
      - .network: planned value cty.StringVal("") for a non-computed attribute
      - .ipv6_endpoint_type: planned value cty.StringVal("") for a non-computed attribute
2024-04-04T09:14:15.812Z [WARN]  Provider "registry.terraform.io/hashicorp/google" produced an invalid plan for module.regional_address["gcp-yyz-fgt-ha-priv-ip-01"].google_compute_address.default, but we are tolerating it because it is using the legacy plugin SDK.
    The following problems may be the cause of any confusing errors from downstream operations:
      - .labels: planned value cty.MapValEmpty(cty.String) for a non-computed attribute
      - .network: planned value cty.StringVal("") for a non-computed attribute
      - .ip_version: planned value cty.StringVal("") for a non-computed attribute
      - .ipv6_endpoint_type: planned value cty.StringVal("") for a non-computed attribute
2024-04-04T09:14:15.813Z [WARN]  Provider "registry.terraform.io/hashicorp/google" produced an invalid plan for module.regional_address["gcp-yyz-fgt-out-priv-ip-01"].google_compute_address.default, but we are tolerating it because it is using the legacy plugin SDK.
    The following problems may be the cause of any confusing errors from downstream operations:
      - .ipv6_endpoint_type: planned value cty.StringVal("") for a non-computed attribute
      - .ip_version: planned value cty.StringVal("") for a non-computed attribute
      - .labels: planned value cty.MapValEmpty(cty.String) for a non-computed attribute
      - .network: planned value cty.StringVal("") for a non-computed attribute
2024-04-04T09:14:16.409Z [WARN]  Provider "registry.terraform.io/hashicorp/google" produced an invalid plan for module.router["gcp-yyz-prd-inf-crtr-01"].google_compute_router.router, but we are tolerating it because it is using the legacy plugin SDK.
    The following problems may be the cause of any confusing errors from downstream operations:
      - .description: planned value cty.StringVal("") for a non-computed attribute
      - .encrypted_interconnect_router: planned value cty.False for a non-computed attribute
      - .bgp[0].advertise_mode: planned value cty.StringVal("DEFAULT") for a non-computed attribute
      - .bgp[0].advertised_groups: planned value cty.ListValEmpty(cty.String) for a non-computed attribute
2024-04-04T09:14:16.534Z [WARN]  Provider "registry.terraform.io/hashicorp/google" produced an invalid plan for module.nat["gcp-yyz-prd-inf-cnat-01"].google_compute_router_nat.nat, but we are tolerating it because it is using the legacy plugin SDK.
    The following problems may be the cause of any confusing errors from downstream operations:
      - .max_ports_per_vm: planned value cty.NumberIntVal(0) for a non-computed attribute
      - .nat_ips: planned value cty.SetValEmpty(cty.String) for a non-computed attribute
      - .tcp_time_wait_timeout_sec: planned value cty.NumberIntVal(120) for a non-computed attribute
      - .drain_nat_ips: planned value cty.SetValEmpty(cty.String) for a non-computed attribute
2024-04-04T09:14:16.836Z [WARN]  Provider "registry.terraform.io/hashicorp/google-beta" produced an unexpected new value for module.disk["prdyzsecfgtvm02-log-disk01"].google_compute_disk.disk during refresh.
      - .last_attach_timestamp: was cty.StringVal(""), but now cty.StringVal("2024-04-03T23:20:27.126-07:00")
      - .users: new element 0 has appeared
2024-04-04T09:14:16.842Z [WARN]  Provider "registry.terraform.io/hashicorp/google-beta" produced an unexpected new value for module.disk["prdyzsecfgtvm01-log-disk01"].google_compute_disk.disk during refresh.
      - .last_attach_timestamp: was cty.StringVal(""), but now cty.StringVal("2024-04-03T23:20:27.244-07:00")
      - .users: new element 0 has appeared
2024-04-04T09:14:16.854Z [WARN]  Provider "registry.terraform.io/hashicorp/google-beta" produced an invalid plan for module.disk["prdyzsecfgtvm02-log-disk01"].google_compute_disk.disk, but we are tolerating it because it is using the legacy plugin SDK.
    The following problems may be the cause of any confusing errors from downstream operations:
      - .source_disk: planned value cty.StringVal("") for a non-computed attribute
      - .image: planned value cty.StringVal("") for a non-computed attribute
      - .snapshot: planned value cty.StringVal("") for a non-computed attribute
      - .multi_writer: planned value cty.False for a non-computed attribute
2024-04-04T09:14:16.856Z [WARN]  Provider "registry.terraform.io/hashicorp/google-beta" produced an invalid plan for module.disk["prdyzsecfgtvm01-log-disk01"].google_compute_disk.disk, but we are tolerating it because it is using the legacy plugin SDK.
    The following problems may be the cause of any confusing errors from downstream operations:
      - .source_disk: planned value cty.StringVal("") for a non-computed attribute
      - .image: planned value cty.StringVal("") for a non-computed attribute
      - .snapshot: planned value cty.StringVal("") for a non-computed attribute
      - .multi_writer: planned value cty.False for a non-computed attribute
2024-04-04T09:14:17.502Z [WARN]  Provider "registry.terraform.io/hashicorp/google" produced an unexpected new value for module.vm["prdyzsecfgtvm02"].google_compute_instance.default during refresh.
      - .resource_policies: was null, but now cty.ListValEmpty(cty.String)
      - .boot_disk[0].initialize_params[0].resource_manager_tags: was null, but now cty.MapValEmpty(cty.String)
2024-04-04T09:14:17.519Z [WARN]  Provider "registry.terraform.io/hashicorp/google" produced an unexpected new value for module.vm["prdyzsecfgtvm01"].google_compute_instance.default during refresh.
      - .resource_policies: was null, but now cty.ListValEmpty(cty.String)
      - .boot_disk[0].initialize_params[0].resource_manager_tags: was null, but now cty.MapValEmpty(cty.String)
2024-04-04T09:14:17.534Z [WARN]  Provider "registry.terraform.io/hashicorp/google" produced an invalid plan for module.vm["prdyzsecfgtvm02"].google_compute_instance.default, but we are tolerating it because it is using the legacy plugin SDK.
    The following problems may be the cause of any confusing errors from downstream operations:
      - .can_ip_forward: planned value cty.False for a non-computed attribute
      - .hostname: planned value cty.StringVal("") for a non-computed attribute
      - .description: planned value cty.StringVal("") for a non-computed attribute
      - .resource_policies: planned value cty.ListValEmpty(cty.String) for a non-computed attribute
      - .enable_display: planned value cty.False for a non-computed attribute
      - .attached_disk[0].disk_encryption_key_raw: sensitive planned value for a non-computed attribute
      - .attached_disk[0].mode: planned value cty.StringVal("READ_WRITE") for a non-computed attribute
      - .boot_disk[0].mode: planned value cty.StringVal("READ_WRITE") for a non-computed attribute
      - .boot_disk[0].auto_delete: planned value cty.True for a non-computed attribute
      - .boot_disk[0].disk_encryption_key_raw: sensitive planned value for a non-computed attribute
      - .boot_disk[0].initialize_params[0].resource_manager_tags: planned value cty.MapValEmpty(cty.String) for a non-computed attribute
      - .boot_disk[0].initialize_params[0].enable_confidential_compute: planned value cty.False for a non-computed attribute
      - .network_interface[0].nic_type: planned value cty.StringVal("") for a non-computed attribute
      - .network_interface[0].queue_count: planned value cty.NumberIntVal(0) for a non-computed attribute
      - .network_interface[1].nic_type: planned value cty.StringVal("") for a non-computed attribute
      - .network_interface[1].queue_count: planned value cty.NumberIntVal(0) for a non-computed attribute
      - .network_interface[2].nic_type: planned value cty.StringVal("") for a non-computed attribute
      - .network_interface[2].queue_count: planned value cty.NumberIntVal(0) for a non-computed attribute
      - .network_interface[3].nic_type: planned value cty.StringVal("") for a non-computed attribute
      - .network_interface[3].queue_count: planned value cty.NumberIntVal(0) for a non-computed attribute
      - .scheduling: block count in plan (1) disagrees with count in config (0)
2024-04-04T09:14:17.549Z [WARN]  Provider "registry.terraform.io/hashicorp/google" produced an invalid plan for module.vm["prdyzsecfgtvm01"].google_compute_instance.default, but we are tolerating it because it is using the legacy plugin SDK.
    The following problems may be the cause of any confusing errors from downstream operations:
      - .resource_policies: planned value cty.ListValEmpty(cty.String) for a non-computed attribute
      - .enable_display: planned value cty.False for a non-computed attribute
      - .can_ip_forward: planned value cty.False for a non-computed attribute
      - .hostname: planned value cty.StringVal("") for a non-computed attribute
      - .description: planned value cty.StringVal("") for a non-computed attribute
      - .attached_disk[0].disk_encryption_key_raw: sensitive planned value for a non-computed attribute
      - .attached_disk[0].mode: planned value cty.StringVal("READ_WRITE") for a non-computed attribute
      - .boot_disk[0].auto_delete: planned value cty.True for a non-computed attribute
      - .boot_disk[0].disk_encryption_key_raw: sensitive planned value for a non-computed attribute
      - .boot_disk[0].mode: planned value cty.StringVal("READ_WRITE") for a non-computed attribute
      - .boot_disk[0].initialize_params[0].enable_confidential_compute: planned value cty.False for a non-computed attribute
      - .boot_disk[0].initialize_params[0].resource_manager_tags: planned value cty.MapValEmpty(cty.String) for a non-computed attribute
      - .network_interface[0].nic_type: planned value cty.StringVal("") for a non-computed attribute
      - .network_interface[0].queue_count: planned value cty.NumberIntVal(0) for a non-computed attribute
      - .network_interface[1].nic_type: planned value cty.StringVal("") for a non-computed attribute
      - .network_interface[1].queue_count: planned value cty.NumberIntVal(0) for a non-computed attribute
      - .network_interface[2].nic_type: planned value cty.StringVal("") for a non-computed attribute
      - .network_interface[2].queue_count: planned value cty.NumberIntVal(0) for a non-computed attribute
      - .network_interface[3].nic_type: planned value cty.StringVal("") for a non-computed attribute
      - .network_interface[3].queue_count: planned value cty.NumberIntVal(0) for a non-computed attribute
      - .scheduling: block count in plan (1) disagrees with count in config (0)
2024-04-04T09:14:17.860Z [WARN]  Provider "registry.terraform.io/hashicorp/google" produced an invalid plan for module.health_check["gcp-yyz-prd-sec-fgt-ilb-01-hc-01"].google_compute_region_health_check.healthcheck, but we are tolerating it because it is using the legacy plugin SDK.
    The following problems may be the cause of any confusing errors from downstream operations:
      - .http_health_check[0].host: planned value cty.StringVal("") for a non-computed attribute
      - .http_health_check[0].port_name: planned value cty.StringVal("") for a non-computed attribute
      - .http_health_check[0].port_specification: planned value cty.StringVal("") for a non-computed attribute
      - .http_health_check[0].proxy_header: planned value cty.StringVal("NONE") for a non-computed attribute
      - .http_health_check[0].request_path: planned value cty.StringVal("/") for a non-computed attribute
      - .http_health_check[0].response: planned value cty.StringVal("") for a non-computed attribute
      - .log_config: block count in plan (1) disagrees with count in config (0)
2024-04-04T09:14:18.362Z [WARN]  Provider "registry.terraform.io/hashicorp/google" produced an unexpected new value for module.umig["gcp-yyz-prd-sec-fgt-umig-02"].google_compute_instance_group.umig during refresh.
      - .instances: planned set element cty.StringVal("projects/gcp-prj-inf-networkhub-prd-1/zones/northamerica-northeast2-b/instances/prdyzsecfgtvm02") does not correlate with any element in actual
2024-04-04T09:14:18.372Z [WARN]  Provider "registry.terraform.io/hashicorp/google" produced an unexpected new value for module.umig["gcp-yyz-prd-sec-fgt-umig-01"].google_compute_instance_group.umig during refresh.
      - .instances: planned set element cty.StringVal("projects/gcp-prj-inf-networkhub-prd-1/zones/northamerica-northeast2-a/instances/prdyzsecfgtvm01") does not correlate with any element in actual
2024-04-04T09:14:18.698Z [WARN]  Provider "registry.terraform.io/hashicorp/google" produced an unexpected new value for module.nlb["gcp-yyz-prd-sec-fgt-ilb-01-frontend-01"].google_compute_region_backend_service.backend[0] during refresh.
      - .health_checks: planned set element cty.StringVal("projects/gcp-prj-inf-networkhub-prd-1/regions/northamerica-northeast2/healthChecks/gcp-yyz-prd-sec-fgt-ilb-01-hc-01") does not correlate with any element in actual
2024-04-04T09:14:18.716Z [WARN]  Provider "registry.terraform.io/hashicorp/google" produced an invalid plan for module.nlb["gcp-yyz-prd-sec-fgt-ilb-01-frontend-01"].google_compute_region_backend_service.backend[0], but we are tolerating it because it is using the legacy plugin SDK.
    The following problems may be the cause of any confusing errors from downstream operations:
      - .connection_draining_timeout_sec: planned value cty.NumberIntVal(0) for a non-computed attribute
      - .locality_lb_policy: planned value cty.StringVal("") for a non-computed attribute
      - .affinity_cookie_ttl_sec: planned value cty.NumberIntVal(0) for a non-computed attribute
      - .enable_cdn: planned value cty.False for a non-computed attribute
2024-04-04T09:14:18.895Z [WARN]  Provider "registry.terraform.io/hashicorp/google" produced an unexpected new value for module.nlb["gcp-yyz-prd-sec-fgt-ilb-01-frontend-01"].google_compute_forwarding_rule.rule during refresh.
      - .ports: was null, but now cty.SetValEmpty(cty.String)
      - .source_ip_ranges: was null, but now cty.ListValEmpty(cty.String)
      - .labels: was null, but now cty.MapValEmpty(cty.String)
2024-04-04T09:14:18.905Z [WARN]  Provider "registry.terraform.io/hashicorp/google" produced an invalid plan for module.nlb["gcp-yyz-prd-sec-fgt-ilb-01-frontend-01"].google_compute_forwarding_rule.rule, but we are tolerating it because it is using the legacy plugin SDK.
    The following problems may be the cause of any confusing errors from downstream operations:
      - .allow_psc_global_access: planned value cty.False for a non-computed attribute
      - .labels: planned value cty.MapValEmpty(cty.String) for a non-computed attribute
      - .target: planned value cty.StringVal("") for a non-computed attribute
      - .recreate_closed_psc: planned value cty.False for a non-computed attribute
      - .service_label: planned value cty.StringVal("") for a non-computed attribute
      - .is_mirroring_collector: planned value cty.False for a non-computed attribute
      - .ports: planned value cty.SetValEmpty(cty.String) for a non-computed attribute
      - .source_ip_ranges: planned value cty.ListValEmpty(cty.String) for a non-computed attribute
2024-04-04T09:14:19.002Z [WARN]  Provider "registry.terraform.io/hashicorp/google" produced an unexpected new value for module.secret["gcp-yyz-prd-sec-fgt-api-key-01"].google_secret_manager_secret.secret during refresh.
      - .annotations: was null, but now cty.MapValEmpty(cty.String)
      - .version_aliases: was null, but now cty.MapValEmpty(cty.String)
2024-04-04T09:14:19.023Z [WARN]  Provider "registry.terraform.io/hashicorp/google" produced an invalid plan for module.secret["gcp-yyz-prd-sec-fgt-api-key-01"].google_secret_manager_secret.secret, but we are tolerating it because it is using the legacy plugin SDK.
    The following problems may be the cause of any confusing errors from downstream operations:
      - .version_aliases: planned value cty.MapValEmpty(cty.String) for a non-computed attribute
2024-04-04T09:14:19.282Z [INFO]  backend/local: plan operation completed
2024-04-04T09:14:19.282Z [INFO]  backend/local: writing plan output to: ../plan-file/fortigate-tf-plan.json
2024-04-04T09:14:50.000Z [INFO]  Terraform version: 1.7.5
2024-04-04T09:14:50.000Z [INFO]  Go runtime version: go1.21.8
2024-04-04T09:14:50.000Z [INFO]  CLI args: []string{"terraform", "apply", "../plan-file/fortigate-tf-plan.json"}
2024-04-04T09:14:50.001Z [INFO]  CLI command args: []string{"apply", "../plan-file/fortigate-tf-plan.json"}
2024-04-04T09:14:50.851Z [INFO]  backend/local: starting Apply operation
2024-04-04T09:14:51.332Z [INFO]  provider: configuring client automatic mTLS
2024-04-04T09:14:51.415Z [INFO]  provider.terraform-provider-google_v5.23.0_x5: configuring server automatic mTLS: timestamp=2024-04-04T09:14:51.415Z
2024-04-04T09:14:51.792Z [INFO]  provider: configuring client automatic mTLS
2024-04-04T09:14:51.868Z [INFO]  provider.terraform-provider-google-beta_v5.23.0_x5: configuring server automatic mTLS: timestamp=2024-04-04T09:14:51.868Z
2024-04-04T09:14:52.258Z [INFO]  provider: configuring client automatic mTLS
2024-04-04T09:14:52.275Z [INFO]  provider.terraform-provider-random_v3.6.0_x5: configuring server automatic mTLS: timestamp=2024-04-04T09:14:52.275Z
2024-04-04T09:14:52.327Z [INFO]  backend/local: apply calling Apply
2024-04-04T09:14:52.406Z [INFO]  provider: configuring client automatic mTLS
2024-04-04T09:14:52.454Z [INFO]  provider.terraform-provider-random_v3.6.0_x5: configuring server automatic mTLS: timestamp=2024-04-04T09:14:52.447Z
2024-04-04T09:14:52.502Z [INFO]  provider: configuring client automatic mTLS
2024-04-04T09:14:52.582Z [INFO]  provider.terraform-provider-google-beta_v5.23.0_x5: configuring server automatic mTLS: timestamp=2024-04-04T09:14:52.582Z
2024-04-04T09:14:52.616Z [INFO]  provider: configuring client automatic mTLS
2024-04-04T09:14:52.765Z [INFO]  provider.terraform-provider-google_v5.23.0_x5: configuring server automatic mTLS: timestamp=2024-04-04T09:14:52.765Z
2024-04-04T09:14:52.814Z [INFO]  provider.terraform-provider-google-beta_v5.23.0_x5: Authenticating using configured Google JSON 'access_token'...: @caller=github.com/hashicorp/terraform-provider-google-beta/google-beta/fwtransport/framework_config.go:1870 @module=google_beta tf_provider_addr=registry.terraform.io/hashicorp/google-beta tf_req_id=56ce6c1e-a538-a019-265e-e0f17e744bb7 tf_rpc=ConfigureProvider tf_mux_provider="*proto5server.Server" timestamp=2024-04-04T09:14:52.813Z
2024-04-04T09:14:52.814Z [INFO]  provider.terraform-provider-google-beta_v5.23.0_x5:   -- Scopes: [https://www.googleapis.com/auth/cloud-platform https://www.googleapis.com/auth/userinfo.email]: @caller=github.com/hashicorp/terraform-provider-google-beta/google-beta/fwtransport/framework_config.go:1871 tf_provider_addr=registry.terraform.io/hashicorp/google-beta tf_req_id=56ce6c1e-a538-a019-265e-e0f17e744bb7 tf_rpc=ConfigureProvider @module=google_beta tf_mux_provider="*proto5server.Server" timestamp=2024-04-04T09:14:52.813Z
2024-04-04T09:14:52.815Z [INFO]  provider.terraform-provider-google-beta_v5.23.0_x5: Authenticating using configured Google JSON 'access_token'...: @caller=github.com/hashicorp/terraform-provider-google-beta/google-beta/fwtransport/framework_config.go:1870 tf_mux_provider="*proto5server.Server" tf_provider_addr=registry.terraform.io/hashicorp/google-beta tf_req_id=56ce6c1e-a538-a019-265e-e0f17e744bb7 tf_rpc=ConfigureProvider @module=google_beta timestamp=2024-04-04T09:14:52.813Z
2024-04-04T09:14:52.815Z [INFO]  provider.terraform-provider-google-beta_v5.23.0_x5:   -- Scopes: [https://www.googleapis.com/auth/cloud-platform https://www.googleapis.com/auth/userinfo.email]: @module=google_beta tf_mux_provider="*proto5server.Server" tf_provider_addr=registry.terraform.io/hashicorp/google-beta tf_req_id=56ce6c1e-a538-a019-265e-e0f17e744bb7 @caller=github.com/hashicorp/terraform-provider-google-beta/google-beta/fwtransport/framework_config.go:1871 tf_rpc=ConfigureProvider timestamp=2024-04-04T09:14:52.813Z
2024-04-04T09:14:52.927Z [INFO]  provider.terraform-provider-google_v5.23.0_x5: Authenticating using configured Google JSON 'access_token'...: tf_rpc=ConfigureProvider @module=google tf_mux_provider="*proto5server.Server" tf_provider_addr=registry.terraform.io/hashicorp/google tf_req_id=6178b5f1-a627-ecad-16ba-ce7e00b01c67 @caller=github.com/hashicorp/terraform-provider-google/google/fwtransport/framework_config.go:1731 timestamp=2024-04-04T09:14:52.927Z
2024-04-04T09:14:52.928Z [INFO]  provider.terraform-provider-google_v5.23.0_x5:   -- Scopes: [https://www.googleapis.com/auth/cloud-platform https://www.googleapis.com/auth/userinfo.email]: @caller=github.com/hashicorp/terraform-provider-google/google/fwtransport/framework_config.go:1732 tf_req_id=6178b5f1-a627-ecad-16ba-ce7e00b01c67 tf_rpc=ConfigureProvider @module=google tf_mux_provider="*proto5server.Server" tf_provider_addr=registry.terraform.io/hashicorp/google timestamp=2024-04-04T09:14:52.927Z
2024-04-04T09:14:52.928Z [INFO]  provider.terraform-provider-google_v5.23.0_x5: Authenticating using configured Google JSON 'access_token'...: tf_mux_provider="*proto5server.Server" tf_req_id=6178b5f1-a627-ecad-16ba-ce7e00b01c67 @caller=github.com/hashicorp/terraform-provider-google/google/fwtransport/framework_config.go:1731 @module=google tf_provider_addr=registry.terraform.io/hashicorp/google tf_rpc=ConfigureProvider timestamp=2024-04-04T09:14:52.927Z
2024-04-04T09:14:52.928Z [INFO]  provider.terraform-provider-google_v5.23.0_x5:   -- Scopes: [https://www.googleapis.com/auth/cloud-platform https://www.googleapis.com/auth/userinfo.email]: @caller=github.com/hashicorp/terraform-provider-google/google/fwtransport/framework_config.go:1732 tf_mux_provider="*proto5server.Server" @module=google tf_provider_addr=registry.terraform.io/hashicorp/google tf_req_id=6178b5f1-a627-ecad-16ba-ce7e00b01c67 tf_rpc=ConfigureProvider timestamp=2024-04-04T09:14:52.927Z
2024-04-04T09:14:52.946Z [INFO]  provider.terraform-provider-google-beta_v5.23.0_x5: Terraform is using this identity: svc-cloudautomation@gcp-prj-inf-automation-prd-01.iam.gserviceaccount.com: @caller=github.com/hashicorp/terraform-provider-google-beta/google-beta/fwtransport/framework_config.go:1790 @module=google_beta tf_provider_addr=registry.terraform.io/hashicorp/google-beta tf_mux_provider="*proto5server.Server" tf_req_id=56ce6c1e-a538-a019-265e-e0f17e744bb7 tf_rpc=ConfigureProvider timestamp=2024-04-04T09:14:52.940Z
2024-04-04T09:14:52.981Z [INFO]  provider.terraform-provider-google_v5.23.0_x5: Terraform is using this identity: svc-cloudautomation@gcp-prj-inf-automation-prd-01.iam.gserviceaccount.com: tf_rpc=ConfigureProvider @caller=github.com/hashicorp/terraform-provider-google/google/fwtransport/framework_config.go:1651 tf_mux_provider="*proto5server.Server" tf_provider_addr=registry.terraform.io/hashicorp/google @module=google tf_req_id=6178b5f1-a627-ecad-16ba-ce7e00b01c67 timestamp=2024-04-04T09:14:52.980Z
2024-04-04T09:14:53.149Z [WARN]  Provider "registry.terraform.io/hashicorp/google" produced an invalid plan for module.vm["prdyzsecfgtvm01"].google_compute_instance.default, but we are tolerating it because it is using the legacy plugin SDK.
    The following problems may be the cause of any confusing errors from downstream operations:
      - .enable_display: planned value cty.False for a non-computed attribute
      - .hostname: planned value cty.StringVal("") for a non-computed attribute
      - .resource_policies: planned value cty.ListValEmpty(cty.String) for a non-computed attribute
      - .can_ip_forward: planned value cty.False for a non-computed attribute
      - .description: planned value cty.StringVal("") for a non-computed attribute
      - .scheduling: block count in plan (1) disagrees with count in config (0)
      - .attached_disk[0].disk_encryption_key_raw: sensitive planned value for a non-computed attribute
      - .attached_disk[0].mode: planned value cty.StringVal("READ_WRITE") for a non-computed attribute
      - .network_interface[0].nic_type: planned value cty.StringVal("") for a non-computed attribute
      - .network_interface[0].queue_count: planned value cty.NumberIntVal(0) for a non-computed attribute
      - .network_interface[1].nic_type: planned value cty.StringVal("") for a non-computed attribute
      - .network_interface[1].queue_count: planned value cty.NumberIntVal(0) for a non-computed attribute
      - .network_interface[2].nic_type: planned value cty.StringVal("") for a non-computed attribute
      - .network_interface[2].queue_count: planned value cty.NumberIntVal(0) for a non-computed attribute
      - .network_interface[3].nic_type: planned value cty.StringVal("") for a non-computed attribute
      - .network_interface[3].queue_count: planned value cty.NumberIntVal(0) for a non-computed attribute
      - .boot_disk[0].mode: planned value cty.StringVal("READ_WRITE") for a non-computed attribute
      - .boot_disk[0].auto_delete: planned value cty.True for a non-computed attribute
      - .boot_disk[0].disk_encryption_key_raw: sensitive planned value for a non-computed attribute
      - .boot_disk[0].initialize_params[0].enable_confidential_compute: planned value cty.False for a non-computed attribute
      - .boot_disk[0].initialize_params[0].resource_manager_tags: planned value cty.MapValEmpty(cty.String) for a non-computed attribute
2024-04-04T09:14:53.151Z [INFO]  Starting apply for module.vm["prdyzsecfgtvm01"].google_compute_instance.default
2024-04-04T09:14:53.164Z [WARN]  Provider "registry.terraform.io/hashicorp/google" produced an invalid plan for module.vm["prdyzsecfgtvm02"].google_compute_instance.default, but we are tolerating it because it is using the legacy plugin SDK.
    The following problems may be the cause of any confusing errors from downstream operations:
      - .can_ip_forward: planned value cty.False for a non-computed attribute
      - .description: planned value cty.StringVal("") for a non-computed attribute
      - .enable_display: planned value cty.False for a non-computed attribute
      - .hostname: planned value cty.StringVal("") for a non-computed attribute
      - .resource_policies: planned value cty.ListValEmpty(cty.String) for a non-computed attribute
      - .scheduling: block count in plan (1) disagrees with count in config (0)
      - .attached_disk[0].disk_encryption_key_raw: sensitive planned value for a non-computed attribute
      - .attached_disk[0].mode: planned value cty.StringVal("READ_WRITE") for a non-computed attribute
      - .network_interface[0].nic_type: planned value cty.StringVal("") for a non-computed attribute
      - .network_interface[0].queue_count: planned value cty.NumberIntVal(0) for a non-computed attribute
      - .network_interface[1].queue_count: planned value cty.NumberIntVal(0) for a non-computed attribute
      - .network_interface[1].nic_type: planned value cty.StringVal("") for a non-computed attribute
      - .network_interface[2].nic_type: planned value cty.StringVal("") for a non-computed attribute
      - .network_interface[2].queue_count: planned value cty.NumberIntVal(0) for a non-computed attribute
      - .network_interface[3].nic_type: planned value cty.StringVal("") for a non-computed attribute
      - .network_interface[3].queue_count: planned value cty.NumberIntVal(0) for a non-computed attribute
      - .boot_disk[0].mode: planned value cty.StringVal("READ_WRITE") for a non-computed attribute
      - .boot_disk[0].auto_delete: planned value cty.True for a non-computed attribute
      - .boot_disk[0].disk_encryption_key_raw: sensitive planned value for a non-computed attribute
      - .boot_disk[0].initialize_params[0].enable_confidential_compute: planned value cty.False for a non-computed attribute
      - .boot_disk[0].initialize_params[0].resource_manager_tags: planned value cty.MapValEmpty(cty.String) for a non-computed attribute
2024-04-04T09:14:53.168Z [INFO]  Starting apply for module.vm["prdyzsecfgtvm02"].google_compute_instance.default
2024-04-04T09:15:05.277Z [WARN]  Provider "provider[\"registry.terraform.io/hashicorp/google\"]" produced an unexpected new value for module.vm["prdyzsecfgtvm02"].google_compute_instance.default, but we are tolerating it because it is using the legacy plugin SDK.
    The following problems may be the cause of any confusing errors from downstream operations:
      - .metadata_fingerprint: was cty.StringVal("bMt6pAnjOe4="), but now cty.StringVal("NcOngCrru24=")
2024-04-04T09:15:05.494Z [WARN]  Provider "provider[\"registry.terraform.io/hashicorp/google\"]" produced an unexpected new value for module.vm["prdyzsecfgtvm01"].google_compute_instance.default, but we are tolerating it because it is using the legacy plugin SDK.
    The following problems may be the cause of any confusing errors from downstream operations:
      - .metadata_fingerprint: was cty.StringVal("l2BG3Oh8Bcg="), but now cty.StringVal("fbjXJ1YkSJ4=")
2024-04-04T09:15:06.206Z [INFO]  Terraform version: 1.7.5
2024-04-04T09:15:06.206Z [INFO]  Go runtime version: go1.21.8
2024-04-04T09:15:06.206Z [INFO]  CLI args: []string{"terraform", "output", "-json"}
2024-04-04T09:15:06.207Z [INFO]  CLI command args: []string{"output", "-json"}
