2024-04-05T12:56:08.314Z [INFO]  Terraform version: 1.7.5
2024-04-05T12:56:08.315Z [INFO]  Go runtime version: go1.21.8
2024-04-05T12:56:08.315Z [INFO]  CLI args: []string{"terraform", "init", "-upgrade", "-backend-config=bucket=gcp-yyz-prd-inf-cloudautomation-sbuc-01", "-backend-config=prefix=fortigate/state-file"}
2024-04-05T12:56:08.315Z [INFO]  CLI command args: []string{"init", "-upgrade", "-backend-config=bucket=gcp-yyz-prd-inf-cloudautomation-sbuc-01", "-backend-config=prefix=fortigate/state-file"}
2024-04-05T12:56:18.406Z [INFO]  Terraform version: 1.7.5
2024-04-05T12:56:18.406Z [INFO]  Go runtime version: go1.21.8
2024-04-05T12:56:18.407Z [INFO]  CLI args: []string{"terraform", "plan", "-var=access_token=ya29.c.c0AY_VpZiQfByHniPkET38F-1rwxm0vrTddI3X_gG9YXUPJuOViyyZbnKu5Da80x6Ude0ZTmzl40m6YawZS9tH8wbVLVBHIW2yPCYhMN4ZQ84CRGv5Jx54t1crQOlDaQmcbNp4grGPz_z9NaW8rt8c9UwnYePalSGK1SsBDlXPcZkRWbRPiirngR7vUfB7ct4DY3hmlKA77tJzB0fHc9P9txEvcJVUNXXxBqH1Z7Eq997T9k5SijuCZfT20bxOT3_wgVKrSI1Grr_j6UW1-PKsbI-2y7CRTfcIwmf-2KsAJFlcOHzZ9G8oED3uxNjidKciVrhSzO4GfGu2bdgaxS3F6lmc2Fx9xVdulu2MeZ6EXiO48ODGs8FiZo92arvtREnOLRS61zgDPO7fidhgnkHM-6OMykjOnbKvWmweg4q-wEXOh7i3tBQYpdMGyeJznN7a4yRiV8ah7OoJbeqPi3Hc0sA2KPxC2vYohx1kmWvritUNVFbNNr4B0KptEmEHAx2j7guOi2dk0i8UCu3S2AaGGlKzPIc28JBgYo7V0DkCM17zdMDXfqZ2ueh_qQq8Olb8uvxnu_qljY4Lfa_hkuxKWJzQSJU_einH37QCaIpfE6NAFl-ccpaIFlf78-Li0ngXsYEi1i-HXf6fFu4PaNy8UCDyZRdy22Bge9JGSLvqZAH691KQib-1q4Yh2j2SSVcbVRIBscbvg8S2Ju9lUi0UcXf8s7svF2OvffoMOBFRpS4yqwgZjrdqlet7ZXbVI6crfdpesxkjkOO7gkddiSYacluSweZwdtiit-0y0UXa0h0OmOrQiYypq0n77cqq7tqzp4Myk-XBYZ4-dXQ7oo2c8ZhkWvJQWWchbhQxmXgRbi2OWgM6M4kuFU_uj2jhe2nlbQVJ-1p1fMdJrBmk3XnjZ5VO6RdtxntmjQgQQMec4XmgQnq12rOIU7OJJSYVgWx9ot6FXg2XJ67y5pQ7mdB2tBU4UzueI3pj5UoOucckks0uuU5IRrV1ayR", "-var=project_id=gcp-prj-inf-automation-prd-01", "-var-file=../input-file/disk.tfvars", "-var-file=../input-file/vm.tfvars", "-var-file=../input-file/umig.tfvars", "-var-file=../input-file/health_check.tfvars", "-var-file=../input-file/nlb.tfvars", "-var-file=../input-file/router.tfvars", "-var-file=../input-file/nat.tfvars", "-var-file=../input-file/address.tfvars", "-var-file=../input-file/data.tfvars", "-var-file=../input-file/secret.tfvars", "-out=../plan-file/fortigate-tf-plan.json"}
2024-04-05T12:56:18.408Z [INFO]  CLI command args: []string{"plan", "-var=access_token=ya29.c.c0AY_VpZiQfByHniPkET38F-1rwxm0vrTddI3X_gG9YXUPJuOViyyZbnKu5Da80x6Ude0ZTmzl40m6YawZS9tH8wbVLVBHIW2yPCYhMN4ZQ84CRGv5Jx54t1crQOlDaQmcbNp4grGPz_z9NaW8rt8c9UwnYePalSGK1SsBDlXPcZkRWbRPiirngR7vUfB7ct4DY3hmlKA77tJzB0fHc9P9txEvcJVUNXXxBqH1Z7Eq997T9k5SijuCZfT20bxOT3_wgVKrSI1Grr_j6UW1-PKsbI-2y7CRTfcIwmf-2KsAJFlcOHzZ9G8oED3uxNjidKciVrhSzO4GfGu2bdgaxS3F6lmc2Fx9xVdulu2MeZ6EXiO48ODGs8FiZo92arvtREnOLRS61zgDPO7fidhgnkHM-6OMykjOnbKvWmweg4q-wEXOh7i3tBQYpdMGyeJznN7a4yRiV8ah7OoJbeqPi3Hc0sA2KPxC2vYohx1kmWvritUNVFbNNr4B0KptEmEHAx2j7guOi2dk0i8UCu3S2AaGGlKzPIc28JBgYo7V0DkCM17zdMDXfqZ2ueh_qQq8Olb8uvxnu_qljY4Lfa_hkuxKWJzQSJU_einH37QCaIpfE6NAFl-ccpaIFlf78-Li0ngXsYEi1i-HXf6fFu4PaNy8UCDyZRdy22Bge9JGSLvqZAH691KQib-1q4Yh2j2SSVcbVRIBscbvg8S2Ju9lUi0UcXf8s7svF2OvffoMOBFRpS4yqwgZjrdqlet7ZXbVI6crfdpesxkjkOO7gkddiSYacluSweZwdtiit-0y0UXa0h0OmOrQiYypq0n77cqq7tqzp4Myk-XBYZ4-dXQ7oo2c8ZhkWvJQWWchbhQxmXgRbi2OWgM6M4kuFU_uj2jhe2nlbQVJ-1p1fMdJrBmk3XnjZ5VO6RdtxntmjQgQQMec4XmgQnq12rOIU7OJJSYVgWx9ot6FXg2XJ67y5pQ7mdB2tBU4UzueI3pj5UoOucckks0uuU5IRrV1ayR", "-var=project_id=gcp-prj-inf-automation-prd-01", "-var-file=../input-file/disk.tfvars", "-var-file=../input-file/vm.tfvars", "-var-file=../input-file/umig.tfvars", "-var-file=../input-file/health_check.tfvars", "-var-file=../input-file/nlb.tfvars", "-var-file=../input-file/router.tfvars", "-var-file=../input-file/nat.tfvars", "-var-file=../input-file/address.tfvars", "-var-file=../input-file/data.tfvars", "-var-file=../input-file/secret.tfvars", "-out=../plan-file/fortigate-tf-plan.json"}
2024-04-05T12:56:19.521Z [INFO]  backend/local: starting Plan operation
2024-04-05T12:56:22.715Z [INFO]  provider: configuring client automatic mTLS
2024-04-05T12:56:22.850Z [INFO]  provider.terraform-provider-google_v5.23.0_x5: configuring server automatic mTLS: timestamp=2024-04-05T12:56:22.850Z
2024-04-05T12:56:23.462Z [INFO]  provider: configuring client automatic mTLS
2024-04-05T12:56:23.556Z [INFO]  provider.terraform-provider-google-beta_v5.23.0_x5: configuring server automatic mTLS: timestamp=2024-04-05T12:56:23.556Z
2024-04-05T12:56:24.252Z [INFO]  provider: configuring client automatic mTLS
2024-04-05T12:56:24.272Z [INFO]  provider.terraform-provider-random_v3.6.0_x5: configuring server automatic mTLS: timestamp=2024-04-05T12:56:24.272Z
2024-04-05T12:56:24.454Z [INFO]  provider: configuring client automatic mTLS
2024-04-05T12:56:24.474Z [INFO]  provider.terraform-provider-random_v3.6.0_x5: configuring server automatic mTLS: timestamp=2024-04-05T12:56:24.474Z
2024-04-05T12:56:24.594Z [INFO]  provider: configuring client automatic mTLS
2024-04-05T12:56:24.779Z [INFO]  provider.terraform-provider-google-beta_v5.23.0_x5: configuring server automatic mTLS: timestamp=2024-04-05T12:56:24.778Z
2024-04-05T12:56:24.824Z [INFO]  provider: configuring client automatic mTLS
2024-04-05T12:56:24.924Z [INFO]  provider.terraform-provider-google_v5.23.0_x5: configuring server automatic mTLS: timestamp=2024-04-05T12:56:24.924Z
2024-04-05T12:56:25.451Z [INFO]  backend/local: plan calling Plan
2024-04-05T12:56:25.655Z [INFO]  provider: configuring client automatic mTLS
2024-04-05T12:56:25.684Z [INFO]  provider.terraform-provider-random_v3.6.0_x5: configuring server automatic mTLS: timestamp=2024-04-05T12:56:25.683Z
2024-04-05T12:56:25.752Z [INFO]  provider: configuring client automatic mTLS
2024-04-05T12:56:25.879Z [INFO]  provider.terraform-provider-google_v5.23.0_x5: configuring server automatic mTLS: timestamp=2024-04-05T12:56:25.879Z
2024-04-05T12:56:25.922Z [INFO]  provider: configuring client automatic mTLS
2024-04-05T12:56:26.086Z [INFO]  provider.terraform-provider-google-beta_v5.23.0_x5: configuring server automatic mTLS: timestamp=2024-04-05T12:56:26.082Z
2024-04-05T12:56:26.135Z [INFO]  provider.terraform-provider-google_v5.23.0_x5: Authenticating using configured Google JSON 'access_token'...: @module=google tf_req_id=fe67a9f4-ec7f-7ea0-5333-49cc949653d9 tf_rpc=ConfigureProvider @caller=github.com/hashicorp/terraform-provider-google/google/fwtransport/framework_config.go:1731 tf_mux_provider="*proto5server.Server" tf_provider_addr=registry.terraform.io/hashicorp/google timestamp=2024-04-05T12:56:26.135Z
2024-04-05T12:56:26.136Z [INFO]  provider.terraform-provider-google_v5.23.0_x5:   -- Scopes: [https://www.googleapis.com/auth/cloud-platform https://www.googleapis.com/auth/userinfo.email]: @caller=github.com/hashicorp/terraform-provider-google/google/fwtransport/framework_config.go:1732 tf_provider_addr=registry.terraform.io/hashicorp/google tf_req_id=fe67a9f4-ec7f-7ea0-5333-49cc949653d9 tf_rpc=ConfigureProvider @module=google tf_mux_provider="*proto5server.Server" timestamp=2024-04-05T12:56:26.135Z
2024-04-05T12:56:26.136Z [INFO]  provider.terraform-provider-google_v5.23.0_x5: Authenticating using configured Google JSON 'access_token'...: tf_rpc=ConfigureProvider @module=google tf_mux_provider="*proto5server.Server" tf_provider_addr=registry.terraform.io/hashicorp/google tf_req_id=fe67a9f4-ec7f-7ea0-5333-49cc949653d9 @caller=github.com/hashicorp/terraform-provider-google/google/fwtransport/framework_config.go:1731 timestamp=2024-04-05T12:56:26.136Z
2024-04-05T12:56:26.136Z [INFO]  provider.terraform-provider-google_v5.23.0_x5:   -- Scopes: [https://www.googleapis.com/auth/cloud-platform https://www.googleapis.com/auth/userinfo.email]: tf_mux_provider="*proto5server.Server" tf_provider_addr=registry.terraform.io/hashicorp/google @caller=github.com/hashicorp/terraform-provider-google/google/fwtransport/framework_config.go:1732 tf_req_id=fe67a9f4-ec7f-7ea0-5333-49cc949653d9 tf_rpc=ConfigureProvider @module=google timestamp=2024-04-05T12:56:26.136Z
2024-04-05T12:56:26.225Z [INFO]  provider.terraform-provider-google_v5.23.0_x5: Terraform is using this identity: svc-cloudautomation@gcp-prj-inf-automation-prd-01.iam.gserviceaccount.com: @module=google tf_mux_provider="*proto5server.Server" tf_provider_addr=registry.terraform.io/hashicorp/google tf_req_id=fe67a9f4-ec7f-7ea0-5333-49cc949653d9 tf_rpc=ConfigureProvider @caller=github.com/hashicorp/terraform-provider-google/google/fwtransport/framework_config.go:1651 timestamp=2024-04-05T12:56:26.225Z
2024-04-05T12:56:26.292Z [INFO]  provider.terraform-provider-google-beta_v5.23.0_x5: Authenticating using configured Google JSON 'access_token'...: tf_rpc=ConfigureProvider @module=google_beta tf_mux_provider="*proto5server.Server" tf_provider_addr=registry.terraform.io/hashicorp/google-beta tf_req_id=55ba377b-76ef-3ce2-3c72-fac7d3e9dd4f @caller=github.com/hashicorp/terraform-provider-google-beta/google-beta/fwtransport/framework_config.go:1870 timestamp=2024-04-05T12:56:26.292Z
2024-04-05T12:56:26.292Z [INFO]  provider.terraform-provider-google-beta_v5.23.0_x5:   -- Scopes: [https://www.googleapis.com/auth/cloud-platform https://www.googleapis.com/auth/userinfo.email]: tf_req_id=55ba377b-76ef-3ce2-3c72-fac7d3e9dd4f tf_rpc=ConfigureProvider @caller=github.com/hashicorp/terraform-provider-google-beta/google-beta/fwtransport/framework_config.go:1871 @module=google_beta tf_mux_provider="*proto5server.Server" tf_provider_addr=registry.terraform.io/hashicorp/google-beta timestamp=2024-04-05T12:56:26.292Z
2024-04-05T12:56:26.293Z [INFO]  provider.terraform-provider-google-beta_v5.23.0_x5: Authenticating using configured Google JSON 'access_token'...: tf_mux_provider="*proto5server.Server" tf_provider_addr=registry.terraform.io/hashicorp/google-beta tf_rpc=ConfigureProvider @caller=github.com/hashicorp/terraform-provider-google-beta/google-beta/fwtransport/framework_config.go:1870 @module=google_beta tf_req_id=55ba377b-76ef-3ce2-3c72-fac7d3e9dd4f timestamp=2024-04-05T12:56:26.293Z
2024-04-05T12:56:26.293Z [INFO]  provider.terraform-provider-google-beta_v5.23.0_x5:   -- Scopes: [https://www.googleapis.com/auth/cloud-platform https://www.googleapis.com/auth/userinfo.email]: tf_mux_provider="*proto5server.Server" tf_req_id=55ba377b-76ef-3ce2-3c72-fac7d3e9dd4f tf_rpc=ConfigureProvider @module=google_beta @caller=github.com/hashicorp/terraform-provider-google-beta/google-beta/fwtransport/framework_config.go:1871 tf_provider_addr=registry.terraform.io/hashicorp/google-beta timestamp=2024-04-05T12:56:26.293Z
2024-04-05T12:56:26.429Z [INFO]  provider.terraform-provider-google-beta_v5.23.0_x5: Terraform is using this identity: svc-cloudautomation@gcp-prj-inf-automation-prd-01.iam.gserviceaccount.com: @module=google_beta tf_req_id=55ba377b-76ef-3ce2-3c72-fac7d3e9dd4f @caller=github.com/hashicorp/terraform-provider-google-beta/google-beta/fwtransport/framework_config.go:1790 tf_mux_provider="*proto5server.Server" tf_provider_addr=registry.terraform.io/hashicorp/google-beta tf_rpc=ConfigureProvider timestamp=2024-04-05T12:56:26.429Z
2024-04-05T12:56:27.703Z [WARN]  Provider "registry.terraform.io/hashicorp/google" produced an invalid plan for module.regional_address["gcp-yyz-fgt-int-priv-ip-02"].google_compute_address.default, but we are tolerating it because it is using the legacy plugin SDK.
    The following problems may be the cause of any confusing errors from downstream operations:
      - .ip_version: planned value cty.StringVal("") for a non-computed attribute
      - .network: planned value cty.StringVal("") for a non-computed attribute
      - .labels: planned value cty.MapValEmpty(cty.String) for a non-computed attribute
      - .ipv6_endpoint_type: planned value cty.StringVal("") for a non-computed attribute
2024-04-05T12:56:27.710Z [WARN]  Provider "registry.terraform.io/hashicorp/google" produced an invalid plan for module.regional_address["gcp-yyz-fgt-ha-priv-ip-01"].google_compute_address.default, but we are tolerating it because it is using the legacy plugin SDK.
    The following problems may be the cause of any confusing errors from downstream operations:
      - .ipv6_endpoint_type: planned value cty.StringVal("") for a non-computed attribute
      - .labels: planned value cty.MapValEmpty(cty.String) for a non-computed attribute
      - .ip_version: planned value cty.StringVal("") for a non-computed attribute
      - .network: planned value cty.StringVal("") for a non-computed attribute
2024-04-05T12:56:27.732Z [WARN]  Provider "registry.terraform.io/hashicorp/google" produced an invalid plan for module.regional_address["gcp-yyz-fgt-ilb-priv-ip-01"].google_compute_address.default, but we are tolerating it because it is using the legacy plugin SDK.
    The following problems may be the cause of any confusing errors from downstream operations:
      - .labels: planned value cty.MapValEmpty(cty.String) for a non-computed attribute
      - .ipv6_endpoint_type: planned value cty.StringVal("") for a non-computed attribute
      - .network: planned value cty.StringVal("") for a non-computed attribute
      - .ip_version: planned value cty.StringVal("") for a non-computed attribute
2024-04-05T12:56:27.739Z [WARN]  Provider "registry.terraform.io/hashicorp/google" produced an invalid plan for module.regional_address["gcp-yyz-fgt-ha-priv-ip-02"].google_compute_address.default, but we are tolerating it because it is using the legacy plugin SDK.
    The following problems may be the cause of any confusing errors from downstream operations:
      - .network: planned value cty.StringVal("") for a non-computed attribute
      - .ip_version: planned value cty.StringVal("") for a non-computed attribute
      - .ipv6_endpoint_type: planned value cty.StringVal("") for a non-computed attribute
      - .labels: planned value cty.MapValEmpty(cty.String) for a non-computed attribute
2024-04-05T12:56:27.745Z [WARN]  Provider "registry.terraform.io/hashicorp/google" produced an invalid plan for module.regional_address["gcp-yyz-fgt-mgmt-priv-ip-02"].google_compute_address.default, but we are tolerating it because it is using the legacy plugin SDK.
    The following problems may be the cause of any confusing errors from downstream operations:
      - .ipv6_endpoint_type: planned value cty.StringVal("") for a non-computed attribute
      - .labels: planned value cty.MapValEmpty(cty.String) for a non-computed attribute
      - .ip_version: planned value cty.StringVal("") for a non-computed attribute
      - .network: planned value cty.StringVal("") for a non-computed attribute
2024-04-05T12:56:27.754Z [WARN]  Provider "registry.terraform.io/hashicorp/google" produced an invalid plan for module.regional_address["gcp-yyz-fgt-int-priv-ip-01"].google_compute_address.default, but we are tolerating it because it is using the legacy plugin SDK.
    The following problems may be the cause of any confusing errors from downstream operations:
      - .ip_version: planned value cty.StringVal("") for a non-computed attribute
      - .network: planned value cty.StringVal("") for a non-computed attribute
      - .ipv6_endpoint_type: planned value cty.StringVal("") for a non-computed attribute
      - .labels: planned value cty.MapValEmpty(cty.String) for a non-computed attribute
2024-04-05T12:56:27.755Z [WARN]  Provider "registry.terraform.io/hashicorp/google" produced an invalid plan for module.regional_address["gcp-yyz-fgt-mgmt-priv-ip-01"].google_compute_address.default, but we are tolerating it because it is using the legacy plugin SDK.
    The following problems may be the cause of any confusing errors from downstream operations:
      - .ipv6_endpoint_type: planned value cty.StringVal("") for a non-computed attribute
      - .labels: planned value cty.MapValEmpty(cty.String) for a non-computed attribute
      - .ip_version: planned value cty.StringVal("") for a non-computed attribute
      - .network: planned value cty.StringVal("") for a non-computed attribute
2024-04-05T12:56:27.756Z [WARN]  Provider "registry.terraform.io/hashicorp/google" produced an invalid plan for module.regional_address["gcp-yyz-fgt-out-priv-ip-02"].google_compute_address.default, but we are tolerating it because it is using the legacy plugin SDK.
    The following problems may be the cause of any confusing errors from downstream operations:
      - .ip_version: planned value cty.StringVal("") for a non-computed attribute
      - .network: planned value cty.StringVal("") for a non-computed attribute
      - .ipv6_endpoint_type: planned value cty.StringVal("") for a non-computed attribute
      - .labels: planned value cty.MapValEmpty(cty.String) for a non-computed attribute
2024-04-05T12:56:27.758Z [WARN]  Provider "registry.terraform.io/hashicorp/google" produced an invalid plan for module.regional_address["gcp-yyz-fgt-out-priv-ip-01"].google_compute_address.default, but we are tolerating it because it is using the legacy plugin SDK.
    The following problems may be the cause of any confusing errors from downstream operations:
      - .ipv6_endpoint_type: planned value cty.StringVal("") for a non-computed attribute
      - .labels: planned value cty.MapValEmpty(cty.String) for a non-computed attribute
      - .ip_version: planned value cty.StringVal("") for a non-computed attribute
      - .network: planned value cty.StringVal("") for a non-computed attribute
2024-04-05T12:56:29.148Z [WARN]  Provider "registry.terraform.io/hashicorp/google" produced an invalid plan for module.router["gcp-yyz-prd-inf-crtr-01"].google_compute_router.router, but we are tolerating it because it is using the legacy plugin SDK.
    The following problems may be the cause of any confusing errors from downstream operations:
      - .description: planned value cty.StringVal("") for a non-computed attribute
      - .encrypted_interconnect_router: planned value cty.False for a non-computed attribute
      - .bgp[0].advertise_mode: planned value cty.StringVal("DEFAULT") for a non-computed attribute
      - .bgp[0].advertised_groups: planned value cty.ListValEmpty(cty.String) for a non-computed attribute
2024-04-05T12:56:30.492Z [WARN]  Provider "registry.terraform.io/hashicorp/google" produced an invalid plan for module.nat["gcp-yyz-prd-inf-cnat-01"].google_compute_router_nat.nat, but we are tolerating it because it is using the legacy plugin SDK.
    The following problems may be the cause of any confusing errors from downstream operations:
      - .tcp_time_wait_timeout_sec: planned value cty.NumberIntVal(120) for a non-computed attribute
      - .max_ports_per_vm: planned value cty.NumberIntVal(0) for a non-computed attribute
      - .nat_ips: planned value cty.SetValEmpty(cty.String) for a non-computed attribute
      - .drain_nat_ips: planned value cty.SetValEmpty(cty.String) for a non-computed attribute
2024-04-05T12:56:31.880Z [WARN]  Provider "registry.terraform.io/hashicorp/google-beta" produced an invalid plan for module.disk["prdyzsecfgtvm02-log-disk01"].google_compute_disk.disk, but we are tolerating it because it is using the legacy plugin SDK.
    The following problems may be the cause of any confusing errors from downstream operations:
      - .image: planned value cty.StringVal("") for a non-computed attribute
      - .multi_writer: planned value cty.False for a non-computed attribute
      - .source_disk: planned value cty.StringVal("") for a non-computed attribute
      - .snapshot: planned value cty.StringVal("") for a non-computed attribute
2024-04-05T12:56:31.897Z [WARN]  Provider "registry.terraform.io/hashicorp/google-beta" produced an invalid plan for module.disk["prdyzsecfgtvm01-log-disk01"].google_compute_disk.disk, but we are tolerating it because it is using the legacy plugin SDK.
    The following problems may be the cause of any confusing errors from downstream operations:
      - .snapshot: planned value cty.StringVal("") for a non-computed attribute
      - .source_disk: planned value cty.StringVal("") for a non-computed attribute
      - .image: planned value cty.StringVal("") for a non-computed attribute
      - .multi_writer: planned value cty.False for a non-computed attribute
2024-04-05T12:56:34.695Z [WARN]  Provider "registry.terraform.io/hashicorp/google" produced an unexpected new value for module.vm["prdyzsecfgtvm02"].google_compute_instance.default during refresh.
      - .current_status: was cty.StringVal("TERMINATED"), but now cty.StringVal("RUNNING")
      - .cpu_platform: was cty.StringVal("Unknown CPU Platform"), but now cty.StringVal("AMD Milan")
2024-04-05T12:56:34.719Z [WARN]  Provider "registry.terraform.io/hashicorp/google" produced an unexpected new value for module.vm["prdyzsecfgtvm01"].google_compute_instance.default during refresh.
      - .current_status: was cty.StringVal("TERMINATED"), but now cty.StringVal("RUNNING")
      - .cpu_platform: was cty.StringVal("Unknown CPU Platform"), but now cty.StringVal("AMD Milan")
2024-04-05T12:56:34.751Z [WARN]  Provider "registry.terraform.io/hashicorp/google" produced an invalid plan for module.vm["prdyzsecfgtvm02"].google_compute_instance.default, but we are tolerating it because it is using the legacy plugin SDK.
    The following problems may be the cause of any confusing errors from downstream operations:
      - .hostname: planned value cty.StringVal("") for a non-computed attribute
      - .resource_policies: planned value cty.ListValEmpty(cty.String) for a non-computed attribute
      - .description: planned value cty.StringVal("") for a non-computed attribute
      - .enable_display: planned value cty.False for a non-computed attribute
      - .boot_disk[0].auto_delete: planned value cty.True for a non-computed attribute
      - .boot_disk[0].disk_encryption_key_raw: sensitive planned value for a non-computed attribute
      - .boot_disk[0].mode: planned value cty.StringVal("READ_WRITE") for a non-computed attribute
      - .boot_disk[0].initialize_params[0].enable_confidential_compute: planned value cty.False for a non-computed attribute
      - .boot_disk[0].initialize_params[0].resource_manager_tags: planned value cty.MapValEmpty(cty.String) for a non-computed attribute
      - .scheduling: block count in plan (1) disagrees with count in config (0)
      - .attached_disk[0].mode: planned value cty.StringVal("READ_WRITE") for a non-computed attribute
      - .attached_disk[0].disk_encryption_key_raw: sensitive planned value for a non-computed attribute
      - .network_interface[0].nic_type: planned value cty.StringVal("") for a non-computed attribute
      - .network_interface[0].queue_count: planned value cty.NumberIntVal(0) for a non-computed attribute
      - .network_interface[1].queue_count: planned value cty.NumberIntVal(0) for a non-computed attribute
      - .network_interface[1].nic_type: planned value cty.StringVal("") for a non-computed attribute
      - .network_interface[2].nic_type: planned value cty.StringVal("") for a non-computed attribute
      - .network_interface[2].queue_count: planned value cty.NumberIntVal(0) for a non-computed attribute
      - .network_interface[3].nic_type: planned value cty.StringVal("") for a non-computed attribute
      - .network_interface[3].queue_count: planned value cty.NumberIntVal(0) for a non-computed attribute
2024-04-05T12:56:34.764Z [WARN]  Provider "registry.terraform.io/hashicorp/google" produced an invalid plan for module.vm["prdyzsecfgtvm01"].google_compute_instance.default, but we are tolerating it because it is using the legacy plugin SDK.
    The following problems may be the cause of any confusing errors from downstream operations:
      - .hostname: planned value cty.StringVal("") for a non-computed attribute
      - .resource_policies: planned value cty.ListValEmpty(cty.String) for a non-computed attribute
      - .description: planned value cty.StringVal("") for a non-computed attribute
      - .enable_display: planned value cty.False for a non-computed attribute
      - .attached_disk[0].disk_encryption_key_raw: sensitive planned value for a non-computed attribute
      - .attached_disk[0].mode: planned value cty.StringVal("READ_WRITE") for a non-computed attribute
      - .network_interface[0].queue_count: planned value cty.NumberIntVal(0) for a non-computed attribute
      - .network_interface[0].nic_type: planned value cty.StringVal("") for a non-computed attribute
      - .network_interface[1].nic_type: planned value cty.StringVal("") for a non-computed attribute
      - .network_interface[1].queue_count: planned value cty.NumberIntVal(0) for a non-computed attribute
      - .network_interface[2].nic_type: planned value cty.StringVal("") for a non-computed attribute
      - .network_interface[2].queue_count: planned value cty.NumberIntVal(0) for a non-computed attribute
      - .network_interface[3].nic_type: planned value cty.StringVal("") for a non-computed attribute
      - .network_interface[3].queue_count: planned value cty.NumberIntVal(0) for a non-computed attribute
      - .boot_disk[0].disk_encryption_key_raw: sensitive planned value for a non-computed attribute
      - .boot_disk[0].mode: planned value cty.StringVal("READ_WRITE") for a non-computed attribute
      - .boot_disk[0].auto_delete: planned value cty.True for a non-computed attribute
      - .boot_disk[0].initialize_params[0].resource_manager_tags: planned value cty.MapValEmpty(cty.String) for a non-computed attribute
      - .boot_disk[0].initialize_params[0].enable_confidential_compute: planned value cty.False for a non-computed attribute
      - .scheduling: block count in plan (1) disagrees with count in config (0)
2024-04-05T12:56:35.077Z [WARN]  Provider "registry.terraform.io/hashicorp/google" produced an invalid plan for module.health_check["gcp-yyz-prd-sec-fgt-ilb-01-hc-01"].google_compute_region_health_check.healthcheck, but we are tolerating it because it is using the legacy plugin SDK.
    The following problems may be the cause of any confusing errors from downstream operations:
      - .http_health_check[0].port_specification: planned value cty.StringVal("") for a non-computed attribute
      - .http_health_check[0].proxy_header: planned value cty.StringVal("NONE") for a non-computed attribute
      - .http_health_check[0].request_path: planned value cty.StringVal("/") for a non-computed attribute
      - .http_health_check[0].response: planned value cty.StringVal("") for a non-computed attribute
      - .http_health_check[0].host: planned value cty.StringVal("") for a non-computed attribute
      - .http_health_check[0].port_name: planned value cty.StringVal("") for a non-computed attribute
      - .log_config: block count in plan (1) disagrees with count in config (0)
2024-04-05T12:56:39.139Z [WARN]  Provider "registry.terraform.io/hashicorp/google" produced an invalid plan for module.nlb["gcp-yyz-prd-sec-fgt-ilb-01-frontend-01"].google_compute_region_backend_service.backend[0], but we are tolerating it because it is using the legacy plugin SDK.
    The following problems may be the cause of any confusing errors from downstream operations:
      - .locality_lb_policy: planned value cty.StringVal("") for a non-computed attribute
      - .affinity_cookie_ttl_sec: planned value cty.NumberIntVal(0) for a non-computed attribute
      - .connection_draining_timeout_sec: planned value cty.NumberIntVal(0) for a non-computed attribute
      - .enable_cdn: planned value cty.False for a non-computed attribute
      - .log_config[0].sample_rate: planned value cty.NumberIntVal(1) for a non-computed attribute
2024-04-05T12:56:39.500Z [WARN]  Provider "registry.terraform.io/hashicorp/google" produced an invalid plan for module.nlb["gcp-yyz-prd-sec-fgt-ilb-01-frontend-01"].google_compute_forwarding_rule.rule, but we are tolerating it because it is using the legacy plugin SDK.
    The following problems may be the cause of any confusing errors from downstream operations:
      - .ports: planned value cty.SetValEmpty(cty.String) for a non-computed attribute
      - .source_ip_ranges: planned value cty.ListValEmpty(cty.String) for a non-computed attribute
      - .service_label: planned value cty.StringVal("") for a non-computed attribute
      - .target: planned value cty.StringVal("") for a non-computed attribute
      - .allow_psc_global_access: planned value cty.False for a non-computed attribute
      - .recreate_closed_psc: planned value cty.False for a non-computed attribute
      - .labels: planned value cty.MapValEmpty(cty.String) for a non-computed attribute
      - .is_mirroring_collector: planned value cty.False for a non-computed attribute
2024-04-05T12:56:39.796Z [WARN]  Provider "registry.terraform.io/hashicorp/google" produced an invalid plan for module.secret["gcp-yyz-prd-sec-fgt-api-key-01"].google_secret_manager_secret.secret, but we are tolerating it because it is using the legacy plugin SDK.
    The following problems may be the cause of any confusing errors from downstream operations:
      - .version_aliases: planned value cty.MapValEmpty(cty.String) for a non-computed attribute
2024-04-05T12:56:40.368Z [INFO]  backend/local: plan operation completed
2024-04-05T12:56:40.369Z [INFO]  backend/local: writing plan output to: ../plan-file/fortigate-tf-plan.json
2024-04-05T12:56:55.687Z [INFO]  Terraform version: 1.7.5
2024-04-05T12:56:55.687Z [INFO]  Go runtime version: go1.21.8
2024-04-05T12:56:55.687Z [INFO]  CLI args: []string{"terraform", "apply", "../plan-file/fortigate-tf-plan.json"}
2024-04-05T12:56:55.688Z [INFO]  CLI command args: []string{"apply", "../plan-file/fortigate-tf-plan.json"}
2024-04-05T12:56:56.513Z [INFO]  backend/local: starting Apply operation
2024-04-05T12:56:59.904Z [INFO]  provider: configuring client automatic mTLS
2024-04-05T12:56:59.988Z [INFO]  provider.terraform-provider-google_v5.23.0_x5: configuring server automatic mTLS: timestamp=2024-04-05T12:56:59.988Z
2024-04-05T12:57:00.341Z [INFO]  provider: configuring client automatic mTLS
2024-04-05T12:57:00.410Z [INFO]  provider.terraform-provider-google-beta_v5.23.0_x5: configuring server automatic mTLS: timestamp=2024-04-05T12:57:00.409Z
2024-04-05T12:57:00.765Z [INFO]  provider: configuring client automatic mTLS
2024-04-05T12:57:00.780Z [INFO]  provider.terraform-provider-random_v3.6.0_x5: configuring server automatic mTLS: timestamp=2024-04-05T12:57:00.780Z
2024-04-05T12:57:00.831Z [INFO]  backend/local: apply calling Apply
2024-04-05T12:57:00.927Z [INFO]  provider: configuring client automatic mTLS
2024-04-05T12:57:00.954Z [INFO]  provider.terraform-provider-random_v3.6.0_x5: configuring server automatic mTLS: timestamp=2024-04-05T12:57:00.954Z
2024-04-05T12:57:01.000Z [INFO]  provider: configuring client automatic mTLS
2024-04-05T12:57:01.069Z [INFO]  provider.terraform-provider-google_v5.23.0_x5: configuring server automatic mTLS: timestamp=2024-04-05T12:57:01.069Z
2024-04-05T12:57:01.101Z [INFO]  provider: configuring client automatic mTLS
2024-04-05T12:57:01.248Z [INFO]  provider.terraform-provider-google-beta_v5.23.0_x5: configuring server automatic mTLS: timestamp=2024-04-05T12:57:01.248Z
2024-04-05T12:57:01.285Z [INFO]  provider.terraform-provider-google_v5.23.0_x5: Authenticating using configured Google JSON 'access_token'...: tf_provider_addr=registry.terraform.io/hashicorp/google tf_req_id=5384f84f-0c3e-bc13-6157-8a0883eaa372 @caller=github.com/hashicorp/terraform-provider-google/google/fwtransport/framework_config.go:1731 tf_mux_provider="*proto5server.Server" tf_rpc=ConfigureProvider @module=google timestamp=2024-04-05T12:57:01.285Z
2024-04-05T12:57:01.287Z [INFO]  provider.terraform-provider-google_v5.23.0_x5:   -- Scopes: [https://www.googleapis.com/auth/cloud-platform https://www.googleapis.com/auth/userinfo.email]: tf_provider_addr=registry.terraform.io/hashicorp/google @caller=github.com/hashicorp/terraform-provider-google/google/fwtransport/framework_config.go:1732 tf_req_id=5384f84f-0c3e-bc13-6157-8a0883eaa372 tf_rpc=ConfigureProvider @module=google tf_mux_provider="*proto5server.Server" timestamp=2024-04-05T12:57:01.287Z
2024-04-05T12:57:01.288Z [INFO]  provider.terraform-provider-google_v5.23.0_x5: Authenticating using configured Google JSON 'access_token'...: tf_req_id=5384f84f-0c3e-bc13-6157-8a0883eaa372 @caller=github.com/hashicorp/terraform-provider-google/google/fwtransport/framework_config.go:1731 @module=google tf_mux_provider="*proto5server.Server" tf_provider_addr=registry.terraform.io/hashicorp/google tf_rpc=ConfigureProvider timestamp=2024-04-05T12:57:01.288Z
2024-04-05T12:57:01.288Z [INFO]  provider.terraform-provider-google_v5.23.0_x5:   -- Scopes: [https://www.googleapis.com/auth/cloud-platform https://www.googleapis.com/auth/userinfo.email]: @module=google tf_mux_provider="*proto5server.Server" tf_provider_addr=registry.terraform.io/hashicorp/google tf_rpc=ConfigureProvider @caller=github.com/hashicorp/terraform-provider-google/google/fwtransport/framework_config.go:1732 tf_req_id=5384f84f-0c3e-bc13-6157-8a0883eaa372 timestamp=2024-04-05T12:57:01.288Z
2024-04-05T12:57:01.373Z [INFO]  provider.terraform-provider-google-beta_v5.23.0_x5: Authenticating using configured Google JSON 'access_token'...: tf_provider_addr=registry.terraform.io/hashicorp/google-beta tf_req_id=d03f3f33-9318-5e62-30bb-29aba8ef0693 tf_rpc=ConfigureProvider @caller=github.com/hashicorp/terraform-provider-google-beta/google-beta/fwtransport/framework_config.go:1870 @module=google_beta tf_mux_provider="*proto5server.Server" timestamp=2024-04-05T12:57:01.373Z
2024-04-05T12:57:01.373Z [INFO]  provider.terraform-provider-google-beta_v5.23.0_x5:   -- Scopes: [https://www.googleapis.com/auth/cloud-platform https://www.googleapis.com/auth/userinfo.email]: @module=google_beta tf_mux_provider="*proto5server.Server" @caller=github.com/hashicorp/terraform-provider-google-beta/google-beta/fwtransport/framework_config.go:1871 tf_provider_addr=registry.terraform.io/hashicorp/google-beta tf_req_id=d03f3f33-9318-5e62-30bb-29aba8ef0693 tf_rpc=ConfigureProvider timestamp=2024-04-05T12:57:01.373Z
2024-04-05T12:57:01.374Z [INFO]  provider.terraform-provider-google-beta_v5.23.0_x5: Authenticating using configured Google JSON 'access_token'...: tf_rpc=ConfigureProvider @caller=github.com/hashicorp/terraform-provider-google-beta/google-beta/fwtransport/framework_config.go:1870 tf_mux_provider="*proto5server.Server" tf_req_id=d03f3f33-9318-5e62-30bb-29aba8ef0693 @module=google_beta tf_provider_addr=registry.terraform.io/hashicorp/google-beta timestamp=2024-04-05T12:57:01.373Z
2024-04-05T12:57:01.374Z [INFO]  provider.terraform-provider-google-beta_v5.23.0_x5:   -- Scopes: [https://www.googleapis.com/auth/cloud-platform https://www.googleapis.com/auth/userinfo.email]: @caller=github.com/hashicorp/terraform-provider-google-beta/google-beta/fwtransport/framework_config.go:1871 @module=google_beta tf_mux_provider="*proto5server.Server" tf_provider_addr=registry.terraform.io/hashicorp/google-beta tf_rpc=ConfigureProvider tf_req_id=d03f3f33-9318-5e62-30bb-29aba8ef0693 timestamp=2024-04-05T12:57:01.373Z
2024-04-05T12:57:01.415Z [INFO]  provider.terraform-provider-google_v5.23.0_x5: Terraform is using this identity: svc-cloudautomation@gcp-prj-inf-automation-prd-01.iam.gserviceaccount.com: tf_provider_addr=registry.terraform.io/hashicorp/google tf_req_id=5384f84f-0c3e-bc13-6157-8a0883eaa372 tf_mux_provider="*proto5server.Server" tf_rpc=ConfigureProvider @caller=github.com/hashicorp/terraform-provider-google/google/fwtransport/framework_config.go:1651 @module=google timestamp=2024-04-05T12:57:01.414Z
2024-04-05T12:57:01.428Z [INFO]  provider.terraform-provider-google-beta_v5.23.0_x5: Terraform is using this identity: svc-cloudautomation@gcp-prj-inf-automation-prd-01.iam.gserviceaccount.com: tf_mux_provider="*proto5server.Server" tf_req_id=d03f3f33-9318-5e62-30bb-29aba8ef0693 @module=google_beta tf_provider_addr=registry.terraform.io/hashicorp/google-beta tf_rpc=ConfigureProvider @caller=github.com/hashicorp/terraform-provider-google-beta/google-beta/fwtransport/framework_config.go:1790 timestamp=2024-04-05T12:57:01.428Z
2024-04-05T12:57:01.617Z [WARN]  Provider "registry.terraform.io/hashicorp/google" produced an invalid plan for module.vm["prdyzsecfgtvm02"].google_compute_instance.default, but we are tolerating it because it is using the legacy plugin SDK.
    The following problems may be the cause of any confusing errors from downstream operations:
      - .resource_policies: planned value cty.ListValEmpty(cty.String) for a non-computed attribute
      - .enable_display: planned value cty.False for a non-computed attribute
      - .description: planned value cty.StringVal("") for a non-computed attribute
      - .hostname: planned value cty.StringVal("") for a non-computed attribute
      - .attached_disk[0].mode: planned value cty.StringVal("READ_WRITE") for a non-computed attribute
      - .attached_disk[0].disk_encryption_key_raw: sensitive planned value for a non-computed attribute
      - .boot_disk[0].mode: planned value cty.StringVal("READ_WRITE") for a non-computed attribute
      - .boot_disk[0].auto_delete: planned value cty.True for a non-computed attribute
      - .boot_disk[0].disk_encryption_key_raw: sensitive planned value for a non-computed attribute
      - .boot_disk[0].initialize_params[0].resource_manager_tags: planned value cty.MapValEmpty(cty.String) for a non-computed attribute
      - .boot_disk[0].initialize_params[0].enable_confidential_compute: planned value cty.False for a non-computed attribute
      - .network_interface[0].nic_type: planned value cty.StringVal("") for a non-computed attribute
      - .network_interface[0].queue_count: planned value cty.NumberIntVal(0) for a non-computed attribute
      - .network_interface[1].nic_type: planned value cty.StringVal("") for a non-computed attribute
      - .network_interface[1].queue_count: planned value cty.NumberIntVal(0) for a non-computed attribute
      - .network_interface[2].queue_count: planned value cty.NumberIntVal(0) for a non-computed attribute
      - .network_interface[2].nic_type: planned value cty.StringVal("") for a non-computed attribute
      - .network_interface[3].nic_type: planned value cty.StringVal("") for a non-computed attribute
      - .network_interface[3].queue_count: planned value cty.NumberIntVal(0) for a non-computed attribute
      - .scheduling: block count in plan (1) disagrees with count in config (0)
2024-04-05T12:57:01.618Z [WARN]  Provider "registry.terraform.io/hashicorp/google" produced an invalid plan for module.vm["prdyzsecfgtvm01"].google_compute_instance.default, but we are tolerating it because it is using the legacy plugin SDK.
    The following problems may be the cause of any confusing errors from downstream operations:
      - .description: planned value cty.StringVal("") for a non-computed attribute
      - .enable_display: planned value cty.False for a non-computed attribute
      - .hostname: planned value cty.StringVal("") for a non-computed attribute
      - .resource_policies: planned value cty.ListValEmpty(cty.String) for a non-computed attribute
      - .scheduling: block count in plan (1) disagrees with count in config (0)
      - .attached_disk[0].mode: planned value cty.StringVal("READ_WRITE") for a non-computed attribute
      - .attached_disk[0].disk_encryption_key_raw: sensitive planned value for a non-computed attribute
      - .boot_disk[0].mode: planned value cty.StringVal("READ_WRITE") for a non-computed attribute
      - .boot_disk[0].auto_delete: planned value cty.True for a non-computed attribute
      - .boot_disk[0].disk_encryption_key_raw: sensitive planned value for a non-computed attribute
      - .boot_disk[0].initialize_params[0].resource_manager_tags: planned value cty.MapValEmpty(cty.String) for a non-computed attribute
      - .boot_disk[0].initialize_params[0].enable_confidential_compute: planned value cty.False for a non-computed attribute
      - .network_interface[0].nic_type: planned value cty.StringVal("") for a non-computed attribute
      - .network_interface[0].queue_count: planned value cty.NumberIntVal(0) for a non-computed attribute
      - .network_interface[1].nic_type: planned value cty.StringVal("") for a non-computed attribute
      - .network_interface[1].queue_count: planned value cty.NumberIntVal(0) for a non-computed attribute
      - .network_interface[2].nic_type: planned value cty.StringVal("") for a non-computed attribute
      - .network_interface[2].queue_count: planned value cty.NumberIntVal(0) for a non-computed attribute
      - .network_interface[3].nic_type: planned value cty.StringVal("") for a non-computed attribute
      - .network_interface[3].queue_count: planned value cty.NumberIntVal(0) for a non-computed attribute
2024-04-05T12:57:01.620Z [INFO]  Starting apply for module.vm["prdyzsecfgtvm02"].google_compute_instance.default
2024-04-05T12:57:01.623Z [INFO]  Starting apply for module.vm["prdyzsecfgtvm01"].google_compute_instance.default
2024-04-05T12:57:19.512Z [WARN]  Provider "provider[\"registry.terraform.io/hashicorp/google\"]" produced an unexpected new value for module.vm["prdyzsecfgtvm02"].google_compute_instance.default, but we are tolerating it because it is using the legacy plugin SDK.
    The following problems may be the cause of any confusing errors from downstream operations:
      - .metadata_fingerprint: was cty.StringVal("NcOngCrru24="), but now cty.StringVal("Ntl8cX22PuE=")
2024-04-05T12:57:21.353Z [WARN]  Provider "provider[\"registry.terraform.io/hashicorp/google\"]" produced an unexpected new value for module.vm["prdyzsecfgtvm01"].google_compute_instance.default, but we are tolerating it because it is using the legacy plugin SDK.
    The following problems may be the cause of any confusing errors from downstream operations:
      - .metadata_fingerprint: was cty.StringVal("fbjXJ1YkSJ4="), but now cty.StringVal("zosQpH0xW9o=")
2024-04-05T12:57:21.441Z [WARN]  Provider "registry.terraform.io/hashicorp/google" produced an invalid plan for module.nlb["gcp-yyz-prd-sec-fgt-ilb-01-frontend-01"].google_compute_region_backend_service.backend[0], but we are tolerating it because it is using the legacy plugin SDK.
    The following problems may be the cause of any confusing errors from downstream operations:
      - .affinity_cookie_ttl_sec: planned value cty.NumberIntVal(0) for a non-computed attribute
      - .enable_cdn: planned value cty.False for a non-computed attribute
      - .locality_lb_policy: planned value cty.StringVal("") for a non-computed attribute
      - .connection_draining_timeout_sec: planned value cty.NumberIntVal(0) for a non-computed attribute
      - .log_config[0].sample_rate: planned value cty.NumberIntVal(1) for a non-computed attribute
2024-04-05T12:57:21.442Z [INFO]  Starting apply for module.nlb["gcp-yyz-prd-sec-fgt-ilb-01-frontend-01"].google_compute_region_backend_service.backend[0]
2024-04-05T12:58:00.190Z [WARN]  Provider "provider[\"registry.terraform.io/hashicorp/google\"]" produced an unexpected new value for module.nlb["gcp-yyz-prd-sec-fgt-ilb-01-frontend-01"].google_compute_region_backend_service.backend[0], but we are tolerating it because it is using the legacy plugin SDK.
    The following problems may be the cause of any confusing errors from downstream operations:
      - .fingerprint: was cty.StringVal("YdHS3Yrg1Dg="), but now cty.StringVal("pKcEW1d5qhE=")
2024-04-05T12:58:03.506Z [INFO]  Terraform version: 1.7.5
2024-04-05T12:58:03.506Z [INFO]  Go runtime version: go1.21.8
2024-04-05T12:58:03.506Z [INFO]  CLI args: []string{"terraform", "output", "-json"}
2024-04-05T12:58:03.507Z [INFO]  CLI command args: []string{"output", "-json"}
