2024-05-03T18:46:52.037Z [INFO]  Terraform version: 1.5.7
2024-05-03T18:46:52.038Z [INFO]  Go runtime version: go1.20.7
2024-05-03T18:46:52.038Z [INFO]  CLI args: []string{"terraform", "init", "-upgrade", "-backend-config=bucket=gcp-yyz-prd-inf-cloudautomation-sbuc-01", "-backend-config=prefix=fortigate/state-file"}
2024-05-03T18:46:52.039Z [INFO]  CLI command args: []string{"init", "-upgrade", "-backend-config=bucket=gcp-yyz-prd-inf-cloudautomation-sbuc-01", "-backend-config=prefix=fortigate/state-file"}
2024-05-03T18:47:00.803Z [INFO]  Terraform version: 1.5.7
2024-05-03T18:47:00.803Z [INFO]  Go runtime version: go1.20.7
2024-05-03T18:47:00.803Z [INFO]  CLI args: []string{"terraform", "plan", "-var=access_token=ya29.c.c0AY_VpZgzQqaeOfijy0_rUvWaXe7tnafRLTgSuOvUAGkVXkM7jsiib8O06EUuaCQuqp_ui1q4Gi2QZawipD_AdepxQkfYNvTgdKEBRMEmtDB8fH3IgacH1XhyzJAbD3Tk4WAwyy8E358L5KkQGxAFDdeZzAjm4m8Zj0zeO0eqpM3ua5U7ZVAqoDBjD6mCK1PdkUu6MdccmFpUV1-e_ibll-fDKfl-15L9DtisJShab7Q5z23we6rvRKvvJpRrdLt_Hb3NH9KLY2-8qmj1wgXwAAc2hwOsnh5B4Axu-xnnJsv4FEG_Qos102mOM-a7k_38JKV2rt5K3fq130sGaKX5yC_GiG-72jmZgoJ_j3NG5N6st1xAbz6uo35RfI12tLnasEi6j_eA6NMMU_2_O1ftWAddM42nAh196zYwoV1jRM7I4MhB7hA5YE7muUmc8YywdkNWbLhvJu6t_C7JzeiE8ioQc9WYkSGlDA0tEo_1hyv2S7koEbE8Ysa8LsJaYU4f9r_zAO1Au2sMy4PE4hWRMDIpUHGcRfLoPGDLkehKM-4YPQ6KqHyqBW-0xruYXG09tJuR2S7GOYUoDRCQsGbOg9Hgt0Ir8TwnzvqhSrOXq_Vz-A57KXKirR8lcSgbP8D8l0WPUGIh4mutPygF1jXdxpFBrLssZ7vnZ3E2qedY_8YH692K9e2WBm6gb7uRm_IjkbkBjYb4vFwMj69faWuqknVa83pyfvv8Xc08jto5BqXZlw2bm0aqSclq8uq_5uuzutWyd1BXJyWpxUmrZQRQ7-xd1jf6xWc75zaVO1dmZ5hn0bVsff_F-6vRMxFjk2_cib-JmoM1ljQxheFOjyy5vF3esb4qlMXc1Jlw4rz-jtURcUyl60OBqondhzRyI16t3kk3fUvVSgrSiirIV7dpV3cdoWi6khm8vz8JxFIY06s4b2-bxORa71vBBwVFS329YlnBRj12psfv5gn5dq0rqUt28ZcOYI7-ca-smeaI18W3VbV6r_sZa4U", "-var=project_id=gcp-prj-inf-automation-prd-01", "-var-file=../input-file/disk.tfvars", "-var-file=../input-file/vm.tfvars", "-var-file=../input-file/umig.tfvars", "-var-file=../input-file/health_check.tfvars", "-var-file=../input-file/nlb.tfvars", "-var-file=../input-file/router.tfvars", "-var-file=../input-file/nat.tfvars", "-var-file=../input-file/address.tfvars", "-var-file=../input-file/data.tfvars", "-var-file=../input-file/secret.tfvars", "-out=../plan-file/fortigate-tf-plan.json"}
2024-05-03T18:47:00.804Z [INFO]  CLI command args: []string{"plan", "-var=access_token=ya29.c.c0AY_VpZgzQqaeOfijy0_rUvWaXe7tnafRLTgSuOvUAGkVXkM7jsiib8O06EUuaCQuqp_ui1q4Gi2QZawipD_AdepxQkfYNvTgdKEBRMEmtDB8fH3IgacH1XhyzJAbD3Tk4WAwyy8E358L5KkQGxAFDdeZzAjm4m8Zj0zeO0eqpM3ua5U7ZVAqoDBjD6mCK1PdkUu6MdccmFpUV1-e_ibll-fDKfl-15L9DtisJShab7Q5z23we6rvRKvvJpRrdLt_Hb3NH9KLY2-8qmj1wgXwAAc2hwOsnh5B4Axu-xnnJsv4FEG_Qos102mOM-a7k_38JKV2rt5K3fq130sGaKX5yC_GiG-72jmZgoJ_j3NG5N6st1xAbz6uo35RfI12tLnasEi6j_eA6NMMU_2_O1ftWAddM42nAh196zYwoV1jRM7I4MhB7hA5YE7muUmc8YywdkNWbLhvJu6t_C7JzeiE8ioQc9WYkSGlDA0tEo_1hyv2S7koEbE8Ysa8LsJaYU4f9r_zAO1Au2sMy4PE4hWRMDIpUHGcRfLoPGDLkehKM-4YPQ6KqHyqBW-0xruYXG09tJuR2S7GOYUoDRCQsGbOg9Hgt0Ir8TwnzvqhSrOXq_Vz-A57KXKirR8lcSgbP8D8l0WPUGIh4mutPygF1jXdxpFBrLssZ7vnZ3E2qedY_8YH692K9e2WBm6gb7uRm_IjkbkBjYb4vFwMj69faWuqknVa83pyfvv8Xc08jto5BqXZlw2bm0aqSclq8uq_5uuzutWyd1BXJyWpxUmrZQRQ7-xd1jf6xWc75zaVO1dmZ5hn0bVsff_F-6vRMxFjk2_cib-JmoM1ljQxheFOjyy5vF3esb4qlMXc1Jlw4rz-jtURcUyl60OBqondhzRyI16t3kk3fUvVSgrSiirIV7dpV3cdoWi6khm8vz8JxFIY06s4b2-bxORa71vBBwVFS329YlnBRj12psfv5gn5dq0rqUt28ZcOYI7-ca-smeaI18W3VbV6r_sZa4U", "-var=project_id=gcp-prj-inf-automation-prd-01", "-var-file=../input-file/disk.tfvars", "-var-file=../input-file/vm.tfvars", "-var-file=../input-file/umig.tfvars", "-var-file=../input-file/health_check.tfvars", "-var-file=../input-file/nlb.tfvars", "-var-file=../input-file/router.tfvars", "-var-file=../input-file/nat.tfvars", "-var-file=../input-file/address.tfvars", "-var-file=../input-file/data.tfvars", "-var-file=../input-file/secret.tfvars", "-out=../plan-file/fortigate-tf-plan.json"}
2024-05-03T18:47:02.109Z [INFO]  backend/local: starting Plan operation
2024-05-03T18:47:03.518Z [INFO]  provider: configuring client automatic mTLS
2024-05-03T18:47:03.642Z [INFO]  provider.terraform-provider-google_v5.27.0_x5: configuring server automatic mTLS: timestamp=2024-05-03T18:47:03.640Z
2024-05-03T18:47:04.115Z [INFO]  provider: configuring client automatic mTLS
2024-05-03T18:47:04.255Z [INFO]  provider.terraform-provider-google-beta_v5.27.0_x5: configuring server automatic mTLS: timestamp=2024-05-03T18:47:04.252Z
2024-05-03T18:47:04.871Z [INFO]  provider: configuring client automatic mTLS
2024-05-03T18:47:04.894Z [INFO]  provider.terraform-provider-random_v3.6.1_x5: configuring server automatic mTLS: timestamp=2024-05-03T18:47:04.894Z
2024-05-03T18:47:04.968Z [INFO]  ReferenceTransformer: reference not found: "count.index"
2024-05-03T18:47:04.968Z [INFO]  ReferenceTransformer: reference not found: "each.value"
2024-05-03T18:47:04.968Z [INFO]  ReferenceTransformer: reference not found: "each.value"
2024-05-03T18:47:04.969Z [INFO]  ReferenceTransformer: reference not found: "each.value"
2024-05-03T18:47:04.969Z [INFO]  ReferenceTransformer: reference not found: "each.value"
2024-05-03T18:47:04.969Z [INFO]  ReferenceTransformer: reference not found: "each.key"
2024-05-03T18:47:04.969Z [INFO]  ReferenceTransformer: reference not found: "each.value"
2024-05-03T18:47:04.969Z [INFO]  ReferenceTransformer: reference not found: "each.key"
2024-05-03T18:47:04.969Z [INFO]  ReferenceTransformer: reference not found: "each.value"
2024-05-03T18:47:04.969Z [INFO]  ReferenceTransformer: reference not found: "each.value"
2024-05-03T18:47:04.969Z [INFO]  ReferenceTransformer: reference not found: "each.value"
2024-05-03T18:47:04.969Z [INFO]  ReferenceTransformer: reference not found: "count.index"
2024-05-03T18:47:04.969Z [INFO]  ReferenceTransformer: reference not found: "each.value"
2024-05-03T18:47:04.969Z [INFO]  ReferenceTransformer: reference not found: "each.value"
2024-05-03T18:47:04.969Z [INFO]  ReferenceTransformer: reference not found: "each.value"
2024-05-03T18:47:04.969Z [INFO]  ReferenceTransformer: reference not found: "each.value"
2024-05-03T18:47:04.969Z [INFO]  ReferenceTransformer: reference not found: "each.value"
2024-05-03T18:47:04.969Z [INFO]  ReferenceTransformer: reference not found: "each.value"
2024-05-03T18:47:04.970Z [INFO]  ReferenceTransformer: reference not found: "each.value"
2024-05-03T18:47:04.970Z [INFO]  ReferenceTransformer: reference not found: "each.value"
2024-05-03T18:47:04.970Z [INFO]  ReferenceTransformer: reference not found: "each.value"
2024-05-03T18:47:04.970Z [INFO]  ReferenceTransformer: reference not found: "each.value"
2024-05-03T18:47:04.970Z [INFO]  ReferenceTransformer: reference not found: "each.value"
2024-05-03T18:47:04.970Z [INFO]  ReferenceTransformer: reference not found: "each.value"
2024-05-03T18:47:04.970Z [INFO]  ReferenceTransformer: reference not found: "each.value"
2024-05-03T18:47:04.970Z [INFO]  ReferenceTransformer: reference not found: "each.value"
2024-05-03T18:47:04.970Z [INFO]  ReferenceTransformer: reference not found: "each.value"
2024-05-03T18:47:04.970Z [INFO]  ReferenceTransformer: reference not found: "each.value"
2024-05-03T18:47:04.970Z [INFO]  ReferenceTransformer: reference not found: "each.value"
2024-05-03T18:47:04.970Z [INFO]  ReferenceTransformer: reference not found: "each.value"
2024-05-03T18:47:04.971Z [INFO]  ReferenceTransformer: reference not found: "each.value"
2024-05-03T18:47:04.971Z [INFO]  ReferenceTransformer: reference not found: "each.value"
2024-05-03T18:47:04.971Z [INFO]  ReferenceTransformer: reference not found: "each.value"
2024-05-03T18:47:04.971Z [INFO]  ReferenceTransformer: reference not found: "each.value"
2024-05-03T18:47:04.971Z [INFO]  ReferenceTransformer: reference not found: "each.value"
2024-05-03T18:47:04.971Z [INFO]  ReferenceTransformer: reference not found: "each.value"
2024-05-03T18:47:04.971Z [INFO]  ReferenceTransformer: reference not found: "each.value"
2024-05-03T18:47:04.971Z [INFO]  ReferenceTransformer: reference not found: "each.key"
2024-05-03T18:47:04.971Z [INFO]  ReferenceTransformer: reference not found: "each.key"
2024-05-03T18:47:04.971Z [INFO]  ReferenceTransformer: reference not found: "each.value"
2024-05-03T18:47:04.971Z [INFO]  ReferenceTransformer: reference not found: "each.value"
2024-05-03T18:47:04.972Z [INFO]  ReferenceTransformer: reference not found: "each.value"
2024-05-03T18:47:04.972Z [INFO]  ReferenceTransformer: reference not found: "each.value"
2024-05-03T18:47:04.972Z [INFO]  ReferenceTransformer: reference not found: "each.value"
2024-05-03T18:47:04.972Z [INFO]  ReferenceTransformer: reference not found: "each.value"
2024-05-03T18:47:04.972Z [INFO]  ReferenceTransformer: reference not found: "each.key"
2024-05-03T18:47:04.972Z [INFO]  ReferenceTransformer: reference not found: "each.value"
2024-05-03T18:47:04.972Z [INFO]  ReferenceTransformer: reference not found: "each.value"
2024-05-03T18:47:04.972Z [INFO]  ReferenceTransformer: reference not found: "each.value"
2024-05-03T18:47:04.972Z [INFO]  ReferenceTransformer: reference not found: "each.value"
2024-05-03T18:47:04.972Z [INFO]  ReferenceTransformer: reference not found: "each.value"
2024-05-03T18:47:04.972Z [INFO]  ReferenceTransformer: reference not found: "each.value"
2024-05-03T18:47:04.972Z [INFO]  ReferenceTransformer: reference not found: "each.value"
2024-05-03T18:47:04.972Z [INFO]  ReferenceTransformer: reference not found: "each.value"
2024-05-03T18:47:04.972Z [INFO]  ReferenceTransformer: reference not found: "each.value"
2024-05-03T18:47:04.972Z [INFO]  ReferenceTransformer: reference not found: "each.value"
2024-05-03T18:47:04.972Z [INFO]  ReferenceTransformer: reference not found: "each.value"
2024-05-03T18:47:04.972Z [INFO]  ReferenceTransformer: reference not found: "each.value"
2024-05-03T18:47:04.972Z [INFO]  ReferenceTransformer: reference not found: "each.value"
2024-05-03T18:47:04.972Z [INFO]  ReferenceTransformer: reference not found: "each.value"
2024-05-03T18:47:04.972Z [INFO]  ReferenceTransformer: reference not found: "each.value"
2024-05-03T18:47:04.972Z [INFO]  ReferenceTransformer: reference not found: "each.value"
2024-05-03T18:47:04.972Z [INFO]  ReferenceTransformer: reference not found: "count.index"
2024-05-03T18:47:04.972Z [INFO]  ReferenceTransformer: reference not found: "each.key"
2024-05-03T18:47:04.972Z [INFO]  ReferenceTransformer: reference not found: "each.value"
2024-05-03T18:47:04.972Z [INFO]  ReferenceTransformer: reference not found: "each.value"
2024-05-03T18:47:04.972Z [INFO]  ReferenceTransformer: reference not found: "each.value"
2024-05-03T18:47:04.973Z [INFO]  ReferenceTransformer: reference not found: "path.module"
2024-05-03T18:47:04.973Z [INFO]  ReferenceTransformer: reference not found: "each.value"
2024-05-03T18:47:04.973Z [INFO]  ReferenceTransformer: reference not found: "each.key"
2024-05-03T18:47:04.973Z [INFO]  ReferenceTransformer: reference not found: "each.value"
2024-05-03T18:47:04.973Z [INFO]  ReferenceTransformer: reference not found: "each.value"
2024-05-03T18:47:04.973Z [INFO]  ReferenceTransformer: reference not found: "each.value"
2024-05-03T18:47:04.973Z [INFO]  ReferenceTransformer: reference not found: "each.value"
2024-05-03T18:47:04.973Z [INFO]  ReferenceTransformer: reference not found: "each.value"
2024-05-03T18:47:04.973Z [INFO]  ReferenceTransformer: reference not found: "each.value"
2024-05-03T18:47:04.973Z [INFO]  ReferenceTransformer: reference not found: "each.value"
2024-05-03T18:47:04.973Z [INFO]  ReferenceTransformer: reference not found: "count.index"
2024-05-03T18:47:04.974Z [INFO]  ReferenceTransformer: reference not found: "each.value"
2024-05-03T18:47:04.974Z [INFO]  ReferenceTransformer: reference not found: "each.key"
2024-05-03T18:47:04.974Z [INFO]  ReferenceTransformer: reference not found: "each.key"
2024-05-03T18:47:04.974Z [INFO]  ReferenceTransformer: reference not found: "each.value"
2024-05-03T18:47:04.974Z [INFO]  ReferenceTransformer: reference not found: "each.value"
2024-05-03T18:47:04.974Z [INFO]  ReferenceTransformer: reference not found: "each.value"
2024-05-03T18:47:04.974Z [INFO]  ReferenceTransformer: reference not found: "each.value"
2024-05-03T18:47:04.974Z [INFO]  ReferenceTransformer: reference not found: "each.value"
2024-05-03T18:47:04.974Z [INFO]  ReferenceTransformer: reference not found: "each.value"
2024-05-03T18:47:04.974Z [INFO]  ReferenceTransformer: reference not found: "each.value"
2024-05-03T18:47:04.974Z [INFO]  ReferenceTransformer: reference not found: "each.value"
2024-05-03T18:47:04.974Z [INFO]  ReferenceTransformer: reference not found: "each.value"
2024-05-03T18:47:04.974Z [INFO]  ReferenceTransformer: reference not found: "each.value"
2024-05-03T18:47:04.974Z [INFO]  ReferenceTransformer: reference not found: "each.value"
2024-05-03T18:47:04.975Z [INFO]  ReferenceTransformer: reference not found: "each.value"
2024-05-03T18:47:04.975Z [INFO]  ReferenceTransformer: reference not found: "path.module"
2024-05-03T18:47:04.975Z [INFO]  ReferenceTransformer: reference not found: "count.index"
2024-05-03T18:47:04.975Z [INFO]  ReferenceTransformer: reference not found: "each.value"
2024-05-03T18:47:04.975Z [INFO]  ReferenceTransformer: reference not found: "each.value"
2024-05-03T18:47:04.975Z [INFO]  ReferenceTransformer: reference not found: "each.value"
2024-05-03T18:47:04.975Z [INFO]  ReferenceTransformer: reference not found: "each.value"
2024-05-03T18:47:04.975Z [INFO]  ReferenceTransformer: reference not found: "each.value"
2024-05-03T18:47:04.975Z [INFO]  ReferenceTransformer: reference not found: "each.value"
2024-05-03T18:47:04.975Z [INFO]  ReferenceTransformer: reference not found: "each.value"
2024-05-03T18:47:04.975Z [INFO]  ReferenceTransformer: reference not found: "each.value"
2024-05-03T18:47:04.975Z [INFO]  ReferenceTransformer: reference not found: "each.value"
2024-05-03T18:47:04.975Z [INFO]  ReferenceTransformer: reference not found: "each.value"
2024-05-03T18:47:04.975Z [INFO]  ReferenceTransformer: reference not found: "each.key"
2024-05-03T18:47:04.975Z [INFO]  ReferenceTransformer: reference not found: "each.value"
2024-05-03T18:47:04.975Z [INFO]  ReferenceTransformer: reference not found: "each.value"
2024-05-03T18:47:04.975Z [INFO]  ReferenceTransformer: reference not found: "each.value"
2024-05-03T18:47:04.975Z [INFO]  ReferenceTransformer: reference not found: "each.value"
2024-05-03T18:47:05.109Z [INFO]  provider: configuring client automatic mTLS
2024-05-03T18:47:05.133Z [INFO]  provider.terraform-provider-random_v3.6.1_x5: configuring server automatic mTLS: timestamp=2024-05-03T18:47:05.133Z
2024-05-03T18:47:05.178Z [INFO]  provider: configuring client automatic mTLS
2024-05-03T18:47:05.253Z [INFO]  provider.terraform-provider-google_v5.27.0_x5: configuring server automatic mTLS: timestamp=2024-05-03T18:47:05.253Z
2024-05-03T18:47:05.288Z [INFO]  provider: configuring client automatic mTLS
2024-05-03T18:47:05.367Z [INFO]  provider.terraform-provider-google-beta_v5.27.0_x5: configuring server automatic mTLS: timestamp=2024-05-03T18:47:05.367Z
2024-05-03T18:47:06.310Z [INFO]  backend/local: plan calling Plan
2024-05-03T18:47:06.324Z [INFO]  ReferenceTransformer: reference not found: "each.value"
2024-05-03T18:47:06.324Z [INFO]  ReferenceTransformer: reference not found: "each.value"
2024-05-03T18:47:06.325Z [INFO]  ReferenceTransformer: reference not found: "each.value"
2024-05-03T18:47:06.325Z [INFO]  ReferenceTransformer: reference not found: "each.value"
2024-05-03T18:47:06.325Z [INFO]  ReferenceTransformer: reference not found: "each.value"
2024-05-03T18:47:06.325Z [INFO]  ReferenceTransformer: reference not found: "each.value"
2024-05-03T18:47:06.325Z [INFO]  ReferenceTransformer: reference not found: "each.value"
2024-05-03T18:47:06.326Z [INFO]  ReferenceTransformer: reference not found: "each.value"
2024-05-03T18:47:06.326Z [INFO]  ReferenceTransformer: reference not found: "each.value"
2024-05-03T18:47:06.326Z [INFO]  ReferenceTransformer: reference not found: "each.value"
2024-05-03T18:47:06.326Z [INFO]  ReferenceTransformer: reference not found: "each.value"
2024-05-03T18:47:06.326Z [INFO]  ReferenceTransformer: reference not found: "each.value"
2024-05-03T18:47:06.326Z [INFO]  ReferenceTransformer: reference not found: "each.key"
2024-05-03T18:47:06.326Z [INFO]  ReferenceTransformer: reference not found: "each.value"
2024-05-03T18:47:06.326Z [INFO]  ReferenceTransformer: reference not found: "each.value"
2024-05-03T18:47:06.326Z [INFO]  ReferenceTransformer: reference not found: "each.value"
2024-05-03T18:47:06.326Z [INFO]  ReferenceTransformer: reference not found: "each.value"
2024-05-03T18:47:06.326Z [INFO]  ReferenceTransformer: reference not found: "each.value"
2024-05-03T18:47:06.326Z [INFO]  ReferenceTransformer: reference not found: "each.value"
2024-05-03T18:47:06.326Z [INFO]  ReferenceTransformer: reference not found: "each.value"
2024-05-03T18:47:06.326Z [INFO]  ReferenceTransformer: reference not found: "each.value"
2024-05-03T18:47:06.326Z [INFO]  ReferenceTransformer: reference not found: "each.value"
2024-05-03T18:47:06.327Z [INFO]  ReferenceTransformer: reference not found: "each.value"
2024-05-03T18:47:06.327Z [INFO]  ReferenceTransformer: reference not found: "each.value"
2024-05-03T18:47:06.327Z [INFO]  ReferenceTransformer: reference not found: "each.value"
2024-05-03T18:47:06.327Z [INFO]  ReferenceTransformer: reference not found: "each.value"
2024-05-03T18:47:06.327Z [INFO]  ReferenceTransformer: reference not found: "each.value"
2024-05-03T18:47:06.327Z [INFO]  ReferenceTransformer: reference not found: "each.value"
2024-05-03T18:47:06.327Z [INFO]  ReferenceTransformer: reference not found: "each.value"
2024-05-03T18:47:06.327Z [INFO]  ReferenceTransformer: reference not found: "each.value"
2024-05-03T18:47:06.327Z [INFO]  ReferenceTransformer: reference not found: "count.index"
2024-05-03T18:47:06.327Z [INFO]  ReferenceTransformer: reference not found: "each.value"
2024-05-03T18:47:06.327Z [INFO]  ReferenceTransformer: reference not found: "each.value"
2024-05-03T18:47:06.327Z [INFO]  ReferenceTransformer: reference not found: "each.value"
2024-05-03T18:47:06.327Z [INFO]  ReferenceTransformer: reference not found: "each.key"
2024-05-03T18:47:06.327Z [INFO]  ReferenceTransformer: reference not found: "each.value"
2024-05-03T18:47:06.327Z [INFO]  ReferenceTransformer: reference not found: "each.value"
2024-05-03T18:47:06.327Z [INFO]  ReferenceTransformer: reference not found: "each.value"
2024-05-03T18:47:06.327Z [INFO]  ReferenceTransformer: reference not found: "each.value"
2024-05-03T18:47:06.327Z [INFO]  ReferenceTransformer: reference not found: "each.key"
2024-05-03T18:47:06.327Z [INFO]  ReferenceTransformer: reference not found: "each.value"
2024-05-03T18:47:06.327Z [INFO]  ReferenceTransformer: reference not found: "each.value"
2024-05-03T18:47:06.328Z [INFO]  ReferenceTransformer: reference not found: "each.value"
2024-05-03T18:47:06.328Z [INFO]  ReferenceTransformer: reference not found: "each.value"
2024-05-03T18:47:06.328Z [INFO]  ReferenceTransformer: reference not found: "each.value"
2024-05-03T18:47:06.328Z [INFO]  ReferenceTransformer: reference not found: "each.value"
2024-05-03T18:47:06.328Z [INFO]  ReferenceTransformer: reference not found: "each.value"
2024-05-03T18:47:06.328Z [INFO]  ReferenceTransformer: reference not found: "each.key"
2024-05-03T18:47:06.328Z [INFO]  ReferenceTransformer: reference not found: "each.key"
2024-05-03T18:47:06.328Z [INFO]  ReferenceTransformer: reference not found: "each.value"
2024-05-03T18:47:06.328Z [INFO]  ReferenceTransformer: reference not found: "each.value"
2024-05-03T18:47:06.328Z [INFO]  ReferenceTransformer: reference not found: "each.value"
2024-05-03T18:47:06.329Z [INFO]  ReferenceTransformer: reference not found: "each.key"
2024-05-03T18:47:06.329Z [INFO]  ReferenceTransformer: reference not found: "count.index"
2024-05-03T18:47:06.329Z [INFO]  ReferenceTransformer: reference not found: "each.value"
2024-05-03T18:47:06.329Z [INFO]  ReferenceTransformer: reference not found: "each.value"
2024-05-03T18:47:06.329Z [INFO]  ReferenceTransformer: reference not found: "each.value"
2024-05-03T18:47:06.329Z [INFO]  ReferenceTransformer: reference not found: "each.value"
2024-05-03T18:47:06.329Z [INFO]  ReferenceTransformer: reference not found: "each.value"
2024-05-03T18:47:06.329Z [INFO]  ReferenceTransformer: reference not found: "each.key"
2024-05-03T18:47:06.329Z [INFO]  ReferenceTransformer: reference not found: "each.value"
2024-05-03T18:47:06.329Z [INFO]  ReferenceTransformer: reference not found: "each.value"
2024-05-03T18:47:06.329Z [INFO]  ReferenceTransformer: reference not found: "each.value"
2024-05-03T18:47:06.329Z [INFO]  ReferenceTransformer: reference not found: "each.value"
2024-05-03T18:47:06.329Z [INFO]  ReferenceTransformer: reference not found: "each.value"
2024-05-03T18:47:06.329Z [INFO]  ReferenceTransformer: reference not found: "each.value"
2024-05-03T18:47:06.330Z [INFO]  ReferenceTransformer: reference not found: "path.module"
2024-05-03T18:47:06.330Z [INFO]  ReferenceTransformer: reference not found: "each.value"
2024-05-03T18:47:06.330Z [INFO]  ReferenceTransformer: reference not found: "each.value"
2024-05-03T18:47:06.330Z [INFO]  ReferenceTransformer: reference not found: "each.value"
2024-05-03T18:47:06.330Z [INFO]  ReferenceTransformer: reference not found: "path.module"
2024-05-03T18:47:06.330Z [INFO]  ReferenceTransformer: reference not found: "each.value"
2024-05-03T18:47:06.330Z [INFO]  ReferenceTransformer: reference not found: "each.value"
2024-05-03T18:47:06.330Z [INFO]  ReferenceTransformer: reference not found: "each.value"
2024-05-03T18:47:06.331Z [INFO]  ReferenceTransformer: reference not found: "each.value"
2024-05-03T18:47:06.331Z [INFO]  ReferenceTransformer: reference not found: "each.value"
2024-05-03T18:47:06.331Z [INFO]  ReferenceTransformer: reference not found: "each.value"
2024-05-03T18:47:06.331Z [INFO]  ReferenceTransformer: reference not found: "each.value"
2024-05-03T18:47:06.331Z [INFO]  ReferenceTransformer: reference not found: "each.key"
2024-05-03T18:47:06.331Z [INFO]  ReferenceTransformer: reference not found: "each.value"
2024-05-03T18:47:06.331Z [INFO]  ReferenceTransformer: reference not found: "each.value"
2024-05-03T18:47:06.331Z [INFO]  ReferenceTransformer: reference not found: "each.value"
2024-05-03T18:47:06.331Z [INFO]  ReferenceTransformer: reference not found: "count.index"
2024-05-03T18:47:06.331Z [INFO]  ReferenceTransformer: reference not found: "each.value"
2024-05-03T18:47:06.331Z [INFO]  ReferenceTransformer: reference not found: "each.value"
2024-05-03T18:47:06.331Z [INFO]  ReferenceTransformer: reference not found: "each.value"
2024-05-03T18:47:06.331Z [INFO]  ReferenceTransformer: reference not found: "each.value"
2024-05-03T18:47:06.331Z [INFO]  ReferenceTransformer: reference not found: "each.value"
2024-05-03T18:47:06.331Z [INFO]  ReferenceTransformer: reference not found: "each.value"
2024-05-03T18:47:06.331Z [INFO]  ReferenceTransformer: reference not found: "each.value"
2024-05-03T18:47:06.331Z [INFO]  ReferenceTransformer: reference not found: "each.value"
2024-05-03T18:47:06.331Z [INFO]  ReferenceTransformer: reference not found: "each.value"
2024-05-03T18:47:06.332Z [INFO]  ReferenceTransformer: reference not found: "count.index"
2024-05-03T18:47:06.332Z [INFO]  ReferenceTransformer: reference not found: "each.value"
2024-05-03T18:47:06.332Z [INFO]  ReferenceTransformer: reference not found: "each.value"
2024-05-03T18:47:06.332Z [INFO]  ReferenceTransformer: reference not found: "each.key"
2024-05-03T18:47:06.332Z [INFO]  ReferenceTransformer: reference not found: "each.value"
2024-05-03T18:47:06.332Z [INFO]  ReferenceTransformer: reference not found: "each.value"
2024-05-03T18:47:06.332Z [INFO]  ReferenceTransformer: reference not found: "each.value"
2024-05-03T18:47:06.332Z [INFO]  ReferenceTransformer: reference not found: "each.value"
2024-05-03T18:47:06.332Z [INFO]  ReferenceTransformer: reference not found: "each.value"
2024-05-03T18:47:06.332Z [INFO]  ReferenceTransformer: reference not found: "each.value"
2024-05-03T18:47:06.332Z [INFO]  ReferenceTransformer: reference not found: "count.index"
2024-05-03T18:47:06.332Z [INFO]  ReferenceTransformer: reference not found: "each.value"
2024-05-03T18:47:06.332Z [INFO]  ReferenceTransformer: reference not found: "each.value"
2024-05-03T18:47:06.332Z [INFO]  ReferenceTransformer: reference not found: "each.value"
2024-05-03T18:47:06.332Z [INFO]  ReferenceTransformer: reference not found: "each.value"
2024-05-03T18:47:06.332Z [INFO]  ReferenceTransformer: reference not found: "each.value"
2024-05-03T18:47:06.332Z [INFO]  ReferenceTransformer: reference not found: "each.key"
2024-05-03T18:47:06.332Z [INFO]  ReferenceTransformer: reference not found: "each.value"
2024-05-03T18:47:06.392Z [INFO]  provider: configuring client automatic mTLS
2024-05-03T18:47:06.427Z [INFO]  provider.terraform-provider-random_v3.6.1_x5: configuring server automatic mTLS: timestamp=2024-05-03T18:47:06.427Z
2024-05-03T18:47:06.463Z [INFO]  provider: configuring client automatic mTLS
2024-05-03T18:47:06.541Z [INFO]  provider.terraform-provider-google_v5.27.0_x5: configuring server automatic mTLS: timestamp=2024-05-03T18:47:06.541Z
2024-05-03T18:47:06.575Z [INFO]  provider: configuring client automatic mTLS
2024-05-03T18:47:06.829Z [INFO]  provider.terraform-provider-google-beta_v5.27.0_x5: configuring server automatic mTLS: timestamp=2024-05-03T18:47:06.829Z
2024-05-03T18:47:07.307Z [INFO]  provider.terraform-provider-google_v5.27.0_x5: Authenticating using configured Google JSON 'access_token'...: @caller=github.com/hashicorp/terraform-provider-google/google/fwtransport/framework_config.go:1731 tf_provider_addr=registry.terraform.io/hashicorp/google tf_req_id=a4bf989b-d805-405b-a1d0-39e3646d7e3a @module=google tf_mux_provider=*proto5server.Server tf_rpc=ConfigureProvider timestamp=2024-05-03T18:47:07.305Z
2024-05-03T18:47:07.307Z [INFO]  provider.terraform-provider-google_v5.27.0_x5:   -- Scopes: [https://www.googleapis.com/auth/cloud-platform https://www.googleapis.com/auth/userinfo.email]: @module=google tf_req_id=a4bf989b-d805-405b-a1d0-39e3646d7e3a @caller=github.com/hashicorp/terraform-provider-google/google/fwtransport/framework_config.go:1732 tf_mux_provider=*proto5server.Server tf_provider_addr=registry.terraform.io/hashicorp/google tf_rpc=ConfigureProvider timestamp=2024-05-03T18:47:07.305Z
2024-05-03T18:47:07.307Z [INFO]  provider.terraform-provider-google_v5.27.0_x5: Authenticating using configured Google JSON 'access_token'...: tf_rpc=ConfigureProvider @caller=github.com/hashicorp/terraform-provider-google/google/fwtransport/framework_config.go:1731 tf_req_id=a4bf989b-d805-405b-a1d0-39e3646d7e3a @module=google tf_mux_provider=*proto5server.Server tf_provider_addr=registry.terraform.io/hashicorp/google timestamp=2024-05-03T18:47:07.305Z
2024-05-03T18:47:07.307Z [INFO]  provider.terraform-provider-google_v5.27.0_x5:   -- Scopes: [https://www.googleapis.com/auth/cloud-platform https://www.googleapis.com/auth/userinfo.email]: tf_req_id=a4bf989b-d805-405b-a1d0-39e3646d7e3a tf_rpc=ConfigureProvider @caller=github.com/hashicorp/terraform-provider-google/google/fwtransport/framework_config.go:1732 tf_provider_addr=registry.terraform.io/hashicorp/google @module=google tf_mux_provider=*proto5server.Server timestamp=2024-05-03T18:47:07.305Z
2024-05-03T18:47:07.409Z [INFO]  provider.terraform-provider-google_v5.27.0_x5: Terraform is using this identity: svc-cloudautomation@gcp-prj-inf-automation-prd-01.iam.gserviceaccount.com: tf_req_id=a4bf989b-d805-405b-a1d0-39e3646d7e3a tf_rpc=ConfigureProvider @caller=github.com/hashicorp/terraform-provider-google/google/fwtransport/framework_config.go:1651 tf_mux_provider=*proto5server.Server tf_provider_addr=registry.terraform.io/hashicorp/google @module=google timestamp=2024-05-03T18:47:07.397Z
2024-05-03T18:47:07.424Z [INFO]  ReferenceTransformer: reference not found: "local.purpose"
2024-05-03T18:47:07.424Z [INFO]  ReferenceTransformer: reference not found: "var.address_description"
2024-05-03T18:47:07.424Z [INFO]  ReferenceTransformer: reference not found: "local.address_type"
2024-05-03T18:47:07.424Z [INFO]  ReferenceTransformer: reference not found: "local.purpose"
2024-05-03T18:47:07.424Z [INFO]  ReferenceTransformer: reference not found: "local.purpose"
2024-05-03T18:47:07.424Z [INFO]  ReferenceTransformer: reference not found: "var.address_network"
2024-05-03T18:47:07.424Z [INFO]  ReferenceTransformer: reference not found: "local.address_type"
2024-05-03T18:47:07.424Z [INFO]  ReferenceTransformer: reference not found: "var.address_ip"
2024-05-03T18:47:07.424Z [INFO]  ReferenceTransformer: reference not found: "local.address_type"
2024-05-03T18:47:07.424Z [INFO]  ReferenceTransformer: reference not found: "var.labels"
2024-05-03T18:47:07.424Z [INFO]  ReferenceTransformer: reference not found: "local.region"
2024-05-03T18:47:07.424Z [INFO]  ReferenceTransformer: reference not found: "var.address_name"
2024-05-03T18:47:07.424Z [INFO]  ReferenceTransformer: reference not found: "var.address_prefix_length"
2024-05-03T18:47:07.424Z [INFO]  ReferenceTransformer: reference not found: "local.project"
2024-05-03T18:47:07.424Z [INFO]  ReferenceTransformer: reference not found: "local.address_type"
2024-05-03T18:47:07.424Z [INFO]  ReferenceTransformer: reference not found: "local.purpose"
2024-05-03T18:47:07.424Z [INFO]  ReferenceTransformer: reference not found: "var.address_subnetwork"
2024-05-03T18:47:07.424Z [INFO]  ReferenceTransformer: reference not found: "local.address_type"
2024-05-03T18:47:07.424Z [INFO]  ReferenceTransformer: reference not found: "var.network_tier"
2024-05-03T18:47:07.425Z [INFO]  ReferenceTransformer: reference not found: "local.address_type"
2024-05-03T18:47:07.425Z [INFO]  ReferenceTransformer: reference not found: "local.purpose"
2024-05-03T18:47:07.425Z [INFO]  ReferenceTransformer: reference not found: "var.address_subnetwork"
2024-05-03T18:47:07.425Z [INFO]  ReferenceTransformer: reference not found: "local.address_type"
2024-05-03T18:47:07.425Z [INFO]  ReferenceTransformer: reference not found: "var.network_tier"
2024-05-03T18:47:07.425Z [INFO]  ReferenceTransformer: reference not found: "local.address_type"
2024-05-03T18:47:07.425Z [INFO]  ReferenceTransformer: reference not found: "local.purpose"
2024-05-03T18:47:07.425Z [INFO]  ReferenceTransformer: reference not found: "local.purpose"
2024-05-03T18:47:07.425Z [INFO]  ReferenceTransformer: reference not found: "var.address_network"
2024-05-03T18:47:07.425Z [INFO]  ReferenceTransformer: reference not found: "local.address_type"
2024-05-03T18:47:07.425Z [INFO]  ReferenceTransformer: reference not found: "var.address_ip"
2024-05-03T18:47:07.425Z [INFO]  ReferenceTransformer: reference not found: "local.address_type"
2024-05-03T18:47:07.425Z [INFO]  ReferenceTransformer: reference not found: "var.labels"
2024-05-03T18:47:07.425Z [INFO]  ReferenceTransformer: reference not found: "var.address_prefix_length"
2024-05-03T18:47:07.425Z [INFO]  ReferenceTransformer: reference not found: "local.region"
2024-05-03T18:47:07.425Z [INFO]  ReferenceTransformer: reference not found: "var.address_name"
2024-05-03T18:47:07.425Z [INFO]  ReferenceTransformer: reference not found: "local.purpose"
2024-05-03T18:47:07.425Z [INFO]  ReferenceTransformer: reference not found: "local.project"
2024-05-03T18:47:07.425Z [INFO]  ReferenceTransformer: reference not found: "var.address_description"
2024-05-03T18:47:07.425Z [INFO]  ReferenceTransformer: reference not found: "local.address_type"
2024-05-03T18:47:07.425Z [INFO]  ReferenceTransformer: reference not found: "var.network_tier"
2024-05-03T18:47:07.425Z [INFO]  ReferenceTransformer: reference not found: "local.address_type"
2024-05-03T18:47:07.425Z [INFO]  ReferenceTransformer: reference not found: "local.purpose"
2024-05-03T18:47:07.425Z [INFO]  ReferenceTransformer: reference not found: "local.purpose"
2024-05-03T18:47:07.425Z [INFO]  ReferenceTransformer: reference not found: "var.address_network"
2024-05-03T18:47:07.425Z [INFO]  ReferenceTransformer: reference not found: "var.address_name"
2024-05-03T18:47:07.425Z [INFO]  ReferenceTransformer: reference not found: "local.address_type"
2024-05-03T18:47:07.425Z [INFO]  ReferenceTransformer: reference not found: "var.address_prefix_length"
2024-05-03T18:47:07.425Z [INFO]  ReferenceTransformer: reference not found: "local.region"
2024-05-03T18:47:07.425Z [INFO]  ReferenceTransformer: reference not found: "var.address_description"
2024-05-03T18:47:07.425Z [INFO]  ReferenceTransformer: reference not found: "local.address_type"
2024-05-03T18:47:07.425Z [INFO]  ReferenceTransformer: reference not found: "local.purpose"
2024-05-03T18:47:07.425Z [INFO]  ReferenceTransformer: reference not found: "var.address_subnetwork"
2024-05-03T18:47:07.425Z [INFO]  ReferenceTransformer: reference not found: "var.labels"
2024-05-03T18:47:07.425Z [INFO]  ReferenceTransformer: reference not found: "local.project"
2024-05-03T18:47:07.425Z [INFO]  ReferenceTransformer: reference not found: "local.purpose"
2024-05-03T18:47:07.425Z [INFO]  ReferenceTransformer: reference not found: "local.address_type"
2024-05-03T18:47:07.425Z [INFO]  ReferenceTransformer: reference not found: "var.address_ip"
2024-05-03T18:47:07.425Z [INFO]  ReferenceTransformer: reference not found: "local.address_type"
2024-05-03T18:47:07.425Z [INFO]  ReferenceTransformer: reference not found: "var.labels"
2024-05-03T18:47:07.425Z [INFO]  ReferenceTransformer: reference not found: "local.address_type"
2024-05-03T18:47:07.425Z [INFO]  ReferenceTransformer: reference not found: "local.purpose"
2024-05-03T18:47:07.425Z [INFO]  ReferenceTransformer: reference not found: "local.purpose"
2024-05-03T18:47:07.425Z [INFO]  ReferenceTransformer: reference not found: "var.address_network"
2024-05-03T18:47:07.425Z [INFO]  ReferenceTransformer: reference not found: "var.address_name"
2024-05-03T18:47:07.425Z [INFO]  ReferenceTransformer: reference not found: "local.address_type"
2024-05-03T18:47:07.425Z [INFO]  ReferenceTransformer: reference not found: "var.network_tier"
2024-05-03T18:47:07.425Z [INFO]  ReferenceTransformer: reference not found: "local.address_type"
2024-05-03T18:47:07.425Z [INFO]  ReferenceTransformer: reference not found: "var.address_ip"
2024-05-03T18:47:07.425Z [INFO]  ReferenceTransformer: reference not found: "local.purpose"
2024-05-03T18:47:07.426Z [INFO]  ReferenceTransformer: reference not found: "var.address_prefix_length"
2024-05-03T18:47:07.426Z [INFO]  ReferenceTransformer: reference not found: "local.region"
2024-05-03T18:47:07.426Z [INFO]  ReferenceTransformer: reference not found: "local.project"
2024-05-03T18:47:07.426Z [INFO]  ReferenceTransformer: reference not found: "var.address_description"
2024-05-03T18:47:07.426Z [INFO]  ReferenceTransformer: reference not found: "local.address_type"
2024-05-03T18:47:07.426Z [INFO]  ReferenceTransformer: reference not found: "local.purpose"
2024-05-03T18:47:07.426Z [INFO]  ReferenceTransformer: reference not found: "var.address_subnetwork"
2024-05-03T18:47:07.426Z [INFO]  ReferenceTransformer: reference not found: "local.address_type"
2024-05-03T18:47:07.426Z [INFO]  ReferenceTransformer: reference not found: "var.labels"
2024-05-03T18:47:07.426Z [INFO]  ReferenceTransformer: reference not found: "local.project"
2024-05-03T18:47:07.426Z [INFO]  ReferenceTransformer: reference not found: "var.address_description"
2024-05-03T18:47:07.426Z [INFO]  ReferenceTransformer: reference not found: "local.address_type"
2024-05-03T18:47:07.426Z [INFO]  ReferenceTransformer: reference not found: "local.purpose"
2024-05-03T18:47:07.426Z [INFO]  ReferenceTransformer: reference not found: "var.address_subnetwork"
2024-05-03T18:47:07.426Z [INFO]  ReferenceTransformer: reference not found: "local.address_type"
2024-05-03T18:47:07.426Z [INFO]  ReferenceTransformer: reference not found: "var.address_ip"
2024-05-03T18:47:07.426Z [INFO]  ReferenceTransformer: reference not found: "local.purpose"
2024-05-03T18:47:07.426Z [INFO]  ReferenceTransformer: reference not found: "var.address_prefix_length"
2024-05-03T18:47:07.426Z [INFO]  ReferenceTransformer: reference not found: "local.region"
2024-05-03T18:47:07.426Z [INFO]  ReferenceTransformer: reference not found: "local.address_type"
2024-05-03T18:47:07.426Z [INFO]  ReferenceTransformer: reference not found: "var.network_tier"
2024-05-03T18:47:07.426Z [INFO]  ReferenceTransformer: reference not found: "local.address_type"
2024-05-03T18:47:07.426Z [INFO]  ReferenceTransformer: reference not found: "local.purpose"
2024-05-03T18:47:07.426Z [INFO]  ReferenceTransformer: reference not found: "local.purpose"
2024-05-03T18:47:07.426Z [INFO]  ReferenceTransformer: reference not found: "var.address_network"
2024-05-03T18:47:07.426Z [INFO]  ReferenceTransformer: reference not found: "var.address_name"
2024-05-03T18:47:07.426Z [INFO]  ReferenceTransformer: reference not found: "local.purpose"
2024-05-03T18:47:07.426Z [INFO]  ReferenceTransformer: reference not found: "var.address_description"
2024-05-03T18:47:07.426Z [INFO]  ReferenceTransformer: reference not found: "var.address_name"
2024-05-03T18:47:07.426Z [INFO]  ReferenceTransformer: reference not found: "local.address_type"
2024-05-03T18:47:07.426Z [INFO]  ReferenceTransformer: reference not found: "var.address_ip"
2024-05-03T18:47:07.426Z [INFO]  ReferenceTransformer: reference not found: "local.address_type"
2024-05-03T18:47:07.426Z [INFO]  ReferenceTransformer: reference not found: "var.address_prefix_length"
2024-05-03T18:47:07.426Z [INFO]  ReferenceTransformer: reference not found: "local.region"
2024-05-03T18:47:07.426Z [INFO]  ReferenceTransformer: reference not found: "local.project"
2024-05-03T18:47:07.426Z [INFO]  ReferenceTransformer: reference not found: "local.address_type"
2024-05-03T18:47:07.426Z [INFO]  ReferenceTransformer: reference not found: "local.purpose"
2024-05-03T18:47:07.426Z [INFO]  ReferenceTransformer: reference not found: "var.address_subnetwork"
2024-05-03T18:47:07.426Z [INFO]  ReferenceTransformer: reference not found: "local.address_type"
2024-05-03T18:47:07.426Z [INFO]  ReferenceTransformer: reference not found: "var.network_tier"
2024-05-03T18:47:07.426Z [INFO]  ReferenceTransformer: reference not found: "local.address_type"
2024-05-03T18:47:07.426Z [INFO]  ReferenceTransformer: reference not found: "local.purpose"
2024-05-03T18:47:07.426Z [INFO]  ReferenceTransformer: reference not found: "local.purpose"
2024-05-03T18:47:07.426Z [INFO]  ReferenceTransformer: reference not found: "var.address_network"
2024-05-03T18:47:07.426Z [INFO]  ReferenceTransformer: reference not found: "var.labels"
2024-05-03T18:47:07.426Z [INFO]  ReferenceTransformer: reference not found: "local.address_type"
2024-05-03T18:47:07.426Z [INFO]  ReferenceTransformer: reference not found: "local.purpose"
2024-05-03T18:47:07.427Z [INFO]  ReferenceTransformer: reference not found: "var.address_subnetwork"
2024-05-03T18:47:07.427Z [INFO]  ReferenceTransformer: reference not found: "local.address_type"
2024-05-03T18:47:07.427Z [INFO]  ReferenceTransformer: reference not found: "var.network_tier"
2024-05-03T18:47:07.427Z [INFO]  ReferenceTransformer: reference not found: "var.address_name"
2024-05-03T18:47:07.427Z [INFO]  ReferenceTransformer: reference not found: "local.address_type"
2024-05-03T18:47:07.427Z [INFO]  ReferenceTransformer: reference not found: "var.address_ip"
2024-05-03T18:47:07.427Z [INFO]  ReferenceTransformer: reference not found: "var.labels"
2024-05-03T18:47:07.427Z [INFO]  ReferenceTransformer: reference not found: "local.project"
2024-05-03T18:47:07.427Z [INFO]  ReferenceTransformer: reference not found: "local.purpose"
2024-05-03T18:47:07.427Z [INFO]  ReferenceTransformer: reference not found: "var.address_prefix_length"
2024-05-03T18:47:07.427Z [INFO]  ReferenceTransformer: reference not found: "local.region"
2024-05-03T18:47:07.427Z [INFO]  ReferenceTransformer: reference not found: "var.address_description"
2024-05-03T18:47:07.427Z [INFO]  ReferenceTransformer: reference not found: "local.address_type"
2024-05-03T18:47:07.427Z [INFO]  ReferenceTransformer: reference not found: "local.purpose"
2024-05-03T18:47:07.427Z [INFO]  ReferenceTransformer: reference not found: "local.purpose"
2024-05-03T18:47:07.427Z [INFO]  ReferenceTransformer: reference not found: "var.address_network"
2024-05-03T18:47:07.427Z [INFO]  ReferenceTransformer: reference not found: "local.address_type"
2024-05-03T18:47:07.427Z [INFO]  ReferenceTransformer: reference not found: "local.address_type"
2024-05-03T18:47:07.427Z [INFO]  ReferenceTransformer: reference not found: "local.purpose"
2024-05-03T18:47:07.427Z [INFO]  ReferenceTransformer: reference not found: "var.address_subnetwork"
2024-05-03T18:47:07.427Z [INFO]  ReferenceTransformer: reference not found: "local.address_type"
2024-05-03T18:47:07.427Z [INFO]  ReferenceTransformer: reference not found: "local.purpose"
2024-05-03T18:47:07.427Z [INFO]  ReferenceTransformer: reference not found: "local.purpose"
2024-05-03T18:47:07.427Z [INFO]  ReferenceTransformer: reference not found: "var.address_network"
2024-05-03T18:47:07.427Z [INFO]  ReferenceTransformer: reference not found: "var.address_name"
2024-05-03T18:47:07.427Z [INFO]  ReferenceTransformer: reference not found: "local.purpose"
2024-05-03T18:47:07.427Z [INFO]  ReferenceTransformer: reference not found: "var.address_prefix_length"
2024-05-03T18:47:07.427Z [INFO]  ReferenceTransformer: reference not found: "local.project"
2024-05-03T18:47:07.427Z [INFO]  ReferenceTransformer: reference not found: "var.address_description"
2024-05-03T18:47:07.427Z [INFO]  ReferenceTransformer: reference not found: "local.address_type"
2024-05-03T18:47:07.427Z [INFO]  ReferenceTransformer: reference not found: "var.address_ip"
2024-05-03T18:47:07.427Z [INFO]  ReferenceTransformer: reference not found: "local.address_type"
2024-05-03T18:47:07.427Z [INFO]  ReferenceTransformer: reference not found: "var.labels"
2024-05-03T18:47:07.427Z [INFO]  ReferenceTransformer: reference not found: "local.region"
2024-05-03T18:47:07.427Z [INFO]  ReferenceTransformer: reference not found: "local.address_type"
2024-05-03T18:47:07.427Z [INFO]  ReferenceTransformer: reference not found: "var.network_tier"
2024-05-03T18:47:07.427Z [INFO]  ReferenceTransformer: reference not found: "local.address_type"
2024-05-03T18:47:07.427Z [INFO]  ReferenceTransformer: reference not found: "local.purpose"
2024-05-03T18:47:07.427Z [INFO]  ReferenceTransformer: reference not found: "var.address_subnetwork"
2024-05-03T18:47:07.427Z [INFO]  ReferenceTransformer: reference not found: "local.address_type"
2024-05-03T18:47:07.427Z [INFO]  ReferenceTransformer: reference not found: "var.network_tier"
2024-05-03T18:47:07.427Z [INFO]  ReferenceTransformer: reference not found: "local.address_type"
2024-05-03T18:47:07.427Z [INFO]  ReferenceTransformer: reference not found: "local.purpose"
2024-05-03T18:47:07.427Z [INFO]  ReferenceTransformer: reference not found: "local.purpose"
2024-05-03T18:47:07.427Z [INFO]  ReferenceTransformer: reference not found: "var.address_network"
2024-05-03T18:47:07.427Z [INFO]  ReferenceTransformer: reference not found: "var.address_name"
2024-05-03T18:47:07.427Z [INFO]  ReferenceTransformer: reference not found: "var.address_prefix_length"
2024-05-03T18:47:07.427Z [INFO]  ReferenceTransformer: reference not found: "local.region"
2024-05-03T18:47:07.427Z [INFO]  ReferenceTransformer: reference not found: "local.project"
2024-05-03T18:47:07.427Z [INFO]  ReferenceTransformer: reference not found: "var.address_description"
2024-05-03T18:47:07.427Z [INFO]  ReferenceTransformer: reference not found: "local.address_type"
2024-05-03T18:47:07.427Z [INFO]  ReferenceTransformer: reference not found: "var.labels"
2024-05-03T18:47:07.427Z [INFO]  ReferenceTransformer: reference not found: "local.purpose"
2024-05-03T18:47:07.427Z [INFO]  ReferenceTransformer: reference not found: "local.address_type"
2024-05-03T18:47:07.427Z [INFO]  ReferenceTransformer: reference not found: "var.address_ip"
2024-05-03T18:47:07.428Z [INFO]  ReferenceTransformer: reference not found: "local.region"
2024-05-03T18:47:07.428Z [INFO]  ReferenceTransformer: reference not found: "local.address_type"
2024-05-03T18:47:07.428Z [INFO]  ReferenceTransformer: reference not found: "local.purpose"
2024-05-03T18:47:07.428Z [INFO]  ReferenceTransformer: reference not found: "var.address_subnetwork"
2024-05-03T18:47:07.428Z [INFO]  ReferenceTransformer: reference not found: "local.address_type"
2024-05-03T18:47:07.428Z [INFO]  ReferenceTransformer: reference not found: "var.address_ip"
2024-05-03T18:47:07.428Z [INFO]  ReferenceTransformer: reference not found: "var.address_name"
2024-05-03T18:47:07.428Z [INFO]  ReferenceTransformer: reference not found: "local.address_type"
2024-05-03T18:47:07.428Z [INFO]  ReferenceTransformer: reference not found: "var.address_prefix_length"
2024-05-03T18:47:07.428Z [INFO]  ReferenceTransformer: reference not found: "local.project"
2024-05-03T18:47:07.428Z [INFO]  ReferenceTransformer: reference not found: "local.purpose"
2024-05-03T18:47:07.428Z [INFO]  ReferenceTransformer: reference not found: "var.address_description"
2024-05-03T18:47:07.428Z [INFO]  ReferenceTransformer: reference not found: "local.address_type"
2024-05-03T18:47:07.428Z [INFO]  ReferenceTransformer: reference not found: "var.network_tier"
2024-05-03T18:47:07.428Z [INFO]  ReferenceTransformer: reference not found: "local.address_type"
2024-05-03T18:47:07.428Z [INFO]  ReferenceTransformer: reference not found: "local.purpose"
2024-05-03T18:47:07.428Z [INFO]  ReferenceTransformer: reference not found: "local.purpose"
2024-05-03T18:47:07.428Z [INFO]  ReferenceTransformer: reference not found: "var.address_network"
2024-05-03T18:47:07.428Z [INFO]  ReferenceTransformer: reference not found: "var.labels"
2024-05-03T18:47:07.548Z [INFO]  provider.terraform-provider-google-beta_v5.27.0_x5: Authenticating using configured Google JSON 'access_token'...: tf_req_id=e6d12ee8-1bdc-ea21-7d31-168b8c1ea037 @module=google_beta tf_provider_addr=registry.terraform.io/hashicorp/google-beta @caller=github.com/hashicorp/terraform-provider-google-beta/google-beta/fwtransport/framework_config.go:1880 tf_mux_provider=*proto5server.Server tf_rpc=ConfigureProvider timestamp=2024-05-03T18:47:07.547Z
2024-05-03T18:47:07.548Z [INFO]  provider.terraform-provider-google-beta_v5.27.0_x5:   -- Scopes: [https://www.googleapis.com/auth/cloud-platform https://www.googleapis.com/auth/userinfo.email]: tf_mux_provider=*proto5server.Server tf_provider_addr=registry.terraform.io/hashicorp/google-beta @module=google_beta tf_req_id=e6d12ee8-1bdc-ea21-7d31-168b8c1ea037 tf_rpc=ConfigureProvider @caller=github.com/hashicorp/terraform-provider-google-beta/google-beta/fwtransport/framework_config.go:1881 timestamp=2024-05-03T18:47:07.547Z
2024-05-03T18:47:07.549Z [INFO]  provider.terraform-provider-google-beta_v5.27.0_x5: Authenticating using configured Google JSON 'access_token'...: @caller=github.com/hashicorp/terraform-provider-google-beta/google-beta/fwtransport/framework_config.go:1880 @module=google_beta tf_provider_addr=registry.terraform.io/hashicorp/google-beta tf_rpc=ConfigureProvider tf_mux_provider=*proto5server.Server tf_req_id=e6d12ee8-1bdc-ea21-7d31-168b8c1ea037 timestamp=2024-05-03T18:47:07.547Z
2024-05-03T18:47:07.549Z [INFO]  provider.terraform-provider-google-beta_v5.27.0_x5:   -- Scopes: [https://www.googleapis.com/auth/cloud-platform https://www.googleapis.com/auth/userinfo.email]: tf_req_id=e6d12ee8-1bdc-ea21-7d31-168b8c1ea037 tf_rpc=ConfigureProvider @caller=github.com/hashicorp/terraform-provider-google-beta/google-beta/fwtransport/framework_config.go:1881 @module=google_beta tf_mux_provider=*proto5server.Server tf_provider_addr=registry.terraform.io/hashicorp/google-beta timestamp=2024-05-03T18:47:07.547Z
2024-05-03T18:47:07.597Z [INFO]  provider.terraform-provider-google-beta_v5.27.0_x5: Terraform is using this identity: svc-cloudautomation@gcp-prj-inf-automation-prd-01.iam.gserviceaccount.com: tf_rpc=ConfigureProvider tf_mux_provider=*proto5server.Server tf_provider_addr=registry.terraform.io/hashicorp/google-beta tf_req_id=e6d12ee8-1bdc-ea21-7d31-168b8c1ea037 @caller=github.com/hashicorp/terraform-provider-google-beta/google-beta/fwtransport/framework_config.go:1800 @module=google_beta timestamp=2024-05-03T18:47:07.597Z
2024-05-03T18:47:07.651Z [WARN]  Provider "registry.terraform.io/hashicorp/google" produced an invalid plan for module.regional_address["gcp-yyz-fgt-ha-priv-ip-02"].google_compute_address.default, but we are tolerating it because it is using the legacy plugin SDK.
    The following problems may be the cause of any confusing errors from downstream operations:
      - .ip_version: planned value cty.StringVal("") for a non-computed attribute
      - .ipv6_endpoint_type: planned value cty.StringVal("") for a non-computed attribute
      - .network: planned value cty.StringVal("") for a non-computed attribute
2024-05-03T18:47:07.758Z [WARN]  Provider "registry.terraform.io/hashicorp/google" produced an invalid plan for module.regional_address["gcp-yyz-fgt-mgmt-priv-ip-02"].google_compute_address.default, but we are tolerating it because it is using the legacy plugin SDK.
    The following problems may be the cause of any confusing errors from downstream operations:
      - .ip_version: planned value cty.StringVal("") for a non-computed attribute
      - .ipv6_endpoint_type: planned value cty.StringVal("") for a non-computed attribute
      - .network: planned value cty.StringVal("") for a non-computed attribute
2024-05-03T18:47:07.769Z [WARN]  Provider "registry.terraform.io/hashicorp/google" produced an invalid plan for module.regional_address["gcp-yyz-fgt-mgmt-priv-ip-01"].google_compute_address.default, but we are tolerating it because it is using the legacy plugin SDK.
    The following problems may be the cause of any confusing errors from downstream operations:
      - .ip_version: planned value cty.StringVal("") for a non-computed attribute
      - .ipv6_endpoint_type: planned value cty.StringVal("") for a non-computed attribute
      - .network: planned value cty.StringVal("") for a non-computed attribute
2024-05-03T18:47:07.890Z [WARN]  Provider "registry.terraform.io/hashicorp/google" produced an invalid plan for module.regional_address["gcp-yyz-fgt-ha-priv-ip-01"].google_compute_address.default, but we are tolerating it because it is using the legacy plugin SDK.
    The following problems may be the cause of any confusing errors from downstream operations:
      - .ipv6_endpoint_type: planned value cty.StringVal("") for a non-computed attribute
      - .ip_version: planned value cty.StringVal("") for a non-computed attribute
      - .network: planned value cty.StringVal("") for a non-computed attribute
2024-05-03T18:47:08.090Z [WARN]  Provider "registry.terraform.io/hashicorp/google" produced an invalid plan for module.regional_address["gcp-yyz-fgt-out-priv-ip-02"].google_compute_address.default, but we are tolerating it because it is using the legacy plugin SDK.
    The following problems may be the cause of any confusing errors from downstream operations:
      - .ip_version: planned value cty.StringVal("") for a non-computed attribute
      - .ipv6_endpoint_type: planned value cty.StringVal("") for a non-computed attribute
      - .network: planned value cty.StringVal("") for a non-computed attribute
2024-05-03T18:47:08.110Z [WARN]  Provider "registry.terraform.io/hashicorp/google" produced an invalid plan for module.regional_address["gcp-yyz-prd-inf-cnat-ip-01"].google_compute_address.default, but we are tolerating it because it is using the legacy plugin SDK.
    The following problems may be the cause of any confusing errors from downstream operations:
      - .ipv6_endpoint_type: planned value cty.StringVal("") for a non-computed attribute
      - .ip_version: planned value cty.StringVal("") for a non-computed attribute
      - .network: planned value cty.StringVal("") for a non-computed attribute
2024-05-03T18:47:08.113Z [WARN]  Provider "registry.terraform.io/hashicorp/google" produced an invalid plan for module.regional_address["gcp-yyz-fgt-ilb-priv-ip-01"].google_compute_address.default, but we are tolerating it because it is using the legacy plugin SDK.
    The following problems may be the cause of any confusing errors from downstream operations:
      - .ip_version: planned value cty.StringVal("") for a non-computed attribute
      - .ipv6_endpoint_type: planned value cty.StringVal("") for a non-computed attribute
      - .network: planned value cty.StringVal("") for a non-computed attribute
2024-05-03T18:47:08.122Z [WARN]  Provider "registry.terraform.io/hashicorp/google" produced an invalid plan for module.regional_address["gcp-yyz-fgt-out-priv-ip-01"].google_compute_address.default, but we are tolerating it because it is using the legacy plugin SDK.
    The following problems may be the cause of any confusing errors from downstream operations:
      - .ip_version: planned value cty.StringVal("") for a non-computed attribute
      - .ipv6_endpoint_type: planned value cty.StringVal("") for a non-computed attribute
      - .network: planned value cty.StringVal("") for a non-computed attribute
2024-05-03T18:47:08.125Z [WARN]  Provider "registry.terraform.io/hashicorp/google" produced an invalid plan for module.regional_address["gcp-yyz-fgt-int-priv-ip-02"].google_compute_address.default, but we are tolerating it because it is using the legacy plugin SDK.
    The following problems may be the cause of any confusing errors from downstream operations:
      - .network: planned value cty.StringVal("") for a non-computed attribute
      - .ip_version: planned value cty.StringVal("") for a non-computed attribute
      - .ipv6_endpoint_type: planned value cty.StringVal("") for a non-computed attribute
2024-05-03T18:47:08.145Z [WARN]  Provider "registry.terraform.io/hashicorp/google" produced an invalid plan for module.regional_address["gcp-yyz-fgt-int-priv-ip-01"].google_compute_address.default, but we are tolerating it because it is using the legacy plugin SDK.
    The following problems may be the cause of any confusing errors from downstream operations:
      - .ip_version: planned value cty.StringVal("") for a non-computed attribute
      - .ipv6_endpoint_type: planned value cty.StringVal("") for a non-computed attribute
      - .network: planned value cty.StringVal("") for a non-computed attribute
2024-05-03T18:47:08.166Z [INFO]  ReferenceTransformer: reference not found: "module.regional_address"
2024-05-03T18:47:08.166Z [INFO]  ReferenceTransformer: reference not found: "var.priv_ips"
2024-05-03T18:47:08.166Z [INFO]  ReferenceTransformer: reference not found: "var.fgt_project_id"
2024-05-03T18:47:08.166Z [INFO]  ReferenceTransformer: reference not found: "var.priv_ips"
2024-05-03T18:47:08.166Z [INFO]  ReferenceTransformer: reference not found: "count.index"
2024-05-03T18:47:08.166Z [INFO]  ReferenceTransformer: reference not found: "var.region"
2024-05-03T18:47:08.166Z [INFO]  ReferenceTransformer: reference not found: "module.regional_address"
2024-05-03T18:47:08.166Z [INFO]  ReferenceTransformer: reference not found: "var.priv_ips"
2024-05-03T18:47:08.166Z [INFO]  ReferenceTransformer: reference not found: "var.fgt_project_id"
2024-05-03T18:47:08.166Z [INFO]  ReferenceTransformer: reference not found: "var.priv_ips"
2024-05-03T18:47:08.166Z [INFO]  ReferenceTransformer: reference not found: "count.index"
2024-05-03T18:47:08.166Z [INFO]  ReferenceTransformer: reference not found: "var.region"
2024-05-03T18:47:08.167Z [INFO]  ReferenceTransformer: reference not found: "module.regional_address"
2024-05-03T18:47:08.168Z [INFO]  ReferenceTransformer: reference not found: "var.image_name"
2024-05-03T18:47:08.168Z [INFO]  ReferenceTransformer: reference not found: "var.image_project"
2024-05-03T18:47:08.172Z [INFO]  ReferenceTransformer: reference not found: "module.regional_address"
2024-05-03T18:47:08.172Z [INFO]  ReferenceTransformer: reference not found: "var.mgmt_ips"
2024-05-03T18:47:08.172Z [INFO]  ReferenceTransformer: reference not found: "var.fgt_project_id"
2024-05-03T18:47:08.172Z [INFO]  ReferenceTransformer: reference not found: "var.mgmt_ips"
2024-05-03T18:47:08.172Z [INFO]  ReferenceTransformer: reference not found: "count.index"
2024-05-03T18:47:08.172Z [INFO]  ReferenceTransformer: reference not found: "var.region"
2024-05-03T18:47:08.172Z [INFO]  ReferenceTransformer: reference not found: "module.regional_address"
2024-05-03T18:47:08.172Z [INFO]  ReferenceTransformer: reference not found: "var.mgmt_ips"
2024-05-03T18:47:08.172Z [INFO]  ReferenceTransformer: reference not found: "var.fgt_project_id"
2024-05-03T18:47:08.172Z [INFO]  ReferenceTransformer: reference not found: "var.mgmt_ips"
2024-05-03T18:47:08.172Z [INFO]  ReferenceTransformer: reference not found: "count.index"
2024-05-03T18:47:08.172Z [INFO]  ReferenceTransformer: reference not found: "var.region"
2024-05-03T18:47:08.177Z [INFO]  ReferenceTransformer: reference not found: "module.regional_address"
2024-05-03T18:47:08.177Z [INFO]  ReferenceTransformer: reference not found: "var.fgt_project_id"
2024-05-03T18:47:08.177Z [INFO]  ReferenceTransformer: reference not found: "var.ilb_ip"
2024-05-03T18:47:08.177Z [INFO]  ReferenceTransformer: reference not found: "var.region"
2024-05-03T18:47:08.179Z [INFO]  ReferenceTransformer: reference not found: "module.regional_address"
2024-05-03T18:47:08.180Z [INFO]  ReferenceTransformer: reference not found: "var.pub_ips"
2024-05-03T18:47:08.180Z [INFO]  ReferenceTransformer: reference not found: "var.pub_ips"
2024-05-03T18:47:08.180Z [INFO]  ReferenceTransformer: reference not found: "count.index"
2024-05-03T18:47:08.181Z [INFO]  ReferenceTransformer: reference not found: "var.fgt_project_id"
2024-05-03T18:47:08.181Z [INFO]  ReferenceTransformer: reference not found: "var.region"
2024-05-03T18:47:08.181Z [INFO]  ReferenceTransformer: reference not found: "module.regional_address"
2024-05-03T18:47:08.181Z [INFO]  ReferenceTransformer: reference not found: "var.pub_ips"
2024-05-03T18:47:08.181Z [INFO]  ReferenceTransformer: reference not found: "var.fgt_project_id"
2024-05-03T18:47:08.181Z [INFO]  ReferenceTransformer: reference not found: "var.pub_ips"
2024-05-03T18:47:08.181Z [INFO]  ReferenceTransformer: reference not found: "count.index"
2024-05-03T18:47:08.181Z [INFO]  ReferenceTransformer: reference not found: "var.region"
2024-05-03T18:47:08.182Z [INFO]  ReferenceTransformer: reference not found: "module.regional_address"
2024-05-03T18:47:08.182Z [INFO]  ReferenceTransformer: reference not found: "var.hasync_ips"
2024-05-03T18:47:08.182Z [INFO]  ReferenceTransformer: reference not found: "var.fgt_project_id"
2024-05-03T18:47:08.182Z [INFO]  ReferenceTransformer: reference not found: "var.region"
2024-05-03T18:47:08.182Z [INFO]  ReferenceTransformer: reference not found: "var.hasync_ips"
2024-05-03T18:47:08.182Z [INFO]  ReferenceTransformer: reference not found: "count.index"
2024-05-03T18:47:08.182Z [INFO]  ReferenceTransformer: reference not found: "module.regional_address"
2024-05-03T18:47:08.182Z [INFO]  ReferenceTransformer: reference not found: "var.hasync_ips"
2024-05-03T18:47:08.182Z [INFO]  ReferenceTransformer: reference not found: "var.fgt_project_id"
2024-05-03T18:47:08.182Z [INFO]  ReferenceTransformer: reference not found: "var.hasync_ips"
2024-05-03T18:47:08.183Z [INFO]  ReferenceTransformer: reference not found: "count.index"
2024-05-03T18:47:08.183Z [INFO]  ReferenceTransformer: reference not found: "var.region"
2024-05-03T18:47:08.365Z [INFO]  ReferenceTransformer: reference not found: "var.project_id"
2024-05-03T18:47:08.365Z [INFO]  ReferenceTransformer: reference not found: "var.region"
2024-05-03T18:47:08.365Z [INFO]  ReferenceTransformer: reference not found: "var.network"
2024-05-03T18:47:08.365Z [INFO]  ReferenceTransformer: reference not found: "var.router_name"
2024-05-03T18:47:08.365Z [INFO]  ReferenceTransformer: reference not found: "var.router_keepalive_interval"
2024-05-03T18:47:08.365Z [INFO]  ReferenceTransformer: reference not found: "var.router_asn"
2024-05-03T18:47:08.444Z [INFO]  ReferenceTransformer: reference not found: "data.google_compute_image.fgt_image"
2024-05-03T18:47:08.444Z [INFO]  ReferenceTransformer: reference not found: "var.subnets"
2024-05-03T18:47:08.444Z [INFO]  ReferenceTransformer: reference not found: "var.fgt_project_id"
2024-05-03T18:47:08.444Z [INFO]  ReferenceTransformer: reference not found: "var.region"
2024-05-03T18:47:08.444Z [INFO]  ReferenceTransformer: reference not found: "var.subnets"
2024-05-03T18:47:08.444Z [INFO]  ReferenceTransformer: reference not found: "count.index"
2024-05-03T18:47:08.444Z [INFO]  ReferenceTransformer: reference not found: "data.google_compute_image.fgt_image"
2024-05-03T18:47:08.444Z [INFO]  ReferenceTransformer: reference not found: "var.subnets"
2024-05-03T18:47:08.444Z [INFO]  ReferenceTransformer: reference not found: "var.region"
2024-05-03T18:47:08.444Z [INFO]  ReferenceTransformer: reference not found: "var.subnets"
2024-05-03T18:47:08.444Z [INFO]  ReferenceTransformer: reference not found: "count.index"
2024-05-03T18:47:08.444Z [INFO]  ReferenceTransformer: reference not found: "var.fgt_project_id"
2024-05-03T18:47:08.444Z [INFO]  ReferenceTransformer: reference not found: "data.google_compute_image.fgt_image"
2024-05-03T18:47:08.444Z [INFO]  ReferenceTransformer: reference not found: "var.subnets"
2024-05-03T18:47:08.444Z [INFO]  ReferenceTransformer: reference not found: "var.region"
2024-05-03T18:47:08.444Z [INFO]  ReferenceTransformer: reference not found: "var.subnets"
2024-05-03T18:47:08.444Z [INFO]  ReferenceTransformer: reference not found: "count.index"
2024-05-03T18:47:08.444Z [INFO]  ReferenceTransformer: reference not found: "var.fgt_project_id"
2024-05-03T18:47:08.444Z [INFO]  ReferenceTransformer: reference not found: "data.google_compute_image.fgt_image"
2024-05-03T18:47:08.444Z [INFO]  ReferenceTransformer: reference not found: "var.subnets"
2024-05-03T18:47:08.444Z [INFO]  ReferenceTransformer: reference not found: "var.region"
2024-05-03T18:47:08.444Z [INFO]  ReferenceTransformer: reference not found: "var.subnets"
2024-05-03T18:47:08.444Z [INFO]  ReferenceTransformer: reference not found: "count.index"
2024-05-03T18:47:08.444Z [INFO]  ReferenceTransformer: reference not found: "var.fgt_project_id"
2024-05-03T18:47:08.634Z [WARN]  Provider "registry.terraform.io/hashicorp/google" produced an invalid plan for module.router["gcp-yyz-prd-inf-crtr-01"].google_compute_router.router, but we are tolerating it because it is using the legacy plugin SDK.
    The following problems may be the cause of any confusing errors from downstream operations:
      - .description: planned value cty.StringVal("") for a non-computed attribute
      - .encrypted_interconnect_router: planned value cty.False for a non-computed attribute
      - .bgp[0].advertise_mode: planned value cty.StringVal("DEFAULT") for a non-computed attribute
2024-05-03T18:47:08.642Z [INFO]  ReferenceTransformer: reference not found: "var.tcp_transitory_idle_timeout_sec"
2024-05-03T18:47:08.642Z [INFO]  ReferenceTransformer: reference not found: "var.tcp_established_idle_timeout_sec"
2024-05-03T18:47:08.642Z [INFO]  ReferenceTransformer: reference not found: "var.project_id"
2024-05-03T18:47:08.642Z [INFO]  ReferenceTransformer: reference not found: "var.nat_ip_allocate_option"
2024-05-03T18:47:08.642Z [INFO]  ReferenceTransformer: reference not found: "var.udp_idle_timeout_sec"
2024-05-03T18:47:08.642Z [INFO]  ReferenceTransformer: reference not found: "var.icmp_idle_timeout_sec"
2024-05-03T18:47:08.642Z [INFO]  ReferenceTransformer: reference not found: "var.region"
2024-05-03T18:47:08.642Z [INFO]  ReferenceTransformer: reference not found: "var.nat_name"
2024-05-03T18:47:08.642Z [INFO]  ReferenceTransformer: reference not found: "var.min_ports_per_vm"
2024-05-03T18:47:08.642Z [INFO]  ReferenceTransformer: reference not found: "var.router_name"
2024-05-03T18:47:08.642Z [INFO]  ReferenceTransformer: reference not found: "var.source_subnetwork_ip_ranges_to_nat"
2024-05-03T18:47:08.642Z [INFO]  ReferenceTransformer: reference not found: "var.nat_ip_allocate_option"
2024-05-03T18:47:08.642Z [INFO]  ReferenceTransformer: reference not found: "var.nat_ips"
2024-05-03T18:47:08.642Z [INFO]  ReferenceTransformer: reference not found: "var.enable_endpoint_independent_mapping"
2024-05-03T18:47:08.642Z [INFO]  ReferenceTransformer: reference not found: "var.subnetworks"
2024-05-03T18:47:08.642Z [INFO]  ReferenceTransformer: reference not found: "var.log_config_enable"
2024-05-03T18:47:08.642Z [INFO]  ReferenceTransformer: reference not found: "var.log_config_enable"
2024-05-03T18:47:08.642Z [INFO]  ReferenceTransformer: reference not found: "var.log_config_filter"
2024-05-03T18:47:08.892Z [WARN]  Provider "registry.terraform.io/hashicorp/google" produced an unexpected new value for module.nat["gcp-yyz-prd-inf-cnat-01"].google_compute_router_nat.nat during refresh.
      - .source_subnetwork_ip_ranges_to_nat: was cty.StringVal("ALL_SUBNETWORKS_ALL_PRIMARY_IP_RANGES"), but now cty.StringVal("LIST_OF_SUBNETWORKS")
      - .subnetwork: actual set element cty.ObjectVal(map[string]cty.Value{"name":cty.StringVal("https://www.googleapis.com/compute/v1/projects/gcp-prj-inf-networkhub-prd-1/regions/northamerica-northeast2/subnetworks/gcp-vpc-prd-out-fw-1-yyz-inf-pub-tier-01"), "secondary_ip_range_names":cty.SetValEmpty(cty.String), "source_ip_ranges_to_nat":cty.SetVal([]cty.Value{cty.StringVal("ALL_IP_RANGES")})}) does not correlate with any element in plan
      - .subnetwork: block set length changed from 0 to 1
2024-05-03T18:47:08.904Z [WARN]  Provider "registry.terraform.io/hashicorp/google" produced an invalid plan for module.nat["gcp-yyz-prd-inf-cnat-01"].google_compute_router_nat.nat, but we are tolerating it because it is using the legacy plugin SDK.
    The following problems may be the cause of any confusing errors from downstream operations:
      - .drain_nat_ips: planned value cty.SetValEmpty(cty.String) for a non-computed attribute
      - .max_ports_per_vm: planned value cty.NumberIntVal(0) for a non-computed attribute
      - .tcp_time_wait_timeout_sec: planned value cty.NumberIntVal(120) for a non-computed attribute
2024-05-03T18:47:08.910Z [INFO]  ReferenceTransformer: reference not found: "var.physical_block_size_bytes"
2024-05-03T18:47:08.911Z [INFO]  ReferenceTransformer: reference not found: "var.image"
2024-05-03T18:47:08.911Z [INFO]  ReferenceTransformer: reference not found: "var.zone"
2024-05-03T18:47:08.911Z [INFO]  ReferenceTransformer: reference not found: "var.labels"
2024-05-03T18:47:08.911Z [INFO]  ReferenceTransformer: reference not found: "var.project_id"
2024-05-03T18:47:08.911Z [INFO]  ReferenceTransformer: reference not found: "var.type"
2024-05-03T18:47:08.911Z [INFO]  ReferenceTransformer: reference not found: "var.size"
2024-05-03T18:47:08.911Z [INFO]  ReferenceTransformer: reference not found: "var.description"
2024-05-03T18:47:08.911Z [INFO]  ReferenceTransformer: reference not found: "var.disk_name"
2024-05-03T18:47:08.911Z [INFO]  ReferenceTransformer: reference not found: "var.disk_name"
2024-05-03T18:47:08.911Z [INFO]  ReferenceTransformer: reference not found: "var.project_id"
2024-05-03T18:47:08.911Z [INFO]  ReferenceTransformer: reference not found: "var.description"
2024-05-03T18:47:08.911Z [INFO]  ReferenceTransformer: reference not found: "var.physical_block_size_bytes"
2024-05-03T18:47:08.911Z [INFO]  ReferenceTransformer: reference not found: "var.image"
2024-05-03T18:47:08.911Z [INFO]  ReferenceTransformer: reference not found: "var.zone"
2024-05-03T18:47:08.911Z [INFO]  ReferenceTransformer: reference not found: "var.labels"
2024-05-03T18:47:08.911Z [INFO]  ReferenceTransformer: reference not found: "var.type"
2024-05-03T18:47:08.911Z [INFO]  ReferenceTransformer: reference not found: "var.size"
2024-05-03T18:47:09.588Z [WARN]  Provider "registry.terraform.io/hashicorp/google-beta" produced an invalid plan for module.disk["prdyzsecfgtvm02-log-disk01"].google_compute_disk.disk, but we are tolerating it because it is using the legacy plugin SDK.
    The following problems may be the cause of any confusing errors from downstream operations:
      - .snapshot: planned value cty.StringVal("") for a non-computed attribute
      - .multi_writer: planned value cty.False for a non-computed attribute
      - .source_disk: planned value cty.StringVal("") for a non-computed attribute
      - .image: planned value cty.StringVal("") for a non-computed attribute
2024-05-03T18:47:09.589Z [WARN]  Provider "registry.terraform.io/hashicorp/google-beta" produced an invalid plan for module.disk["prdyzsecfgtvm01-log-disk01"].google_compute_disk.disk, but we are tolerating it because it is using the legacy plugin SDK.
    The following problems may be the cause of any confusing errors from downstream operations:
      - .multi_writer: planned value cty.False for a non-computed attribute
      - .snapshot: planned value cty.StringVal("") for a non-computed attribute
      - .image: planned value cty.StringVal("") for a non-computed attribute
      - .source_disk: planned value cty.StringVal("") for a non-computed attribute
2024-05-03T18:47:09.595Z [INFO]  ReferenceTransformer: reference not found: "module.disk"
2024-05-03T18:47:09.643Z [INFO]  ReferenceTransformer: reference not found: "var.metadata"
2024-05-03T18:47:09.643Z [INFO]  ReferenceTransformer: reference not found: "var.project_id"
2024-05-03T18:47:09.644Z [INFO]  ReferenceTransformer: reference not found: "var.labels"
2024-05-03T18:47:09.644Z [INFO]  ReferenceTransformer: reference not found: "var.deletion_protection"
2024-05-03T18:47:09.644Z [INFO]  ReferenceTransformer: reference not found: "var.machine_type"
2024-05-03T18:47:09.644Z [INFO]  ReferenceTransformer: reference not found: "var.zone"
2024-05-03T18:47:09.644Z [INFO]  ReferenceTransformer: reference not found: "var.desired_status"
2024-05-03T18:47:09.644Z [INFO]  ReferenceTransformer: reference not found: "var.tags"
2024-05-03T18:47:09.644Z [INFO]  ReferenceTransformer: reference not found: "var.can_ip_forward"
2024-05-03T18:47:09.644Z [INFO]  ReferenceTransformer: reference not found: "var.allow_stopping_for_update"
2024-05-03T18:47:09.644Z [INFO]  ReferenceTransformer: reference not found: "var.name"
2024-05-03T18:47:09.644Z [INFO]  ReferenceTransformer: reference not found: "var.attached_disk"
2024-05-03T18:47:09.644Z [INFO]  ReferenceTransformer: reference not found: "var.network_interfaces"
2024-05-03T18:47:09.644Z [INFO]  ReferenceTransformer: reference not found: "var.image"
2024-05-03T18:47:09.644Z [INFO]  ReferenceTransformer: reference not found: "var.labels"
2024-05-03T18:47:09.644Z [INFO]  ReferenceTransformer: reference not found: "var.size"
2024-05-03T18:47:09.644Z [INFO]  ReferenceTransformer: reference not found: "var.type"
2024-05-03T18:47:09.644Z [INFO]  ReferenceTransformer: reference not found: "var.service_account_email"
2024-05-03T18:47:09.644Z [INFO]  ReferenceTransformer: reference not found: "var.service_account_scopes"
2024-05-03T18:47:09.644Z [INFO]  ReferenceTransformer: reference not found: "var.automatic_restart"
2024-05-03T18:47:09.644Z [INFO]  ReferenceTransformer: reference not found: "var.preemptible"
2024-05-03T18:47:09.644Z [INFO]  ReferenceTransformer: reference not found: "var.labels"
2024-05-03T18:47:09.644Z [INFO]  ReferenceTransformer: reference not found: "var.metadata"
2024-05-03T18:47:09.644Z [INFO]  ReferenceTransformer: reference not found: "var.deletion_protection"
2024-05-03T18:47:09.644Z [INFO]  ReferenceTransformer: reference not found: "var.can_ip_forward"
2024-05-03T18:47:09.644Z [INFO]  ReferenceTransformer: reference not found: "var.name"
2024-05-03T18:47:09.644Z [INFO]  ReferenceTransformer: reference not found: "var.allow_stopping_for_update"
2024-05-03T18:47:09.644Z [INFO]  ReferenceTransformer: reference not found: "var.machine_type"
2024-05-03T18:47:09.644Z [INFO]  ReferenceTransformer: reference not found: "var.project_id"
2024-05-03T18:47:09.644Z [INFO]  ReferenceTransformer: reference not found: "var.desired_status"
2024-05-03T18:47:09.644Z [INFO]  ReferenceTransformer: reference not found: "var.tags"
2024-05-03T18:47:09.644Z [INFO]  ReferenceTransformer: reference not found: "var.zone"
2024-05-03T18:47:09.644Z [INFO]  ReferenceTransformer: reference not found: "var.attached_disk"
2024-05-03T18:47:09.644Z [INFO]  ReferenceTransformer: reference not found: "var.network_interfaces"
2024-05-03T18:47:09.644Z [INFO]  ReferenceTransformer: reference not found: "var.type"
2024-05-03T18:47:09.644Z [INFO]  ReferenceTransformer: reference not found: "var.image"
2024-05-03T18:47:09.644Z [INFO]  ReferenceTransformer: reference not found: "var.labels"
2024-05-03T18:47:09.644Z [INFO]  ReferenceTransformer: reference not found: "var.size"
2024-05-03T18:47:09.644Z [INFO]  ReferenceTransformer: reference not found: "var.service_account_email"
2024-05-03T18:47:09.644Z [INFO]  ReferenceTransformer: reference not found: "var.service_account_scopes"
2024-05-03T18:47:09.644Z [INFO]  ReferenceTransformer: reference not found: "var.preemptible"
2024-05-03T18:47:09.644Z [INFO]  ReferenceTransformer: reference not found: "var.automatic_restart"
2024-05-03T18:47:10.165Z [WARN]  Provider "registry.terraform.io/hashicorp/google" produced an invalid plan for module.vm["prdyzsecfgtvm02"].google_compute_instance.default, but we are tolerating it because it is using the legacy plugin SDK.
    The following problems may be the cause of any confusing errors from downstream operations:
      - .description: planned value cty.StringVal("") for a non-computed attribute
      - .enable_display: planned value cty.False for a non-computed attribute
      - .resource_policies: planned value cty.ListValEmpty(cty.String) for a non-computed attribute
      - .hostname: planned value cty.StringVal("") for a non-computed attribute
      - .shielded_instance_config: block count in plan (1) disagrees with count in config (0)
      - .boot_disk[0].mode: planned value cty.StringVal("READ_WRITE") for a non-computed attribute
      - .boot_disk[0].auto_delete: planned value cty.True for a non-computed attribute
      - .boot_disk[0].disk_encryption_key_raw: sensitive planned value for a non-computed attribute
      - .boot_disk[0].initialize_params[0].enable_confidential_compute: planned value cty.False for a non-computed attribute
      - .boot_disk[0].initialize_params[0].resource_manager_tags: planned value cty.MapValEmpty(cty.String) for a non-computed attribute
      - .scheduling[0].instance_termination_action: planned value cty.StringVal("") for a non-computed attribute
      - .scheduling[0].min_node_cpus: planned value cty.NumberIntVal(0) for a non-computed attribute
      - .attached_disk[0].disk_encryption_key_raw: sensitive planned value for a non-computed attribute
      - .attached_disk[0].mode: planned value cty.StringVal("READ_WRITE") for a non-computed attribute
      - .network_interface[0].queue_count: planned value cty.NumberIntVal(0) for a non-computed attribute
      - .network_interface[1].queue_count: planned value cty.NumberIntVal(0) for a non-computed attribute
      - .network_interface[2].queue_count: planned value cty.NumberIntVal(0) for a non-computed attribute
      - .network_interface[3].queue_count: planned value cty.NumberIntVal(0) for a non-computed attribute
2024-05-03T18:47:10.621Z [WARN]  Provider "registry.terraform.io/hashicorp/google" produced an invalid plan for module.vm["prdyzsecfgtvm01"].google_compute_instance.default, but we are tolerating it because it is using the legacy plugin SDK.
    The following problems may be the cause of any confusing errors from downstream operations:
      - .description: planned value cty.StringVal("") for a non-computed attribute
      - .enable_display: planned value cty.False for a non-computed attribute
      - .hostname: planned value cty.StringVal("") for a non-computed attribute
      - .resource_policies: planned value cty.ListValEmpty(cty.String) for a non-computed attribute
      - .boot_disk[0].mode: planned value cty.StringVal("READ_WRITE") for a non-computed attribute
      - .boot_disk[0].auto_delete: planned value cty.True for a non-computed attribute
      - .boot_disk[0].disk_encryption_key_raw: sensitive planned value for a non-computed attribute
      - .boot_disk[0].initialize_params[0].resource_manager_tags: planned value cty.MapValEmpty(cty.String) for a non-computed attribute
      - .boot_disk[0].initialize_params[0].enable_confidential_compute: planned value cty.False for a non-computed attribute
      - .shielded_instance_config: block count in plan (1) disagrees with count in config (0)
      - .attached_disk[0].disk_encryption_key_raw: sensitive planned value for a non-computed attribute
      - .attached_disk[0].mode: planned value cty.StringVal("READ_WRITE") for a non-computed attribute
      - .network_interface[0].queue_count: planned value cty.NumberIntVal(0) for a non-computed attribute
      - .network_interface[1].queue_count: planned value cty.NumberIntVal(0) for a non-computed attribute
      - .network_interface[2].queue_count: planned value cty.NumberIntVal(0) for a non-computed attribute
      - .network_interface[3].queue_count: planned value cty.NumberIntVal(0) for a non-computed attribute
      - .scheduling[0].instance_termination_action: planned value cty.StringVal("") for a non-computed attribute
      - .scheduling[0].min_node_cpus: planned value cty.NumberIntVal(0) for a non-computed attribute
2024-05-03T18:47:10.645Z [INFO]  ReferenceTransformer: reference not found: "local.unhealthy_threshold"
2024-05-03T18:47:10.645Z [INFO]  ReferenceTransformer: reference not found: "local.health_check_description"
2024-05-03T18:47:10.645Z [INFO]  ReferenceTransformer: reference not found: "local.region"
2024-05-03T18:47:10.646Z [INFO]  ReferenceTransformer: reference not found: "local.project"
2024-05-03T18:47:10.646Z [INFO]  ReferenceTransformer: reference not found: "local.healthy_threshold"
2024-05-03T18:47:10.646Z [INFO]  ReferenceTransformer: reference not found: "local.timeout_sec"
2024-05-03T18:47:10.646Z [INFO]  ReferenceTransformer: reference not found: "local.check_interval_sec"
2024-05-03T18:47:10.647Z [INFO]  ReferenceTransformer: reference not found: "local.health_check_name"
2024-05-03T18:47:10.647Z [INFO]  ReferenceTransformer: reference not found: "var.http_health_check"
2024-05-03T18:47:10.647Z [INFO]  ReferenceTransformer: reference not found: "var.tcp_health_check"
2024-05-03T18:47:11.288Z [WARN]  Provider "registry.terraform.io/hashicorp/google" produced an invalid plan for module.health_check["gcp-yyz-prd-sec-fgt-ilb-01-hc-01"].google_compute_region_health_check.healthcheck, but we are tolerating it because it is using the legacy plugin SDK.
    The following problems may be the cause of any confusing errors from downstream operations:
      - .log_config: block count in plan (1) disagrees with count in config (0)
      - .http_health_check[0].proxy_header: planned value cty.StringVal("NONE") for a non-computed attribute
      - .http_health_check[0].request_path: planned value cty.StringVal("/") for a non-computed attribute
      - .http_health_check[0].response: planned value cty.StringVal("") for a non-computed attribute
      - .http_health_check[0].host: planned value cty.StringVal("") for a non-computed attribute
      - .http_health_check[0].port_name: planned value cty.StringVal("") for a non-computed attribute
      - .http_health_check[0].port_specification: planned value cty.StringVal("") for a non-computed attribute
2024-05-03T18:47:11.293Z [INFO]  ReferenceTransformer: reference not found: "local.zone"
2024-05-03T18:47:11.294Z [INFO]  ReferenceTransformer: reference not found: "local.project"
2024-05-03T18:47:11.294Z [INFO]  ReferenceTransformer: reference not found: "local.network"
2024-05-03T18:47:11.294Z [INFO]  ReferenceTransformer: reference not found: "var.umig_name"
2024-05-03T18:47:11.294Z [INFO]  ReferenceTransformer: reference not found: "var.umig_instances"
2024-05-03T18:47:11.294Z [INFO]  ReferenceTransformer: reference not found: "var.umig_description"
2024-05-03T18:47:11.294Z [INFO]  ReferenceTransformer: reference not found: "var.named_port"
2024-05-03T18:47:11.294Z [INFO]  ReferenceTransformer: reference not found: "local.project"
2024-05-03T18:47:11.294Z [INFO]  ReferenceTransformer: reference not found: "local.network"
2024-05-03T18:47:11.294Z [INFO]  ReferenceTransformer: reference not found: "local.zone"
2024-05-03T18:47:11.294Z [INFO]  ReferenceTransformer: reference not found: "var.umig_description"
2024-05-03T18:47:11.294Z [INFO]  ReferenceTransformer: reference not found: "var.umig_name"
2024-05-03T18:47:11.294Z [INFO]  ReferenceTransformer: reference not found: "var.umig_instances"
2024-05-03T18:47:11.294Z [INFO]  ReferenceTransformer: reference not found: "var.named_port"
2024-05-03T18:47:12.522Z [INFO]  ReferenceTransformer: reference not found: "local.backend_type"
2024-05-03T18:47:12.522Z [INFO]  ReferenceTransformer: reference not found: "var.backend_protocol"
2024-05-03T18:47:12.522Z [INFO]  ReferenceTransformer: reference not found: "local.region"
2024-05-03T18:47:12.522Z [INFO]  ReferenceTransformer: reference not found: "var.backend_description"
2024-05-03T18:47:12.523Z [INFO]  ReferenceTransformer: reference not found: "local.load_balancing_scheme"
2024-05-03T18:47:12.523Z [INFO]  ReferenceTransformer: reference not found: "var.health_check_id"
2024-05-03T18:47:12.523Z [INFO]  ReferenceTransformer: reference not found: "local.network"
2024-05-03T18:47:12.523Z [INFO]  ReferenceTransformer: reference not found: "var.backend_timeout_sec"
2024-05-03T18:47:12.523Z [INFO]  ReferenceTransformer: reference not found: "local.project"
2024-05-03T18:47:12.523Z [INFO]  ReferenceTransformer: reference not found: "var.backend_name"
2024-05-03T18:47:12.524Z [INFO]  ReferenceTransformer: reference not found: "var.backend"
2024-05-03T18:47:12.524Z [INFO]  ReferenceTransformer: reference not found: "var.log_config"
2024-05-03T18:47:12.760Z [WARN]  Provider "registry.terraform.io/hashicorp/google" produced an invalid plan for module.nlb["gcp-yyz-prd-sec-fgt-ilb-01-frontend-01"].google_compute_region_backend_service.backend[0], but we are tolerating it because it is using the legacy plugin SDK.
    The following problems may be the cause of any confusing errors from downstream operations:
      - .connection_draining_timeout_sec: planned value cty.NumberIntVal(0) for a non-computed attribute
      - .enable_cdn: planned value cty.False for a non-computed attribute
      - .locality_lb_policy: planned value cty.StringVal("") for a non-computed attribute
      - .affinity_cookie_ttl_sec: planned value cty.NumberIntVal(0) for a non-computed attribute
2024-05-03T18:47:12.764Z [INFO]  ReferenceTransformer: reference not found: "local.backend_type"
2024-05-03T18:47:12.764Z [INFO]  ReferenceTransformer: reference not found: "local.backend_type"
2024-05-03T18:47:12.764Z [INFO]  ReferenceTransformer: reference not found: "local.load_balancing_scheme"
2024-05-03T18:47:12.764Z [INFO]  ReferenceTransformer: reference not found: "local.backend_type"
2024-05-03T18:47:12.764Z [INFO]  ReferenceTransformer: reference not found: "var.ports"
2024-05-03T18:47:12.765Z [INFO]  ReferenceTransformer: reference not found: "local.backend_type"
2024-05-03T18:47:12.765Z [INFO]  ReferenceTransformer: reference not found: "var.port_range"
2024-05-03T18:47:12.765Z [INFO]  ReferenceTransformer: reference not found: "var.all_ports"
2024-05-03T18:47:12.765Z [INFO]  ReferenceTransformer: reference not found: "var.allow_global_access"
2024-05-03T18:47:12.765Z [INFO]  ReferenceTransformer: reference not found: "var.ip_address"
2024-05-03T18:47:12.765Z [INFO]  ReferenceTransformer: reference not found: "var.labels"
2024-05-03T18:47:12.765Z [INFO]  ReferenceTransformer: reference not found: "local.network"
2024-05-03T18:47:12.765Z [INFO]  ReferenceTransformer: reference not found: "local.project"
2024-05-03T18:47:12.765Z [INFO]  ReferenceTransformer: reference not found: "var.ip_protocol"
2024-05-03T18:47:12.765Z [INFO]  ReferenceTransformer: reference not found: "var.frontend_name"
2024-05-03T18:47:12.765Z [INFO]  ReferenceTransformer: reference not found: "var.frontend_description"
2024-05-03T18:47:12.765Z [INFO]  ReferenceTransformer: reference not found: "local.region"
2024-05-03T18:47:12.765Z [INFO]  ReferenceTransformer: reference not found: "local.subnetwork"
2024-05-03T18:47:13.456Z [WARN]  Provider "registry.terraform.io/hashicorp/google" produced an invalid plan for module.nlb["gcp-yyz-prd-sec-fgt-ilb-01-frontend-01"].google_compute_forwarding_rule.rule, but we are tolerating it because it is using the legacy plugin SDK.
    The following problems may be the cause of any confusing errors from downstream operations:
      - .ports: planned value cty.SetValEmpty(cty.String) for a non-computed attribute
      - .is_mirroring_collector: planned value cty.False for a non-computed attribute
      - .service_label: planned value cty.StringVal("") for a non-computed attribute
      - .allow_psc_global_access: planned value cty.False for a non-computed attribute
      - .recreate_closed_psc: planned value cty.False for a non-computed attribute
      - .source_ip_ranges: planned value cty.ListValEmpty(cty.String) for a non-computed attribute
      - .target: planned value cty.StringVal("") for a non-computed attribute
2024-05-03T18:47:13.462Z [INFO]  ReferenceTransformer: reference not found: "var.labels"
2024-05-03T18:47:13.462Z [INFO]  ReferenceTransformer: reference not found: "var.secret_id"
2024-05-03T18:47:13.462Z [INFO]  ReferenceTransformer: reference not found: "var.ttl"
2024-05-03T18:47:13.462Z [INFO]  ReferenceTransformer: reference not found: "var.annotations"
2024-05-03T18:47:13.462Z [INFO]  ReferenceTransformer: reference not found: "var.project_id"
2024-05-03T18:47:13.462Z [INFO]  ReferenceTransformer: reference not found: "var.expire_time"
2024-05-03T18:47:13.462Z [INFO]  ReferenceTransformer: reference not found: "var.version_aliases"
2024-05-03T18:47:13.462Z [INFO]  ReferenceTransformer: reference not found: "var.topics"
2024-05-03T18:47:13.462Z [INFO]  ReferenceTransformer: reference not found: "var.rotation"
2024-05-03T18:47:13.462Z [INFO]  ReferenceTransformer: reference not found: "var.auto"
2024-05-03T18:47:13.462Z [INFO]  ReferenceTransformer: reference not found: "var.auto"
2024-05-03T18:47:13.671Z [WARN]  Provider "registry.terraform.io/hashicorp/google" produced an invalid plan for module.secret["gcp-yyz-prd-sec-fgt-api-key-01"].google_secret_manager_secret.secret, but we are tolerating it because it is using the legacy plugin SDK.
    The following problems may be the cause of any confusing errors from downstream operations:
      - .version_aliases: planned value cty.MapValEmpty(cty.String) for a non-computed attribute
      - .version_destroy_ttl: planned value cty.StringVal("") for a non-computed attribute
2024-05-03T18:47:13.673Z [INFO]  ReferenceTransformer: reference not found: "var.deletion_policy"
2024-05-03T18:47:13.673Z [INFO]  ReferenceTransformer: reference not found: "var.enabled"
2024-05-03T18:47:13.673Z [INFO]  ReferenceTransformer: reference not found: "var.secret_data"
2024-05-03T18:47:13.673Z [INFO]  ReferenceTransformer: reference not found: "var.is_secret_data_base64"
2024-05-03T18:47:13.998Z [INFO]  ReferenceTransformer: reference not found: "each.value"
2024-05-03T18:47:13.998Z [INFO]  ReferenceTransformer: reference not found: "each.value"
2024-05-03T18:47:13.999Z [INFO]  ReferenceTransformer: reference not found: "each.value"
2024-05-03T18:47:13.999Z [INFO]  ReferenceTransformer: reference not found: "each.value"
2024-05-03T18:47:13.999Z [INFO]  ReferenceTransformer: reference not found: "each.value"
2024-05-03T18:47:13.999Z [INFO]  ReferenceTransformer: reference not found: "each.value"
2024-05-03T18:47:13.999Z [INFO]  ReferenceTransformer: reference not found: "each.value"
2024-05-03T18:47:13.999Z [INFO]  ReferenceTransformer: reference not found: "each.value"
2024-05-03T18:47:13.999Z [INFO]  ReferenceTransformer: reference not found: "each.value"
2024-05-03T18:47:13.999Z [INFO]  ReferenceTransformer: reference not found: "each.value"
2024-05-03T18:47:13.999Z [INFO]  ReferenceTransformer: reference not found: "each.value"
2024-05-03T18:47:13.999Z [INFO]  ReferenceTransformer: reference not found: "each.value"
2024-05-03T18:47:13.999Z [INFO]  ReferenceTransformer: reference not found: "each.value"
2024-05-03T18:47:13.999Z [INFO]  ReferenceTransformer: reference not found: "each.value"
2024-05-03T18:47:13.999Z [INFO]  ReferenceTransformer: reference not found: "each.value"
2024-05-03T18:47:13.999Z [INFO]  ReferenceTransformer: reference not found: "each.value"
2024-05-03T18:47:13.999Z [INFO]  ReferenceTransformer: reference not found: "each.value"
2024-05-03T18:47:13.999Z [INFO]  ReferenceTransformer: reference not found: "each.value"
2024-05-03T18:47:13.999Z [INFO]  ReferenceTransformer: reference not found: "each.value"
2024-05-03T18:47:13.999Z [INFO]  ReferenceTransformer: reference not found: "each.value"
2024-05-03T18:47:13.999Z [INFO]  ReferenceTransformer: reference not found: "each.value"
2024-05-03T18:47:13.999Z [INFO]  ReferenceTransformer: reference not found: "each.key"
2024-05-03T18:47:13.999Z [INFO]  ReferenceTransformer: reference not found: "each.value"
2024-05-03T18:47:13.999Z [INFO]  ReferenceTransformer: reference not found: "each.value"
2024-05-03T18:47:13.999Z [INFO]  ReferenceTransformer: reference not found: "each.value"
2024-05-03T18:47:14.000Z [INFO]  ReferenceTransformer: reference not found: "each.value"
2024-05-03T18:47:14.000Z [INFO]  ReferenceTransformer: reference not found: "each.value"
2024-05-03T18:47:14.000Z [INFO]  ReferenceTransformer: reference not found: "each.key"
2024-05-03T18:47:14.000Z [INFO]  ReferenceTransformer: reference not found: "path.module"
2024-05-03T18:47:14.000Z [INFO]  ReferenceTransformer: reference not found: "each.key"
2024-05-03T18:47:14.000Z [INFO]  ReferenceTransformer: reference not found: "each.value"
2024-05-03T18:47:14.000Z [INFO]  ReferenceTransformer: reference not found: "each.value"
2024-05-03T18:47:14.000Z [INFO]  ReferenceTransformer: reference not found: "each.value"
2024-05-03T18:47:14.000Z [INFO]  ReferenceTransformer: reference not found: "each.value"
2024-05-03T18:47:14.000Z [INFO]  ReferenceTransformer: reference not found: "each.value"
2024-05-03T18:47:14.000Z [INFO]  ReferenceTransformer: reference not found: "each.value"
2024-05-03T18:47:14.000Z [INFO]  ReferenceTransformer: reference not found: "each.value"
2024-05-03T18:47:14.000Z [INFO]  ReferenceTransformer: reference not found: "each.value"
2024-05-03T18:47:14.001Z [INFO]  ReferenceTransformer: reference not found: "each.value"
2024-05-03T18:47:14.001Z [INFO]  ReferenceTransformer: reference not found: "each.value"
2024-05-03T18:47:14.001Z [INFO]  ReferenceTransformer: reference not found: "each.value"
2024-05-03T18:47:14.001Z [INFO]  ReferenceTransformer: reference not found: "each.value"
2024-05-03T18:47:14.001Z [INFO]  ReferenceTransformer: reference not found: "each.value"
2024-05-03T18:47:14.001Z [INFO]  ReferenceTransformer: reference not found: "each.value"
2024-05-03T18:47:14.001Z [INFO]  ReferenceTransformer: reference not found: "each.value"
2024-05-03T18:47:14.001Z [INFO]  ReferenceTransformer: reference not found: "each.value"
2024-05-03T18:47:14.001Z [INFO]  ReferenceTransformer: reference not found: "each.value"
2024-05-03T18:47:14.001Z [INFO]  ReferenceTransformer: reference not found: "each.value"
2024-05-03T18:47:14.001Z [INFO]  ReferenceTransformer: reference not found: "each.value"
2024-05-03T18:47:14.001Z [INFO]  ReferenceTransformer: reference not found: "each.value"
2024-05-03T18:47:14.001Z [INFO]  ReferenceTransformer: reference not found: "each.value"
2024-05-03T18:47:14.001Z [INFO]  ReferenceTransformer: reference not found: "each.value"
2024-05-03T18:47:14.001Z [INFO]  ReferenceTransformer: reference not found: "each.value"
2024-05-03T18:47:14.001Z [INFO]  ReferenceTransformer: reference not found: "each.value"
2024-05-03T18:47:14.001Z [INFO]  ReferenceTransformer: reference not found: "each.value"
2024-05-03T18:47:14.001Z [INFO]  ReferenceTransformer: reference not found: "each.value"
2024-05-03T18:47:14.001Z [INFO]  ReferenceTransformer: reference not found: "each.value"
2024-05-03T18:47:14.002Z [INFO]  ReferenceTransformer: reference not found: "each.value"
2024-05-03T18:47:14.002Z [INFO]  ReferenceTransformer: reference not found: "each.value"
2024-05-03T18:47:14.002Z [INFO]  ReferenceTransformer: reference not found: "each.value"
2024-05-03T18:47:14.002Z [INFO]  ReferenceTransformer: reference not found: "each.key"
2024-05-03T18:47:14.002Z [INFO]  ReferenceTransformer: reference not found: "each.value"
2024-05-03T18:47:14.002Z [INFO]  ReferenceTransformer: reference not found: "each.value"
2024-05-03T18:47:14.002Z [INFO]  ReferenceTransformer: reference not found: "each.value"
2024-05-03T18:47:14.002Z [INFO]  ReferenceTransformer: reference not found: "each.key"
2024-05-03T18:47:14.002Z [INFO]  ReferenceTransformer: reference not found: "each.value"
2024-05-03T18:47:14.002Z [INFO]  ReferenceTransformer: reference not found: "each.value"
2024-05-03T18:47:14.002Z [INFO]  ReferenceTransformer: reference not found: "each.value"
2024-05-03T18:47:14.002Z [INFO]  ReferenceTransformer: reference not found: "each.value"
2024-05-03T18:47:14.002Z [INFO]  ReferenceTransformer: reference not found: "each.value"
2024-05-03T18:47:14.002Z [INFO]  ReferenceTransformer: reference not found: "each.value"
2024-05-03T18:47:14.002Z [INFO]  ReferenceTransformer: reference not found: "each.value"
2024-05-03T18:47:14.002Z [INFO]  ReferenceTransformer: reference not found: "each.value"
2024-05-03T18:47:14.002Z [INFO]  ReferenceTransformer: reference not found: "each.value"
2024-05-03T18:47:14.002Z [INFO]  ReferenceTransformer: reference not found: "each.value"
2024-05-03T18:47:14.002Z [INFO]  ReferenceTransformer: reference not found: "each.key"
2024-05-03T18:47:14.002Z [INFO]  ReferenceTransformer: reference not found: "each.value"
2024-05-03T18:47:14.002Z [INFO]  ReferenceTransformer: reference not found: "each.key"
2024-05-03T18:47:14.002Z [INFO]  ReferenceTransformer: reference not found: "each.value"
2024-05-03T18:47:14.003Z [INFO]  ReferenceTransformer: reference not found: "each.value"
2024-05-03T18:47:14.003Z [INFO]  ReferenceTransformer: reference not found: "each.key"
2024-05-03T18:47:14.003Z [INFO]  ReferenceTransformer: reference not found: "each.value"
2024-05-03T18:47:14.003Z [INFO]  ReferenceTransformer: reference not found: "each.value"
2024-05-03T18:47:14.003Z [INFO]  ReferenceTransformer: reference not found: "each.value"
2024-05-03T18:47:14.003Z [INFO]  ReferenceTransformer: reference not found: "path.module"
2024-05-03T18:47:14.003Z [INFO]  ReferenceTransformer: reference not found: "each.value"
2024-05-03T18:47:14.003Z [INFO]  ReferenceTransformer: reference not found: "each.key"
2024-05-03T18:47:14.003Z [INFO]  ReferenceTransformer: reference not found: "each.value"
2024-05-03T18:47:14.003Z [INFO]  ReferenceTransformer: reference not found: "each.value"
2024-05-03T18:47:14.003Z [INFO]  ReferenceTransformer: reference not found: "each.value"
2024-05-03T18:47:14.003Z [INFO]  ReferenceTransformer: reference not found: "each.value"
2024-05-03T18:47:14.003Z [INFO]  ReferenceTransformer: reference not found: "each.value"
2024-05-03T18:47:14.003Z [INFO]  ReferenceTransformer: reference not found: "each.value"
2024-05-03T18:47:14.003Z [INFO]  ReferenceTransformer: reference not found: "each.value"
2024-05-03T18:47:14.003Z [INFO]  ReferenceTransformer: reference not found: "each.value"
2024-05-03T18:47:14.003Z [INFO]  ReferenceTransformer: reference not found: "each.value"
2024-05-03T18:47:14.003Z [INFO]  ReferenceTransformer: reference not found: "each.value"
2024-05-03T18:47:14.003Z [INFO]  ReferenceTransformer: reference not found: "each.value"
2024-05-03T18:47:14.003Z [INFO]  ReferenceTransformer: reference not found: "each.value"
2024-05-03T18:47:14.003Z [INFO]  ReferenceTransformer: reference not found: "each.value"
2024-05-03T18:47:14.004Z [INFO]  ReferenceTransformer: reference not found: "each.value"
2024-05-03T18:47:14.004Z [INFO]  ReferenceTransformer: reference not found: "each.value"
2024-05-03T18:47:14.004Z [INFO]  ReferenceTransformer: reference not found: "each.value"
2024-05-03T18:47:14.004Z [INFO]  ReferenceTransformer: reference not found: "each.value"
2024-05-03T18:47:14.004Z [INFO]  ReferenceTransformer: reference not found: "each.key"
2024-05-03T18:47:14.022Z [INFO]  backend/local: plan operation completed
2024-05-03T18:47:14.022Z [INFO]  backend/local: writing plan output to: ../plan-file/fortigate-tf-plan.json
